#
# There is insufficient memory for the Java Runtime Environment to continue.
# Native memory allocation (malloc) failed to allocate 954256 bytes for Chunk::new
# Possible reasons:
#   The system is out of physical RAM or swap space
#   The process is running with CompressedOops enabled, and the Java Heap may be blocking the growth of the native heap
# Possible solutions:
#   Reduce memory load on the system
#   Increase physical memory or swap space
#   Check if swap backing store is full
#   Decrease Java heap size (-Xmx/-Xms)
#   Decrease number of Java threads
#   Decrease Java thread stack sizes (-Xss)
#   Set larger code cache with -XX:ReservedCodeCacheSize=
#   JVM is running with Unscaled Compressed Oops mode in which the Java heap is
#     placed in the first 4GB address space. The Java Heap base address is the
#     maximum limit for the native heap growth. Please use -XX:HeapBaseMinAddress
#     to set the Java Heap base and to place the Java Heap above 4GB virtual address.
# This output file may be truncated or incomplete.
#
#  Out of Memory Error (arena.cpp:189), pid=11348, tid=36048
#
# JRE version: OpenJDK Runtime Environment Corretto-17.0.6.10.1 (17.0.6+10) (build 17.0.6+10-LTS)
# Java VM: OpenJDK 64-Bit Server VM Corretto-17.0.6.10.1 (17.0.6+10-LTS, mixed mode, sharing, tiered, compressed oops, compressed class ptrs, g1 gc, windows-amd64)
# No core dump will be written. Minidumps are not enabled by default on client versions of Windows
#

---------------  S U M M A R Y ------------

Command Line: --add-opens=java.base/java.util=ALL-UNNAMED --add-opens=java.base/java.lang=ALL-UNNAMED --add-opens=java.base/java.lang.invoke=ALL-UNNAMED --add-opens=java.prefs/java.util.prefs=ALL-UNNAMED --add-opens=java.base/java.nio.charset=ALL-UNNAMED --add-opens=java.base/java.net=ALL-UNNAMED --add-opens=java.base/java.util.concurrent.atomic=ALL-UNNAMED -XX:MaxMetaspaceSize=256m -XX:+HeapDumpOnOutOfMemoryError -Xms256m -Xmx512m -Dfile.encoding=windows-1252 -Duser.country=GB -Duser.language=en -Duser.variant org.gradle.launcher.daemon.bootstrap.GradleDaemon 7.6.1

Host: Intel(R) Core(TM) i5-10210U CPU @ 1.60GHz, 8 cores, 7G,  Windows 11 , 64 bit Build 22621 (10.0.22621.1344)
Time: Wed Mar 22 17:10:15 2023 GTB Standard Time elapsed time: 6.882379 seconds (0d 0h 0m 6s)

---------------  T H R E A D  ---------------

Current thread (0x0000024a70cc67c0):  JavaThread "C2 CompilerThread0" daemon [_thread_in_native, id=36048, stack(0x000000b18fe00000,0x000000b18ff00000)]


Current CompileTask:
C2:   6882 7520       4       org.objectweb.asm.SymbolTable::addConstantMethodref (24 bytes)

Stack: [0x000000b18fe00000,0x000000b18ff00000]
Native frames: (J=compiled Java code, j=interpreted, Vv=VM code, C=native code)
V  [jvm.dll+0x64b39a]
V  [jvm.dll+0x7ff044]
V  [jvm.dll+0x8007fe]
V  [jvm.dll+0x800e53]
V  [jvm.dll+0x235848]
V  [jvm.dll+0xbce6c]
V  [jvm.dll+0xbd44c]
V  [jvm.dll+0x34f252]
V  [jvm.dll+0x319ccf]
V  [jvm.dll+0x31910a]
V  [jvm.dll+0x209ca5]
V  [jvm.dll+0x209237]
V  [jvm.dll+0x19926d]
V  [jvm.dll+0x2185dd]
V  [jvm.dll+0x216824]
V  [jvm.dll+0x7b77bb]
V  [jvm.dll+0x7b1d6a]
V  [jvm.dll+0x64a265]
C  [ucrtbase.dll+0x29363]
C  [KERNEL32.DLL+0x126bd]
C  [ntdll.dll+0x5a9f8]


---------------  P R O C E S S  ---------------

Threads class SMR info:
_java_thread_list=0x0000024a75a2e280, length=136, elements={
0x0000024a56150a40, 0x0000024a70c9c7f0, 0x0000024a70c9d900, 0x0000024a70cb9330,
0x0000024a70cb9ce0, 0x0000024a70cba7e0, 0x0000024a70cbc1a0, 0x0000024a70cc67c0,
0x0000024a70cd0190, 0x0000024a70cd0a90, 0x0000024a71927de0, 0x0000024a7192eaf0,
0x0000024a73540ad0, 0x0000024a72f3e010, 0x0000024a72f5bd10, 0x0000024a726bb340,
0x0000024a738af590, 0x0000024a72832960, 0x0000024a72f536a0, 0x0000024a734faa50,
0x0000024a734fb3f0, 0x0000024a734f83d0, 0x0000024a734f9240, 0x0000024a734f88a0,
0x0000024a734faf20, 0x0000024a734fb8c0, 0x0000024a734fa580, 0x0000024a734f7f00,
0x0000024a734f9be0, 0x0000024a734f8d70, 0x0000024a734f9710, 0x0000024a734fa0b0,
0x0000024a73f46ed0, 0x0000024a73f486e0, 0x0000024a73f4b230, 0x0000024a73f4a890,
0x0000024a73f47870, 0x0000024a73f46530, 0x0000024a73f48210, 0x0000024a73f4c0a0,
0x0000024a73f46060, 0x0000024a73f4ad60, 0x0000024a73f4bbd0, 0x0000024a73f49ef0,
0x0000024a73f46a00, 0x0000024a73f4c570, 0x0000024a73f4cf10, 0x0000024a73f49080,
0x0000024a73f4a3c0, 0x0000024a73f49550, 0x0000024a73f4d3e0, 0x0000024a73f49a20,
0x0000024a73f4d8b0, 0x0000024a758dff30, 0x0000024a758dcf10, 0x0000024a758dd8b0,
0x0000024a758de720, 0x0000024a758ddd80, 0x0000024a758de250, 0x0000024a758e3420,
0x0000024a758debf0, 0x0000024a758e1270, 0x0000024a758dca40, 0x0000024a758e38f0,
0x0000024a758e08d0, 0x0000024a758e25b0, 0x0000024a758df590, 0x0000024a758dfa60,
0x0000024a758dc570, 0x0000024a758df0c0, 0x0000024a758dd3e0, 0x0000024a758e0400,
0x0000024a758e0da0, 0x0000024a758e1740, 0x0000024a758e2a80, 0x0000024a758e1c10,
0x0000024a758e20e0, 0x0000024a71aa14e0, 0x0000024a71aa19b0, 0x0000024a71aa0670,
0x0000024a71aa31c0, 0x0000024a71aa1010, 0x0000024a71aa3b60, 0x0000024a71a9f800,
0x0000024a71aa5840, 0x0000024a71aa3690, 0x0000024a71aa2350, 0x0000024a71aa66b0,
0x0000024a71aa4030, 0x0000024a71a9fcd0, 0x0000024a71aa01a0, 0x0000024a71aa2820,
0x0000024a71aa0b40, 0x0000024a71aa2cf0, 0x0000024a71aa49d0, 0x0000024a71a9f330,
0x0000024a71aa1e80, 0x0000024a71aa5370, 0x0000024a71aa4ea0, 0x0000024a71aa5d10,
0x0000024a71aa61e0, 0x0000024a71a9ee60, 0x0000024a783597f0, 0x0000024a7835be70,
0x0000024a78357fe0, 0x0000024a783584b0, 0x0000024a78357170, 0x0000024a78357640,
0x0000024a7835c340, 0x0000024a7835b000, 0x0000024a7835c810, 0x0000024a7835cce0,
0x0000024a7835d1b0, 0x0000024a7835d680, 0x0000024a7835db50, 0x0000024a78357b10,
0x0000024a7835e020, 0x0000024a78358e50, 0x0000024a7835e4f0, 0x0000024a7835e9c0,
0x0000024a78359320, 0x0000024a78358980, 0x0000024a7835a190, 0x0000024a78359cc0,
0x0000024a7835a660, 0x0000024a7835ab30, 0x0000024a7835b4d0, 0x0000024a7835b9a0,
0x0000024a75b76ef0, 0x0000024a75b73a00, 0x0000024a75b74870, 0x0000024a75b743a0,
0x0000024a75b75210, 0x0000024a75b78bd0, 0x0000024a75b773c0, 0x0000024a75b77890
}

Java Threads: ( => current thread )
  0x0000024a56150a40 JavaThread "main" [_thread_blocked, id=4596, stack(0x000000b18f100000,0x000000b18f200000)]
  0x0000024a70c9c7f0 JavaThread "Reference Handler" daemon [_thread_blocked, id=36808, stack(0x000000b18f800000,0x000000b18f900000)]
  0x0000024a70c9d900 JavaThread "Finalizer" daemon [_thread_blocked, id=33092, stack(0x000000b18f900000,0x000000b18fa00000)]
  0x0000024a70cb9330 JavaThread "Signal Dispatcher" daemon [_thread_blocked, id=30628, stack(0x000000b18fa00000,0x000000b18fb00000)]
  0x0000024a70cb9ce0 JavaThread "Attach Listener" daemon [_thread_blocked, id=5284, stack(0x000000b18fb00000,0x000000b18fc00000)]
  0x0000024a70cba7e0 JavaThread "Service Thread" daemon [_thread_blocked, id=35672, stack(0x000000b18fc00000,0x000000b18fd00000)]
  0x0000024a70cbc1a0 JavaThread "Monitor Deflation Thread" daemon [_thread_blocked, id=30800, stack(0x000000b18fd00000,0x000000b18fe00000)]
=>0x0000024a70cc67c0 JavaThread "C2 CompilerThread0" daemon [_thread_in_native, id=36048, stack(0x000000b18fe00000,0x000000b18ff00000)]
  0x0000024a70cd0190 JavaThread "C1 CompilerThread0" daemon [_thread_blocked, id=13872, stack(0x000000b18ff00000,0x000000b190000000)]
  0x0000024a70cd0a90 JavaThread "Sweeper thread" daemon [_thread_blocked, id=20020, stack(0x000000b190000000,0x000000b190100000)]
  0x0000024a71927de0 JavaThread "Common-Cleaner" daemon [_thread_blocked, id=18248, stack(0x000000b190100000,0x000000b190200000)]
  0x0000024a7192eaf0 JavaThread "Notification Thread" daemon [_thread_blocked, id=16076, stack(0x000000b190200000,0x000000b190300000)]
  0x0000024a73540ad0 JavaThread "Daemon health stats" [_thread_blocked, id=2720, stack(0x000000b190900000,0x000000b190a00000)]
  0x0000024a72f3e010 JavaThread "Incoming local TCP Connector on port 62979" [_thread_in_native, id=35948, stack(0x000000b190a00000,0x000000b190b00000)]
  0x0000024a72f5bd10 JavaThread "Daemon periodic checks" [_thread_blocked, id=31840, stack(0x000000b190b00000,0x000000b190c00000)]
  0x0000024a726bb340 JavaThread "Daemon" [_thread_blocked, id=19672, stack(0x000000b190c00000,0x000000b190d00000)]
  0x0000024a738af590 JavaThread "Handler for socket connection from /127.0.0.1:62979 to /127.0.0.1:62980" [_thread_in_native, id=24540, stack(0x000000b190d00000,0x000000b190e00000)]
  0x0000024a72832960 JavaThread "Cancel handler" [_thread_blocked, id=20200, stack(0x000000b190e00000,0x000000b190f00000)]
  0x0000024a72f536a0 JavaThread "Daemon worker" [_thread_blocked, id=8816, stack(0x000000b190f00000,0x000000b191000000)]
  0x0000024a734faa50 JavaThread "Asynchronous log dispatcher for DefaultDaemonConnection: socket connection from /127.0.0.1:62979 to /127.0.0.1:62980" [_thread_blocked, id=31060, stack(0x000000b191000000,0x000000b191100000)]
  0x0000024a734fb3f0 JavaThread "Stdin handler" [_thread_blocked, id=27268, stack(0x000000b191100000,0x000000b191200000)]
  0x0000024a734f83d0 JavaThread "Daemon client event forwarder" [_thread_blocked, id=25948, stack(0x000000b191200000,0x000000b191300000)]
  0x0000024a734f9240 JavaThread "Cache worker for journal cache (C:\Users\allur\.gradle\caches\journal-1)" [_thread_blocked, id=29892, stack(0x000000b191300000,0x000000b191400000)]
  0x0000024a734f88a0 JavaThread "File lock request listener" [_thread_in_native, id=32424, stack(0x000000b191400000,0x000000b191500000)]
  0x0000024a734faf20 JavaThread "Cache worker for file hash cache (C:\Users\allur\.gradle\caches\7.6.1\fileHashes)" [_thread_blocked, id=24044, stack(0x000000b191500000,0x000000b191600000)]
  0x0000024a734fb8c0 JavaThread "File watcher server" daemon [_thread_in_native, id=35160, stack(0x000000b191600000,0x000000b191700000)]
  0x0000024a734fa580 JavaThread "File watcher consumer" daemon [_thread_blocked, id=16040, stack(0x000000b191700000,0x000000b191800000)]
  0x0000024a734f7f00 JavaThread "Cache worker for checksums cache (C:\Users\allur\oopp-team-11\.gradle\7.6.1\checksums)" [_thread_blocked, id=8368, stack(0x000000b191800000,0x000000b191900000)]
  0x0000024a734f9be0 JavaThread "Cache worker for cache directory md-rule (C:\Users\allur\.gradle\caches\7.6.1\md-rule)" [_thread_blocked, id=20528, stack(0x000000b191900000,0x000000b191a00000)]
  0x0000024a734f8d70 JavaThread "Cache worker for file content cache (C:\Users\allur\.gradle\caches\7.6.1\fileContent)" [_thread_blocked, id=32228, stack(0x000000b191a00000,0x000000b191b00000)]
  0x0000024a734f9710 JavaThread "Cache worker for file hash cache (C:\Users\allur\oopp-team-11\.gradle\7.6.1\fileHashes)" [_thread_blocked, id=34756, stack(0x000000b191b00000,0x000000b191c00000)]
  0x0000024a734fa0b0 JavaThread "Cache worker for cache directory md-supplier (C:\Users\allur\.gradle\caches\7.6.1\md-supplier)" [_thread_blocked, id=32532, stack(0x000000b191c00000,0x000000b191d00000)]
  0x0000024a73f46ed0 JavaThread "Cache worker for execution history cache (C:\Users\allur\.gradle\caches\7.6.1\executionHistory)" [_thread_blocked, id=27492, stack(0x000000b192000000,0x000000b192100000)]
  0x0000024a73f486e0 JavaThread "jar transforms" [_thread_blocked, id=4592, stack(0x000000b192100000,0x000000b192200000)]
  0x0000024a73f4b230 JavaThread "jar transforms Thread 2" [_thread_blocked, id=28344, stack(0x000000b192200000,0x000000b192300000)]
  0x0000024a73f4a890 JavaThread "jar transforms Thread 3" [_thread_blocked, id=25592, stack(0x000000b192300000,0x000000b192400000)]
  0x0000024a73f47870 JavaThread "jar transforms Thread 4" [_thread_blocked, id=32804, stack(0x000000b192400000,0x000000b192500000)]
  0x0000024a73f46530 JavaThread "jar transforms Thread 5" [_thread_blocked, id=36756, stack(0x000000b192500000,0x000000b192600000)]
  0x0000024a73f48210 JavaThread "jar transforms Thread 6" [_thread_blocked, id=29708, stack(0x000000b192600000,0x000000b192700000)]
  0x0000024a73f4c0a0 JavaThread "jar transforms Thread 7" [_thread_blocked, id=24264, stack(0x000000b192700000,0x000000b192800000)]
  0x0000024a73f46060 JavaThread "jar transforms Thread 8" [_thread_blocked, id=8808, stack(0x000000b192800000,0x000000b192900000)]
  0x0000024a73f4ad60 JavaThread "Cache worker for dependencies-accessors (C:\Users\allur\oopp-team-11\.gradle\7.6.1\dependencies-accessors)" [_thread_blocked, id=34324, stack(0x000000b192900000,0x000000b192a00000)]
  0x0000024a73f4bbd0 JavaThread "Cache worker for Build Output Cleanup Cache (C:\Users\allur\oopp-team-11\.gradle\buildOutputCleanup)" [_thread_blocked, id=33512, stack(0x000000b192a00000,0x000000b192b00000)]
  0x0000024a73f49ef0 JavaThread "Unconstrained build operations" [_thread_blocked, id=31640, stack(0x000000b192b00000,0x000000b192c00000)]
  0x0000024a73f46a00 JavaThread "Unconstrained build operations Thread 2" [_thread_blocked, id=31756, stack(0x000000b192c00000,0x000000b192d00000)]
  0x0000024a73f4c570 JavaThread "Unconstrained build operations Thread 3" [_thread_blocked, id=32404, stack(0x000000b192d00000,0x000000b192e00000)]
  0x0000024a73f4cf10 JavaThread "Unconstrained build operations Thread 4" [_thread_blocked, id=27296, stack(0x000000b192e00000,0x000000b192f00000)]
  0x0000024a73f49080 JavaThread "Unconstrained build operations Thread 5" [_thread_blocked, id=36416, stack(0x000000b192f00000,0x000000b193000000)]
  0x0000024a73f4a3c0 JavaThread "Unconstrained build operations Thread 6" [_thread_blocked, id=33164, stack(0x000000b193000000,0x000000b193100000)]
  0x0000024a73f49550 JavaThread "Unconstrained build operations Thread 7" [_thread_blocked, id=12760, stack(0x000000b193100000,0x000000b193200000)]
  0x0000024a73f4d3e0 JavaThread "Unconstrained build operations Thread 8" [_thread_blocked, id=32360, stack(0x000000b193200000,0x000000b193300000)]
  0x0000024a73f49a20 JavaThread "Unconstrained build operations Thread 9" [_thread_blocked, id=23860, stack(0x000000b193300000,0x000000b193400000)]
  0x0000024a73f4d8b0 JavaThread "Unconstrained build operations Thread 10" [_thread_blocked, id=36696, stack(0x000000b193400000,0x000000b193500000)]
  0x0000024a758dff30 JavaThread "Unconstrained build operations Thread 11" [_thread_blocked, id=11744, stack(0x000000b193500000,0x000000b193600000)]
  0x0000024a758dcf10 JavaThread "Unconstrained build operations Thread 12" [_thread_blocked, id=35560, stack(0x000000b193600000,0x000000b193700000)]
  0x0000024a758dd8b0 JavaThread "Memory manager" [_thread_blocked, id=18952, stack(0x000000b193700000,0x000000b193800000)]
  0x0000024a758de720 JavaThread "Unconstrained build operations Thread 13" [_thread_blocked, id=35340, stack(0x000000b193e00000,0x000000b193f00000)]
  0x0000024a758ddd80 JavaThread "Unconstrained build operations Thread 14" [_thread_blocked, id=34968, stack(0x000000b193f00000,0x000000b194000000)]
  0x0000024a758de250 JavaThread "Unconstrained build operations Thread 15" [_thread_blocked, id=22800, stack(0x000000b194000000,0x000000b194100000)]
  0x0000024a758e3420 JavaThread "Unconstrained build operations Thread 16" [_thread_blocked, id=16612, stack(0x000000b194100000,0x000000b194200000)]
  0x0000024a758debf0 JavaThread "Unconstrained build operations Thread 17" [_thread_blocked, id=23668, stack(0x000000b194200000,0x000000b194300000)]
  0x0000024a758e1270 JavaThread "Unconstrained build operations Thread 18" [_thread_blocked, id=29916, stack(0x000000b194300000,0x000000b194400000)]
  0x0000024a758dca40 JavaThread "Unconstrained build operations Thread 19" [_thread_blocked, id=32380, stack(0x000000b194400000,0x000000b194500000)]
  0x0000024a758e38f0 JavaThread "Unconstrained build operations Thread 20" [_thread_blocked, id=20880, stack(0x000000b194500000,0x000000b194600000)]
  0x0000024a758e08d0 JavaThread "Unconstrained build operations Thread 21" [_thread_blocked, id=9972, stack(0x000000b194600000,0x000000b194700000)]
  0x0000024a758e25b0 JavaThread "Unconstrained build operations Thread 22" [_thread_blocked, id=33920, stack(0x000000b194700000,0x000000b194800000)]
  0x0000024a758df590 JavaThread "Unconstrained build operations Thread 23" [_thread_blocked, id=10892, stack(0x000000b194800000,0x000000b194900000)]
  0x0000024a758dfa60 JavaThread "Unconstrained build operations Thread 24" [_thread_blocked, id=27028, stack(0x000000b194900000,0x000000b194a00000)]
  0x0000024a758dc570 JavaThread "Unconstrained build operations Thread 25" [_thread_blocked, id=25004, stack(0x000000b194a00000,0x000000b194b00000)]
  0x0000024a758df0c0 JavaThread "Unconstrained build operations Thread 26" [_thread_blocked, id=25056, stack(0x000000b194b00000,0x000000b194c00000)]
  0x0000024a758dd3e0 JavaThread "Unconstrained build operations Thread 27" [_thread_blocked, id=4180, stack(0x000000b194c00000,0x000000b194d00000)]
  0x0000024a758e0400 JavaThread "Unconstrained build operations Thread 28" [_thread_blocked, id=8004, stack(0x000000b194d00000,0x000000b194e00000)]
  0x0000024a758e0da0 JavaThread "Unconstrained build operations Thread 29" [_thread_blocked, id=31000, stack(0x000000b194e00000,0x000000b194f00000)]
  0x0000024a758e1740 JavaThread "Unconstrained build operations Thread 30" [_thread_blocked, id=31928, stack(0x000000b194f00000,0x000000b195000000)]
  0x0000024a758e2a80 JavaThread "Unconstrained build operations Thread 31" [_thread_blocked, id=18980, stack(0x000000b195000000,0x000000b195100000)]
  0x0000024a758e1c10 JavaThread "Unconstrained build operations Thread 32" [_thread_blocked, id=6668, stack(0x000000b195100000,0x000000b195200000)]
  0x0000024a758e20e0 JavaThread "Unconstrained build operations Thread 33" [_thread_blocked, id=36548, stack(0x000000b195200000,0x000000b195300000)]
  0x0000024a71aa14e0 JavaThread "Unconstrained build operations Thread 34" [_thread_blocked, id=31992, stack(0x000000b195300000,0x000000b195400000)]
  0x0000024a71aa19b0 JavaThread "Unconstrained build operations Thread 35" [_thread_blocked, id=27552, stack(0x000000b195400000,0x000000b195500000)]
  0x0000024a71aa0670 JavaThread "Unconstrained build operations Thread 36" [_thread_blocked, id=20628, stack(0x000000b195500000,0x000000b195600000)]
  0x0000024a71aa31c0 JavaThread "Unconstrained build operations Thread 37" [_thread_blocked, id=33196, stack(0x000000b195600000,0x000000b195700000)]
  0x0000024a71aa1010 JavaThread "Unconstrained build operations Thread 38" [_thread_blocked, id=31392, stack(0x000000b195700000,0x000000b195800000)]
  0x0000024a71aa3b60 JavaThread "Unconstrained build operations Thread 39" [_thread_blocked, id=2064, stack(0x000000b195800000,0x000000b195900000)]
  0x0000024a71a9f800 JavaThread "Unconstrained build operations Thread 40" [_thread_blocked, id=1640, stack(0x000000b195900000,0x000000b195a00000)]
  0x0000024a71aa5840 JavaThread "Unconstrained build operations Thread 41" [_thread_blocked, id=33740, stack(0x000000b195a00000,0x000000b195b00000)]
  0x0000024a71aa3690 JavaThread "Unconstrained build operations Thread 42" [_thread_blocked, id=36036, stack(0x000000b195b00000,0x000000b195c00000)]
  0x0000024a71aa2350 JavaThread "Unconstrained build operations Thread 43" [_thread_blocked, id=31408, stack(0x000000b195c00000,0x000000b195d00000)]
  0x0000024a71aa66b0 JavaThread "Unconstrained build operations Thread 44" [_thread_blocked, id=23776, stack(0x000000b195d00000,0x000000b195e00000)]
  0x0000024a71aa4030 JavaThread "Unconstrained build operations Thread 45" [_thread_blocked, id=28200, stack(0x000000b195e00000,0x000000b195f00000)]
  0x0000024a71a9fcd0 JavaThread "Unconstrained build operations Thread 46" [_thread_blocked, id=13852, stack(0x000000b195f00000,0x000000b196000000)]
  0x0000024a71aa01a0 JavaThread "Unconstrained build operations Thread 47" [_thread_blocked, id=36348, stack(0x000000b196000000,0x000000b196100000)]
  0x0000024a71aa2820 JavaThread "included builds" [_thread_blocked, id=31664, stack(0x000000b196100000,0x000000b196200000)]
  0x0000024a71aa0b40 JavaThread "Execution worker" [_thread_blocked, id=34088, stack(0x000000b196200000,0x000000b196300000)]
  0x0000024a71aa2cf0 JavaThread "Execution worker Thread 2" [_thread_blocked, id=36400, stack(0x000000b196300000,0x000000b196400000)]
  0x0000024a71aa49d0 JavaThread "Execution worker Thread 3" [_thread_blocked, id=20348, stack(0x000000b196400000,0x000000b196500000)]
  0x0000024a71a9f330 JavaThread "Execution worker Thread 4" [_thread_blocked, id=18172, stack(0x000000b196500000,0x000000b196600000)]
  0x0000024a71aa1e80 JavaThread "Execution worker Thread 5" [_thread_blocked, id=13544, stack(0x000000b196600000,0x000000b196700000)]
  0x0000024a71aa5370 JavaThread "Execution worker Thread 6" [_thread_blocked, id=28300, stack(0x000000b196700000,0x000000b196800000)]
  0x0000024a71aa4ea0 JavaThread "Execution worker Thread 7" [_thread_blocked, id=30692, stack(0x000000b196800000,0x000000b196900000)]
  0x0000024a71aa5d10 JavaThread "Cache worker for execution history cache (C:\Users\allur\oopp-team-11\.gradle\7.6.1\executionHistory)" [_thread_blocked, id=21536, stack(0x000000b196900000,0x000000b196a00000)]
  0x0000024a71aa61e0 JavaThread "Unconstrained build operations Thread 48" [_thread_blocked, id=14216, stack(0x000000b196a00000,0x000000b196b00000)]
  0x0000024a71a9ee60 JavaThread "Unconstrained build operations Thread 49" [_thread_blocked, id=33908, stack(0x000000b196b00000,0x000000b196c00000)]
  0x0000024a783597f0 JavaThread "Unconstrained build operations Thread 50" [_thread_blocked, id=27044, stack(0x000000b196c00000,0x000000b196d00000)]
  0x0000024a7835be70 JavaThread "Unconstrained build operations Thread 51" [_thread_blocked, id=25640, stack(0x000000b196d00000,0x000000b196e00000)]
  0x0000024a78357fe0 JavaThread "Unconstrained build operations Thread 52" [_thread_blocked, id=24000, stack(0x000000b196e00000,0x000000b196f00000)]
  0x0000024a783584b0 JavaThread "Unconstrained build operations Thread 53" [_thread_blocked, id=25836, stack(0x000000b196f00000,0x000000b197000000)]
  0x0000024a78357170 JavaThread "Unconstrained build operations Thread 54" [_thread_blocked, id=34400, stack(0x000000b197000000,0x000000b197100000)]
  0x0000024a78357640 JavaThread "Unconstrained build operations Thread 55" [_thread_blocked, id=35440, stack(0x000000b197100000,0x000000b197200000)]
  0x0000024a7835c340 JavaThread "Unconstrained build operations Thread 56" [_thread_blocked, id=35668, stack(0x000000b197200000,0x000000b197300000)]
  0x0000024a7835b000 JavaThread "Unconstrained build operations Thread 57" [_thread_blocked, id=16624, stack(0x000000b197300000,0x000000b197400000)]
  0x0000024a7835c810 JavaThread "Unconstrained build operations Thread 58" [_thread_blocked, id=34044, stack(0x000000b197400000,0x000000b197500000)]
  0x0000024a7835cce0 JavaThread "Unconstrained build operations Thread 59" [_thread_blocked, id=26144, stack(0x000000b197500000,0x000000b197600000)]
  0x0000024a7835d1b0 JavaThread "Unconstrained build operations Thread 60" [_thread_blocked, id=22628, stack(0x000000b197600000,0x000000b197700000)]
  0x0000024a7835d680 JavaThread "Unconstrained build operations Thread 61" [_thread_blocked, id=464, stack(0x000000b197700000,0x000000b197800000)]
  0x0000024a7835db50 JavaThread "Unconstrained build operations Thread 62" [_thread_blocked, id=32848, stack(0x000000b197800000,0x000000b197900000)]
  0x0000024a78357b10 JavaThread "Unconstrained build operations Thread 63" [_thread_blocked, id=35184, stack(0x000000b197900000,0x000000b197a00000)]
  0x0000024a7835e020 JavaThread "Unconstrained build operations Thread 64" [_thread_blocked, id=11212, stack(0x000000b197a00000,0x000000b197b00000)]
  0x0000024a78358e50 JavaThread "Unconstrained build operations Thread 65" [_thread_blocked, id=13928, stack(0x000000b197b00000,0x000000b197c00000)]
  0x0000024a7835e4f0 JavaThread "Unconstrained build operations Thread 66" [_thread_blocked, id=1424, stack(0x000000b197c00000,0x000000b197d00000)]
  0x0000024a7835e9c0 JavaThread "Unconstrained build operations Thread 67" [_thread_blocked, id=14428, stack(0x000000b197d00000,0x000000b197e00000)]
  0x0000024a78359320 JavaThread "Unconstrained build operations Thread 68" [_thread_blocked, id=5980, stack(0x000000b197e00000,0x000000b197f00000)]
  0x0000024a78358980 JavaThread "Unconstrained build operations Thread 69" [_thread_blocked, id=33964, stack(0x000000b197f00000,0x000000b198000000)]
  0x0000024a7835a190 JavaThread "Unconstrained build operations Thread 70" [_thread_blocked, id=35204, stack(0x000000b198000000,0x000000b198100000)]
  0x0000024a78359cc0 JavaThread "Unconstrained build operations Thread 71" [_thread_blocked, id=32576, stack(0x000000b198100000,0x000000b198200000)]
  0x0000024a7835a660 JavaThread "Unconstrained build operations Thread 72" [_thread_blocked, id=21024, stack(0x000000b198200000,0x000000b198300000)]
  0x0000024a7835ab30 JavaThread "Unconstrained build operations Thread 73" [_thread_blocked, id=26656, stack(0x000000b198300000,0x000000b198400000)]
  0x0000024a7835b4d0 JavaThread "Unconstrained build operations Thread 74" [_thread_blocked, id=28456, stack(0x000000b198400000,0x000000b198500000)]
  0x0000024a7835b9a0 JavaThread "Unconstrained build operations Thread 75" [_thread_blocked, id=33504, stack(0x000000b198500000,0x000000b198600000)]
  0x0000024a75b76ef0 JavaThread "Unconstrained build operations Thread 76" [_thread_blocked, id=24084, stack(0x000000b198600000,0x000000b198700000)]
  0x0000024a75b73a00 JavaThread "Unconstrained build operations Thread 77" [_thread_blocked, id=26484, stack(0x000000b198700000,0x000000b198800000)]
  0x0000024a75b74870 JavaThread "Unconstrained build operations Thread 78" [_thread_blocked, id=24200, stack(0x000000b198800000,0x000000b198900000)]
  0x0000024a75b743a0 JavaThread "Unconstrained build operations Thread 79" [_thread_blocked, id=34012, stack(0x000000b198900000,0x000000b198a00000)]
  0x0000024a75b75210 JavaThread "Unconstrained build operations Thread 80" [_thread_blocked, id=34948, stack(0x000000b198a00000,0x000000b198b00000)]
  0x0000024a75b78bd0 JavaThread "Exec process" [_thread_in_native, id=648, stack(0x000000b198b00000,0x000000b198c00000)]
  0x0000024a75b773c0 JavaThread "Exec process Thread 2" [_thread_in_native, id=5796, stack(0x000000b198c00000,0x000000b198d00000)]
  0x0000024a75b77890 JavaThread "Exec process Thread 3" [_thread_in_native, id=24756, stack(0x000000b198d00000,0x000000b198e00000)]

Other Threads:
  0x0000024a70c99c10 VMThread "VM Thread" [stack: 0x000000b18f700000,0x000000b18f800000] [id=35728]
  0x0000024a5618e4a0 WatcherThread [stack: 0x000000b190300000,0x000000b190400000] [id=27896]
  0x0000024a5617bae0 GCTaskThread "GC Thread#0" [stack: 0x000000b18f200000,0x000000b18f300000] [id=18056]
  0x0000024a71b2fc90 GCTaskThread "GC Thread#1" [stack: 0x000000b190400000,0x000000b190500000] [id=31784]
  0x0000024a71b2ff40 GCTaskThread "GC Thread#2" [stack: 0x000000b190500000,0x000000b190600000] [id=35244]
  0x0000024a71b301f0 GCTaskThread "GC Thread#3" [stack: 0x000000b190600000,0x000000b190700000] [id=35116]
  0x0000024a7237dba0 GCTaskThread "GC Thread#4" [stack: 0x000000b190700000,0x000000b190800000] [id=22368]
  0x0000024a7237de50 GCTaskThread "GC Thread#5" [stack: 0x000000b190800000,0x000000b190900000] [id=33580]
  0x0000024a73275c60 GCTaskThread "GC Thread#6" [stack: 0x000000b191d00000,0x000000b191e00000] [id=35464]
  0x0000024a73275f10 GCTaskThread "GC Thread#7" [stack: 0x000000b191e00000,0x000000b191f00000] [id=27592]
  0x0000024a56180a20 ConcurrentGCThread "G1 Main Marker" [stack: 0x000000b18f300000,0x000000b18f400000] [id=33420]
  0x0000024a561820c0 ConcurrentGCThread "G1 Conc#0" [stack: 0x000000b18f400000,0x000000b18f500000] [id=18944]
  0x0000024a73276720 ConcurrentGCThread "G1 Conc#1" [stack: 0x000000b191f00000,0x000000b192000000] [id=33348]
  0x0000024a561ed740 ConcurrentGCThread "G1 Refine#0" [stack: 0x000000b18f500000,0x000000b18f600000] [id=22268]
  0x0000024a73fa8c00 ConcurrentGCThread "G1 Refine#1" [stack: 0x000000b193800000,0x000000b193900000] [id=14136]
  0x0000024a73fa94a0 ConcurrentGCThread "G1 Refine#2" [stack: 0x000000b193900000,0x000000b193a00000] [id=32236]
  0x0000024a73fa77e0 ConcurrentGCThread "G1 Refine#3" [stack: 0x000000b193a00000,0x000000b193b00000] [id=31132]
  0x0000024a73fa7ac0 ConcurrentGCThread "G1 Refine#4" [stack: 0x000000b193b00000,0x000000b193c00000] [id=36096]
  0x0000024a73fa7da0 ConcurrentGCThread "G1 Refine#5" [stack: 0x000000b193c00000,0x000000b193d00000] [id=31440]
  0x0000024a7228e5c0 ConcurrentGCThread "G1 Refine#6" [stack: 0x000000b193d00000,0x000000b193e00000] [id=22872]
  0x0000024a561ee000 ConcurrentGCThread "G1 Service" [stack: 0x000000b18f600000,0x000000b18f700000] [id=30556]

Threads with active compile tasks:
C2 CompilerThread0     6924 7520       4       org.objectweb.asm.SymbolTable::addConstantMethodref (24 bytes)

VM state: not at safepoint (normal execution)

VM Mutex/Monitor currently owned by a thread: None

Heap address: 0x00000000e0000000, size: 512 MB, Compressed Oops mode: 32-bit

CDS archive(s) mapped at: [0x0000000800000000-0x0000000800bc0000-0x0000000800bc0000), size 12320768, SharedBaseAddress: 0x0000000800000000, ArchiveRelocationMode: 0.
Compressed class space mapped at: 0x0000000800c00000-0x000000080dc00000, reserved size: 218103808
Narrow klass base: 0x0000000800000000, Narrow klass shift: 0, Narrow klass range: 0x100000000

GC Precious Log:
 CPUs: 8 total, 8 available
 Memory: 8011M
 Large Page Support: Disabled
 NUMA Support: Disabled
 Compressed Oops: Enabled (32-bit)
 Heap Region Size: 1M
 Heap Min Capacity: 256M
 Heap Initial Capacity: 256M
 Heap Max Capacity: 512M
 Pre-touch: Disabled
 Parallel Workers: 8
 Concurrent Workers: 2
 Concurrent Refinement Workers: 8
 Periodic GC: Disabled

Heap:
 garbage-first heap   total 262144K, used 65307K [0x00000000e0000000, 0x0000000100000000)
  region size 1024K, 22 young (22528K), 16 survivors (16384K)
 Metaspace       used 53771K, committed 54528K, reserved 262144K
  class space    used 7674K, committed 8000K, reserved 212992K

Heap Regions: E=young(eden), S=young(survivor), O=old, HS=humongous(starts), HC=humongous(continues), CS=collection set, F=free, OA=open archive, CA=closed archive, TAMS=top-at-mark-start (previous, next)
|   0|0x00000000e0000000, 0x00000000e0100000, 0x00000000e0100000|100%|HS|  |TAMS 0x00000000e0100000, 0x00000000e0000000| Complete 
|   1|0x00000000e0100000, 0x00000000e0200000, 0x00000000e0200000|100%|HC|  |TAMS 0x00000000e0200000, 0x00000000e0100000| Complete 
|   2|0x00000000e0200000, 0x00000000e0300000, 0x00000000e0300000|100%|HC|  |TAMS 0x00000000e0300000, 0x00000000e0200000| Complete 
|   3|0x00000000e0300000, 0x00000000e0400000, 0x00000000e0400000|100%| O|  |TAMS 0x00000000e0400000, 0x00000000e0300000| Untracked 
|   4|0x00000000e0400000, 0x00000000e0500000, 0x00000000e0500000|100%| O|  |TAMS 0x00000000e0500000, 0x00000000e0400000| Untracked 
|   5|0x00000000e0500000, 0x00000000e0600000, 0x00000000e0600000|100%| O|  |TAMS 0x00000000e0600000, 0x00000000e0500000| Untracked 
|   6|0x00000000e0600000, 0x00000000e0700000, 0x00000000e0700000|100%| O|  |TAMS 0x00000000e0700000, 0x00000000e0600000| Untracked 
|   7|0x00000000e0700000, 0x00000000e0800000, 0x00000000e0800000|100%| O|  |TAMS 0x00000000e0700000, 0x00000000e0700000| Untracked 
|   8|0x00000000e0800000, 0x00000000e0900000, 0x00000000e0900000|100%| O|  |TAMS 0x00000000e0900000, 0x00000000e0800000| Untracked 
|   9|0x00000000e0900000, 0x00000000e0a00000, 0x00000000e0a00000|100%| O|  |TAMS 0x00000000e0a00000, 0x00000000e0900000| Untracked 
|  10|0x00000000e0a00000, 0x00000000e0b00000, 0x00000000e0b00000|100%| O|  |TAMS 0x00000000e0a6ae00, 0x00000000e0a00000| Untracked 
|  11|0x00000000e0b00000, 0x00000000e0c00000, 0x00000000e0c00000|100%| O|  |TAMS 0x00000000e0b00000, 0x00000000e0b00000| Untracked 
|  12|0x00000000e0c00000, 0x00000000e0d00000, 0x00000000e0d00000|100%| O|  |TAMS 0x00000000e0c00000, 0x00000000e0c00000| Untracked 
|  13|0x00000000e0d00000, 0x00000000e0e00000, 0x00000000e0e00000|100%| O|  |TAMS 0x00000000e0d00000, 0x00000000e0d00000| Untracked 
|  14|0x00000000e0e00000, 0x00000000e0f00000, 0x00000000e0f00000|100%| O|  |TAMS 0x00000000e0e00000, 0x00000000e0e00000| Untracked 
|  15|0x00000000e0f00000, 0x00000000e1000000, 0x00000000e1000000|100%| O|  |TAMS 0x00000000e0f00000, 0x00000000e0f00000| Untracked 
|  16|0x00000000e1000000, 0x00000000e1100000, 0x00000000e1100000|100%| O|  |TAMS 0x00000000e1000000, 0x00000000e1000000| Untracked 
|  17|0x00000000e1100000, 0x00000000e1200000, 0x00000000e1200000|100%| O|  |TAMS 0x00000000e1100000, 0x00000000e1100000| Untracked 
|  18|0x00000000e1200000, 0x00000000e1300000, 0x00000000e1300000|100%| O|  |TAMS 0x00000000e1200000, 0x00000000e1200000| Untracked 
|  19|0x00000000e1300000, 0x00000000e1400000, 0x00000000e1400000|100%| O|  |TAMS 0x00000000e1300000, 0x00000000e1300000| Untracked 
|  20|0x00000000e1400000, 0x00000000e1500000, 0x00000000e1500000|100%| O|  |TAMS 0x00000000e1400000, 0x00000000e1400000| Untracked 
|  21|0x00000000e1500000, 0x00000000e1600000, 0x00000000e1600000|100%| O|  |TAMS 0x00000000e1500000, 0x00000000e1500000| Untracked 
|  22|0x00000000e1600000, 0x00000000e1700000, 0x00000000e1700000|100%| O|  |TAMS 0x00000000e1600000, 0x00000000e1600000| Untracked 
|  23|0x00000000e1700000, 0x00000000e1800000, 0x00000000e1800000|100%| O|  |TAMS 0x00000000e1700000, 0x00000000e1700000| Untracked 
|  24|0x00000000e1800000, 0x00000000e1900000, 0x00000000e1900000|100%| O|  |TAMS 0x00000000e1800000, 0x00000000e1800000| Untracked 
|  25|0x00000000e1900000, 0x00000000e1a00000, 0x00000000e1a00000|100%| O|  |TAMS 0x00000000e1900000, 0x00000000e1900000| Untracked 
|  26|0x00000000e1a00000, 0x00000000e1b00000, 0x00000000e1b00000|100%| O|  |TAMS 0x00000000e1a00000, 0x00000000e1a00000| Untracked 
|  27|0x00000000e1b00000, 0x00000000e1c00000, 0x00000000e1c00000|100%| O|  |TAMS 0x00000000e1b00000, 0x00000000e1b00000| Untracked 
|  28|0x00000000e1c00000, 0x00000000e1d00000, 0x00000000e1d00000|100%| O|  |TAMS 0x00000000e1c00000, 0x00000000e1c00000| Untracked 
|  29|0x00000000e1d00000, 0x00000000e1e00000, 0x00000000e1e00000|100%| O|  |TAMS 0x00000000e1d00000, 0x00000000e1d00000| Untracked 
|  30|0x00000000e1e00000, 0x00000000e1f00000, 0x00000000e1f00000|100%| O|  |TAMS 0x00000000e1e00000, 0x00000000e1e00000| Untracked 
|  31|0x00000000e1f00000, 0x00000000e2000000, 0x00000000e2000000|100%| O|  |TAMS 0x00000000e1f00000, 0x00000000e1f00000| Untracked 
|  32|0x00000000e2000000, 0x00000000e2100000, 0x00000000e2100000|100%| O|  |TAMS 0x00000000e2000000, 0x00000000e2000000| Untracked 
|  33|0x00000000e2100000, 0x00000000e2200000, 0x00000000e2200000|100%| O|  |TAMS 0x00000000e2100000, 0x00000000e2100000| Untracked 
|  34|0x00000000e2200000, 0x00000000e2300000, 0x00000000e2300000|100%| O|  |TAMS 0x00000000e2200000, 0x00000000e2200000| Untracked 
|  35|0x00000000e2300000, 0x00000000e2400000, 0x00000000e2400000|100%| O|  |TAMS 0x00000000e2300000, 0x00000000e2300000| Untracked 
|  36|0x00000000e2400000, 0x00000000e2500000, 0x00000000e2500000|100%| O|  |TAMS 0x00000000e2400000, 0x00000000e2400000| Untracked 
|  37|0x00000000e2500000, 0x00000000e2600000, 0x00000000e2600000|100%| O|  |TAMS 0x00000000e2500000, 0x00000000e2500000| Untracked 
|  38|0x00000000e2600000, 0x00000000e2700000, 0x00000000e2700000|100%| O|  |TAMS 0x00000000e2600000, 0x00000000e2600000| Untracked 
|  39|0x00000000e2700000, 0x00000000e2800000, 0x00000000e2800000|100%| O|  |TAMS 0x00000000e2700000, 0x00000000e2700000| Untracked 
|  40|0x00000000e2800000, 0x00000000e2900000, 0x00000000e2900000|100%| O|  |TAMS 0x00000000e2800000, 0x00000000e2800000| Untracked 
|  41|0x00000000e2900000, 0x00000000e2a00000, 0x00000000e2a00000|100%| O|  |TAMS 0x00000000e2900000, 0x00000000e2900000| Untracked 
|  42|0x00000000e2a00000, 0x00000000e2b00000, 0x00000000e2b00000|100%| O|  |TAMS 0x00000000e2a00000, 0x00000000e2a00000| Untracked 
|  43|0x00000000e2b00000, 0x00000000e2b52400, 0x00000000e2c00000| 32%| O|  |TAMS 0x00000000e2b00000, 0x00000000e2b00000| Untracked 
|  44|0x00000000e2c00000, 0x00000000e2c00000, 0x00000000e2d00000|  0%| F|  |TAMS 0x00000000e2c00000, 0x00000000e2c00000| Untracked 
|  45|0x00000000e2d00000, 0x00000000e2d00000, 0x00000000e2e00000|  0%| F|  |TAMS 0x00000000e2d00000, 0x00000000e2d00000| Untracked 
|  46|0x00000000e2e00000, 0x00000000e2e00000, 0x00000000e2f00000|  0%| F|  |TAMS 0x00000000e2e00000, 0x00000000e2e00000| Untracked 
|  47|0x00000000e2f00000, 0x00000000e2f00000, 0x00000000e3000000|  0%| F|  |TAMS 0x00000000e2f00000, 0x00000000e2f00000| Untracked 
|  48|0x00000000e3000000, 0x00000000e3000000, 0x00000000e3100000|  0%| F|  |TAMS 0x00000000e3000000, 0x00000000e3000000| Untracked 
|  49|0x00000000e3100000, 0x00000000e3100000, 0x00000000e3200000|  0%| F|  |TAMS 0x00000000e3100000, 0x00000000e3100000| Untracked 
|  50|0x00000000e3200000, 0x00000000e3200000, 0x00000000e3300000|  0%| F|  |TAMS 0x00000000e3200000, 0x00000000e3200000| Untracked 
|  51|0x00000000e3300000, 0x00000000e3300000, 0x00000000e3400000|  0%| F|  |TAMS 0x00000000e3300000, 0x00000000e3300000| Untracked 
|  52|0x00000000e3400000, 0x00000000e3400000, 0x00000000e3500000|  0%| F|  |TAMS 0x00000000e3400000, 0x00000000e3400000| Untracked 
|  53|0x00000000e3500000, 0x00000000e3500000, 0x00000000e3600000|  0%| F|  |TAMS 0x00000000e3500000, 0x00000000e3500000| Untracked 
|  54|0x00000000e3600000, 0x00000000e3600000, 0x00000000e3700000|  0%| F|  |TAMS 0x00000000e3600000, 0x00000000e3600000| Untracked 
|  55|0x00000000e3700000, 0x00000000e3700000, 0x00000000e3800000|  0%| F|  |TAMS 0x00000000e3700000, 0x00000000e3700000| Untracked 
|  56|0x00000000e3800000, 0x00000000e3800000, 0x00000000e3900000|  0%| F|  |TAMS 0x00000000e3800000, 0x00000000e3800000| Untracked 
|  57|0x00000000e3900000, 0x00000000e3900000, 0x00000000e3a00000|  0%| F|  |TAMS 0x00000000e3900000, 0x00000000e3900000| Untracked 
|  58|0x00000000e3a00000, 0x00000000e3a00000, 0x00000000e3b00000|  0%| F|  |TAMS 0x00000000e3a00000, 0x00000000e3a00000| Untracked 
|  59|0x00000000e3b00000, 0x00000000e3b00000, 0x00000000e3c00000|  0%| F|  |TAMS 0x00000000e3b00000, 0x00000000e3b00000| Untracked 
|  60|0x00000000e3c00000, 0x00000000e3c00000, 0x00000000e3d00000|  0%| F|  |TAMS 0x00000000e3c00000, 0x00000000e3c00000| Untracked 
|  61|0x00000000e3d00000, 0x00000000e3d00000, 0x00000000e3e00000|  0%| F|  |TAMS 0x00000000e3d00000, 0x00000000e3d00000| Untracked 
|  62|0x00000000e3e00000, 0x00000000e3e00000, 0x00000000e3f00000|  0%| F|  |TAMS 0x00000000e3e00000, 0x00000000e3e00000| Untracked 
|  63|0x00000000e3f00000, 0x00000000e3f00000, 0x00000000e4000000|  0%| F|  |TAMS 0x00000000e3f00000, 0x00000000e3f00000| Untracked 
|  64|0x00000000e4000000, 0x00000000e4000000, 0x00000000e4100000|  0%| F|  |TAMS 0x00000000e4000000, 0x00000000e4000000| Untracked 
|  65|0x00000000e4100000, 0x00000000e4100000, 0x00000000e4200000|  0%| F|  |TAMS 0x00000000e4100000, 0x00000000e4100000| Untracked 
|  66|0x00000000e4200000, 0x00000000e4200000, 0x00000000e4300000|  0%| F|  |TAMS 0x00000000e4200000, 0x00000000e4200000| Untracked 
|  67|0x00000000e4300000, 0x00000000e4300000, 0x00000000e4400000|  0%| F|  |TAMS 0x00000000e4300000, 0x00000000e4300000| Untracked 
|  68|0x00000000e4400000, 0x00000000e4400000, 0x00000000e4500000|  0%| F|  |TAMS 0x00000000e4400000, 0x00000000e4400000| Untracked 
|  69|0x00000000e4500000, 0x00000000e4500000, 0x00000000e4600000|  0%| F|  |TAMS 0x00000000e4500000, 0x00000000e4500000| Untracked 
|  70|0x00000000e4600000, 0x00000000e4600000, 0x00000000e4700000|  0%| F|  |TAMS 0x00000000e4600000, 0x00000000e4600000| Untracked 
|  71|0x00000000e4700000, 0x00000000e4700000, 0x00000000e4800000|  0%| F|  |TAMS 0x00000000e4700000, 0x00000000e4700000| Untracked 
|  72|0x00000000e4800000, 0x00000000e4800000, 0x00000000e4900000|  0%| F|  |TAMS 0x00000000e4800000, 0x00000000e4800000| Untracked 
|  73|0x00000000e4900000, 0x00000000e4900000, 0x00000000e4a00000|  0%| F|  |TAMS 0x00000000e4900000, 0x00000000e4900000| Untracked 
|  74|0x00000000e4a00000, 0x00000000e4a00000, 0x00000000e4b00000|  0%| F|  |TAMS 0x00000000e4a00000, 0x00000000e4a00000| Untracked 
|  75|0x00000000e4b00000, 0x00000000e4b00000, 0x00000000e4c00000|  0%| F|  |TAMS 0x00000000e4b00000, 0x00000000e4b00000| Untracked 
|  76|0x00000000e4c00000, 0x00000000e4c00000, 0x00000000e4d00000|  0%| F|  |TAMS 0x00000000e4c00000, 0x00000000e4c00000| Untracked 
|  77|0x00000000e4d00000, 0x00000000e4d00000, 0x00000000e4e00000|  0%| F|  |TAMS 0x00000000e4d00000, 0x00000000e4d00000| Untracked 
|  78|0x00000000e4e00000, 0x00000000e4e00000, 0x00000000e4f00000|  0%| F|  |TAMS 0x00000000e4e00000, 0x00000000e4e00000| Untracked 
|  79|0x00000000e4f00000, 0x00000000e4f00000, 0x00000000e5000000|  0%| F|  |TAMS 0x00000000e4f00000, 0x00000000e4f00000| Untracked 
|  80|0x00000000e5000000, 0x00000000e5000000, 0x00000000e5100000|  0%| F|  |TAMS 0x00000000e5000000, 0x00000000e5000000| Untracked 
|  81|0x00000000e5100000, 0x00000000e5100000, 0x00000000e5200000|  0%| F|  |TAMS 0x00000000e5100000, 0x00000000e5100000| Untracked 
|  82|0x00000000e5200000, 0x00000000e5200000, 0x00000000e5300000|  0%| F|  |TAMS 0x00000000e5200000, 0x00000000e5200000| Untracked 
|  83|0x00000000e5300000, 0x00000000e5300000, 0x00000000e5400000|  0%| F|  |TAMS 0x00000000e5300000, 0x00000000e5300000| Untracked 
|  84|0x00000000e5400000, 0x00000000e5400000, 0x00000000e5500000|  0%| F|  |TAMS 0x00000000e5400000, 0x00000000e5400000| Untracked 
|  85|0x00000000e5500000, 0x00000000e5500000, 0x00000000e5600000|  0%| F|  |TAMS 0x00000000e5500000, 0x00000000e5500000| Untracked 
|  86|0x00000000e5600000, 0x00000000e5600000, 0x00000000e5700000|  0%| F|  |TAMS 0x00000000e5600000, 0x00000000e5600000| Untracked 
|  87|0x00000000e5700000, 0x00000000e5700000, 0x00000000e5800000|  0%| F|  |TAMS 0x00000000e5700000, 0x00000000e5700000| Untracked 
|  88|0x00000000e5800000, 0x00000000e5800000, 0x00000000e5900000|  0%| F|  |TAMS 0x00000000e5800000, 0x00000000e5800000| Untracked 
|  89|0x00000000e5900000, 0x00000000e5900000, 0x00000000e5a00000|  0%| F|  |TAMS 0x00000000e5900000, 0x00000000e5900000| Untracked 
|  90|0x00000000e5a00000, 0x00000000e5a00000, 0x00000000e5b00000|  0%| F|  |TAMS 0x00000000e5a00000, 0x00000000e5a00000| Untracked 
|  91|0x00000000e5b00000, 0x00000000e5b00000, 0x00000000e5c00000|  0%| F|  |TAMS 0x00000000e5b00000, 0x00000000e5b00000| Untracked 
|  92|0x00000000e5c00000, 0x00000000e5c00000, 0x00000000e5d00000|  0%| F|  |TAMS 0x00000000e5c00000, 0x00000000e5c00000| Untracked 
|  93|0x00000000e5d00000, 0x00000000e5d00000, 0x00000000e5e00000|  0%| F|  |TAMS 0x00000000e5d00000, 0x00000000e5d00000| Untracked 
|  94|0x00000000e5e00000, 0x00000000e5e00000, 0x00000000e5f00000|  0%| F|  |TAMS 0x00000000e5e00000, 0x00000000e5e00000| Untracked 
|  95|0x00000000e5f00000, 0x00000000e5f00000, 0x00000000e6000000|  0%| F|  |TAMS 0x00000000e5f00000, 0x00000000e5f00000| Untracked 
|  96|0x00000000e6000000, 0x00000000e6000000, 0x00000000e6100000|  0%| F|  |TAMS 0x00000000e6000000, 0x00000000e6000000| Untracked 
|  97|0x00000000e6100000, 0x00000000e6100000, 0x00000000e6200000|  0%| F|  |TAMS 0x00000000e6100000, 0x00000000e6100000| Untracked 
|  98|0x00000000e6200000, 0x00000000e6200000, 0x00000000e6300000|  0%| F|  |TAMS 0x00000000e6200000, 0x00000000e6200000| Untracked 
|  99|0x00000000e6300000, 0x00000000e6300000, 0x00000000e6400000|  0%| F|  |TAMS 0x00000000e6300000, 0x00000000e6300000| Untracked 
| 100|0x00000000e6400000, 0x00000000e6400000, 0x00000000e6500000|  0%| F|  |TAMS 0x00000000e6400000, 0x00000000e6400000| Untracked 
| 101|0x00000000e6500000, 0x00000000e6500000, 0x00000000e6600000|  0%| F|  |TAMS 0x00000000e6500000, 0x00000000e6500000| Untracked 
| 102|0x00000000e6600000, 0x00000000e6600000, 0x00000000e6700000|  0%| F|  |TAMS 0x00000000e6600000, 0x00000000e6600000| Untracked 
| 103|0x00000000e6700000, 0x00000000e6700000, 0x00000000e6800000|  0%| F|  |TAMS 0x00000000e6700000, 0x00000000e6700000| Untracked 
| 104|0x00000000e6800000, 0x00000000e6800000, 0x00000000e6900000|  0%| F|  |TAMS 0x00000000e6800000, 0x00000000e6800000| Untracked 
| 105|0x00000000e6900000, 0x00000000e6900000, 0x00000000e6a00000|  0%| F|  |TAMS 0x00000000e6900000, 0x00000000e6900000| Untracked 
| 106|0x00000000e6a00000, 0x00000000e6a00000, 0x00000000e6b00000|  0%| F|  |TAMS 0x00000000e6a00000, 0x00000000e6a00000| Untracked 
| 107|0x00000000e6b00000, 0x00000000e6b74b20, 0x00000000e6c00000| 45%| S|CS|TAMS 0x00000000e6b00000, 0x00000000e6b00000| Complete 
| 108|0x00000000e6c00000, 0x00000000e6d00000, 0x00000000e6d00000|100%| S|CS|TAMS 0x00000000e6c00000, 0x00000000e6c00000| Complete 
| 109|0x00000000e6d00000, 0x00000000e6e00000, 0x00000000e6e00000|100%| S|CS|TAMS 0x00000000e6d00000, 0x00000000e6d00000| Complete 
| 110|0x00000000e6e00000, 0x00000000e6f00000, 0x00000000e6f00000|100%| S|CS|TAMS 0x00000000e6e00000, 0x00000000e6e00000| Complete 
| 111|0x00000000e6f00000, 0x00000000e7000000, 0x00000000e7000000|100%| S|CS|TAMS 0x00000000e6f00000, 0x00000000e6f00000| Complete 
| 112|0x00000000e7000000, 0x00000000e7100000, 0x00000000e7100000|100%| S|CS|TAMS 0x00000000e7000000, 0x00000000e7000000| Complete 
| 113|0x00000000e7100000, 0x00000000e7200000, 0x00000000e7200000|100%| S|CS|TAMS 0x00000000e7100000, 0x00000000e7100000| Complete 
| 114|0x00000000e7200000, 0x00000000e7300000, 0x00000000e7300000|100%| S|CS|TAMS 0x00000000e7200000, 0x00000000e7200000| Complete 
| 115|0x00000000e7300000, 0x00000000e7400000, 0x00000000e7400000|100%| S|CS|TAMS 0x00000000e7300000, 0x00000000e7300000| Complete 
| 116|0x00000000e7400000, 0x00000000e7500000, 0x00000000e7500000|100%| S|CS|TAMS 0x00000000e7400000, 0x00000000e7400000| Complete 
| 117|0x00000000e7500000, 0x00000000e7600000, 0x00000000e7600000|100%| S|CS|TAMS 0x00000000e7500000, 0x00000000e7500000| Complete 
| 118|0x00000000e7600000, 0x00000000e7700000, 0x00000000e7700000|100%| S|CS|TAMS 0x00000000e7600000, 0x00000000e7600000| Complete 
| 119|0x00000000e7700000, 0x00000000e7800000, 0x00000000e7800000|100%| S|CS|TAMS 0x00000000e7700000, 0x00000000e7700000| Complete 
| 120|0x00000000e7800000, 0x00000000e7900000, 0x00000000e7900000|100%| S|CS|TAMS 0x00000000e7800000, 0x00000000e7800000| Complete 
| 121|0x00000000e7900000, 0x00000000e7a00000, 0x00000000e7a00000|100%| S|CS|TAMS 0x00000000e7900000, 0x00000000e7900000| Complete 
| 122|0x00000000e7a00000, 0x00000000e7b00000, 0x00000000e7b00000|100%| S|CS|TAMS 0x00000000e7a00000, 0x00000000e7a00000| Complete 
| 123|0x00000000e7b00000, 0x00000000e7b00000, 0x00000000e7c00000|  0%| F|  |TAMS 0x00000000e7b00000, 0x00000000e7b00000| Untracked 
| 124|0x00000000e7c00000, 0x00000000e7c00000, 0x00000000e7d00000|  0%| F|  |TAMS 0x00000000e7c00000, 0x00000000e7c00000| Untracked 
| 125|0x00000000e7d00000, 0x00000000e7d00000, 0x00000000e7e00000|  0%| F|  |TAMS 0x00000000e7d00000, 0x00000000e7d00000| Untracked 
| 126|0x00000000e7e00000, 0x00000000e7e00000, 0x00000000e7f00000|  0%| F|  |TAMS 0x00000000e7e00000, 0x00000000e7e00000| Untracked 
| 127|0x00000000e7f00000, 0x00000000e7f00000, 0x00000000e8000000|  0%| F|  |TAMS 0x00000000e7f00000, 0x00000000e7f00000| Untracked 
| 128|0x00000000e8000000, 0x00000000e8000000, 0x00000000e8100000|  0%| F|  |TAMS 0x00000000e8000000, 0x00000000e8000000| Untracked 
| 129|0x00000000e8100000, 0x00000000e8100000, 0x00000000e8200000|  0%| F|  |TAMS 0x00000000e8100000, 0x00000000e8100000| Untracked 
| 130|0x00000000e8200000, 0x00000000e8200000, 0x00000000e8300000|  0%| F|  |TAMS 0x00000000e8200000, 0x00000000e8200000| Untracked 
| 131|0x00000000e8300000, 0x00000000e8300000, 0x00000000e8400000|  0%| F|  |TAMS 0x00000000e8300000, 0x00000000e8300000| Untracked 
| 132|0x00000000e8400000, 0x00000000e8400000, 0x00000000e8500000|  0%| F|  |TAMS 0x00000000e8400000, 0x00000000e8400000| Untracked 
| 133|0x00000000e8500000, 0x00000000e8500000, 0x00000000e8600000|  0%| F|  |TAMS 0x00000000e8500000, 0x00000000e8500000| Untracked 
| 134|0x00000000e8600000, 0x00000000e8600000, 0x00000000e8700000|  0%| F|  |TAMS 0x00000000e8600000, 0x00000000e8600000| Untracked 
| 135|0x00000000e8700000, 0x00000000e8700000, 0x00000000e8800000|  0%| F|  |TAMS 0x00000000e8700000, 0x00000000e8700000| Untracked 
| 136|0x00000000e8800000, 0x00000000e8800000, 0x00000000e8900000|  0%| F|  |TAMS 0x00000000e8800000, 0x00000000e8800000| Untracked 
| 137|0x00000000e8900000, 0x00000000e8900000, 0x00000000e8a00000|  0%| F|  |TAMS 0x00000000e8900000, 0x00000000e8900000| Untracked 
| 138|0x00000000e8a00000, 0x00000000e8a00000, 0x00000000e8b00000|  0%| F|  |TAMS 0x00000000e8a00000, 0x00000000e8a00000| Untracked 
| 139|0x00000000e8b00000, 0x00000000e8b00000, 0x00000000e8c00000|  0%| F|  |TAMS 0x00000000e8b00000, 0x00000000e8b00000| Untracked 
| 140|0x00000000e8c00000, 0x00000000e8c00000, 0x00000000e8d00000|  0%| F|  |TAMS 0x00000000e8c00000, 0x00000000e8c00000| Untracked 
| 141|0x00000000e8d00000, 0x00000000e8d00000, 0x00000000e8e00000|  0%| F|  |TAMS 0x00000000e8d00000, 0x00000000e8d00000| Untracked 
| 142|0x00000000e8e00000, 0x00000000e8e00000, 0x00000000e8f00000|  0%| F|  |TAMS 0x00000000e8e00000, 0x00000000e8e00000| Untracked 
| 143|0x00000000e8f00000, 0x00000000e8f00000, 0x00000000e9000000|  0%| F|  |TAMS 0x00000000e8f00000, 0x00000000e8f00000| Untracked 
| 144|0x00000000e9000000, 0x00000000e9000000, 0x00000000e9100000|  0%| F|  |TAMS 0x00000000e9000000, 0x00000000e9000000| Untracked 
| 145|0x00000000e9100000, 0x00000000e9100000, 0x00000000e9200000|  0%| F|  |TAMS 0x00000000e9100000, 0x00000000e9100000| Untracked 
| 146|0x00000000e9200000, 0x00000000e9200000, 0x00000000e9300000|  0%| F|  |TAMS 0x00000000e9200000, 0x00000000e9200000| Untracked 
| 147|0x00000000e9300000, 0x00000000e9300000, 0x00000000e9400000|  0%| F|  |TAMS 0x00000000e9300000, 0x00000000e9300000| Untracked 
| 148|0x00000000e9400000, 0x00000000e9400000, 0x00000000e9500000|  0%| F|  |TAMS 0x00000000e9400000, 0x00000000e9400000| Untracked 
| 149|0x00000000e9500000, 0x00000000e9500000, 0x00000000e9600000|  0%| F|  |TAMS 0x00000000e9500000, 0x00000000e9500000| Untracked 
| 150|0x00000000e9600000, 0x00000000e9600000, 0x00000000e9700000|  0%| F|  |TAMS 0x00000000e9600000, 0x00000000e9600000| Untracked 
| 151|0x00000000e9700000, 0x00000000e9700000, 0x00000000e9800000|  0%| F|  |TAMS 0x00000000e9700000, 0x00000000e9700000| Untracked 
| 152|0x00000000e9800000, 0x00000000e9800000, 0x00000000e9900000|  0%| F|  |TAMS 0x00000000e9800000, 0x00000000e9800000| Untracked 
| 153|0x00000000e9900000, 0x00000000e9900000, 0x00000000e9a00000|  0%| F|  |TAMS 0x00000000e9900000, 0x00000000e9900000| Untracked 
| 154|0x00000000e9a00000, 0x00000000e9a00000, 0x00000000e9b00000|  0%| F|  |TAMS 0x00000000e9a00000, 0x00000000e9a00000| Untracked 
| 155|0x00000000e9b00000, 0x00000000e9b00000, 0x00000000e9c00000|  0%| F|  |TAMS 0x00000000e9b00000, 0x00000000e9b00000| Untracked 
| 156|0x00000000e9c00000, 0x00000000e9c00000, 0x00000000e9d00000|  0%| F|  |TAMS 0x00000000e9c00000, 0x00000000e9c00000| Untracked 
| 157|0x00000000e9d00000, 0x00000000e9d00000, 0x00000000e9e00000|  0%| F|  |TAMS 0x00000000e9d00000, 0x00000000e9d00000| Untracked 
| 158|0x00000000e9e00000, 0x00000000e9e00000, 0x00000000e9f00000|  0%| F|  |TAMS 0x00000000e9e00000, 0x00000000e9e00000| Untracked 
| 159|0x00000000e9f00000, 0x00000000e9f00000, 0x00000000ea000000|  0%| F|  |TAMS 0x00000000e9f00000, 0x00000000e9f00000| Untracked 
| 160|0x00000000ea000000, 0x00000000ea000000, 0x00000000ea100000|  0%| F|  |TAMS 0x00000000ea000000, 0x00000000ea000000| Untracked 
| 161|0x00000000ea100000, 0x00000000ea100000, 0x00000000ea200000|  0%| F|  |TAMS 0x00000000ea100000, 0x00000000ea100000| Untracked 
| 162|0x00000000ea200000, 0x00000000ea200000, 0x00000000ea300000|  0%| F|  |TAMS 0x00000000ea200000, 0x00000000ea200000| Untracked 
| 163|0x00000000ea300000, 0x00000000ea300000, 0x00000000ea400000|  0%| F|  |TAMS 0x00000000ea300000, 0x00000000ea300000| Untracked 
| 164|0x00000000ea400000, 0x00000000ea400000, 0x00000000ea500000|  0%| F|  |TAMS 0x00000000ea400000, 0x00000000ea400000| Untracked 
| 165|0x00000000ea500000, 0x00000000ea500000, 0x00000000ea600000|  0%| F|  |TAMS 0x00000000ea500000, 0x00000000ea500000| Untracked 
| 166|0x00000000ea600000, 0x00000000ea600000, 0x00000000ea700000|  0%| F|  |TAMS 0x00000000ea600000, 0x00000000ea600000| Untracked 
| 167|0x00000000ea700000, 0x00000000ea700000, 0x00000000ea800000|  0%| F|  |TAMS 0x00000000ea700000, 0x00000000ea700000| Untracked 
| 168|0x00000000ea800000, 0x00000000ea800000, 0x00000000ea900000|  0%| F|  |TAMS 0x00000000ea800000, 0x00000000ea800000| Untracked 
| 169|0x00000000ea900000, 0x00000000ea900000, 0x00000000eaa00000|  0%| F|  |TAMS 0x00000000ea900000, 0x00000000ea900000| Untracked 
| 170|0x00000000eaa00000, 0x00000000eaa00000, 0x00000000eab00000|  0%| F|  |TAMS 0x00000000eaa00000, 0x00000000eaa00000| Untracked 
| 171|0x00000000eab00000, 0x00000000eab00000, 0x00000000eac00000|  0%| F|  |TAMS 0x00000000eab00000, 0x00000000eab00000| Untracked 
| 172|0x00000000eac00000, 0x00000000eac00000, 0x00000000ead00000|  0%| F|  |TAMS 0x00000000eac00000, 0x00000000eac00000| Untracked 
| 173|0x00000000ead00000, 0x00000000ead00000, 0x00000000eae00000|  0%| F|  |TAMS 0x00000000ead00000, 0x00000000ead00000| Untracked 
| 174|0x00000000eae00000, 0x00000000eae00000, 0x00000000eaf00000|  0%| F|  |TAMS 0x00000000eae00000, 0x00000000eae00000| Untracked 
| 175|0x00000000eaf00000, 0x00000000eaf00000, 0x00000000eb000000|  0%| F|  |TAMS 0x00000000eaf00000, 0x00000000eaf00000| Untracked 
| 176|0x00000000eb000000, 0x00000000eb000000, 0x00000000eb100000|  0%| F|  |TAMS 0x00000000eb000000, 0x00000000eb000000| Untracked 
| 177|0x00000000eb100000, 0x00000000eb100000, 0x00000000eb200000|  0%| F|  |TAMS 0x00000000eb100000, 0x00000000eb100000| Untracked 
| 178|0x00000000eb200000, 0x00000000eb200000, 0x00000000eb300000|  0%| F|  |TAMS 0x00000000eb200000, 0x00000000eb200000| Untracked 
| 179|0x00000000eb300000, 0x00000000eb300000, 0x00000000eb400000|  0%| F|  |TAMS 0x00000000eb300000, 0x00000000eb300000| Untracked 
| 180|0x00000000eb400000, 0x00000000eb400000, 0x00000000eb500000|  0%| F|  |TAMS 0x00000000eb400000, 0x00000000eb400000| Untracked 
| 181|0x00000000eb500000, 0x00000000eb500000, 0x00000000eb600000|  0%| F|  |TAMS 0x00000000eb500000, 0x00000000eb500000| Untracked 
| 182|0x00000000eb600000, 0x00000000eb600000, 0x00000000eb700000|  0%| F|  |TAMS 0x00000000eb600000, 0x00000000eb600000| Untracked 
| 183|0x00000000eb700000, 0x00000000eb700000, 0x00000000eb800000|  0%| F|  |TAMS 0x00000000eb700000, 0x00000000eb700000| Untracked 
| 184|0x00000000eb800000, 0x00000000eb800000, 0x00000000eb900000|  0%| F|  |TAMS 0x00000000eb800000, 0x00000000eb800000| Untracked 
| 185|0x00000000eb900000, 0x00000000eb900000, 0x00000000eba00000|  0%| F|  |TAMS 0x00000000eb900000, 0x00000000eb900000| Untracked 
| 186|0x00000000eba00000, 0x00000000eba00000, 0x00000000ebb00000|  0%| F|  |TAMS 0x00000000eba00000, 0x00000000eba00000| Untracked 
| 187|0x00000000ebb00000, 0x00000000ebb00000, 0x00000000ebc00000|  0%| F|  |TAMS 0x00000000ebb00000, 0x00000000ebb00000| Untracked 
| 188|0x00000000ebc00000, 0x00000000ebc00000, 0x00000000ebd00000|  0%| F|  |TAMS 0x00000000ebc00000, 0x00000000ebc00000| Untracked 
| 189|0x00000000ebd00000, 0x00000000ebd00000, 0x00000000ebe00000|  0%| F|  |TAMS 0x00000000ebd00000, 0x00000000ebd00000| Untracked 
| 190|0x00000000ebe00000, 0x00000000ebe00000, 0x00000000ebf00000|  0%| F|  |TAMS 0x00000000ebe00000, 0x00000000ebe00000| Untracked 
| 191|0x00000000ebf00000, 0x00000000ebf00000, 0x00000000ec000000|  0%| F|  |TAMS 0x00000000ebf00000, 0x00000000ebf00000| Untracked 
| 192|0x00000000ec000000, 0x00000000ec000000, 0x00000000ec100000|  0%| F|  |TAMS 0x00000000ec000000, 0x00000000ec000000| Untracked 
| 193|0x00000000ec100000, 0x00000000ec100000, 0x00000000ec200000|  0%| F|  |TAMS 0x00000000ec100000, 0x00000000ec100000| Untracked 
| 194|0x00000000ec200000, 0x00000000ec200000, 0x00000000ec300000|  0%| F|  |TAMS 0x00000000ec200000, 0x00000000ec200000| Untracked 
| 195|0x00000000ec300000, 0x00000000ec300000, 0x00000000ec400000|  0%| F|  |TAMS 0x00000000ec300000, 0x00000000ec300000| Untracked 
| 196|0x00000000ec400000, 0x00000000ec400000, 0x00000000ec500000|  0%| F|  |TAMS 0x00000000ec400000, 0x00000000ec400000| Untracked 
| 197|0x00000000ec500000, 0x00000000ec500000, 0x00000000ec600000|  0%| F|  |TAMS 0x00000000ec500000, 0x00000000ec500000| Untracked 
| 198|0x00000000ec600000, 0x00000000ec600000, 0x00000000ec700000|  0%| F|  |TAMS 0x00000000ec600000, 0x00000000ec600000| Untracked 
| 199|0x00000000ec700000, 0x00000000ec700000, 0x00000000ec800000|  0%| F|  |TAMS 0x00000000ec700000, 0x00000000ec700000| Untracked 
| 200|0x00000000ec800000, 0x00000000ec800000, 0x00000000ec900000|  0%| F|  |TAMS 0x00000000ec800000, 0x00000000ec800000| Untracked 
| 201|0x00000000ec900000, 0x00000000ec900000, 0x00000000eca00000|  0%| F|  |TAMS 0x00000000ec900000, 0x00000000ec900000| Untracked 
| 202|0x00000000eca00000, 0x00000000eca00000, 0x00000000ecb00000|  0%| F|  |TAMS 0x00000000eca00000, 0x00000000eca00000| Untracked 
| 203|0x00000000ecb00000, 0x00000000ecb00000, 0x00000000ecc00000|  0%| F|  |TAMS 0x00000000ecb00000, 0x00000000ecb00000| Untracked 
| 204|0x00000000ecc00000, 0x00000000ecc00000, 0x00000000ecd00000|  0%| F|  |TAMS 0x00000000ecc00000, 0x00000000ecc00000| Untracked 
| 205|0x00000000ecd00000, 0x00000000ecd00000, 0x00000000ece00000|  0%| F|  |TAMS 0x00000000ecd00000, 0x00000000ecd00000| Untracked 
| 206|0x00000000ece00000, 0x00000000ece00000, 0x00000000ecf00000|  0%| F|  |TAMS 0x00000000ece00000, 0x00000000ece00000| Untracked 
| 207|0x00000000ecf00000, 0x00000000ecf00000, 0x00000000ed000000|  0%| F|  |TAMS 0x00000000ecf00000, 0x00000000ecf00000| Untracked 
| 208|0x00000000ed000000, 0x00000000ed000000, 0x00000000ed100000|  0%| F|  |TAMS 0x00000000ed000000, 0x00000000ed000000| Untracked 
| 209|0x00000000ed100000, 0x00000000ed100000, 0x00000000ed200000|  0%| F|  |TAMS 0x00000000ed100000, 0x00000000ed100000| Untracked 
| 210|0x00000000ed200000, 0x00000000ed200000, 0x00000000ed300000|  0%| F|  |TAMS 0x00000000ed200000, 0x00000000ed200000| Untracked 
| 211|0x00000000ed300000, 0x00000000ed300000, 0x00000000ed400000|  0%| F|  |TAMS 0x00000000ed300000, 0x00000000ed300000| Untracked 
| 212|0x00000000ed400000, 0x00000000ed400000, 0x00000000ed500000|  0%| F|  |TAMS 0x00000000ed400000, 0x00000000ed400000| Untracked 
| 213|0x00000000ed500000, 0x00000000ed500000, 0x00000000ed600000|  0%| F|  |TAMS 0x00000000ed500000, 0x00000000ed500000| Untracked 
| 214|0x00000000ed600000, 0x00000000ed600000, 0x00000000ed700000|  0%| F|  |TAMS 0x00000000ed600000, 0x00000000ed600000| Untracked 
| 215|0x00000000ed700000, 0x00000000ed700000, 0x00000000ed800000|  0%| F|  |TAMS 0x00000000ed700000, 0x00000000ed700000| Untracked 
| 216|0x00000000ed800000, 0x00000000ed800000, 0x00000000ed900000|  0%| F|  |TAMS 0x00000000ed800000, 0x00000000ed800000| Untracked 
| 217|0x00000000ed900000, 0x00000000ed900000, 0x00000000eda00000|  0%| F|  |TAMS 0x00000000ed900000, 0x00000000ed900000| Untracked 
| 218|0x00000000eda00000, 0x00000000eda00000, 0x00000000edb00000|  0%| F|  |TAMS 0x00000000eda00000, 0x00000000eda00000| Untracked 
| 219|0x00000000edb00000, 0x00000000edb00000, 0x00000000edc00000|  0%| F|  |TAMS 0x00000000edb00000, 0x00000000edb00000| Untracked 
| 220|0x00000000edc00000, 0x00000000edc00000, 0x00000000edd00000|  0%| F|  |TAMS 0x00000000edc00000, 0x00000000edc00000| Untracked 
| 221|0x00000000edd00000, 0x00000000edd00000, 0x00000000ede00000|  0%| F|  |TAMS 0x00000000edd00000, 0x00000000edd00000| Untracked 
| 222|0x00000000ede00000, 0x00000000ede00000, 0x00000000edf00000|  0%| F|  |TAMS 0x00000000ede00000, 0x00000000ede00000| Untracked 
| 223|0x00000000edf00000, 0x00000000edf00000, 0x00000000ee000000|  0%| F|  |TAMS 0x00000000edf00000, 0x00000000edf00000| Untracked 
| 224|0x00000000ee000000, 0x00000000ee000000, 0x00000000ee100000|  0%| F|  |TAMS 0x00000000ee000000, 0x00000000ee000000| Untracked 
| 225|0x00000000ee100000, 0x00000000ee100000, 0x00000000ee200000|  0%| F|  |TAMS 0x00000000ee100000, 0x00000000ee100000| Untracked 
| 226|0x00000000ee200000, 0x00000000ee200000, 0x00000000ee300000|  0%| F|  |TAMS 0x00000000ee200000, 0x00000000ee200000| Untracked 
| 227|0x00000000ee300000, 0x00000000ee300000, 0x00000000ee400000|  0%| F|  |TAMS 0x00000000ee300000, 0x00000000ee300000| Untracked 
| 228|0x00000000ee400000, 0x00000000ee400000, 0x00000000ee500000|  0%| F|  |TAMS 0x00000000ee400000, 0x00000000ee400000| Untracked 
| 229|0x00000000ee500000, 0x00000000ee500000, 0x00000000ee600000|  0%| F|  |TAMS 0x00000000ee500000, 0x00000000ee500000| Untracked 
| 230|0x00000000ee600000, 0x00000000ee600000, 0x00000000ee700000|  0%| F|  |TAMS 0x00000000ee600000, 0x00000000ee600000| Untracked 
| 231|0x00000000ee700000, 0x00000000ee700000, 0x00000000ee800000|  0%| F|  |TAMS 0x00000000ee700000, 0x00000000ee700000| Untracked 
| 232|0x00000000ee800000, 0x00000000ee800000, 0x00000000ee900000|  0%| F|  |TAMS 0x00000000ee800000, 0x00000000ee800000| Untracked 
| 233|0x00000000ee900000, 0x00000000ee900000, 0x00000000eea00000|  0%| F|  |TAMS 0x00000000ee900000, 0x00000000ee900000| Untracked 
| 234|0x00000000eea00000, 0x00000000eea00000, 0x00000000eeb00000|  0%| F|  |TAMS 0x00000000eea00000, 0x00000000eea00000| Untracked 
| 235|0x00000000eeb00000, 0x00000000eeb00000, 0x00000000eec00000|  0%| F|  |TAMS 0x00000000eeb00000, 0x00000000eeb00000| Untracked 
| 236|0x00000000eec00000, 0x00000000eec00000, 0x00000000eed00000|  0%| F|  |TAMS 0x00000000eec00000, 0x00000000eec00000| Untracked 
| 237|0x00000000eed00000, 0x00000000eed00000, 0x00000000eee00000|  0%| F|  |TAMS 0x00000000eed00000, 0x00000000eed00000| Untracked 
| 238|0x00000000eee00000, 0x00000000eee00000, 0x00000000eef00000|  0%| F|  |TAMS 0x00000000eee00000, 0x00000000eee00000| Untracked 
| 239|0x00000000eef00000, 0x00000000eef00000, 0x00000000ef000000|  0%| F|  |TAMS 0x00000000eef00000, 0x00000000eef00000| Untracked 
| 240|0x00000000ef000000, 0x00000000ef000000, 0x00000000ef100000|  0%| F|  |TAMS 0x00000000ef000000, 0x00000000ef000000| Untracked 
| 241|0x00000000ef100000, 0x00000000ef100000, 0x00000000ef200000|  0%| F|  |TAMS 0x00000000ef100000, 0x00000000ef100000| Untracked 
| 242|0x00000000ef200000, 0x00000000ef200000, 0x00000000ef300000|  0%| F|  |TAMS 0x00000000ef200000, 0x00000000ef200000| Untracked 
| 243|0x00000000ef300000, 0x00000000ef300000, 0x00000000ef400000|  0%| F|  |TAMS 0x00000000ef300000, 0x00000000ef300000| Untracked 
| 244|0x00000000ef400000, 0x00000000ef400000, 0x00000000ef500000|  0%| F|  |TAMS 0x00000000ef400000, 0x00000000ef400000| Untracked 
| 245|0x00000000ef500000, 0x00000000ef500000, 0x00000000ef600000|  0%| F|  |TAMS 0x00000000ef500000, 0x00000000ef500000| Untracked 
| 246|0x00000000ef600000, 0x00000000ef600000, 0x00000000ef700000|  0%| F|  |TAMS 0x00000000ef600000, 0x00000000ef600000| Untracked 
| 247|0x00000000ef700000, 0x00000000ef700000, 0x00000000ef800000|  0%| F|  |TAMS 0x00000000ef700000, 0x00000000ef700000| Untracked 
| 248|0x00000000ef800000, 0x00000000ef800000, 0x00000000ef900000|  0%| F|  |TAMS 0x00000000ef800000, 0x00000000ef800000| Untracked 
| 249|0x00000000ef900000, 0x00000000ef900000, 0x00000000efa00000|  0%| F|  |TAMS 0x00000000ef900000, 0x00000000ef900000| Untracked 
| 250|0x00000000efa00000, 0x00000000efa1bad0, 0x00000000efb00000| 10%| E|  |TAMS 0x00000000efa00000, 0x00000000efa00000| Complete 
| 251|0x00000000efb00000, 0x00000000efc00000, 0x00000000efc00000|100%| E|CS|TAMS 0x00000000efb00000, 0x00000000efb00000| Complete 
| 252|0x00000000efc00000, 0x00000000efd00000, 0x00000000efd00000|100%| E|CS|TAMS 0x00000000efc00000, 0x00000000efc00000| Complete 
| 253|0x00000000efd00000, 0x00000000efe00000, 0x00000000efe00000|100%| E|CS|TAMS 0x00000000efd00000, 0x00000000efd00000| Complete 
| 254|0x00000000efe00000, 0x00000000eff00000, 0x00000000eff00000|100%| E|CS|TAMS 0x00000000efe00000, 0x00000000efe00000| Complete 
| 255|0x00000000eff00000, 0x00000000f0000000, 0x00000000f0000000|100%| E|CS|TAMS 0x00000000eff00000, 0x00000000eff00000| Complete 

Card table byte_map: [0x0000024a6d050000,0x0000024a6d150000] _byte_map_base: 0x0000024a6c950000

Marking Bits (Prev, Next): (CMBitMap*) 0x0000024a5617c0f0, (CMBitMap*) 0x0000024a5617c130
 Prev Bits: [0x0000024a6d250000, 0x0000024a6da50000)
 Next Bits: [0x0000024a6da50000, 0x0000024a6e250000)

Polling page: 0x0000024a54080000

Metaspace:

Usage:
  Non-class:     45.02 MB used.
      Class:      7.49 MB used.
       Both:     52.51 MB used.

Virtual space:
  Non-class space:       48.00 MB reserved,      45.44 MB ( 95%) committed,  6 nodes.
      Class space:      208.00 MB reserved,       7.81 MB (  4%) committed,  1 nodes.
             Both:      256.00 MB reserved,      53.25 MB ( 21%) committed. 

Chunk freelists:
   Non-Class:  2.16 MB
       Class:  108.00 KB
        Both:  2.26 MB

MaxMetaspaceSize: 256.00 MB
CompressedClassSpaceSize: 208.00 MB
Initial GC threshold: 21.00 MB
Current GC threshold: 58.88 MB
CDS: on
MetaspaceReclaimPolicy: balanced
 - commit_granule_bytes: 65536.
 - commit_granule_words: 8192.
 - virtual_space_node_default_size: 1048576.
 - enlarge_chunks_in_place: 1.
 - new_chunks_are_fully_committed: 0.
 - uncommit_free_chunks: 1.
 - use_allocation_guard: 0.
 - handle_deallocations: 1.


Internal statistics:

num_allocs_failed_limit: 6.
num_arena_births: 754.
num_arena_deaths: 0.
num_vsnodes_births: 7.
num_vsnodes_deaths: 0.
num_space_committed: 852.
num_space_uncommitted: 0.
num_chunks_returned_to_freelist: 6.
num_chunks_taken_from_freelist: 2997.
num_chunk_merges: 6.
num_chunk_splits: 1902.
num_chunks_enlarged: 1177.
num_purges: 0.
num_inconsistent_stats: 0.

CodeHeap 'non-profiled nmethods': size=120000Kb used=2547Kb max_used=2547Kb free=117452Kb
 bounds [0x0000024a656f0000, 0x0000024a65970000, 0x0000024a6cc20000]
CodeHeap 'profiled nmethods': size=120000Kb used=12128Kb max_used=12128Kb free=107871Kb
 bounds [0x0000024a5dc20000, 0x0000024a5e800000, 0x0000024a65150000]
CodeHeap 'non-nmethods': size=5760Kb used=2338Kb max_used=2416Kb free=3421Kb
 bounds [0x0000024a65150000, 0x0000024a653d0000, 0x0000024a656f0000]
 total_blobs=7445 nmethods=6586 adapters=769
 compilation: enabled
              stopped_count=0, restarted_count=0
 full_count=0

Compilation events (20 events):
Event: 6.802 Thread 0x0000024a70cc67c0 nmethod 6970 0x0000024a6596a510 code [0x0000024a6596a680, 0x0000024a6596a718]
Event: 6.802 Thread 0x0000024a70cc67c0 6588       4       org.gradle.internal.instantiation.generator.AbstractClassGenerator::access$1500 (5 bytes)
Event: 6.803 Thread 0x0000024a70cc67c0 nmethod 6588 0x0000024a6596a810 code [0x0000024a6596a9a0, 0x0000024a6596aa28]
Event: 6.803 Thread 0x0000024a70cc67c0 7473       4       org.gradle.internal.hash.HashCode::bytesToLong (109 bytes)
Event: 6.803 Thread 0x0000024a70cc67c0 nmethod 7473 0x0000024a6596ab10 code [0x0000024a6596ac80, 0x0000024a6596ad98]
Event: 6.803 Thread 0x0000024a70cc67c0 6939       4       com.google.common.collect.AbstractMapBasedMultimap::createCollection (5 bytes)
Event: 6.804 Thread 0x0000024a70cc67c0 nmethod 6939 0x0000024a6596ae90 code [0x0000024a6596b000, 0x0000024a6596b098]
Event: 6.804 Thread 0x0000024a70cc67c0 6004       4       org.gradle.internal.logging.text.AbstractLineChoppingStyledTextOutput::access$402 (7 bytes)
Event: 6.805 Thread 0x0000024a70cc67c0 nmethod 6004 0x0000024a6596b190 code [0x0000024a6596b300, 0x0000024a6596b458]
Event: 6.805 Thread 0x0000024a70cc67c0 7519   !   4       java.util.concurrent.ConcurrentHashMap::replaceNode (437 bytes)
Event: 6.812 Thread 0x0000024a70cc67c0 nmethod 7519 0x0000024a6596b510 code [0x0000024a6596b6a0, 0x0000024a6596bf38]
Event: 6.812 Thread 0x0000024a70cc67c0 7520       4       org.objectweb.asm.SymbolTable::addConstantMethodref (24 bytes)
Event: 6.817 Thread 0x0000024a70cd0190 7525       3       java.lang.ProcessEnvironment$CheckedEntrySet$1::hasNext (10 bytes)
Event: 6.817 Thread 0x0000024a70cd0190 nmethod 7525 0x0000024a5e7f6910 code [0x0000024a5e7f6ac0, 0x0000024a5e7f6c88]
Event: 6.817 Thread 0x0000024a70cd0190 7528       3       java.lang.ProcessEnvironment$CheckedEntry::getKey (13 bytes)
Event: 6.817 Thread 0x0000024a70cd0190 nmethod 7528 0x0000024a5e7f6d90 code [0x0000024a5e7f6f40, 0x0000024a5e7f7208]
Event: 6.817 Thread 0x0000024a70cd0190 7527       3       java.lang.ProcessEnvironment$CheckedEntry::getKey (5 bytes)
Event: 6.817 Thread 0x0000024a70cd0190 nmethod 7527 0x0000024a5e7f7310 code [0x0000024a5e7f74c0, 0x0000024a5e7f77e8]
Event: 6.817 Thread 0x0000024a70cd0190 7526       3       java.lang.ProcessEnvironment$CheckedEntrySet$1::next (5 bytes)
Event: 6.817 Thread 0x0000024a70cd0190 nmethod 7526 0x0000024a5e7f7910 code [0x0000024a5e7f7ae0, 0x0000024a5e7f7fc8]

GC Heap History (12 events):
Event: 0.641 GC heap before
{Heap before GC invocations=0 (full 0):
 garbage-first heap   total 262144K, used 25600K [0x00000000e0000000, 0x0000000100000000)
  region size 1024K, 23 young (23552K), 0 survivors (0K)
 Metaspace       used 3002K, committed 3136K, reserved 221184K
  class space    used 379K, committed 448K, reserved 212992K
}
Event: 0.645 GC heap after
{Heap after GC invocations=1 (full 0):
 garbage-first heap   total 262144K, used 9369K [0x00000000e0000000, 0x0000000100000000)
  region size 1024K, 3 young (3072K), 3 survivors (3072K)
 Metaspace       used 3002K, committed 3136K, reserved 221184K
  class space    used 379K, committed 448K, reserved 212992K
}
Event: 0.962 GC heap before
{Heap before GC invocations=1 (full 0):
 garbage-first heap   total 262144K, used 38041K [0x00000000e0000000, 0x0000000100000000)
  region size 1024K, 31 young (31744K), 3 survivors (3072K)
 Metaspace       used 3917K, committed 4096K, reserved 221184K
  class space    used 476K, committed 576K, reserved 212992K
}
Event: 0.965 GC heap after
{Heap after GC invocations=2 (full 0):
 garbage-first heap   total 262144K, used 13739K [0x00000000e0000000, 0x0000000100000000)
  region size 1024K, 4 young (4096K), 4 survivors (4096K)
 Metaspace       used 3917K, committed 4096K, reserved 221184K
  class space    used 476K, committed 576K, reserved 212992K
}
Event: 2.617 GC heap before
{Heap before GC invocations=2 (full 0):
 garbage-first heap   total 262144K, used 115115K [0x00000000e0000000, 0x0000000100000000)
  region size 1024K, 104 young (106496K), 4 survivors (4096K)
 Metaspace       used 21200K, committed 21504K, reserved 237568K
  class space    used 3174K, committed 3328K, reserved 212992K
}
Event: 2.625 GC heap after
{Heap after GC invocations=3 (full 0):
 garbage-first heap   total 262144K, used 20955K [0x00000000e0000000, 0x0000000100000000)
  region size 1024K, 12 young (12288K), 12 survivors (12288K)
 Metaspace       used 21200K, committed 21504K, reserved 237568K
  class space    used 3174K, committed 3328K, reserved 212992K
}
Event: 3.941 GC heap before
{Heap before GC invocations=4 (full 0):
 garbage-first heap   total 262144K, used 126427K [0x00000000e0000000, 0x0000000100000000)
  region size 1024K, 113 young (115712K), 12 survivors (12288K)
 Metaspace       used 35716K, committed 36096K, reserved 245760K
  class space    used 4921K, committed 5120K, reserved 212992K
}
Event: 3.953 GC heap after
{Heap after GC invocations=5 (full 0):
 garbage-first heap   total 262144K, used 30348K [0x00000000e0000000, 0x0000000100000000)
  region size 1024K, 16 young (16384K), 16 survivors (16384K)
 Metaspace       used 35716K, committed 36096K, reserved 245760K
  class space    used 4921K, committed 5120K, reserved 212992K
}
Event: 5.338 GC heap before
{Heap before GC invocations=6 (full 0):
 garbage-first heap   total 262144K, used 170636K [0x00000000e0000000, 0x0000000100000000)
  region size 1024K, 153 young (156672K), 16 survivors (16384K)
 Metaspace       used 46478K, committed 47040K, reserved 262144K
  class space    used 6515K, committed 6784K, reserved 212992K
}
Event: 5.355 GC heap after
{Heap after GC invocations=7 (full 0):
 garbage-first heap   total 262144K, used 43813K [0x00000000e0000000, 0x0000000100000000)
  region size 1024K, 20 young (20480K), 20 survivors (20480K)
 Metaspace       used 46478K, committed 47040K, reserved 262144K
  class space    used 6515K, committed 6784K, reserved 212992K
}
Event: 6.706 GC heap before
{Heap before GC invocations=7 (full 0):
 garbage-first heap   total 262144K, used 180005K [0x00000000e0000000, 0x0000000100000000)
  region size 1024K, 153 young (156672K), 20 survivors (20480K)
 Metaspace       used 53524K, committed 54208K, reserved 262144K
  class space    used 7648K, committed 7936K, reserved 212992K
}
Event: 6.728 GC heap after
{Heap after GC invocations=8 (full 0):
 garbage-first heap   total 262144K, used 60187K [0x00000000e0000000, 0x0000000100000000)
  region size 1024K, 16 young (16384K), 16 survivors (16384K)
 Metaspace       used 53524K, committed 54208K, reserved 262144K
  class space    used 7648K, committed 7936K, reserved 212992K
}

Dll operation events (12 events):
Event: 0.009 Loaded shared library C:\Users\allur\.jdks\corretto-17.0.6\bin\java.dll
Event: 0.019 Loaded shared library C:\Users\allur\.jdks\corretto-17.0.6\bin\jsvml.dll
Event: 0.070 Loaded shared library C:\Users\allur\.jdks\corretto-17.0.6\bin\net.dll
Event: 0.074 Loaded shared library C:\Users\allur\.jdks\corretto-17.0.6\bin\nio.dll
Event: 0.082 Loaded shared library C:\Users\allur\.jdks\corretto-17.0.6\bin\zip.dll
Event: 0.316 Loaded shared library C:\Users\allur\.jdks\corretto-17.0.6\bin\jimage.dll
Event: 0.374 Loaded shared library C:\Users\allur\.jdks\corretto-17.0.6\bin\verify.dll
Event: 0.515 Loaded shared library C:\Users\allur\.gradle\native\68d5fa5c4cc2d200863cafc0d521ce42e7d3e7ee720ec0a83991735586a16f82\windows-amd64\native-platform.dll
Event: 0.521 Loaded shared library C:\Users\allur\.gradle\native\e376f236ea51e6404a007f0833ffe2c6e607c4080706a723a18a27aeea778392\windows-amd64\native-platform-file-events.dll
Event: 1.111 Loaded shared library C:\Users\allur\.jdks\corretto-17.0.6\bin\management.dll
Event: 1.114 Loaded shared library C:\Users\allur\.jdks\corretto-17.0.6\bin\management_ext.dll
Event: 1.469 Loaded shared library C:\Users\allur\.jdks\corretto-17.0.6\bin\sunmscapi.dll

Deoptimization events (20 events):
Event: 6.698 Thread 0x0000024a71aa49d0 DEOPT PACKING pc=0x0000024a5e348264 sp=0x000000b1964f9f00
Event: 6.698 Thread 0x0000024a71aa49d0 DEOPT UNPACKING pc=0x0000024a651a7143 sp=0x000000b1964f9480 mode 0
Event: 6.741 Thread 0x0000024a75b743a0 Uncommon trap: trap_request=0xffffffcc fr.pc=0x0000024a6595da1c relative=0x000000000000147c
Event: 6.741 Thread 0x0000024a75b743a0 Uncommon trap: reason=intrinsic_or_type_checked_inlining action=make_not_entrant pc=0x0000024a6595da1c method=java.util.ArrayList.toArray([Ljava/lang/Object;)[Ljava/lang/Object; @ 36 c2
Event: 6.741 Thread 0x0000024a75b743a0 DEOPT PACKING pc=0x0000024a6595da1c sp=0x000000b1989fdeb0
Event: 6.742 Thread 0x0000024a75b743a0 DEOPT UNPACKING pc=0x0000024a651a69a3 sp=0x000000b1989fddf8 mode 2
Event: 6.749 Thread 0x0000024a7835ab30 DEOPT PACKING pc=0x0000024a5e348264 sp=0x000000b1983fd2e0
Event: 6.749 Thread 0x0000024a7835ab30 DEOPT UNPACKING pc=0x0000024a651a7143 sp=0x000000b1983fc860 mode 0
Event: 6.784 Thread 0x0000024a71aa49d0 Uncommon trap: trap_request=0xffffff45 fr.pc=0x0000024a6593d720 relative=0x0000000000000560
Event: 6.784 Thread 0x0000024a71aa49d0 Uncommon trap: reason=unstable_if action=reinterpret pc=0x0000024a6593d720 method=java.lang.StringLatin1.compareToCI([B[B)I @ 68 c2
Event: 6.784 Thread 0x0000024a71aa49d0 DEOPT PACKING pc=0x0000024a6593d720 sp=0x000000b1964fb980
Event: 6.784 Thread 0x0000024a71aa49d0 DEOPT UNPACKING pc=0x0000024a651a69a3 sp=0x000000b1964fb870 mode 2
Event: 6.792 Thread 0x0000024a71aa49d0 Uncommon trap: trap_request=0xffffff45 fr.pc=0x0000024a658416bc relative=0x00000000000004fc
Event: 6.792 Thread 0x0000024a71aa49d0 Uncommon trap: reason=unstable_if action=reinterpret pc=0x0000024a658416bc method=java.lang.StringLatin1.compareToCI([B[B)I @ 68 c2
Event: 6.792 Thread 0x0000024a71aa49d0 DEOPT PACKING pc=0x0000024a658416bc sp=0x000000b1964fbce0
Event: 6.792 Thread 0x0000024a71aa49d0 DEOPT UNPACKING pc=0x0000024a651a69a3 sp=0x000000b1964fbc68 mode 2
Event: 6.813 Thread 0x0000024a71aa49d0 Uncommon trap: trap_request=0xffffffcc fr.pc=0x0000024a65969904 relative=0x0000000000000364
Event: 6.813 Thread 0x0000024a71aa49d0 Uncommon trap: reason=intrinsic_or_type_checked_inlining action=make_not_entrant pc=0x0000024a65969904 method=java.util.Arrays.copyOf([Ljava/lang/Object;ILjava/lang/Class;)[Ljava/lang/Object; @ 35 c2
Event: 6.813 Thread 0x0000024a71aa49d0 DEOPT PACKING pc=0x0000024a65969904 sp=0x000000b1964fc4e0
Event: 6.813 Thread 0x0000024a71aa49d0 DEOPT UNPACKING pc=0x0000024a651a69a3 sp=0x000000b1964fc470 mode 2

Classes unloaded (0 events):
No events

Classes redefined (0 events):
No events

Internal exceptions (20 events):
Event: 6.413 Thread 0x0000024a71aa49d0 Exception <a 'java/lang/NoSuchMethodError'{0x00000000e8cbd328}: 'java.lang.Object java.lang.invoke.Invokers$Holder.linkToTargetMethod(java.lang.Object, java.lang.Object, java.lang.Object, int, java.lang.Object, java.lang.Object)'> (0x00000000e8cbd328) 
thrown [s\src\hotspot\share\interpreter\linkResolver.cpp, line 759]
Event: 6.423 Thread 0x0000024a71aa49d0 Exception <a 'java/lang/NoSuchMethodError'{0x00000000e8b450d8}: 'void java.lang.invoke.DirectMethodHandle$Holder.invokeInterface(java.lang.Object, java.lang.Object, java.lang.Object, java.lang.Object)'> (0x00000000e8b450d8) 
thrown [s\src\hotspot\share\interpreter\linkResolver.cpp, line 759]
Event: 6.457 Thread 0x0000024a734f83d0 Exception <a 'java/lang/NoSuchMethodError'{0x00000000eff10140}: static Lorg/gradle/internal/build/event/types/DefaultTaskStartedProgressEvent;.<clinit>()V> (0x00000000eff10140) 
thrown [s\src\hotspot\share\prims\jni.cpp, line 1107]
Event: 6.458 Thread 0x0000024a734f83d0 Exception <a 'java/lang/NoSuchMethodError'{0x00000000eff117a8}: static Lorg/gradle/internal/build/event/types/AbstractProgressEvent;.<clinit>()V> (0x00000000eff117a8) 
thrown [s\src\hotspot\share\prims\jni.cpp, line 1107]
Event: 6.459 Thread 0x0000024a71aa49d0 Exception <a 'java/lang/IncompatibleClassChangeError'{0x00000000e89191e8}: Found class java.lang.Object, but interface was expected> (0x00000000e89191e8) 
thrown [s\src\hotspot\share\interpreter\linkResolver.cpp, line 826]
Event: 6.459 Thread 0x0000024a734f83d0 Exception <a 'java/lang/NoSuchMethodError'{0x00000000e892c258}: static Lorg/gradle/internal/build/event/types/DefaultTaskDescriptor;.<clinit>()V> (0x00000000e892c258) 
thrown [s\src\hotspot\share\prims\jni.cpp, line 1107]
Event: 6.462 Thread 0x0000024a734f83d0 Exception <a 'java/lang/NoSuchMethodError'{0x00000000e8971700}: static Lorg/gradle/internal/operations/OperationIdentifier;.<clinit>()V> (0x00000000e8971700) 
thrown [s\src\hotspot\share\prims\jni.cpp, line 1107]
Event: 6.463 Thread 0x0000024a734f83d0 Exception <a 'java/lang/NoSuchMethodError'{0x00000000e897a9e8}: static Lorg/gradle/internal/build/event/types/DefaultBinaryPluginIdentifier;.<clinit>()V> (0x00000000e897a9e8) 
thrown [s\src\hotspot\share\prims\jni.cpp, line 1107]
Event: 6.500 Thread 0x0000024a71aa49d0 Exception <a 'java/lang/IncompatibleClassChangeError'{0x00000000e876da70}: Found class java.lang.Object, but interface was expected> (0x00000000e876da70) 
thrown [s\src\hotspot\share\interpreter\linkResolver.cpp, line 826]
Event: 6.537 Thread 0x0000024a71aa49d0 Exception <a 'java/lang/NoSuchMethodError'{0x00000000e853e390}: 'int java.lang.invoke.DirectMethodHandle$Holder.invokeStaticInit(java.lang.Object, java.lang.Object, java.lang.Object, java.lang.Object, java.lang.Object)'> (0x00000000e853e390) 
thrown [s\src\hotspot\share\interpreter\linkResolver.cpp, line 759]
Event: 6.554 Thread 0x0000024a734f83d0 Exception <a 'java/lang/NoSuchMethodError'{0x00000000e8476b70}: static Lorg/gradle/internal/build/event/types/DefaultTaskFinishedProgressEvent;.<clinit>()V> (0x00000000e8476b70) 
thrown [s\src\hotspot\share\prims\jni.cpp, line 1107]
Event: 6.555 Thread 0x0000024a734f83d0 Exception <a 'java/lang/NoSuchMethodError'{0x00000000e848ef88}: static Lorg/gradle/internal/build/event/types/DefaultTaskSuccessResult;.<clinit>()V> (0x00000000e848ef88) 
thrown [s\src\hotspot\share\prims\jni.cpp, line 1107]
Event: 6.555 Thread 0x0000024a734f83d0 Exception <a 'java/lang/NoSuchMethodError'{0x00000000e84901f8}: static Lorg/gradle/internal/build/event/types/AbstractTaskResult;.<clinit>()V> (0x00000000e84901f8) 
thrown [s\src\hotspot\share\prims\jni.cpp, line 1107]
Event: 6.555 Thread 0x0000024a734f83d0 Exception <a 'java/lang/NoSuchMethodError'{0x00000000e8491720}: static Lorg/gradle/internal/build/event/types/AbstractResult;.<clinit>()V> (0x00000000e8491720) 
thrown [s\src\hotspot\share\prims\jni.cpp, line 1107]
Event: 6.558 Thread 0x0000024a71aa49d0 Exception <a 'java/lang/NoSuchMethodError'{0x00000000e8470bc8}: 'int java.lang.invoke.DirectMethodHandle$Holder.invokeSpecial(java.lang.Object, java.lang.Object, java.lang.Object, java.lang.Object, java.lang.Object)'> (0x00000000e8470bc8) 
thrown [s\src\hotspot\share\interpreter\linkResolver.cpp, line 759]
Event: 6.562 Thread 0x0000024a734f83d0 Exception <a 'java/lang/NoSuchMethodError'{0x00000000e84a1f48}: static Lorg/gradle/internal/build/event/types/DefaultTaskSkippedResult;.<clinit>()V> (0x00000000e84a1f48) 
thrown [s\src\hotspot\share\prims\jni.cpp, line 1107]
Event: 6.877 Thread 0x0000024a75b78bd0 Exception <a 'java/lang/NoSuchMethodError'{0x00000000efbd4e38}: 'void java.lang.invoke.DirectMethodHandle$Holder.invokeStatic(java.lang.Object, long)'> (0x00000000efbd4e38) 
thrown [s\src\hotspot\share\interpreter\linkResolver.cpp, line 759]
Event: 6.877 Thread 0x0000024a75b78bd0 Exception <a 'java/lang/NoSuchMethodError'{0x00000000efbda1e8}: 'java.lang.Object java.lang.invoke.DirectMethodHandle$Holder.newInvokeSpecial(java.lang.Object, long)'> (0x00000000efbda1e8) 
thrown [s\src\hotspot\share\interpreter\linkResolver.cpp, line 759]
Event: 6.878 Thread 0x0000024a75b78bd0 Exception <a 'java/lang/NoSuchMethodError'{0x00000000efbe1030}: 'java.lang.Object java.lang.invoke.DirectMethodHandle$Holder.invokeStatic(java.lang.Object, java.lang.Object, long, java.lang.Object)'> (0x00000000efbe1030) 
thrown [s\src\hotspot\share\interpreter\linkResolver.cpp, line 759]
Event: 6.879 Thread 0x0000024a75b78bd0 Exception <a 'java/lang/NoSuchMethodError'{0x00000000efbe4808}: 'java.lang.Object java.lang.invoke.DirectMethodHandle$Holder.invokeStaticInit(java.lang.Object, java.lang.Object, long, java.lang.Object)'> (0x00000000efbe4808) 
thrown [s\src\hotspot\share\interpreter\linkResolver.cpp, line 759]

VM Operations (20 events):
Event: 6.150 Executing VM operation: HandshakeAllThreads
Event: 6.150 Executing VM operation: HandshakeAllThreads done
Event: 6.157 Executing VM operation: HandshakeAllThreads
Event: 6.158 Executing VM operation: HandshakeAllThreads done
Event: 6.159 Executing VM operation: ICBufferFull
Event: 6.160 Executing VM operation: ICBufferFull done
Event: 6.314 Executing VM operation: ICBufferFull
Event: 6.314 Executing VM operation: ICBufferFull done
Event: 6.443 Executing VM operation: HandshakeAllThreads
Event: 6.443 Executing VM operation: HandshakeAllThreads done
Event: 6.444 Executing VM operation: HandshakeAllThreads
Event: 6.444 Executing VM operation: HandshakeAllThreads done
Event: 6.452 Executing VM operation: HandshakeAllThreads
Event: 6.452 Executing VM operation: HandshakeAllThreads done
Event: 6.553 Executing VM operation: HandshakeAllThreads
Event: 6.553 Executing VM operation: HandshakeAllThreads done
Event: 6.565 Executing VM operation: ICBufferFull
Event: 6.565 Executing VM operation: ICBufferFull done
Event: 6.706 Executing VM operation: G1CollectForAllocation
Event: 6.728 Executing VM operation: G1CollectForAllocation done

Events (20 events):
Event: 6.687 Thread 0x0000024a7835e4f0 Thread added: 0x0000024a7835e4f0
Event: 6.687 Thread 0x0000024a7835e9c0 Thread added: 0x0000024a7835e9c0
Event: 6.687 Thread 0x0000024a78359320 Thread added: 0x0000024a78359320
Event: 6.688 Thread 0x0000024a78358980 Thread added: 0x0000024a78358980
Event: 6.688 Thread 0x0000024a7835a190 Thread added: 0x0000024a7835a190
Event: 6.688 Thread 0x0000024a78359cc0 Thread added: 0x0000024a78359cc0
Event: 6.688 Thread 0x0000024a7835a660 Thread added: 0x0000024a7835a660
Event: 6.689 Thread 0x0000024a7835ab30 Thread added: 0x0000024a7835ab30
Event: 6.689 Thread 0x0000024a7835b4d0 Thread added: 0x0000024a7835b4d0
Event: 6.689 Thread 0x0000024a7835b9a0 Thread added: 0x0000024a7835b9a0
Event: 6.689 Thread 0x0000024a75b76ef0 Thread added: 0x0000024a75b76ef0
Event: 6.689 Thread 0x0000024a75b73a00 Thread added: 0x0000024a75b73a00
Event: 6.690 Thread 0x0000024a75b74870 Thread added: 0x0000024a75b74870
Event: 6.690 Thread 0x0000024a75b743a0 Thread added: 0x0000024a75b743a0
Event: 6.690 Thread 0x0000024a75b75210 Thread added: 0x0000024a75b75210
Event: 6.815 Thread 0x0000024a75b78bd0 Thread added: 0x0000024a75b78bd0
Event: 6.816 loading class java/lang/ProcessImpl
Event: 6.816 loading class java/lang/ProcessImpl done
Event: 6.878 loading class java/lang/ProcessHandleImpl
Event: 6.878 loading class java/lang/ProcessHandleImpl done


Dynamic libraries:
0x00007ff666cf0000 - 0x00007ff666cfd000 	C:\Users\allur\.jdks\corretto-17.0.6\bin\java.exe
0x00007ffc15930000 - 0x00007ffc15b44000 	C:\WINDOWS\SYSTEM32\ntdll.dll
0x00007ffc14290000 - 0x00007ffc14353000 	C:\WINDOWS\System32\KERNEL32.DLL
0x00007ffc12f00000 - 0x00007ffc1329c000 	C:\WINDOWS\System32\KERNELBASE.dll
0x0000000057490000 - 0x00000000577c1000 	C:\Program Files\Norton Security\NortonData\22.20.5.39\Definitions\IPSDefs\20230321.061\IPSEng64.dll
0x00007ffc13740000 - 0x00007ffc137ee000 	C:\WINDOWS\System32\ADVAPI32.dll
0x00007ffc14130000 - 0x00007ffc141d7000 	C:\WINDOWS\System32\msvcrt.dll
0x00007ffc13f50000 - 0x00007ffc13ff4000 	C:\WINDOWS\System32\sechost.dll
0x00007ffc14ba0000 - 0x00007ffc14cb5000 	C:\WINDOWS\System32\RPCRT4.dll
0x00007ffc14a90000 - 0x00007ffc14a98000 	C:\WINDOWS\System32\PSAPI.DLL
0x00007ffc12d70000 - 0x00007ffc12e81000 	C:\WINDOWS\System32\ucrtbase.dll
0x00007ffbf8440000 - 0x00007ffbf8457000 	C:\Users\allur\.jdks\corretto-17.0.6\bin\jli.dll
0x00007ffc06240000 - 0x00007ffc06255000 	C:\Users\allur\.jdks\corretto-17.0.6\bin\VCRUNTIME140.dll
0x00007ffc14cd0000 - 0x00007ffc14e7d000 	C:\WINDOWS\System32\USER32.dll
0x00007ffc13480000 - 0x00007ffc134a6000 	C:\WINDOWS\System32\win32u.dll
0x00007ffc158a0000 - 0x00007ffc158c9000 	C:\WINDOWS\System32\GDI32.dll
0x00007ffc13620000 - 0x00007ffc13733000 	C:\WINDOWS\System32\gdi32full.dll
0x00007ffc132a0000 - 0x00007ffc1333a000 	C:\WINDOWS\System32\msvcp_win.dll
0x00007ffbf6b70000 - 0x00007ffbf6dfe000 	C:\WINDOWS\WinSxS\amd64_microsoft.windows.common-controls_6595b64144ccf1df_6.0.22621.608_none_a9444ca7c10bb01d\COMCTL32.dll
0x00007ffc14930000 - 0x00007ffc14961000 	C:\WINDOWS\System32\IMM32.DLL
0x00007ffb7e280000 - 0x00007ffb7e31b000 	C:\Users\allur\.jdks\corretto-17.0.6\bin\msvcp140.dll
0x00007ffb44d50000 - 0x00007ffb45968000 	C:\Users\allur\.jdks\corretto-17.0.6\bin\server\jvm.dll
0x00007ffbf70d0000 - 0x00007ffbf70d9000 	C:\WINDOWS\SYSTEM32\WSOCK32.dll
0x00007ffc0a260000 - 0x00007ffc0a294000 	C:\WINDOWS\SYSTEM32\WINMM.dll
0x00007ffc07210000 - 0x00007ffc0721a000 	C:\WINDOWS\SYSTEM32\VERSION.dll
0x00007ffc13ec0000 - 0x00007ffc13f31000 	C:\WINDOWS\System32\WS2_32.dll
0x00007ffc11d80000 - 0x00007ffc11d98000 	C:\WINDOWS\SYSTEM32\kernel.appcore.dll
0x00007ffbf7f70000 - 0x00007ffbf7f7a000 	C:\Users\allur\.jdks\corretto-17.0.6\bin\jimage.dll
0x00007ffc10680000 - 0x00007ffc108ae000 	C:\WINDOWS\SYSTEM32\DBGHELP.DLL
0x00007ffc145a0000 - 0x00007ffc14929000 	C:\WINDOWS\System32\combase.dll
0x00007ffc144c0000 - 0x00007ffc14597000 	C:\WINDOWS\System32\OLEAUT32.dll
0x00007ffc07950000 - 0x00007ffc07982000 	C:\WINDOWS\SYSTEM32\dbgcore.DLL
0x00007ffc13400000 - 0x00007ffc1347b000 	C:\WINDOWS\System32\bcryptPrimitives.dll
0x00007ffbc2ce0000 - 0x00007ffbc2d05000 	C:\Users\allur\.jdks\corretto-17.0.6\bin\java.dll
0x00007ffb71a40000 - 0x00007ffb71b16000 	C:\Users\allur\.jdks\corretto-17.0.6\bin\jsvml.dll
0x00007ffc15020000 - 0x00007ffc15810000 	C:\WINDOWS\System32\SHELL32.dll
0x00007ffc10d30000 - 0x00007ffc115fe000 	C:\WINDOWS\SYSTEM32\windows.storage.dll
0x00007ffc10bf0000 - 0x00007ffc10d2e000 	C:\WINDOWS\SYSTEM32\wintypes.dll
0x00007ffc14aa0000 - 0x00007ffc14b91000 	C:\WINDOWS\System32\SHCORE.dll
0x00007ffc14360000 - 0x00007ffc143be000 	C:\WINDOWS\System32\shlwapi.dll
0x00007ffc12ca0000 - 0x00007ffc12cc1000 	C:\WINDOWS\SYSTEM32\profapi.dll
0x00007ffbf1ee0000 - 0x00007ffbf1ef9000 	C:\Users\allur\.jdks\corretto-17.0.6\bin\net.dll
0x00007ffc09000000 - 0x00007ffc0912f000 	C:\WINDOWS\SYSTEM32\WINHTTP.dll
0x00007ffc121f0000 - 0x00007ffc12259000 	C:\WINDOWS\system32\mswsock.dll
0x00007ffbf1590000 - 0x00007ffbf15a5000 	C:\Users\allur\.jdks\corretto-17.0.6\bin\nio.dll
0x00007ffbd77c0000 - 0x00007ffbd77d8000 	C:\Users\allur\.jdks\corretto-17.0.6\bin\zip.dll
0x00007ffbf5de0000 - 0x00007ffbf5df0000 	C:\Users\allur\.jdks\corretto-17.0.6\bin\verify.dll
0x00007ffc07d20000 - 0x00007ffc07d47000 	C:\Users\allur\.gradle\native\68d5fa5c4cc2d200863cafc0d521ce42e7d3e7ee720ec0a83991735586a16f82\windows-amd64\native-platform.dll
0x00007ffba5bb0000 - 0x00007ffba5cf4000 	C:\Users\allur\.gradle\native\e376f236ea51e6404a007f0833ffe2c6e607c4080706a723a18a27aeea778392\windows-amd64\native-platform-file-events.dll
0x00007ffbed3d0000 - 0x00007ffbed3d9000 	C:\Users\allur\.jdks\corretto-17.0.6\bin\management.dll
0x00007ffbeb8e0000 - 0x00007ffbeb8eb000 	C:\Users\allur\.jdks\corretto-17.0.6\bin\management_ext.dll
0x00007ffc12410000 - 0x00007ffc1242b000 	C:\WINDOWS\SYSTEM32\CRYPTSP.dll
0x00007ffc11cf0000 - 0x00007ffc11d25000 	C:\WINDOWS\system32\rsaenh.dll
0x00007ffc122b0000 - 0x00007ffc122d8000 	C:\WINDOWS\SYSTEM32\USERENV.dll
0x00007ffc12630000 - 0x00007ffc12658000 	C:\WINDOWS\SYSTEM32\bcrypt.dll
0x00007ffc12430000 - 0x00007ffc1243c000 	C:\WINDOWS\SYSTEM32\CRYPTBASE.dll
0x00007ffc11890000 - 0x00007ffc118bd000 	C:\WINDOWS\SYSTEM32\IPHLPAPI.DLL
0x00007ffc14cc0000 - 0x00007ffc14cc9000 	C:\WINDOWS\System32\NSI.dll
0x00007ffc08ef0000 - 0x00007ffc08f09000 	C:\WINDOWS\SYSTEM32\dhcpcsvc6.DLL
0x00007ffc08d40000 - 0x00007ffc08d5f000 	C:\WINDOWS\SYSTEM32\dhcpcsvc.DLL
0x00007ffc118c0000 - 0x00007ffc119b3000 	C:\WINDOWS\SYSTEM32\DNSAPI.dll
0x00007ffbe3d40000 - 0x00007ffbe3d4e000 	C:\Users\allur\.jdks\corretto-17.0.6\bin\sunmscapi.dll
0x00007ffc134b0000 - 0x00007ffc13616000 	C:\WINDOWS\System32\CRYPT32.dll
0x00007ffc12600000 - 0x00007ffc1262d000 	C:\WINDOWS\SYSTEM32\ncrypt.dll
0x00007ffc125c0000 - 0x00007ffc125f7000 	C:\WINDOWS\SYSTEM32\NTASN1.dll
0x00007ffc02180000 - 0x00007ffc02188000 	C:\WINDOWS\system32\wshunix.dll

dbghelp: loaded successfully - version: 4.0.5 - missing functions: none
symbol engine: initialized successfully - sym options: 0x614 - pdb path: .;C:\Users\allur\.jdks\corretto-17.0.6\bin;C:\WINDOWS\SYSTEM32;C:\Program Files\Norton Security\NortonData\22.20.5.39\Definitions\IPSDefs\20230321.061;C:\WINDOWS\WinSxS\amd64_microsoft.windows.common-controls_6595b64144ccf1df_6.0.22621.608_none_a9444ca7c10bb01d;C:\Users\allur\.jdks\corretto-17.0.6\bin\server;C:\Users\allur\.gradle\native\68d5fa5c4cc2d200863cafc0d521ce42e7d3e7ee720ec0a83991735586a16f82\windows-amd64;C:\Users\allur\.gradle\native\e376f236ea51e6404a007f0833ffe2c6e607c4080706a723a18a27aeea778392\windows-amd64

VM Arguments:
jvm_args: --add-opens=java.base/java.util=ALL-UNNAMED --add-opens=java.base/java.lang=ALL-UNNAMED --add-opens=java.base/java.lang.invoke=ALL-UNNAMED --add-opens=java.prefs/java.util.prefs=ALL-UNNAMED --add-opens=java.base/java.nio.charset=ALL-UNNAMED --add-opens=java.base/java.net=ALL-UNNAMED --add-opens=java.base/java.util.concurrent.atomic=ALL-UNNAMED -XX:MaxMetaspaceSize=256m -XX:+HeapDumpOnOutOfMemoryError -Xms256m -Xmx512m -Dfile.encoding=windows-1252 -Duser.country=GB -Duser.language=en -Duser.variant 
java_command: org.gradle.launcher.daemon.bootstrap.GradleDaemon 7.6.1
java_class_path (initial): C:\Users\allur\.gradle\wrapper\dists\gradle-7.6.1-bin\2clxi94ab3brv6467628wnxmd\gradle-7.6.1\lib\gradle-launcher-7.6.1.jar
Launcher Type: SUN_STANDARD

[Global flags]
     intx CICompilerCount                          = 4                                         {product} {ergonomic}
   size_t CompressedClassSpaceSize                 = 218103808                                 {product} {ergonomic}
     uint ConcGCThreads                            = 2                                         {product} {ergonomic}
     uint G1ConcRefinementThreads                  = 8                                         {product} {ergonomic}
   size_t G1HeapRegionSize                         = 1048576                                   {product} {ergonomic}
    uintx GCDrainStackTargetSize                   = 64                                        {product} {ergonomic}
     bool HeapDumpOnOutOfMemoryError               = true                                   {manageable} {command line}
   size_t InitialHeapSize                          = 268435456                                 {product} {command line}
   size_t MarkStackSize                            = 4194304                                   {product} {ergonomic}
   size_t MaxHeapSize                              = 536870912                                 {product} {command line}
   size_t MaxMetaspaceSize                         = 268435456                                 {product} {command line}
   size_t MaxNewSize                               = 321912832                                 {product} {ergonomic}
   size_t MinHeapDeltaBytes                        = 1048576                                   {product} {ergonomic}
   size_t MinHeapSize                              = 268435456                                 {product} {command line}
    uintx NonNMethodCodeHeapSize                   = 5839372                                {pd product} {ergonomic}
    uintx NonProfiledCodeHeapSize                  = 122909434                              {pd product} {ergonomic}
    uintx ProfiledCodeHeapSize                     = 122909434                              {pd product} {ergonomic}
    uintx ReservedCodeCacheSize                    = 251658240                              {pd product} {ergonomic}
     bool SegmentedCodeCache                       = true                                      {product} {ergonomic}
   size_t SoftMaxHeapSize                          = 536870912                              {manageable} {ergonomic}
     bool UseCompressedClassPointers               = true                           {product lp64_product} {ergonomic}
     bool UseCompressedOops                        = true                           {product lp64_product} {ergonomic}
     bool UseG1GC                                  = true                                      {product} {ergonomic}
     bool UseLargePagesIndividualAllocation        = false                                  {pd product} {ergonomic}

Logging:
Log output configuration:
 #0: stdout all=warning uptime,level,tags
 #1: stderr all=off uptime,level,tags

Environment Variables:
JAVA_HOME=C:\Program Files\Java\jdk-19
PATH=C:\Program Files\Common Files\Oracle\Java\javapath;C:\Program Files (x86)\Common Files\Oracle\Java\javapath;C:\Program Files (x86)\EasyPHP-DevServer-14.1VC11\binaries\php\php_runningversion;C:\WINDOWS\system32;C:\WINDOWS;C:\WINDOWS\System32\Wbem;C:\WINDOWS\System32\WindowsPowerShell\v1.0\;C:\WINDOWS\System32\OpenSSH\;C:\Program Files\Microchip\xc32\v4.00\bin;C:\Program Files\nodejs\;C:\Program Files\nodejs;C:\Program Files\Git\cmd;C:\Program Files\Java\jdk-19\bin;C:\Users\allur\oopp-team-11;C:\Users\allur\AppData\Local\Microsoft\WindowsApps;C:\Users\allur\AppData\Roaming\npm;C:\Users\allur\AppData\Local\Programs\Microsoft VS Code\bin;C:\Program Files\nodejs;C:\Users\allur\AppData\Local\Programs\mongosh\;%GRADLE_HOME%\bin;C:\Users\allur\AppData\Local\gitkraken\bin
USERNAME=allur
OS=Windows_NT
PROCESSOR_IDENTIFIER=Intel64 Family 6 Model 142 Stepping 12, GenuineIntel
TMP=C:\Users\allur\AppData\Local\Temp
TEMP=C:\Users\allur\AppData\Local\Temp



---------------  S Y S T E M  ---------------

OS:
 Windows 11 , 64 bit Build 22621 (10.0.22621.1344)
OS uptime: 4 days 20:43 hours
Hyper-V role detected

CPU: total 8 (initial active 8) (4 cores per cpu, 2 threads per core) family 6 model 142 stepping 12 microcode 0xde, cx8, cmov, fxsr, ht, mmx, 3dnowpref, sse, sse2, sse3, ssse3, sse4.1, sse4.2, popcnt, lzcnt, tsc, tscinvbit, avx, avx2, aes, erms, clmul, bmi1, bmi2, adx, fma, vzeroupper, clflush, clflushopt, hv

Memory: 4k page, system-wide physical 8011M (96M free)
TotalPageFile size 32587M (AvailPageFile size 3M)
current process WorkingSet (physical memory assigned to process): 395M, peak: 395M
current process commit charge ("private bytes"): 479M, peak: 479M

vm_info: OpenJDK 64-Bit Server VM (17.0.6+10-LTS) for windows-amd64 JRE (17.0.6+10-LTS), built on Jan 13 2023 22:57:04 by "Administrator" with MS VC++ 15.9 (VS2017)

END.
