#
# There is insufficient memory for the Java Runtime Environment to continue.
# Native memory allocation (malloc) failed to allocate 1585776 bytes for Chunk::new
# Possible reasons:
#   The system is out of physical RAM or swap space
#   The process is running with CompressedOops enabled, and the Java Heap may be blocking the growth of the native heap
# Possible solutions:
#   Reduce memory load on the system
#   Increase physical memory or swap space
#   Check if swap backing store is full
#   Decrease Java heap size (-Xmx/-Xms)
#   Decrease number of Java threads
#   Decrease Java thread stack sizes (-Xss)
#   Set larger code cache with -XX:ReservedCodeCacheSize=
#   JVM is running with Unscaled Compressed Oops mode in which the Java heap is
#     placed in the first 4GB address space. The Java Heap base address is the
#     maximum limit for the native heap growth. Please use -XX:HeapBaseMinAddress
#     to set the Java Heap base and to place the Java Heap above 4GB virtual address.
# This output file may be truncated or incomplete.
#
#  Out of Memory Error (arena.cpp:189), pid=24788, tid=30916
#
# JRE version: OpenJDK Runtime Environment Corretto-17.0.6.10.1 (17.0.6+10) (build 17.0.6+10-LTS)
# Java VM: OpenJDK 64-Bit Server VM Corretto-17.0.6.10.1 (17.0.6+10-LTS, mixed mode, sharing, tiered, compressed oops, compressed class ptrs, g1 gc, windows-amd64)
# No core dump will be written. Minidumps are not enabled by default on client versions of Windows
#

---------------  S U M M A R Y ------------

Command Line: --add-opens=java.base/java.util=ALL-UNNAMED --add-opens=java.base/java.lang=ALL-UNNAMED --add-opens=java.base/java.lang.invoke=ALL-UNNAMED --add-opens=java.prefs/java.util.prefs=ALL-UNNAMED --add-opens=java.base/java.nio.charset=ALL-UNNAMED --add-opens=java.base/java.net=ALL-UNNAMED --add-opens=java.base/java.util.concurrent.atomic=ALL-UNNAMED -XX:MaxMetaspaceSize=256m -XX:+HeapDumpOnOutOfMemoryError -Xms256m -Xmx512m -Dfile.encoding=windows-1252 -Duser.country=GB -Duser.language=en -Duser.variant org.gradle.launcher.daemon.bootstrap.GradleDaemon 7.6.1

Host: Intel(R) Core(TM) i5-10210U CPU @ 1.60GHz, 8 cores, 7G,  Windows 11 , 64 bit Build 22621 (10.0.22621.1344)
Time: Wed Mar 22 23:02:56 2023 GTB Standard Time elapsed time: 10.817477 seconds (0d 0h 0m 10s)

---------------  T H R E A D  ---------------

Current thread (0x000001693e4274b0):  JavaThread "C2 CompilerThread0" daemon [_thread_in_native, id=30916, stack(0x0000000663a00000,0x0000000663b00000)]


Current CompileTask:
C2:  10817 7277       4       java.net.URLClassLoader$1::run (5 bytes)

Stack: [0x0000000663a00000,0x0000000663b00000]
Native frames: (J=compiled Java code, j=interpreted, Vv=VM code, C=native code)
V  [jvm.dll+0x64b39a]
V  [jvm.dll+0x7ff044]
V  [jvm.dll+0x8007fe]
V  [jvm.dll+0x800e53]
V  [jvm.dll+0x235848]
V  [jvm.dll+0xbce6c]
V  [jvm.dll+0xbd44c]
V  [jvm.dll+0x34f252]
V  [jvm.dll+0x1b0512]
V  [jvm.dll+0x209d8f]
V  [jvm.dll+0x209237]
V  [jvm.dll+0x19926d]
V  [jvm.dll+0x2185dd]
V  [jvm.dll+0x216824]
V  [jvm.dll+0x7b77bb]
V  [jvm.dll+0x7b1d6a]
V  [jvm.dll+0x64a265]
C  [ucrtbase.dll+0x29363]
C  [KERNEL32.DLL+0x126bd]
C  [ntdll.dll+0x5a9f8]


---------------  P R O C E S S  ---------------

Threads class SMR info:
_java_thread_list=0x0000016942d930d0, length=139, elements={
0x0000016922e03830, 0x000001693d9853c0, 0x000001693d985f70, 0x000001693e4120b0,
0x000001693e412c60, 0x000001693e416d40, 0x000001693e417d10, 0x000001693e4274b0,
0x000001693e42c280, 0x000001693e434fa0, 0x000001693e566b20, 0x000001693e56d830,
0x000001693fa207f0, 0x000001693fa21190, 0x000001693fa20320, 0x000001693fa22000,
0x000001693fa1e640, 0x000001693fa1eb10, 0x000001693fa1efe0, 0x000001693fa1f4b0,
0x000001693fa1f980, 0x000001693fa1fe50, 0x000001693fa20cc0, 0x000001693fa21660,
0x000001693fa21b30, 0x0000016942054f10, 0x0000016942053bd0, 0x0000016942051ef0,
0x0000016942053700, 0x0000016942050210, 0x00000169420553e0, 0x00000169420540a0,
0x0000016942052d60, 0x0000016942056bf0, 0x00000169420558b0, 0x0000016942055d80,
0x0000016942056250, 0x0000016942054a40, 0x0000016942053230, 0x0000016942056720,
0x00000169420506e0, 0x00000169420570c0, 0x00000169420523c0, 0x0000016942050bb0,
0x000001694204fd40, 0x0000016942051080, 0x0000016942051a20, 0x0000016942052890,
0x0000016942d2da40, 0x0000016942d2aef0, 0x0000016942d296e0, 0x0000016942d2df10,
0x0000016942d27ed0, 0x0000016942d2e3e0, 0x0000016942d2e8b0, 0x0000016942d283a0,
0x0000016942d2aa20, 0x0000016942d2b890, 0x0000016942d27530, 0x0000016942d2b3c0,
0x0000016942d28870, 0x0000016942d2bd60, 0x0000016942d2c230, 0x0000016942d2c700,
0x0000016942d28d40, 0x0000016942d29bb0, 0x0000016942d2cbd0, 0x0000016942d2a550,
0x000001694490c820, 0x0000016944905e40, 0x0000016944908e60, 0x0000016944907ff0,
0x00000169449084c0, 0x000001694490d690, 0x000001694490b4e0, 0x000001694490a1a0,
0x000001694490a670, 0x0000016944907b20, 0x000001694490ab40, 0x0000016944908990,
0x0000016944906310, 0x0000016944909cd0, 0x00000169449067e0, 0x0000016944906cb0,
0x000001694490ccf0, 0x000001694490b010, 0x0000016944909800, 0x0000016944907180,
0x000001694490b9b0, 0x000001694490d1c0, 0x0000016944907650, 0x000001694490be80,
0x000001694490c350, 0x0000016943f92c00, 0x0000016943f930d0, 0x0000016943f8e3d0,
0x0000016943f8f710, 0x0000016943f94db0, 0x0000016943f90580, 0x0000016943f935a0,
0x0000016943f95280, 0x0000016943f92730, 0x0000016943f95c20, 0x0000016943f92260,
0x0000016943f91d90, 0x0000016943f93a70, 0x0000016943f93f40, 0x0000016943f8e8a0,
0x0000016943f90f20, 0x0000016943f94410, 0x0000016943f8ed70, 0x0000016943f8fbe0,
0x0000016943f913f0, 0x0000016943f8f240, 0x0000016943f900b0, 0x0000016943f90a50,
0x0000016943f948e0, 0x0000016943f918c0, 0x000001694624c550, 0x0000016946249060,
0x000001694624ca20, 0x000001694624b6e0, 0x000001694624c080, 0x000001694624f570,
0x000001694624cef0, 0x000001694624e230, 0x00000169462503e0, 0x00000169462508b0,
0x000001694624e700, 0x0000016946249a00, 0x000001694624fa40, 0x000001694624d3c0,
0x000001694624ebd0, 0x000001694624f0a0, 0x000001694624ff10, 0x0000016946249530,
0x000001694227e830, 0x000001694624d890, 0x0000016946249ed0
}

Java Threads: ( => current thread )
  0x0000016922e03830 JavaThread "main" [_thread_blocked, id=26208, stack(0x0000000662d00000,0x0000000662e00000)]
  0x000001693d9853c0 JavaThread "Reference Handler" daemon [_thread_blocked, id=17440, stack(0x0000000663400000,0x0000000663500000)]
  0x000001693d985f70 JavaThread "Finalizer" daemon [_thread_blocked, id=10356, stack(0x0000000663500000,0x0000000663600000)]
  0x000001693e4120b0 JavaThread "Signal Dispatcher" daemon [_thread_blocked, id=12388, stack(0x0000000663600000,0x0000000663700000)]
  0x000001693e412c60 JavaThread "Attach Listener" daemon [_thread_blocked, id=25208, stack(0x0000000663700000,0x0000000663800000)]
  0x000001693e416d40 JavaThread "Service Thread" daemon [_thread_blocked, id=35712, stack(0x0000000663800000,0x0000000663900000)]
  0x000001693e417d10 JavaThread "Monitor Deflation Thread" daemon [_thread_blocked, id=24432, stack(0x0000000663900000,0x0000000663a00000)]
=>0x000001693e4274b0 JavaThread "C2 CompilerThread0" daemon [_thread_in_native, id=30916, stack(0x0000000663a00000,0x0000000663b00000)]
  0x000001693e42c280 JavaThread "C1 CompilerThread0" daemon [_thread_blocked, id=21624, stack(0x0000000663b00000,0x0000000663c00000)]
  0x000001693e434fa0 JavaThread "Sweeper thread" daemon [_thread_blocked, id=32068, stack(0x0000000663c00000,0x0000000663d00000)]
  0x000001693e566b20 JavaThread "Common-Cleaner" daemon [_thread_blocked, id=33264, stack(0x0000000663d00000,0x0000000663e00000)]
  0x000001693e56d830 JavaThread "Notification Thread" daemon [_thread_blocked, id=32700, stack(0x0000000663e00000,0x0000000663f00000)]
  0x000001693fa207f0 JavaThread "Daemon health stats" [_thread_blocked, id=23948, stack(0x0000000664600000,0x0000000664700000)]
  0x000001693fa21190 JavaThread "Incoming local TCP Connector on port 53474" [_thread_in_native, id=33880, stack(0x0000000664000000,0x0000000664100000)]
  0x000001693fa20320 JavaThread "Daemon periodic checks" [_thread_blocked, id=15312, stack(0x0000000664700000,0x0000000664800000)]
  0x000001693fa22000 JavaThread "Daemon" [_thread_blocked, id=19736, stack(0x0000000664800000,0x0000000664900000)]
  0x000001693fa1e640 JavaThread "Handler for socket connection from /127.0.0.1:53474 to /127.0.0.1:53475" [_thread_in_native, id=31516, stack(0x0000000664900000,0x0000000664a00000)]
  0x000001693fa1eb10 JavaThread "Cancel handler" [_thread_blocked, id=15224, stack(0x0000000664a00000,0x0000000664b00000)]
  0x000001693fa1efe0 JavaThread "Daemon worker" [_thread_blocked, id=30164, stack(0x0000000664b00000,0x0000000664c00000)]
  0x000001693fa1f4b0 JavaThread "Asynchronous log dispatcher for DefaultDaemonConnection: socket connection from /127.0.0.1:53474 to /127.0.0.1:53475" [_thread_blocked, id=19688, stack(0x0000000664c00000,0x0000000664d00000)]
  0x000001693fa1f980 JavaThread "Stdin handler" [_thread_blocked, id=32096, stack(0x0000000664d00000,0x0000000664e00000)]
  0x000001693fa1fe50 JavaThread "Daemon client event forwarder" [_thread_blocked, id=33668, stack(0x0000000664e00000,0x0000000664f00000)]
  0x000001693fa20cc0 JavaThread "Cache worker for journal cache (C:\Users\allur\.gradle\caches\journal-1)" [_thread_blocked, id=24492, stack(0x0000000664f00000,0x0000000665000000)]
  0x000001693fa21660 JavaThread "File lock request listener" [_thread_in_native, id=28040, stack(0x0000000665000000,0x0000000665100000)]
  0x000001693fa21b30 JavaThread "Cache worker for file hash cache (C:\Users\allur\.gradle\caches\7.6.1\fileHashes)" [_thread_blocked, id=25064, stack(0x0000000665100000,0x0000000665200000)]
  0x0000016942054f10 JavaThread "File watcher server" daemon [_thread_in_native, id=35860, stack(0x0000000665200000,0x0000000665300000)]
  0x0000016942053bd0 JavaThread "File watcher consumer" daemon [_thread_blocked, id=14544, stack(0x0000000665300000,0x0000000665400000)]
  0x0000016942051ef0 JavaThread "Cache worker for checksums cache (C:\Users\allur\oopp-team-11\.gradle\7.6.1\checksums)" [_thread_blocked, id=3588, stack(0x0000000665400000,0x0000000665500000)]
  0x0000016942053700 JavaThread "Cache worker for cache directory md-rule (C:\Users\allur\.gradle\caches\7.6.1\md-rule)" [_thread_blocked, id=35100, stack(0x0000000665500000,0x0000000665600000)]
  0x0000016942050210 JavaThread "Cache worker for file content cache (C:\Users\allur\.gradle\caches\7.6.1\fileContent)" [_thread_blocked, id=36584, stack(0x0000000665600000,0x0000000665700000)]
  0x00000169420553e0 JavaThread "Cache worker for file hash cache (C:\Users\allur\oopp-team-11\.gradle\7.6.1\fileHashes)" [_thread_blocked, id=32364, stack(0x0000000665700000,0x0000000665800000)]
  0x00000169420540a0 JavaThread "Cache worker for cache directory md-supplier (C:\Users\allur\.gradle\caches\7.6.1\md-supplier)" [_thread_blocked, id=31512, stack(0x0000000665800000,0x0000000665900000)]
  0x0000016942052d60 JavaThread "Cache worker for execution history cache (C:\Users\allur\.gradle\caches\7.6.1\executionHistory)" [_thread_blocked, id=30504, stack(0x0000000665c00000,0x0000000665d00000)]
  0x0000016942056bf0 JavaThread "jar transforms" [_thread_blocked, id=23816, stack(0x0000000665e00000,0x0000000665f00000)]
  0x00000169420558b0 JavaThread "jar transforms Thread 2" [_thread_blocked, id=10936, stack(0x0000000665f00000,0x0000000666000000)]
  0x0000016942055d80 JavaThread "jar transforms Thread 3" [_thread_blocked, id=26584, stack(0x0000000666000000,0x0000000666100000)]
  0x0000016942056250 JavaThread "jar transforms Thread 4" [_thread_blocked, id=36432, stack(0x0000000666100000,0x0000000666200000)]
  0x0000016942054a40 JavaThread "jar transforms Thread 5" [_thread_blocked, id=34200, stack(0x0000000666200000,0x0000000666300000)]
  0x0000016942053230 JavaThread "jar transforms Thread 6" [_thread_blocked, id=28580, stack(0x0000000666300000,0x0000000666400000)]
  0x0000016942056720 JavaThread "jar transforms Thread 7" [_thread_blocked, id=33248, stack(0x0000000666400000,0x0000000666500000)]
  0x00000169420506e0 JavaThread "jar transforms Thread 8" [_thread_blocked, id=26184, stack(0x0000000666500000,0x0000000666600000)]
  0x00000169420570c0 JavaThread "Cache worker for dependencies-accessors (C:\Users\allur\oopp-team-11\.gradle\7.6.1\dependencies-accessors)" [_thread_blocked, id=32992, stack(0x0000000666600000,0x0000000666700000)]
  0x00000169420523c0 JavaThread "Cache worker for Build Output Cleanup Cache (C:\Users\allur\oopp-team-11\.gradle\buildOutputCleanup)" [_thread_blocked, id=35572, stack(0x0000000666700000,0x0000000666800000)]
  0x0000016942050bb0 JavaThread "Unconstrained build operations" [_thread_blocked, id=22504, stack(0x0000000666800000,0x0000000666900000)]
  0x000001694204fd40 JavaThread "Unconstrained build operations Thread 2" [_thread_blocked, id=16100, stack(0x0000000666900000,0x0000000666a00000)]
  0x0000016942051080 JavaThread "Unconstrained build operations Thread 3" [_thread_blocked, id=14276, stack(0x0000000666a00000,0x0000000666b00000)]
  0x0000016942051a20 JavaThread "Unconstrained build operations Thread 4" [_thread_blocked, id=11808, stack(0x0000000666b00000,0x0000000666c00000)]
  0x0000016942052890 JavaThread "Unconstrained build operations Thread 5" [_thread_blocked, id=29356, stack(0x0000000666c00000,0x0000000666d00000)]
  0x0000016942d2da40 JavaThread "Unconstrained build operations Thread 6" [_thread_blocked, id=36268, stack(0x0000000666d00000,0x0000000666e00000)]
  0x0000016942d2aef0 JavaThread "Unconstrained build operations Thread 7" [_thread_blocked, id=34540, stack(0x0000000666e00000,0x0000000666f00000)]
  0x0000016942d296e0 JavaThread "Unconstrained build operations Thread 8" [_thread_blocked, id=19808, stack(0x0000000666f00000,0x0000000667000000)]
  0x0000016942d2df10 JavaThread "Unconstrained build operations Thread 9" [_thread_blocked, id=34812, stack(0x0000000667000000,0x0000000667100000)]
  0x0000016942d27ed0 JavaThread "Unconstrained build operations Thread 10" [_thread_blocked, id=35116, stack(0x0000000667100000,0x0000000667200000)]
  0x0000016942d2e3e0 JavaThread "Unconstrained build operations Thread 11" [_thread_blocked, id=34248, stack(0x0000000667200000,0x0000000667300000)]
  0x0000016942d2e8b0 JavaThread "Unconstrained build operations Thread 12" [_thread_blocked, id=26540, stack(0x0000000667300000,0x0000000667400000)]
  0x0000016942d283a0 JavaThread "Memory manager" [_thread_blocked, id=30296, stack(0x0000000667400000,0x0000000667500000)]
  0x0000016942d2aa20 JavaThread "Unconstrained build operations Thread 13" [_thread_blocked, id=36264, stack(0x0000000667900000,0x0000000667a00000)]
  0x0000016942d2b890 JavaThread "Unconstrained build operations Thread 14" [_thread_blocked, id=8620, stack(0x0000000667a00000,0x0000000667b00000)]
  0x0000016942d27530 JavaThread "Unconstrained build operations Thread 15" [_thread_blocked, id=28572, stack(0x0000000667b00000,0x0000000667c00000)]
  0x0000016942d2b3c0 JavaThread "Unconstrained build operations Thread 16" [_thread_blocked, id=27752, stack(0x0000000667c00000,0x0000000667d00000)]
  0x0000016942d28870 JavaThread "Unconstrained build operations Thread 17" [_thread_blocked, id=26696, stack(0x0000000667d00000,0x0000000667e00000)]
  0x0000016942d2bd60 JavaThread "Unconstrained build operations Thread 18" [_thread_blocked, id=31736, stack(0x0000000667e00000,0x0000000667f00000)]
  0x0000016942d2c230 JavaThread "Unconstrained build operations Thread 19" [_thread_blocked, id=31132, stack(0x0000000667f00000,0x0000000668000000)]
  0x0000016942d2c700 JavaThread "Unconstrained build operations Thread 20" [_thread_blocked, id=28384, stack(0x0000000668000000,0x0000000668100000)]
  0x0000016942d28d40 JavaThread "Unconstrained build operations Thread 21" [_thread_blocked, id=25424, stack(0x0000000668100000,0x0000000668200000)]
  0x0000016942d29bb0 JavaThread "Unconstrained build operations Thread 22" [_thread_blocked, id=25988, stack(0x0000000668200000,0x0000000668300000)]
  0x0000016942d2cbd0 JavaThread "Unconstrained build operations Thread 23" [_thread_blocked, id=17564, stack(0x0000000668300000,0x0000000668400000)]
  0x0000016942d2a550 JavaThread "Unconstrained build operations Thread 24" [_thread_blocked, id=8816, stack(0x0000000668400000,0x0000000668500000)]
  0x000001694490c820 JavaThread "Unconstrained build operations Thread 25" [_thread_blocked, id=17952, stack(0x0000000668500000,0x0000000668600000)]
  0x0000016944905e40 JavaThread "Unconstrained build operations Thread 26" [_thread_blocked, id=29464, stack(0x0000000668600000,0x0000000668700000)]
  0x0000016944908e60 JavaThread "Unconstrained build operations Thread 27" [_thread_blocked, id=29424, stack(0x0000000668700000,0x0000000668800000)]
  0x0000016944907ff0 JavaThread "Unconstrained build operations Thread 28" [_thread_blocked, id=24232, stack(0x0000000668800000,0x0000000668900000)]
  0x00000169449084c0 JavaThread "Unconstrained build operations Thread 29" [_thread_blocked, id=4400, stack(0x0000000668900000,0x0000000668a00000)]
  0x000001694490d690 JavaThread "Unconstrained build operations Thread 30" [_thread_blocked, id=14100, stack(0x0000000668a00000,0x0000000668b00000)]
  0x000001694490b4e0 JavaThread "Unconstrained build operations Thread 31" [_thread_blocked, id=34912, stack(0x0000000668b00000,0x0000000668c00000)]
  0x000001694490a1a0 JavaThread "Unconstrained build operations Thread 32" [_thread_blocked, id=33544, stack(0x0000000668c00000,0x0000000668d00000)]
  0x000001694490a670 JavaThread "Unconstrained build operations Thread 33" [_thread_blocked, id=35284, stack(0x0000000668d00000,0x0000000668e00000)]
  0x0000016944907b20 JavaThread "Unconstrained build operations Thread 34" [_thread_blocked, id=35016, stack(0x0000000668e00000,0x0000000668f00000)]
  0x000001694490ab40 JavaThread "Unconstrained build operations Thread 35" [_thread_blocked, id=14236, stack(0x0000000668f00000,0x0000000669000000)]
  0x0000016944908990 JavaThread "Unconstrained build operations Thread 36" [_thread_blocked, id=32712, stack(0x0000000669000000,0x0000000669100000)]
  0x0000016944906310 JavaThread "Unconstrained build operations Thread 37" [_thread_blocked, id=18816, stack(0x0000000669100000,0x0000000669200000)]
  0x0000016944909cd0 JavaThread "Unconstrained build operations Thread 38" [_thread_blocked, id=23072, stack(0x0000000669200000,0x0000000669300000)]
  0x00000169449067e0 JavaThread "Unconstrained build operations Thread 39" [_thread_blocked, id=36460, stack(0x0000000669300000,0x0000000669400000)]
  0x0000016944906cb0 JavaThread "Unconstrained build operations Thread 40" [_thread_blocked, id=36312, stack(0x0000000669400000,0x0000000669500000)]
  0x000001694490ccf0 JavaThread "Unconstrained build operations Thread 41" [_thread_blocked, id=30988, stack(0x0000000669500000,0x0000000669600000)]
  0x000001694490b010 JavaThread "Unconstrained build operations Thread 42" [_thread_blocked, id=23608, stack(0x0000000669600000,0x0000000669700000)]
  0x0000016944909800 JavaThread "Unconstrained build operations Thread 43" [_thread_blocked, id=34908, stack(0x0000000669700000,0x0000000669800000)]
  0x0000016944907180 JavaThread "Unconstrained build operations Thread 44" [_thread_blocked, id=12928, stack(0x0000000669800000,0x0000000669900000)]
  0x000001694490b9b0 JavaThread "Unconstrained build operations Thread 45" [_thread_blocked, id=26412, stack(0x0000000669900000,0x0000000669a00000)]
  0x000001694490d1c0 JavaThread "Unconstrained build operations Thread 46" [_thread_blocked, id=31596, stack(0x0000000669a00000,0x0000000669b00000)]
  0x0000016944907650 JavaThread "Unconstrained build operations Thread 47" [_thread_blocked, id=28784, stack(0x0000000669b00000,0x0000000669c00000)]
  0x000001694490be80 JavaThread "included builds" [_thread_blocked, id=15004, stack(0x0000000669c00000,0x0000000669d00000)]
  0x000001694490c350 JavaThread "Execution worker" [_thread_blocked, id=20840, stack(0x0000000669d00000,0x0000000669e00000)]
  0x0000016943f92c00 JavaThread "Execution worker Thread 2" [_thread_blocked, id=22548, stack(0x0000000669e00000,0x0000000669f00000)]
  0x0000016943f930d0 JavaThread "Execution worker Thread 3" [_thread_blocked, id=35752, stack(0x0000000669f00000,0x000000066a000000)]
  0x0000016943f8e3d0 JavaThread "Execution worker Thread 4" [_thread_blocked, id=36456, stack(0x000000066a000000,0x000000066a100000)]
  0x0000016943f8f710 JavaThread "Execution worker Thread 5" [_thread_blocked, id=16012, stack(0x000000066a100000,0x000000066a200000)]
  0x0000016943f94db0 JavaThread "Execution worker Thread 6" [_thread_blocked, id=32444, stack(0x000000066a200000,0x000000066a300000)]
  0x0000016943f90580 JavaThread "Execution worker Thread 7" [_thread_blocked, id=30448, stack(0x000000066a300000,0x000000066a400000)]
  0x0000016943f935a0 JavaThread "Cache worker for execution history cache (C:\Users\allur\oopp-team-11\.gradle\7.6.1\executionHistory)" [_thread_blocked, id=34156, stack(0x000000066a400000,0x000000066a500000)]
  0x0000016943f95280 JavaThread "Unconstrained build operations Thread 48" [_thread_blocked, id=36444, stack(0x000000066a500000,0x000000066a600000)]
  0x0000016943f92730 JavaThread "Unconstrained build operations Thread 49" [_thread_blocked, id=27248, stack(0x000000066a600000,0x000000066a700000)]
  0x0000016943f95c20 JavaThread "Unconstrained build operations Thread 50" [_thread_blocked, id=16348, stack(0x000000066a700000,0x000000066a800000)]
  0x0000016943f92260 JavaThread "Unconstrained build operations Thread 51" [_thread_blocked, id=20700, stack(0x000000066a800000,0x000000066a900000)]
  0x0000016943f91d90 JavaThread "Unconstrained build operations Thread 52" [_thread_blocked, id=15636, stack(0x000000066a900000,0x000000066aa00000)]
  0x0000016943f93a70 JavaThread "Unconstrained build operations Thread 53" [_thread_blocked, id=3420, stack(0x000000066aa00000,0x000000066ab00000)]
  0x0000016943f93f40 JavaThread "Unconstrained build operations Thread 54" [_thread_blocked, id=32324, stack(0x000000066ab00000,0x000000066ac00000)]
  0x0000016943f8e8a0 JavaThread "Unconstrained build operations Thread 55" [_thread_blocked, id=36820, stack(0x000000066ac00000,0x000000066ad00000)]
  0x0000016943f90f20 JavaThread "Unconstrained build operations Thread 56" [_thread_blocked, id=24752, stack(0x000000066ad00000,0x000000066ae00000)]
  0x0000016943f94410 JavaThread "Unconstrained build operations Thread 57" [_thread_blocked, id=35208, stack(0x000000066ae00000,0x000000066af00000)]
  0x0000016943f8ed70 JavaThread "Unconstrained build operations Thread 58" [_thread_blocked, id=5612, stack(0x000000066af00000,0x000000066b000000)]
  0x0000016943f8fbe0 JavaThread "Unconstrained build operations Thread 59" [_thread_blocked, id=22836, stack(0x000000066b000000,0x000000066b100000)]
  0x0000016943f913f0 JavaThread "Unconstrained build operations Thread 60" [_thread_blocked, id=24988, stack(0x000000066b100000,0x000000066b200000)]
  0x0000016943f8f240 JavaThread "Unconstrained build operations Thread 61" [_thread_blocked, id=27932, stack(0x000000066b200000,0x000000066b300000)]
  0x0000016943f900b0 JavaThread "Unconstrained build operations Thread 62" [_thread_blocked, id=27196, stack(0x000000066b300000,0x000000066b400000)]
  0x0000016943f90a50 JavaThread "Unconstrained build operations Thread 63" [_thread_blocked, id=34900, stack(0x000000066b400000,0x000000066b500000)]
  0x0000016943f948e0 JavaThread "Unconstrained build operations Thread 64" [_thread_blocked, id=12732, stack(0x000000066b500000,0x000000066b600000)]
  0x0000016943f918c0 JavaThread "Unconstrained build operations Thread 65" [_thread_blocked, id=35828, stack(0x000000066b600000,0x000000066b700000)]
  0x000001694624c550 JavaThread "Unconstrained build operations Thread 66" [_thread_blocked, id=304, stack(0x000000066b700000,0x000000066b800000)]
  0x0000016946249060 JavaThread "Unconstrained build operations Thread 67" [_thread_blocked, id=18944, stack(0x000000066b800000,0x000000066b900000)]
  0x000001694624ca20 JavaThread "Unconstrained build operations Thread 68" [_thread_blocked, id=5520, stack(0x000000066b900000,0x000000066ba00000)]
  0x000001694624b6e0 JavaThread "Unconstrained build operations Thread 69" [_thread_blocked, id=27120, stack(0x000000066ba00000,0x000000066bb00000)]
  0x000001694624c080 JavaThread "Unconstrained build operations Thread 70" [_thread_blocked, id=33736, stack(0x000000066bb00000,0x000000066bc00000)]
  0x000001694624f570 JavaThread "Unconstrained build operations Thread 71" [_thread_blocked, id=12988, stack(0x000000066bc00000,0x000000066bd00000)]
  0x000001694624cef0 JavaThread "Unconstrained build operations Thread 72" [_thread_blocked, id=11104, stack(0x000000066bd00000,0x000000066be00000)]
  0x000001694624e230 JavaThread "Unconstrained build operations Thread 73" [_thread_blocked, id=16932, stack(0x000000066be00000,0x000000066bf00000)]
  0x00000169462503e0 JavaThread "Unconstrained build operations Thread 74" [_thread_blocked, id=33128, stack(0x000000066bf00000,0x000000066c000000)]
  0x00000169462508b0 JavaThread "Unconstrained build operations Thread 75" [_thread_blocked, id=23276, stack(0x000000066c000000,0x000000066c100000)]
  0x000001694624e700 JavaThread "Unconstrained build operations Thread 76" [_thread_blocked, id=30104, stack(0x000000066c100000,0x000000066c200000)]
  0x0000016946249a00 JavaThread "Unconstrained build operations Thread 77" [_thread_blocked, id=10224, stack(0x000000066c200000,0x000000066c300000)]
  0x000001694624fa40 JavaThread "Unconstrained build operations Thread 78" [_thread_blocked, id=31112, stack(0x000000066c300000,0x000000066c400000)]
  0x000001694624d3c0 JavaThread "Unconstrained build operations Thread 79" [_thread_blocked, id=32212, stack(0x000000066c400000,0x000000066c500000)]
  0x000001694624ebd0 JavaThread "Unconstrained build operations Thread 80" [_thread_blocked, id=12932, stack(0x000000066c500000,0x000000066c600000)]
  0x000001694624f0a0 JavaThread "Exec process" [_thread_in_native, id=16648, stack(0x000000066c600000,0x000000066c700000)]
  0x000001694624ff10 JavaThread "Exec process Thread 2" [_thread_blocked, id=27632, stack(0x000000066c700000,0x000000066c800000)]
  0x0000016946249530 JavaThread "Exec process Thread 3" [_thread_in_native, id=33556, stack(0x000000066c800000,0x000000066c900000)]
  0x000001694227e830 JavaThread "C2 CompilerThread1" daemon [_thread_in_native, id=29100, stack(0x0000000665d00000,0x0000000665e00000)]
  0x000001694624d890 JavaThread "DisconnectableInputStream source reader" daemon [_thread_blocked, id=29164, stack(0x000000066c900000,0x000000066ca00000)]
  0x0000016946249ed0 JavaThread "Exec process Thread 4" [_thread_in_native, id=34440, stack(0x000000066ca00000,0x000000066cb00000)]

Other Threads:
  0x000001693d982930 VMThread "VM Thread" [stack: 0x0000000663300000,0x0000000663400000] [id=15088]
  0x0000016922e3dfe0 WatcherThread [stack: 0x0000000663f00000,0x0000000664000000] [id=20128]
  0x0000016922e30ee0 GCTaskThread "GC Thread#0" [stack: 0x0000000662e00000,0x0000000662f00000] [id=20084]
  0x000001693eadfaa0 GCTaskThread "GC Thread#1" [stack: 0x0000000664100000,0x0000000664200000] [id=32428]
  0x000001693f0f9590 GCTaskThread "GC Thread#2" [stack: 0x0000000664200000,0x0000000664300000] [id=13800]
  0x000001693f0f9840 GCTaskThread "GC Thread#3" [stack: 0x0000000664300000,0x0000000664400000] [id=18752]
  0x000001693e798280 GCTaskThread "GC Thread#4" [stack: 0x0000000664400000,0x0000000664500000] [id=34696]
  0x000001693e798530 GCTaskThread "GC Thread#5" [stack: 0x0000000664500000,0x0000000664600000] [id=24868]
  0x000001694206ea40 GCTaskThread "GC Thread#6" [stack: 0x0000000665900000,0x0000000665a00000] [id=35648]
  0x000001694206f250 GCTaskThread "GC Thread#7" [stack: 0x0000000665a00000,0x0000000665b00000] [id=20196]
  0x0000016922e35e20 ConcurrentGCThread "G1 Main Marker" [stack: 0x0000000662f00000,0x0000000663000000] [id=9332]
  0x0000016922e36ae0 ConcurrentGCThread "G1 Conc#0" [stack: 0x0000000663000000,0x0000000663100000] [id=34924]
  0x000001694206df80 ConcurrentGCThread "G1 Conc#1" [stack: 0x0000000665b00000,0x0000000665c00000] [id=30752]
  0x000001693d83ea60 ConcurrentGCThread "G1 Refine#0" [stack: 0x0000000663100000,0x0000000663200000] [id=26672]
  0x00000169462f9be0 ConcurrentGCThread "G1 Refine#1" [stack: 0x0000000667500000,0x0000000667600000] [id=26252]
  0x00000169462f9ec0 ConcurrentGCThread "G1 Refine#2" [stack: 0x0000000667600000,0x0000000667700000] [id=31964]
  0x00000169462fa760 ConcurrentGCThread "G1 Refine#3" [stack: 0x0000000667700000,0x0000000667800000] [id=36328]
  0x00000169462f9340 ConcurrentGCThread "G1 Refine#4" [stack: 0x0000000667800000,0x0000000667900000] [id=30636]
  0x000001693d83f480 ConcurrentGCThread "G1 Service" [stack: 0x0000000663200000,0x0000000663300000] [id=35976]

Threads with active compile tasks:
C2 CompilerThread0    10871 7277       4       java.net.URLClassLoader$1::run (5 bytes)
C2 CompilerThread1    10871 7278   !   4       java.net.URLClassLoader$1::run (81 bytes)

VM state: not at safepoint (normal execution)

VM Mutex/Monitor currently owned by a thread: None

Heap address: 0x00000000e0000000, size: 512 MB, Compressed Oops mode: 32-bit

CDS archive(s) mapped at: [0x0000000800000000-0x0000000800bc0000-0x0000000800bc0000), size 12320768, SharedBaseAddress: 0x0000000800000000, ArchiveRelocationMode: 0.
Compressed class space mapped at: 0x0000000800c00000-0x000000080dc00000, reserved size: 218103808
Narrow klass base: 0x0000000800000000, Narrow klass shift: 0, Narrow klass range: 0x100000000

GC Precious Log:
 CPUs: 8 total, 8 available
 Memory: 8011M
 Large Page Support: Disabled
 NUMA Support: Disabled
 Compressed Oops: Enabled (32-bit)
 Heap Region Size: 1M
 Heap Min Capacity: 256M
 Heap Initial Capacity: 256M
 Heap Max Capacity: 512M
 Pre-touch: Disabled
 Parallel Workers: 8
 Concurrent Workers: 2
 Concurrent Refinement Workers: 8
 Periodic GC: Disabled

Heap:
 garbage-first heap   total 262144K, used 66630K [0x00000000e0000000, 0x0000000100000000)
  region size 1024K, 24 young (24576K), 15 survivors (15360K)
 Metaspace       used 54006K, committed 54656K, reserved 262144K
  class space    used 7713K, committed 8000K, reserved 212992K

Heap Regions: E=young(eden), S=young(survivor), O=old, HS=humongous(starts), HC=humongous(continues), CS=collection set, F=free, OA=open archive, CA=closed archive, TAMS=top-at-mark-start (previous, next)
|   0|0x00000000e0000000, 0x00000000e0100000, 0x00000000e0100000|100%|HS|  |TAMS 0x00000000e0100000, 0x00000000e0000000| Complete 
|   1|0x00000000e0100000, 0x00000000e0200000, 0x00000000e0200000|100%|HC|  |TAMS 0x00000000e0200000, 0x00000000e0100000| Complete 
|   2|0x00000000e0200000, 0x00000000e0300000, 0x00000000e0300000|100%|HC|  |TAMS 0x00000000e0300000, 0x00000000e0200000| Complete 
|   3|0x00000000e0300000, 0x00000000e0400000, 0x00000000e0400000|100%| O|  |TAMS 0x00000000e0400000, 0x00000000e0300000| Untracked 
|   4|0x00000000e0400000, 0x00000000e0500000, 0x00000000e0500000|100%| O|  |TAMS 0x00000000e0500000, 0x00000000e0400000| Untracked 
|   5|0x00000000e0500000, 0x00000000e0600000, 0x00000000e0600000|100%| O|  |TAMS 0x00000000e0600000, 0x00000000e0500000| Untracked 
|   6|0x00000000e0600000, 0x00000000e0700000, 0x00000000e0700000|100%| O|  |TAMS 0x00000000e0700000, 0x00000000e0600000| Untracked 
|   7|0x00000000e0700000, 0x00000000e0800000, 0x00000000e0800000|100%| O|  |TAMS 0x00000000e0700000, 0x00000000e0700000| Untracked 
|   8|0x00000000e0800000, 0x00000000e0900000, 0x00000000e0900000|100%| O|  |TAMS 0x00000000e0900000, 0x00000000e0800000| Untracked 
|   9|0x00000000e0900000, 0x00000000e0a00000, 0x00000000e0a00000|100%| O|  |TAMS 0x00000000e09f2200, 0x00000000e0900000| Untracked 
|  10|0x00000000e0a00000, 0x00000000e0b00000, 0x00000000e0b00000|100%| O|  |TAMS 0x00000000e0a00000, 0x00000000e0a00000| Untracked 
|  11|0x00000000e0b00000, 0x00000000e0c00000, 0x00000000e0c00000|100%| O|  |TAMS 0x00000000e0b00000, 0x00000000e0b00000| Untracked 
|  12|0x00000000e0c00000, 0x00000000e0d00000, 0x00000000e0d00000|100%| O|  |TAMS 0x00000000e0c00000, 0x00000000e0c00000| Untracked 
|  13|0x00000000e0d00000, 0x00000000e0e00000, 0x00000000e0e00000|100%| O|  |TAMS 0x00000000e0d00000, 0x00000000e0d00000| Untracked 
|  14|0x00000000e0e00000, 0x00000000e0f00000, 0x00000000e0f00000|100%| O|  |TAMS 0x00000000e0e00000, 0x00000000e0e00000| Untracked 
|  15|0x00000000e0f00000, 0x00000000e1000000, 0x00000000e1000000|100%| O|  |TAMS 0x00000000e0f00000, 0x00000000e0f00000| Untracked 
|  16|0x00000000e1000000, 0x00000000e1100000, 0x00000000e1100000|100%| O|  |TAMS 0x00000000e1000000, 0x00000000e1000000| Untracked 
|  17|0x00000000e1100000, 0x00000000e1200000, 0x00000000e1200000|100%| O|  |TAMS 0x00000000e1100000, 0x00000000e1100000| Untracked 
|  18|0x00000000e1200000, 0x00000000e1300000, 0x00000000e1300000|100%| O|  |TAMS 0x00000000e1200000, 0x00000000e1200000| Untracked 
|  19|0x00000000e1300000, 0x00000000e1400000, 0x00000000e1400000|100%| O|  |TAMS 0x00000000e1300000, 0x00000000e1300000| Untracked 
|  20|0x00000000e1400000, 0x00000000e1500000, 0x00000000e1500000|100%| O|  |TAMS 0x00000000e1400000, 0x00000000e1400000| Untracked 
|  21|0x00000000e1500000, 0x00000000e1600000, 0x00000000e1600000|100%| O|  |TAMS 0x00000000e1500000, 0x00000000e1500000| Untracked 
|  22|0x00000000e1600000, 0x00000000e1700000, 0x00000000e1700000|100%| O|  |TAMS 0x00000000e1600000, 0x00000000e1600000| Untracked 
|  23|0x00000000e1700000, 0x00000000e1800000, 0x00000000e1800000|100%| O|  |TAMS 0x00000000e1700000, 0x00000000e1700000| Untracked 
|  24|0x00000000e1800000, 0x00000000e1900000, 0x00000000e1900000|100%| O|  |TAMS 0x00000000e1800000, 0x00000000e1800000| Untracked 
|  25|0x00000000e1900000, 0x00000000e1a00000, 0x00000000e1a00000|100%| O|  |TAMS 0x00000000e1900000, 0x00000000e1900000| Untracked 
|  26|0x00000000e1a00000, 0x00000000e1b00000, 0x00000000e1b00000|100%| O|  |TAMS 0x00000000e1a00000, 0x00000000e1a00000| Untracked 
|  27|0x00000000e1b00000, 0x00000000e1c00000, 0x00000000e1c00000|100%| O|  |TAMS 0x00000000e1b00000, 0x00000000e1b00000| Untracked 
|  28|0x00000000e1c00000, 0x00000000e1d00000, 0x00000000e1d00000|100%| O|  |TAMS 0x00000000e1c00000, 0x00000000e1c00000| Untracked 
|  29|0x00000000e1d00000, 0x00000000e1e00000, 0x00000000e1e00000|100%| O|  |TAMS 0x00000000e1d00000, 0x00000000e1d00000| Untracked 
|  30|0x00000000e1e00000, 0x00000000e1f00000, 0x00000000e1f00000|100%| O|  |TAMS 0x00000000e1e00000, 0x00000000e1e00000| Untracked 
|  31|0x00000000e1f00000, 0x00000000e2000000, 0x00000000e2000000|100%| O|  |TAMS 0x00000000e1f00000, 0x00000000e1f00000| Untracked 
|  32|0x00000000e2000000, 0x00000000e2100000, 0x00000000e2100000|100%| O|  |TAMS 0x00000000e2000000, 0x00000000e2000000| Untracked 
|  33|0x00000000e2100000, 0x00000000e2200000, 0x00000000e2200000|100%| O|  |TAMS 0x00000000e2100000, 0x00000000e2100000| Untracked 
|  34|0x00000000e2200000, 0x00000000e2300000, 0x00000000e2300000|100%| O|  |TAMS 0x00000000e2200000, 0x00000000e2200000| Untracked 
|  35|0x00000000e2300000, 0x00000000e2400000, 0x00000000e2400000|100%| O|  |TAMS 0x00000000e2300000, 0x00000000e2300000| Untracked 
|  36|0x00000000e2400000, 0x00000000e2500000, 0x00000000e2500000|100%| O|  |TAMS 0x00000000e2400000, 0x00000000e2400000| Untracked 
|  37|0x00000000e2500000, 0x00000000e2600000, 0x00000000e2600000|100%| O|  |TAMS 0x00000000e2500000, 0x00000000e2500000| Untracked 
|  38|0x00000000e2600000, 0x00000000e2700000, 0x00000000e2700000|100%| O|  |TAMS 0x00000000e2600000, 0x00000000e2600000| Untracked 
|  39|0x00000000e2700000, 0x00000000e2800000, 0x00000000e2800000|100%| O|  |TAMS 0x00000000e2700000, 0x00000000e2700000| Untracked 
|  40|0x00000000e2800000, 0x00000000e2900000, 0x00000000e2900000|100%| O|  |TAMS 0x00000000e2800000, 0x00000000e2800000| Untracked 
|  41|0x00000000e2900000, 0x00000000e2a00000, 0x00000000e2a00000|100%| O|  |TAMS 0x00000000e2900000, 0x00000000e2900000| Untracked 
|  42|0x00000000e2a00000, 0x00000000e2a2a800, 0x00000000e2b00000| 16%| O|  |TAMS 0x00000000e2a00000, 0x00000000e2a00000| Untracked 
|  43|0x00000000e2b00000, 0x00000000e2b00000, 0x00000000e2c00000|  0%| F|  |TAMS 0x00000000e2b00000, 0x00000000e2b00000| Untracked 
|  44|0x00000000e2c00000, 0x00000000e2c00000, 0x00000000e2d00000|  0%| F|  |TAMS 0x00000000e2c00000, 0x00000000e2c00000| Untracked 
|  45|0x00000000e2d00000, 0x00000000e2d00000, 0x00000000e2e00000|  0%| F|  |TAMS 0x00000000e2d00000, 0x00000000e2d00000| Untracked 
|  46|0x00000000e2e00000, 0x00000000e2e00000, 0x00000000e2f00000|  0%| F|  |TAMS 0x00000000e2e00000, 0x00000000e2e00000| Untracked 
|  47|0x00000000e2f00000, 0x00000000e2f00000, 0x00000000e3000000|  0%| F|  |TAMS 0x00000000e2f00000, 0x00000000e2f00000| Untracked 
|  48|0x00000000e3000000, 0x00000000e3000000, 0x00000000e3100000|  0%| F|  |TAMS 0x00000000e3000000, 0x00000000e3000000| Untracked 
|  49|0x00000000e3100000, 0x00000000e3100000, 0x00000000e3200000|  0%| F|  |TAMS 0x00000000e3100000, 0x00000000e3100000| Untracked 
|  50|0x00000000e3200000, 0x00000000e3200000, 0x00000000e3300000|  0%| F|  |TAMS 0x00000000e3200000, 0x00000000e3200000| Untracked 
|  51|0x00000000e3300000, 0x00000000e3300000, 0x00000000e3400000|  0%| F|  |TAMS 0x00000000e3300000, 0x00000000e3300000| Untracked 
|  52|0x00000000e3400000, 0x00000000e3400000, 0x00000000e3500000|  0%| F|  |TAMS 0x00000000e3400000, 0x00000000e3400000| Untracked 
|  53|0x00000000e3500000, 0x00000000e3500000, 0x00000000e3600000|  0%| F|  |TAMS 0x00000000e3500000, 0x00000000e3500000| Untracked 
|  54|0x00000000e3600000, 0x00000000e3600000, 0x00000000e3700000|  0%| F|  |TAMS 0x00000000e3600000, 0x00000000e3600000| Untracked 
|  55|0x00000000e3700000, 0x00000000e3700000, 0x00000000e3800000|  0%| F|  |TAMS 0x00000000e3700000, 0x00000000e3700000| Untracked 
|  56|0x00000000e3800000, 0x00000000e3800000, 0x00000000e3900000|  0%| F|  |TAMS 0x00000000e3800000, 0x00000000e3800000| Untracked 
|  57|0x00000000e3900000, 0x00000000e3900000, 0x00000000e3a00000|  0%| F|  |TAMS 0x00000000e3900000, 0x00000000e3900000| Untracked 
|  58|0x00000000e3a00000, 0x00000000e3a00000, 0x00000000e3b00000|  0%| F|  |TAMS 0x00000000e3a00000, 0x00000000e3a00000| Untracked 
|  59|0x00000000e3b00000, 0x00000000e3b00000, 0x00000000e3c00000|  0%| F|  |TAMS 0x00000000e3b00000, 0x00000000e3b00000| Untracked 
|  60|0x00000000e3c00000, 0x00000000e3c00000, 0x00000000e3d00000|  0%| F|  |TAMS 0x00000000e3c00000, 0x00000000e3c00000| Untracked 
|  61|0x00000000e3d00000, 0x00000000e3d00000, 0x00000000e3e00000|  0%| F|  |TAMS 0x00000000e3d00000, 0x00000000e3d00000| Untracked 
|  62|0x00000000e3e00000, 0x00000000e3e00000, 0x00000000e3f00000|  0%| F|  |TAMS 0x00000000e3e00000, 0x00000000e3e00000| Untracked 
|  63|0x00000000e3f00000, 0x00000000e3f00000, 0x00000000e4000000|  0%| F|  |TAMS 0x00000000e3f00000, 0x00000000e3f00000| Untracked 
|  64|0x00000000e4000000, 0x00000000e4000000, 0x00000000e4100000|  0%| F|  |TAMS 0x00000000e4000000, 0x00000000e4000000| Untracked 
|  65|0x00000000e4100000, 0x00000000e4100000, 0x00000000e4200000|  0%| F|  |TAMS 0x00000000e4100000, 0x00000000e4100000| Untracked 
|  66|0x00000000e4200000, 0x00000000e4200000, 0x00000000e4300000|  0%| F|  |TAMS 0x00000000e4200000, 0x00000000e4200000| Untracked 
|  67|0x00000000e4300000, 0x00000000e4300000, 0x00000000e4400000|  0%| F|  |TAMS 0x00000000e4300000, 0x00000000e4300000| Untracked 
|  68|0x00000000e4400000, 0x00000000e4400000, 0x00000000e4500000|  0%| F|  |TAMS 0x00000000e4400000, 0x00000000e4400000| Untracked 
|  69|0x00000000e4500000, 0x00000000e4500000, 0x00000000e4600000|  0%| F|  |TAMS 0x00000000e4500000, 0x00000000e4500000| Untracked 
|  70|0x00000000e4600000, 0x00000000e4600000, 0x00000000e4700000|  0%| F|  |TAMS 0x00000000e4600000, 0x00000000e4600000| Untracked 
|  71|0x00000000e4700000, 0x00000000e4700000, 0x00000000e4800000|  0%| F|  |TAMS 0x00000000e4700000, 0x00000000e4700000| Untracked 
|  72|0x00000000e4800000, 0x00000000e4800000, 0x00000000e4900000|  0%| F|  |TAMS 0x00000000e4800000, 0x00000000e4800000| Untracked 
|  73|0x00000000e4900000, 0x00000000e4900000, 0x00000000e4a00000|  0%| F|  |TAMS 0x00000000e4900000, 0x00000000e4900000| Untracked 
|  74|0x00000000e4a00000, 0x00000000e4a00000, 0x00000000e4b00000|  0%| F|  |TAMS 0x00000000e4a00000, 0x00000000e4a00000| Untracked 
|  75|0x00000000e4b00000, 0x00000000e4b00000, 0x00000000e4c00000|  0%| F|  |TAMS 0x00000000e4b00000, 0x00000000e4b00000| Untracked 
|  76|0x00000000e4c00000, 0x00000000e4c00000, 0x00000000e4d00000|  0%| F|  |TAMS 0x00000000e4c00000, 0x00000000e4c00000| Untracked 
|  77|0x00000000e4d00000, 0x00000000e4d00000, 0x00000000e4e00000|  0%| F|  |TAMS 0x00000000e4d00000, 0x00000000e4d00000| Untracked 
|  78|0x00000000e4e00000, 0x00000000e4e00000, 0x00000000e4f00000|  0%| F|  |TAMS 0x00000000e4e00000, 0x00000000e4e00000| Untracked 
|  79|0x00000000e4f00000, 0x00000000e4f00000, 0x00000000e5000000|  0%| F|  |TAMS 0x00000000e4f00000, 0x00000000e4f00000| Untracked 
|  80|0x00000000e5000000, 0x00000000e5000000, 0x00000000e5100000|  0%| F|  |TAMS 0x00000000e5000000, 0x00000000e5000000| Untracked 
|  81|0x00000000e5100000, 0x00000000e5100000, 0x00000000e5200000|  0%| F|  |TAMS 0x00000000e5100000, 0x00000000e5100000| Untracked 
|  82|0x00000000e5200000, 0x00000000e5200000, 0x00000000e5300000|  0%| F|  |TAMS 0x00000000e5200000, 0x00000000e5200000| Untracked 
|  83|0x00000000e5300000, 0x00000000e5300000, 0x00000000e5400000|  0%| F|  |TAMS 0x00000000e5300000, 0x00000000e5300000| Untracked 
|  84|0x00000000e5400000, 0x00000000e5400000, 0x00000000e5500000|  0%| F|  |TAMS 0x00000000e5400000, 0x00000000e5400000| Untracked 
|  85|0x00000000e5500000, 0x00000000e5500000, 0x00000000e5600000|  0%| F|  |TAMS 0x00000000e5500000, 0x00000000e5500000| Untracked 
|  86|0x00000000e5600000, 0x00000000e5600000, 0x00000000e5700000|  0%| F|  |TAMS 0x00000000e5600000, 0x00000000e5600000| Untracked 
|  87|0x00000000e5700000, 0x00000000e5700000, 0x00000000e5800000|  0%| F|  |TAMS 0x00000000e5700000, 0x00000000e5700000| Untracked 
|  88|0x00000000e5800000, 0x00000000e5800000, 0x00000000e5900000|  0%| F|  |TAMS 0x00000000e5800000, 0x00000000e5800000| Untracked 
|  89|0x00000000e5900000, 0x00000000e5900000, 0x00000000e5a00000|  0%| F|  |TAMS 0x00000000e5900000, 0x00000000e5900000| Untracked 
|  90|0x00000000e5a00000, 0x00000000e5a00000, 0x00000000e5b00000|  0%| F|  |TAMS 0x00000000e5a00000, 0x00000000e5a00000| Untracked 
|  91|0x00000000e5b00000, 0x00000000e5b00000, 0x00000000e5c00000|  0%| F|  |TAMS 0x00000000e5b00000, 0x00000000e5b00000| Untracked 
|  92|0x00000000e5c00000, 0x00000000e5c00000, 0x00000000e5d00000|  0%| F|  |TAMS 0x00000000e5c00000, 0x00000000e5c00000| Untracked 
|  93|0x00000000e5d00000, 0x00000000e5d00000, 0x00000000e5e00000|  0%| F|  |TAMS 0x00000000e5d00000, 0x00000000e5d00000| Untracked 
|  94|0x00000000e5e00000, 0x00000000e5e00000, 0x00000000e5f00000|  0%| F|  |TAMS 0x00000000e5e00000, 0x00000000e5e00000| Untracked 
|  95|0x00000000e5f00000, 0x00000000e5f00000, 0x00000000e6000000|  0%| F|  |TAMS 0x00000000e5f00000, 0x00000000e5f00000| Untracked 
|  96|0x00000000e6000000, 0x00000000e6000000, 0x00000000e6100000|  0%| F|  |TAMS 0x00000000e6000000, 0x00000000e6000000| Untracked 
|  97|0x00000000e6100000, 0x00000000e6100000, 0x00000000e6200000|  0%| F|  |TAMS 0x00000000e6100000, 0x00000000e6100000| Untracked 
|  98|0x00000000e6200000, 0x00000000e6200000, 0x00000000e6300000|  0%| F|  |TAMS 0x00000000e6200000, 0x00000000e6200000| Untracked 
|  99|0x00000000e6300000, 0x00000000e6300000, 0x00000000e6400000|  0%| F|  |TAMS 0x00000000e6300000, 0x00000000e6300000| Untracked 
| 100|0x00000000e6400000, 0x00000000e6400000, 0x00000000e6500000|  0%| F|  |TAMS 0x00000000e6400000, 0x00000000e6400000| Untracked 
| 101|0x00000000e6500000, 0x00000000e6500000, 0x00000000e6600000|  0%| F|  |TAMS 0x00000000e6500000, 0x00000000e6500000| Untracked 
| 102|0x00000000e6600000, 0x00000000e6600000, 0x00000000e6700000|  0%| F|  |TAMS 0x00000000e6600000, 0x00000000e6600000| Untracked 
| 103|0x00000000e6700000, 0x00000000e6700000, 0x00000000e6800000|  0%| F|  |TAMS 0x00000000e6700000, 0x00000000e6700000| Untracked 
| 104|0x00000000e6800000, 0x00000000e6800000, 0x00000000e6900000|  0%| F|  |TAMS 0x00000000e6800000, 0x00000000e6800000| Untracked 
| 105|0x00000000e6900000, 0x00000000e6900000, 0x00000000e6a00000|  0%| F|  |TAMS 0x00000000e6900000, 0x00000000e6900000| Untracked 
| 106|0x00000000e6a00000, 0x00000000e6a00000, 0x00000000e6b00000|  0%| F|  |TAMS 0x00000000e6a00000, 0x00000000e6a00000| Untracked 
| 107|0x00000000e6b00000, 0x00000000e6b00000, 0x00000000e6c00000|  0%| F|  |TAMS 0x00000000e6b00000, 0x00000000e6b00000| Untracked 
| 108|0x00000000e6c00000, 0x00000000e6ce7050, 0x00000000e6d00000| 90%| S|CS|TAMS 0x00000000e6c00000, 0x00000000e6c00000| Complete 
| 109|0x00000000e6d00000, 0x00000000e6e00000, 0x00000000e6e00000|100%| S|CS|TAMS 0x00000000e6d00000, 0x00000000e6d00000| Complete 
| 110|0x00000000e6e00000, 0x00000000e6f00000, 0x00000000e6f00000|100%| S|CS|TAMS 0x00000000e6e00000, 0x00000000e6e00000| Complete 
| 111|0x00000000e6f00000, 0x00000000e7000000, 0x00000000e7000000|100%| S|CS|TAMS 0x00000000e6f00000, 0x00000000e6f00000| Complete 
| 112|0x00000000e7000000, 0x00000000e7100000, 0x00000000e7100000|100%| S|CS|TAMS 0x00000000e7000000, 0x00000000e7000000| Complete 
| 113|0x00000000e7100000, 0x00000000e7200000, 0x00000000e7200000|100%| S|CS|TAMS 0x00000000e7100000, 0x00000000e7100000| Complete 
| 114|0x00000000e7200000, 0x00000000e7300000, 0x00000000e7300000|100%| S|CS|TAMS 0x00000000e7200000, 0x00000000e7200000| Complete 
| 115|0x00000000e7300000, 0x00000000e7400000, 0x00000000e7400000|100%| S|CS|TAMS 0x00000000e7300000, 0x00000000e7300000| Complete 
| 116|0x00000000e7400000, 0x00000000e7500000, 0x00000000e7500000|100%| S|CS|TAMS 0x00000000e7400000, 0x00000000e7400000| Complete 
| 117|0x00000000e7500000, 0x00000000e7600000, 0x00000000e7600000|100%| S|CS|TAMS 0x00000000e7500000, 0x00000000e7500000| Complete 
| 118|0x00000000e7600000, 0x00000000e7700000, 0x00000000e7700000|100%| S|CS|TAMS 0x00000000e7600000, 0x00000000e7600000| Complete 
| 119|0x00000000e7700000, 0x00000000e7800000, 0x00000000e7800000|100%| S|CS|TAMS 0x00000000e7700000, 0x00000000e7700000| Complete 
| 120|0x00000000e7800000, 0x00000000e7900000, 0x00000000e7900000|100%| S|CS|TAMS 0x00000000e7800000, 0x00000000e7800000| Complete 
| 121|0x00000000e7900000, 0x00000000e7a00000, 0x00000000e7a00000|100%| S|CS|TAMS 0x00000000e7900000, 0x00000000e7900000| Complete 
| 122|0x00000000e7a00000, 0x00000000e7b00000, 0x00000000e7b00000|100%| S|CS|TAMS 0x00000000e7a00000, 0x00000000e7a00000| Complete 
| 123|0x00000000e7b00000, 0x00000000e7b00000, 0x00000000e7c00000|  0%| F|  |TAMS 0x00000000e7b00000, 0x00000000e7b00000| Untracked 
| 124|0x00000000e7c00000, 0x00000000e7c00000, 0x00000000e7d00000|  0%| F|  |TAMS 0x00000000e7c00000, 0x00000000e7c00000| Untracked 
| 125|0x00000000e7d00000, 0x00000000e7d00000, 0x00000000e7e00000|  0%| F|  |TAMS 0x00000000e7d00000, 0x00000000e7d00000| Untracked 
| 126|0x00000000e7e00000, 0x00000000e7e00000, 0x00000000e7f00000|  0%| F|  |TAMS 0x00000000e7e00000, 0x00000000e7e00000| Untracked 
| 127|0x00000000e7f00000, 0x00000000e7f00000, 0x00000000e8000000|  0%| F|  |TAMS 0x00000000e7f00000, 0x00000000e7f00000| Untracked 
| 128|0x00000000e8000000, 0x00000000e8000000, 0x00000000e8100000|  0%| F|  |TAMS 0x00000000e8000000, 0x00000000e8000000| Untracked 
| 129|0x00000000e8100000, 0x00000000e8100000, 0x00000000e8200000|  0%| F|  |TAMS 0x00000000e8100000, 0x00000000e8100000| Untracked 
| 130|0x00000000e8200000, 0x00000000e8200000, 0x00000000e8300000|  0%| F|  |TAMS 0x00000000e8200000, 0x00000000e8200000| Untracked 
| 131|0x00000000e8300000, 0x00000000e8300000, 0x00000000e8400000|  0%| F|  |TAMS 0x00000000e8300000, 0x00000000e8300000| Untracked 
| 132|0x00000000e8400000, 0x00000000e8400000, 0x00000000e8500000|  0%| F|  |TAMS 0x00000000e8400000, 0x00000000e8400000| Untracked 
| 133|0x00000000e8500000, 0x00000000e8500000, 0x00000000e8600000|  0%| F|  |TAMS 0x00000000e8500000, 0x00000000e8500000| Untracked 
| 134|0x00000000e8600000, 0x00000000e8600000, 0x00000000e8700000|  0%| F|  |TAMS 0x00000000e8600000, 0x00000000e8600000| Untracked 
| 135|0x00000000e8700000, 0x00000000e8700000, 0x00000000e8800000|  0%| F|  |TAMS 0x00000000e8700000, 0x00000000e8700000| Untracked 
| 136|0x00000000e8800000, 0x00000000e8800000, 0x00000000e8900000|  0%| F|  |TAMS 0x00000000e8800000, 0x00000000e8800000| Untracked 
| 137|0x00000000e8900000, 0x00000000e8900000, 0x00000000e8a00000|  0%| F|  |TAMS 0x00000000e8900000, 0x00000000e8900000| Untracked 
| 138|0x00000000e8a00000, 0x00000000e8a00000, 0x00000000e8b00000|  0%| F|  |TAMS 0x00000000e8a00000, 0x00000000e8a00000| Untracked 
| 139|0x00000000e8b00000, 0x00000000e8b00000, 0x00000000e8c00000|  0%| F|  |TAMS 0x00000000e8b00000, 0x00000000e8b00000| Untracked 
| 140|0x00000000e8c00000, 0x00000000e8c00000, 0x00000000e8d00000|  0%| F|  |TAMS 0x00000000e8c00000, 0x00000000e8c00000| Untracked 
| 141|0x00000000e8d00000, 0x00000000e8d00000, 0x00000000e8e00000|  0%| F|  |TAMS 0x00000000e8d00000, 0x00000000e8d00000| Untracked 
| 142|0x00000000e8e00000, 0x00000000e8e00000, 0x00000000e8f00000|  0%| F|  |TAMS 0x00000000e8e00000, 0x00000000e8e00000| Untracked 
| 143|0x00000000e8f00000, 0x00000000e8f00000, 0x00000000e9000000|  0%| F|  |TAMS 0x00000000e8f00000, 0x00000000e8f00000| Untracked 
| 144|0x00000000e9000000, 0x00000000e9000000, 0x00000000e9100000|  0%| F|  |TAMS 0x00000000e9000000, 0x00000000e9000000| Untracked 
| 145|0x00000000e9100000, 0x00000000e9100000, 0x00000000e9200000|  0%| F|  |TAMS 0x00000000e9100000, 0x00000000e9100000| Untracked 
| 146|0x00000000e9200000, 0x00000000e9200000, 0x00000000e9300000|  0%| F|  |TAMS 0x00000000e9200000, 0x00000000e9200000| Untracked 
| 147|0x00000000e9300000, 0x00000000e9300000, 0x00000000e9400000|  0%| F|  |TAMS 0x00000000e9300000, 0x00000000e9300000| Untracked 
| 148|0x00000000e9400000, 0x00000000e9400000, 0x00000000e9500000|  0%| F|  |TAMS 0x00000000e9400000, 0x00000000e9400000| Untracked 
| 149|0x00000000e9500000, 0x00000000e9500000, 0x00000000e9600000|  0%| F|  |TAMS 0x00000000e9500000, 0x00000000e9500000| Untracked 
| 150|0x00000000e9600000, 0x00000000e9600000, 0x00000000e9700000|  0%| F|  |TAMS 0x00000000e9600000, 0x00000000e9600000| Untracked 
| 151|0x00000000e9700000, 0x00000000e9700000, 0x00000000e9800000|  0%| F|  |TAMS 0x00000000e9700000, 0x00000000e9700000| Untracked 
| 152|0x00000000e9800000, 0x00000000e9800000, 0x00000000e9900000|  0%| F|  |TAMS 0x00000000e9800000, 0x00000000e9800000| Untracked 
| 153|0x00000000e9900000, 0x00000000e9900000, 0x00000000e9a00000|  0%| F|  |TAMS 0x00000000e9900000, 0x00000000e9900000| Untracked 
| 154|0x00000000e9a00000, 0x00000000e9a00000, 0x00000000e9b00000|  0%| F|  |TAMS 0x00000000e9a00000, 0x00000000e9a00000| Untracked 
| 155|0x00000000e9b00000, 0x00000000e9b00000, 0x00000000e9c00000|  0%| F|  |TAMS 0x00000000e9b00000, 0x00000000e9b00000| Untracked 
| 156|0x00000000e9c00000, 0x00000000e9c00000, 0x00000000e9d00000|  0%| F|  |TAMS 0x00000000e9c00000, 0x00000000e9c00000| Untracked 
| 157|0x00000000e9d00000, 0x00000000e9d00000, 0x00000000e9e00000|  0%| F|  |TAMS 0x00000000e9d00000, 0x00000000e9d00000| Untracked 
| 158|0x00000000e9e00000, 0x00000000e9e00000, 0x00000000e9f00000|  0%| F|  |TAMS 0x00000000e9e00000, 0x00000000e9e00000| Untracked 
| 159|0x00000000e9f00000, 0x00000000e9f00000, 0x00000000ea000000|  0%| F|  |TAMS 0x00000000e9f00000, 0x00000000e9f00000| Untracked 
| 160|0x00000000ea000000, 0x00000000ea000000, 0x00000000ea100000|  0%| F|  |TAMS 0x00000000ea000000, 0x00000000ea000000| Untracked 
| 161|0x00000000ea100000, 0x00000000ea100000, 0x00000000ea200000|  0%| F|  |TAMS 0x00000000ea100000, 0x00000000ea100000| Untracked 
| 162|0x00000000ea200000, 0x00000000ea200000, 0x00000000ea300000|  0%| F|  |TAMS 0x00000000ea200000, 0x00000000ea200000| Untracked 
| 163|0x00000000ea300000, 0x00000000ea300000, 0x00000000ea400000|  0%| F|  |TAMS 0x00000000ea300000, 0x00000000ea300000| Untracked 
| 164|0x00000000ea400000, 0x00000000ea400000, 0x00000000ea500000|  0%| F|  |TAMS 0x00000000ea400000, 0x00000000ea400000| Untracked 
| 165|0x00000000ea500000, 0x00000000ea500000, 0x00000000ea600000|  0%| F|  |TAMS 0x00000000ea500000, 0x00000000ea500000| Untracked 
| 166|0x00000000ea600000, 0x00000000ea600000, 0x00000000ea700000|  0%| F|  |TAMS 0x00000000ea600000, 0x00000000ea600000| Untracked 
| 167|0x00000000ea700000, 0x00000000ea700000, 0x00000000ea800000|  0%| F|  |TAMS 0x00000000ea700000, 0x00000000ea700000| Untracked 
| 168|0x00000000ea800000, 0x00000000ea800000, 0x00000000ea900000|  0%| F|  |TAMS 0x00000000ea800000, 0x00000000ea800000| Untracked 
| 169|0x00000000ea900000, 0x00000000ea900000, 0x00000000eaa00000|  0%| F|  |TAMS 0x00000000ea900000, 0x00000000ea900000| Untracked 
| 170|0x00000000eaa00000, 0x00000000eaa00000, 0x00000000eab00000|  0%| F|  |TAMS 0x00000000eaa00000, 0x00000000eaa00000| Untracked 
| 171|0x00000000eab00000, 0x00000000eab00000, 0x00000000eac00000|  0%| F|  |TAMS 0x00000000eab00000, 0x00000000eab00000| Untracked 
| 172|0x00000000eac00000, 0x00000000eac00000, 0x00000000ead00000|  0%| F|  |TAMS 0x00000000eac00000, 0x00000000eac00000| Untracked 
| 173|0x00000000ead00000, 0x00000000ead00000, 0x00000000eae00000|  0%| F|  |TAMS 0x00000000ead00000, 0x00000000ead00000| Untracked 
| 174|0x00000000eae00000, 0x00000000eae00000, 0x00000000eaf00000|  0%| F|  |TAMS 0x00000000eae00000, 0x00000000eae00000| Untracked 
| 175|0x00000000eaf00000, 0x00000000eaf00000, 0x00000000eb000000|  0%| F|  |TAMS 0x00000000eaf00000, 0x00000000eaf00000| Untracked 
| 176|0x00000000eb000000, 0x00000000eb000000, 0x00000000eb100000|  0%| F|  |TAMS 0x00000000eb000000, 0x00000000eb000000| Untracked 
| 177|0x00000000eb100000, 0x00000000eb100000, 0x00000000eb200000|  0%| F|  |TAMS 0x00000000eb100000, 0x00000000eb100000| Untracked 
| 178|0x00000000eb200000, 0x00000000eb200000, 0x00000000eb300000|  0%| F|  |TAMS 0x00000000eb200000, 0x00000000eb200000| Untracked 
| 179|0x00000000eb300000, 0x00000000eb300000, 0x00000000eb400000|  0%| F|  |TAMS 0x00000000eb300000, 0x00000000eb300000| Untracked 
| 180|0x00000000eb400000, 0x00000000eb400000, 0x00000000eb500000|  0%| F|  |TAMS 0x00000000eb400000, 0x00000000eb400000| Untracked 
| 181|0x00000000eb500000, 0x00000000eb500000, 0x00000000eb600000|  0%| F|  |TAMS 0x00000000eb500000, 0x00000000eb500000| Untracked 
| 182|0x00000000eb600000, 0x00000000eb600000, 0x00000000eb700000|  0%| F|  |TAMS 0x00000000eb600000, 0x00000000eb600000| Untracked 
| 183|0x00000000eb700000, 0x00000000eb700000, 0x00000000eb800000|  0%| F|  |TAMS 0x00000000eb700000, 0x00000000eb700000| Untracked 
| 184|0x00000000eb800000, 0x00000000eb800000, 0x00000000eb900000|  0%| F|  |TAMS 0x00000000eb800000, 0x00000000eb800000| Untracked 
| 185|0x00000000eb900000, 0x00000000eb900000, 0x00000000eba00000|  0%| F|  |TAMS 0x00000000eb900000, 0x00000000eb900000| Untracked 
| 186|0x00000000eba00000, 0x00000000eba00000, 0x00000000ebb00000|  0%| F|  |TAMS 0x00000000eba00000, 0x00000000eba00000| Untracked 
| 187|0x00000000ebb00000, 0x00000000ebb00000, 0x00000000ebc00000|  0%| F|  |TAMS 0x00000000ebb00000, 0x00000000ebb00000| Untracked 
| 188|0x00000000ebc00000, 0x00000000ebc00000, 0x00000000ebd00000|  0%| F|  |TAMS 0x00000000ebc00000, 0x00000000ebc00000| Untracked 
| 189|0x00000000ebd00000, 0x00000000ebd00000, 0x00000000ebe00000|  0%| F|  |TAMS 0x00000000ebd00000, 0x00000000ebd00000| Untracked 
| 190|0x00000000ebe00000, 0x00000000ebe00000, 0x00000000ebf00000|  0%| F|  |TAMS 0x00000000ebe00000, 0x00000000ebe00000| Untracked 
| 191|0x00000000ebf00000, 0x00000000ebf00000, 0x00000000ec000000|  0%| F|  |TAMS 0x00000000ebf00000, 0x00000000ebf00000| Untracked 
| 192|0x00000000ec000000, 0x00000000ec000000, 0x00000000ec100000|  0%| F|  |TAMS 0x00000000ec000000, 0x00000000ec000000| Untracked 
| 193|0x00000000ec100000, 0x00000000ec100000, 0x00000000ec200000|  0%| F|  |TAMS 0x00000000ec100000, 0x00000000ec100000| Untracked 
| 194|0x00000000ec200000, 0x00000000ec200000, 0x00000000ec300000|  0%| F|  |TAMS 0x00000000ec200000, 0x00000000ec200000| Untracked 
| 195|0x00000000ec300000, 0x00000000ec300000, 0x00000000ec400000|  0%| F|  |TAMS 0x00000000ec300000, 0x00000000ec300000| Untracked 
| 196|0x00000000ec400000, 0x00000000ec400000, 0x00000000ec500000|  0%| F|  |TAMS 0x00000000ec400000, 0x00000000ec400000| Untracked 
| 197|0x00000000ec500000, 0x00000000ec500000, 0x00000000ec600000|  0%| F|  |TAMS 0x00000000ec500000, 0x00000000ec500000| Untracked 
| 198|0x00000000ec600000, 0x00000000ec600000, 0x00000000ec700000|  0%| F|  |TAMS 0x00000000ec600000, 0x00000000ec600000| Untracked 
| 199|0x00000000ec700000, 0x00000000ec700000, 0x00000000ec800000|  0%| F|  |TAMS 0x00000000ec700000, 0x00000000ec700000| Untracked 
| 200|0x00000000ec800000, 0x00000000ec800000, 0x00000000ec900000|  0%| F|  |TAMS 0x00000000ec800000, 0x00000000ec800000| Untracked 
| 201|0x00000000ec900000, 0x00000000ec900000, 0x00000000eca00000|  0%| F|  |TAMS 0x00000000ec900000, 0x00000000ec900000| Untracked 
| 202|0x00000000eca00000, 0x00000000eca00000, 0x00000000ecb00000|  0%| F|  |TAMS 0x00000000eca00000, 0x00000000eca00000| Untracked 
| 203|0x00000000ecb00000, 0x00000000ecb00000, 0x00000000ecc00000|  0%| F|  |TAMS 0x00000000ecb00000, 0x00000000ecb00000| Untracked 
| 204|0x00000000ecc00000, 0x00000000ecc00000, 0x00000000ecd00000|  0%| F|  |TAMS 0x00000000ecc00000, 0x00000000ecc00000| Untracked 
| 205|0x00000000ecd00000, 0x00000000ecd00000, 0x00000000ece00000|  0%| F|  |TAMS 0x00000000ecd00000, 0x00000000ecd00000| Untracked 
| 206|0x00000000ece00000, 0x00000000ece00000, 0x00000000ecf00000|  0%| F|  |TAMS 0x00000000ece00000, 0x00000000ece00000| Untracked 
| 207|0x00000000ecf00000, 0x00000000ecf00000, 0x00000000ed000000|  0%| F|  |TAMS 0x00000000ecf00000, 0x00000000ecf00000| Untracked 
| 208|0x00000000ed000000, 0x00000000ed000000, 0x00000000ed100000|  0%| F|  |TAMS 0x00000000ed000000, 0x00000000ed000000| Untracked 
| 209|0x00000000ed100000, 0x00000000ed100000, 0x00000000ed200000|  0%| F|  |TAMS 0x00000000ed100000, 0x00000000ed100000| Untracked 
| 210|0x00000000ed200000, 0x00000000ed200000, 0x00000000ed300000|  0%| F|  |TAMS 0x00000000ed200000, 0x00000000ed200000| Untracked 
| 211|0x00000000ed300000, 0x00000000ed300000, 0x00000000ed400000|  0%| F|  |TAMS 0x00000000ed300000, 0x00000000ed300000| Untracked 
| 212|0x00000000ed400000, 0x00000000ed400000, 0x00000000ed500000|  0%| F|  |TAMS 0x00000000ed400000, 0x00000000ed400000| Untracked 
| 213|0x00000000ed500000, 0x00000000ed500000, 0x00000000ed600000|  0%| F|  |TAMS 0x00000000ed500000, 0x00000000ed500000| Untracked 
| 214|0x00000000ed600000, 0x00000000ed600000, 0x00000000ed700000|  0%| F|  |TAMS 0x00000000ed600000, 0x00000000ed600000| Untracked 
| 215|0x00000000ed700000, 0x00000000ed700000, 0x00000000ed800000|  0%| F|  |TAMS 0x00000000ed700000, 0x00000000ed700000| Untracked 
| 216|0x00000000ed800000, 0x00000000ed800000, 0x00000000ed900000|  0%| F|  |TAMS 0x00000000ed800000, 0x00000000ed800000| Untracked 
| 217|0x00000000ed900000, 0x00000000ed900000, 0x00000000eda00000|  0%| F|  |TAMS 0x00000000ed900000, 0x00000000ed900000| Untracked 
| 218|0x00000000eda00000, 0x00000000eda00000, 0x00000000edb00000|  0%| F|  |TAMS 0x00000000eda00000, 0x00000000eda00000| Untracked 
| 219|0x00000000edb00000, 0x00000000edb00000, 0x00000000edc00000|  0%| F|  |TAMS 0x00000000edb00000, 0x00000000edb00000| Untracked 
| 220|0x00000000edc00000, 0x00000000edc00000, 0x00000000edd00000|  0%| F|  |TAMS 0x00000000edc00000, 0x00000000edc00000| Untracked 
| 221|0x00000000edd00000, 0x00000000edd00000, 0x00000000ede00000|  0%| F|  |TAMS 0x00000000edd00000, 0x00000000edd00000| Untracked 
| 222|0x00000000ede00000, 0x00000000ede00000, 0x00000000edf00000|  0%| F|  |TAMS 0x00000000ede00000, 0x00000000ede00000| Untracked 
| 223|0x00000000edf00000, 0x00000000edf00000, 0x00000000ee000000|  0%| F|  |TAMS 0x00000000edf00000, 0x00000000edf00000| Untracked 
| 224|0x00000000ee000000, 0x00000000ee000000, 0x00000000ee100000|  0%| F|  |TAMS 0x00000000ee000000, 0x00000000ee000000| Untracked 
| 225|0x00000000ee100000, 0x00000000ee100000, 0x00000000ee200000|  0%| F|  |TAMS 0x00000000ee100000, 0x00000000ee100000| Untracked 
| 226|0x00000000ee200000, 0x00000000ee200000, 0x00000000ee300000|  0%| F|  |TAMS 0x00000000ee200000, 0x00000000ee200000| Untracked 
| 227|0x00000000ee300000, 0x00000000ee300000, 0x00000000ee400000|  0%| F|  |TAMS 0x00000000ee300000, 0x00000000ee300000| Untracked 
| 228|0x00000000ee400000, 0x00000000ee400000, 0x00000000ee500000|  0%| F|  |TAMS 0x00000000ee400000, 0x00000000ee400000| Untracked 
| 229|0x00000000ee500000, 0x00000000ee500000, 0x00000000ee600000|  0%| F|  |TAMS 0x00000000ee500000, 0x00000000ee500000| Untracked 
| 230|0x00000000ee600000, 0x00000000ee600000, 0x00000000ee700000|  0%| F|  |TAMS 0x00000000ee600000, 0x00000000ee600000| Untracked 
| 231|0x00000000ee700000, 0x00000000ee700000, 0x00000000ee800000|  0%| F|  |TAMS 0x00000000ee700000, 0x00000000ee700000| Untracked 
| 232|0x00000000ee800000, 0x00000000ee800000, 0x00000000ee900000|  0%| F|  |TAMS 0x00000000ee800000, 0x00000000ee800000| Untracked 
| 233|0x00000000ee900000, 0x00000000ee900000, 0x00000000eea00000|  0%| F|  |TAMS 0x00000000ee900000, 0x00000000ee900000| Untracked 
| 234|0x00000000eea00000, 0x00000000eea00000, 0x00000000eeb00000|  0%| F|  |TAMS 0x00000000eea00000, 0x00000000eea00000| Untracked 
| 235|0x00000000eeb00000, 0x00000000eeb00000, 0x00000000eec00000|  0%| F|  |TAMS 0x00000000eeb00000, 0x00000000eeb00000| Untracked 
| 236|0x00000000eec00000, 0x00000000eec00000, 0x00000000eed00000|  0%| F|  |TAMS 0x00000000eec00000, 0x00000000eec00000| Untracked 
| 237|0x00000000eed00000, 0x00000000eed00000, 0x00000000eee00000|  0%| F|  |TAMS 0x00000000eed00000, 0x00000000eed00000| Untracked 
| 238|0x00000000eee00000, 0x00000000eee00000, 0x00000000eef00000|  0%| F|  |TAMS 0x00000000eee00000, 0x00000000eee00000| Untracked 
| 239|0x00000000eef00000, 0x00000000eef00000, 0x00000000ef000000|  0%| F|  |TAMS 0x00000000eef00000, 0x00000000eef00000| Untracked 
| 240|0x00000000ef000000, 0x00000000ef000000, 0x00000000ef100000|  0%| F|  |TAMS 0x00000000ef000000, 0x00000000ef000000| Untracked 
| 241|0x00000000ef100000, 0x00000000ef100000, 0x00000000ef200000|  0%| F|  |TAMS 0x00000000ef100000, 0x00000000ef100000| Untracked 
| 242|0x00000000ef200000, 0x00000000ef200000, 0x00000000ef300000|  0%| F|  |TAMS 0x00000000ef200000, 0x00000000ef200000| Untracked 
| 243|0x00000000ef300000, 0x00000000ef300000, 0x00000000ef400000|  0%| F|  |TAMS 0x00000000ef300000, 0x00000000ef300000| Untracked 
| 244|0x00000000ef400000, 0x00000000ef400000, 0x00000000ef500000|  0%| F|  |TAMS 0x00000000ef400000, 0x00000000ef400000| Untracked 
| 245|0x00000000ef500000, 0x00000000ef500000, 0x00000000ef600000|  0%| F|  |TAMS 0x00000000ef500000, 0x00000000ef500000| Untracked 
| 246|0x00000000ef600000, 0x00000000ef600000, 0x00000000ef700000|  0%| F|  |TAMS 0x00000000ef600000, 0x00000000ef600000| Untracked 
| 247|0x00000000ef700000, 0x00000000ef7ed540, 0x00000000ef800000| 92%| E|  |TAMS 0x00000000ef700000, 0x00000000ef700000| Complete 
| 248|0x00000000ef800000, 0x00000000ef900000, 0x00000000ef900000|100%| E|CS|TAMS 0x00000000ef800000, 0x00000000ef800000| Complete 
| 249|0x00000000ef900000, 0x00000000efa00000, 0x00000000efa00000|100%| E|CS|TAMS 0x00000000ef900000, 0x00000000ef900000| Complete 
| 250|0x00000000efa00000, 0x00000000efb00000, 0x00000000efb00000|100%| E|CS|TAMS 0x00000000efa00000, 0x00000000efa00000| Complete 
| 251|0x00000000efb00000, 0x00000000efc00000, 0x00000000efc00000|100%| E|CS|TAMS 0x00000000efb00000, 0x00000000efb00000| Complete 
| 252|0x00000000efc00000, 0x00000000efd00000, 0x00000000efd00000|100%| E|CS|TAMS 0x00000000efc00000, 0x00000000efc00000| Complete 
| 253|0x00000000efd00000, 0x00000000efe00000, 0x00000000efe00000|100%| E|CS|TAMS 0x00000000efd00000, 0x00000000efd00000| Complete 
| 254|0x00000000efe00000, 0x00000000eff00000, 0x00000000eff00000|100%| E|CS|TAMS 0x00000000efe00000, 0x00000000efe00000| Complete 
| 255|0x00000000eff00000, 0x00000000f0000000, 0x00000000f0000000|100%| E|CS|TAMS 0x00000000eff00000, 0x00000000eff00000| Complete 

Card table byte_map: [0x0000016939d10000,0x0000016939e10000] _byte_map_base: 0x0000016939610000

Marking Bits (Prev, Next): (CMBitMap*) 0x0000016922e314f0, (CMBitMap*) 0x0000016922e31530
 Prev Bits: [0x0000016939f10000, 0x000001693a710000)
 Next Bits: [0x000001693a710000, 0x000001693af10000)

Polling page: 0x00000169225a0000

Metaspace:

Usage:
  Non-class:     45.21 MB used.
      Class:      7.53 MB used.
       Both:     52.74 MB used.

Virtual space:
  Non-class space:       48.00 MB reserved,      45.56 MB ( 95%) committed,  6 nodes.
      Class space:      208.00 MB reserved,       7.81 MB (  4%) committed,  1 nodes.
             Both:      256.00 MB reserved,      53.38 MB ( 21%) committed. 

Chunk freelists:
   Non-Class:  2.47 MB
       Class:  67.00 KB
        Both:  2.53 MB

MaxMetaspaceSize: 256.00 MB
CompressedClassSpaceSize: 208.00 MB
Initial GC threshold: 21.00 MB
Current GC threshold: 58.69 MB
CDS: on
MetaspaceReclaimPolicy: balanced
 - commit_granule_bytes: 65536.
 - commit_granule_words: 8192.
 - virtual_space_node_default_size: 1048576.
 - enlarge_chunks_in_place: 1.
 - new_chunks_are_fully_committed: 0.
 - uncommit_free_chunks: 1.
 - use_allocation_guard: 0.
 - handle_deallocations: 1.


Internal statistics:

num_allocs_failed_limit: 6.
num_arena_births: 756.
num_arena_deaths: 0.
num_vsnodes_births: 7.
num_vsnodes_deaths: 0.
num_space_committed: 854.
num_space_uncommitted: 0.
num_chunks_returned_to_freelist: 6.
num_chunks_taken_from_freelist: 3030.
num_chunk_merges: 6.
num_chunk_splits: 1919.
num_chunks_enlarged: 1183.
num_purges: 0.
num_inconsistent_stats: 0.

CodeHeap 'non-profiled nmethods': size=120000Kb used=3525Kb max_used=3525Kb free=116474Kb
 bounds [0x00000169323a0000, 0x0000016932720000, 0x00000169398d0000]
CodeHeap 'profiled nmethods': size=120000Kb used=13164Kb max_used=13164Kb free=106835Kb
 bounds [0x000001692a8d0000, 0x000001692b5b0000, 0x0000016931e00000]
CodeHeap 'non-nmethods': size=5760Kb used=2339Kb max_used=2417Kb free=3421Kb
 bounds [0x0000016931e00000, 0x0000016932090000, 0x00000169323a0000]
 total_blobs=7468 nmethods=6610 adapters=769
 compilation: enabled
              stopped_count=0, restarted_count=0
 full_count=0

Compilation events (20 events):
Event: 10.576 Thread 0x000001693e42c280 7370       3       org.gradle.internal.snapshot.SingletonChildMap::<init> (10 bytes)
Event: 10.576 Thread 0x000001693e42c280 nmethod 7370 0x000001692b5a5f10 code [0x000001692b5a60a0, 0x000001692b5a6258]
Event: 10.576 Thread 0x000001693e42c280 7376       1       org.gradle.execution.plan.ValuedVfsHierarchy::access$500 (5 bytes)
Event: 10.576 Thread 0x000001693e42c280 nmethod 7376 0x0000016932711090 code [0x0000016932711220, 0x00000169327112d8]
Event: 10.586 Thread 0x000001693e42c280 7378       3       org.gradle.api.internal.provider.ValueSanitizers$2::sanitize (2 bytes)
Event: 10.587 Thread 0x000001693e42c280 nmethod 7378 0x000001692b5a6310 code [0x000001692b5a64a0, 0x000001692b5a65b8]
Event: 10.588 Thread 0x000001693e42c280 7379       3       java.lang.ProcessEnvironment$CheckedEntry::getValue (5 bytes)
Event: 10.588 Thread 0x000001693e42c280 nmethod 7379 0x000001692b5a6690 code [0x000001692b5a6840, 0x000001692b5a6b88]
Event: 10.588 Thread 0x000001693e42c280 7380       3       java.lang.ProcessEnvironment$CheckedEntry::getValue (13 bytes)
Event: 10.588 Thread 0x000001693e42c280 nmethod 7380 0x000001692b5a6c90 code [0x000001692b5a6e40, 0x000001692b5a7108]
Event: 10.589 Thread 0x000001693e42c280 7381       3       org.gradle.internal.component.external.model.DefaultModuleComponentArtifactIdentifier::getComponentIdentifier (5 bytes)
Event: 10.589 Thread 0x000001693e42c280 nmethod 7381 0x000001692b5a7210 code [0x000001692b5a73a0, 0x000001692b5a74d8]
Event: 10.589 Thread 0x000001693e42c280 7382       3       org.gradle.internal.model.CalculatedValueContainer::getValue (35 bytes)
Event: 10.589 Thread 0x000001693e42c280 nmethod 7382 0x000001692b5a7590 code [0x000001692b5a7800, 0x000001692b5a8378]
Event: 10.589 Thread 0x000001693e42c280 7383       3       java.util.LinkedHashMap::clear (15 bytes)
Event: 10.590 Thread 0x000001693e42c280 nmethod 7383 0x000001692b5a8710 code [0x000001692b5a88c0, 0x000001692b5a8a68]
Event: 10.591 Thread 0x000001693e42c280 7384       3       java.lang.ProcessEnvironment$EntryComparator::compare (13 bytes)
Event: 10.592 Thread 0x000001693e42c280 nmethod 7384 0x000001692b5a8b10 code [0x000001692b5a8d00, 0x000001692b5a9468]
Event: 10.592 Thread 0x000001693e42c280 7385       3       java.lang.ProcessEnvironment$EntryComparator::compare (25 bytes)
Event: 10.592 Thread 0x000001693e42c280 nmethod 7385 0x000001692b5a9610 code [0x000001692b5a97e0, 0x000001692b5a9cc8]

GC Heap History (12 events):
Event: 0.658 GC heap before
{Heap before GC invocations=0 (full 0):
 garbage-first heap   total 262144K, used 25600K [0x00000000e0000000, 0x0000000100000000)
  region size 1024K, 23 young (23552K), 0 survivors (0K)
 Metaspace       used 2991K, committed 3136K, reserved 221184K
  class space    used 379K, committed 448K, reserved 212992K
}
Event: 0.661 GC heap after
{Heap after GC invocations=1 (full 0):
 garbage-first heap   total 262144K, used 9423K [0x00000000e0000000, 0x0000000100000000)
  region size 1024K, 3 young (3072K), 3 survivors (3072K)
 Metaspace       used 2991K, committed 3136K, reserved 221184K
  class space    used 379K, committed 448K, reserved 212992K
}
Event: 1.230 GC heap before
{Heap before GC invocations=1 (full 0):
 garbage-first heap   total 262144K, used 39119K [0x00000000e0000000, 0x0000000100000000)
  region size 1024K, 32 young (32768K), 3 survivors (3072K)
 Metaspace       used 3926K, committed 4096K, reserved 221184K
  class space    used 476K, committed 576K, reserved 212992K
}
Event: 1.236 GC heap after
{Heap after GC invocations=2 (full 0):
 garbage-first heap   total 262144K, used 13256K [0x00000000e0000000, 0x0000000100000000)
  region size 1024K, 4 young (4096K), 4 survivors (4096K)
 Metaspace       used 3926K, committed 4096K, reserved 221184K
  class space    used 476K, committed 576K, reserved 212992K
}
Event: 3.431 GC heap before
{Heap before GC invocations=2 (full 0):
 garbage-first heap   total 262144K, used 114632K [0x00000000e0000000, 0x0000000100000000)
  region size 1024K, 104 young (106496K), 4 survivors (4096K)
 Metaspace       used 21196K, committed 21504K, reserved 237568K
  class space    used 3177K, committed 3328K, reserved 212992K
}
Event: 3.439 GC heap after
{Heap after GC invocations=3 (full 0):
 garbage-first heap   total 262144K, used 21101K [0x00000000e0000000, 0x0000000100000000)
  region size 1024K, 12 young (12288K), 12 survivors (12288K)
 Metaspace       used 21196K, committed 21504K, reserved 237568K
  class space    used 3177K, committed 3328K, reserved 212992K
}
Event: 5.373 GC heap before
{Heap before GC invocations=4 (full 0):
 garbage-first heap   total 262144K, used 124525K [0x00000000e0000000, 0x0000000100000000)
  region size 1024K, 111 young (113664K), 12 survivors (12288K)
 Metaspace       used 35548K, committed 35968K, reserved 245760K
  class space    used 4891K, committed 5120K, reserved 212992K
}
Event: 5.385 GC heap after
{Heap after GC invocations=5 (full 0):
 garbage-first heap   total 262144K, used 31254K [0x00000000e0000000, 0x0000000100000000)
  region size 1024K, 17 young (17408K), 17 survivors (17408K)
 Metaspace       used 35548K, committed 35968K, reserved 245760K
  class space    used 4891K, committed 5120K, reserved 212992K
}
Event: 7.596 GC heap before
{Heap before GC invocations=6 (full 0):
 garbage-first heap   total 262144K, used 170518K [0x00000000e0000000, 0x0000000100000000)
  region size 1024K, 153 young (156672K), 17 survivors (17408K)
 Metaspace       used 46230K, committed 46720K, reserved 253952K
  class space    used 6469K, committed 6720K, reserved 212992K
}
Event: 7.621 GC heap after
{Heap after GC invocations=7 (full 0):
 garbage-first heap   total 262144K, used 42909K [0x00000000e0000000, 0x0000000100000000)
  region size 1024K, 20 young (20480K), 20 survivors (20480K)
 Metaspace       used 46230K, committed 46720K, reserved 253952K
  class space    used 6469K, committed 6720K, reserved 212992K
}
Event: 10.088 GC heap before
{Heap before GC invocations=7 (full 0):
 garbage-first heap   total 262144K, used 178077K [0x00000000e0000000, 0x0000000100000000)
  region size 1024K, 153 young (156672K), 20 survivors (20480K)
 Metaspace       used 53540K, committed 54272K, reserved 262144K
  class space    used 7650K, committed 8000K, reserved 212992K
}
Event: 10.123 GC heap after
{Heap after GC invocations=8 (full 0):
 garbage-first heap   total 262144K, used 58438K [0x00000000e0000000, 0x0000000100000000)
  region size 1024K, 15 young (15360K), 15 survivors (15360K)
 Metaspace       used 53540K, committed 54272K, reserved 262144K
  class space    used 7650K, committed 8000K, reserved 212992K
}

Dll operation events (12 events):
Event: 0.012 Loaded shared library C:\Users\allur\.jdks\corretto-17.0.6\bin\java.dll
Event: 0.024 Loaded shared library C:\Users\allur\.jdks\corretto-17.0.6\bin\jsvml.dll
Event: 0.069 Loaded shared library C:\Users\allur\.jdks\corretto-17.0.6\bin\net.dll
Event: 0.071 Loaded shared library C:\Users\allur\.jdks\corretto-17.0.6\bin\nio.dll
Event: 0.076 Loaded shared library C:\Users\allur\.jdks\corretto-17.0.6\bin\zip.dll
Event: 0.281 Loaded shared library C:\Users\allur\.jdks\corretto-17.0.6\bin\jimage.dll
Event: 0.348 Loaded shared library C:\Users\allur\.jdks\corretto-17.0.6\bin\verify.dll
Event: 0.507 Loaded shared library C:\Users\allur\.gradle\native\68d5fa5c4cc2d200863cafc0d521ce42e7d3e7ee720ec0a83991735586a16f82\windows-amd64\native-platform.dll
Event: 0.513 Loaded shared library C:\Users\allur\.gradle\native\e376f236ea51e6404a007f0833ffe2c6e607c4080706a723a18a27aeea778392\windows-amd64\native-platform-file-events.dll
Event: 1.516 Loaded shared library C:\Users\allur\.jdks\corretto-17.0.6\bin\management.dll
Event: 1.522 Loaded shared library C:\Users\allur\.jdks\corretto-17.0.6\bin\management_ext.dll
Event: 2.004 Loaded shared library C:\Users\allur\.jdks\corretto-17.0.6\bin\sunmscapi.dll

Deoptimization events (20 events):
Event: 10.303 Thread 0x0000016946249530 Uncommon trap: trap_request=0xffffffde fr.pc=0x00000169325aa7c8 relative=0x0000000000000848
Event: 10.303 Thread 0x0000016946249530 Uncommon trap: reason=class_check action=maybe_recompile pc=0x00000169325aa7c8 method=java.io.BufferedInputStream.read1([BII)I @ 39 c2
Event: 10.303 Thread 0x0000016946249530 DEOPT PACKING pc=0x00000169325aa7c8 sp=0x000000066c8feeb0
Event: 10.303 Thread 0x0000016946249530 DEOPT UNPACKING pc=0x0000016931e569a3 sp=0x000000066c8fedc8 mode 2
Event: 10.509 Thread 0x0000016946249530 Uncommon trap: trap_request=0xffffffde fr.pc=0x00000169325aa7c8 relative=0x0000000000000848
Event: 10.509 Thread 0x0000016946249530 Uncommon trap: reason=class_check action=maybe_recompile pc=0x00000169325aa7c8 method=java.io.BufferedInputStream.read1([BII)I @ 39 c2
Event: 10.509 Thread 0x0000016946249530 DEOPT PACKING pc=0x00000169325aa7c8 sp=0x000000066c8feeb0
Event: 10.509 Thread 0x0000016946249530 DEOPT UNPACKING pc=0x0000016931e569a3 sp=0x000000066c8fedc8 mode 2
Event: 10.509 Thread 0x0000016946249530 Uncommon trap: trap_request=0xffffffde fr.pc=0x00000169325aa7c8 relative=0x0000000000000848
Event: 10.509 Thread 0x0000016946249530 Uncommon trap: reason=class_check action=maybe_recompile pc=0x00000169325aa7c8 method=java.io.BufferedInputStream.read1([BII)I @ 39 c2
Event: 10.509 Thread 0x0000016946249530 DEOPT PACKING pc=0x00000169325aa7c8 sp=0x000000066c8feeb0
Event: 10.509 Thread 0x0000016946249530 DEOPT UNPACKING pc=0x0000016931e569a3 sp=0x000000066c8fedc8 mode 2
Event: 10.509 Thread 0x0000016946249530 Uncommon trap: trap_request=0xffffffde fr.pc=0x00000169325af080 relative=0x00000000000001c0
Event: 10.509 Thread 0x0000016946249530 Uncommon trap: reason=class_check action=maybe_recompile pc=0x00000169325af080 method=java.io.BufferedInputStream.read1([BII)I @ 39 c2
Event: 10.509 Thread 0x0000016946249530 DEOPT PACKING pc=0x00000169325af080 sp=0x000000066c8fee10
Event: 10.509 Thread 0x0000016946249530 DEOPT UNPACKING pc=0x0000016931e569a3 sp=0x000000066c8fedb8 mode 2
Event: 10.534 Thread 0x000001694624ff10 Uncommon trap: trap_request=0xffffff45 fr.pc=0x00000169323f75f4 relative=0x00000000000011b4
Event: 10.534 Thread 0x000001694624ff10 Uncommon trap: reason=unstable_if action=reinterpret pc=0x00000169323f75f4 method=java.util.concurrent.ConcurrentHashMap.putVal(Ljava/lang/Object;Ljava/lang/Object;Z)Ljava/lang/Object; @ 97 c2
Event: 10.534 Thread 0x000001694624ff10 DEOPT PACKING pc=0x00000169323f75f4 sp=0x000000066c7fe3e0
Event: 10.534 Thread 0x000001694624ff10 DEOPT UNPACKING pc=0x0000016931e569a3 sp=0x000000066c7fe368 mode 2

Classes unloaded (0 events):
No events

Classes redefined (0 events):
No events

Internal exceptions (20 events):
Event: 9.575 Thread 0x0000016943f8e3d0 Exception <a 'java/lang/NoSuchMethodError'{0x00000000e881a9c0}: 'void java.lang.invoke.DirectMethodHandle$Holder.invokeInterface(java.lang.Object, java.lang.Object, java.lang.Object, java.lang.Object)'> (0x00000000e881a9c0) 
thrown [s\src\hotspot\share\interpreter\linkResolver.cpp, line 759]
Event: 9.635 Thread 0x000001693fa1fe50 Exception <a 'java/lang/NoSuchMethodError'{0x00000000eff10808}: static Lorg/gradle/internal/build/event/types/DefaultTaskStartedProgressEvent;.<clinit>()V> (0x00000000eff10808) 
thrown [s\src\hotspot\share\prims\jni.cpp, line 1107]
Event: 9.635 Thread 0x000001693fa1fe50 Exception <a 'java/lang/NoSuchMethodError'{0x00000000eff11e70}: static Lorg/gradle/internal/build/event/types/AbstractProgressEvent;.<clinit>()V> (0x00000000eff11e70) 
thrown [s\src\hotspot\share\prims\jni.cpp, line 1107]
Event: 9.637 Thread 0x000001693fa1fe50 Exception <a 'java/lang/NoSuchMethodError'{0x00000000e87e4d50}: static Lorg/gradle/internal/build/event/types/DefaultTaskDescriptor;.<clinit>()V> (0x00000000e87e4d50) 
thrown [s\src\hotspot\share\prims\jni.cpp, line 1107]
Event: 9.637 Thread 0x0000016943f8e3d0 Exception <a 'java/lang/IncompatibleClassChangeError'{0x00000000e87d2098}: Found class java.lang.Object, but interface was expected> (0x00000000e87d2098) 
thrown [s\src\hotspot\share\interpreter\linkResolver.cpp, line 826]
Event: 9.640 Thread 0x000001693fa1fe50 Exception <a 'java/lang/NoSuchMethodError'{0x00000000e860ac00}: static Lorg/gradle/internal/operations/OperationIdentifier;.<clinit>()V> (0x00000000e860ac00) 
thrown [s\src\hotspot\share\prims\jni.cpp, line 1107]
Event: 9.641 Thread 0x000001693fa1fe50 Exception <a 'java/lang/NoSuchMethodError'{0x00000000e8613ee8}: static Lorg/gradle/internal/build/event/types/DefaultBinaryPluginIdentifier;.<clinit>()V> (0x00000000e8613ee8) 
thrown [s\src\hotspot\share\prims\jni.cpp, line 1107]
Event: 9.708 Thread 0x0000016943f8e3d0 Exception <a 'java/lang/IncompatibleClassChangeError'{0x00000000e84504c8}: Found class java.lang.Object, but interface was expected> (0x00000000e84504c8) 
thrown [s\src\hotspot\share\interpreter\linkResolver.cpp, line 826]
Event: 9.800 Thread 0x0000016943f8e3d0 Exception <a 'java/lang/NoSuchMethodError'{0x00000000e8237390}: 'int java.lang.invoke.DirectMethodHandle$Holder.invokeStaticInit(java.lang.Object, java.lang.Object, java.lang.Object, java.lang.Object, java.lang.Object)'> (0x00000000e8237390) 
thrown [s\src\hotspot\share\interpreter\linkResolver.cpp, line 759]
Event: 9.862 Thread 0x000001693fa1fe50 Exception <a 'java/lang/NoSuchMethodError'{0x00000000e8177058}: static Lorg/gradle/internal/build/event/types/DefaultTaskFinishedProgressEvent;.<clinit>()V> (0x00000000e8177058) 
thrown [s\src\hotspot\share\prims\jni.cpp, line 1107]
Event: 9.865 Thread 0x000001693fa1fe50 Exception <a 'java/lang/NoSuchMethodError'{0x00000000e818f470}: static Lorg/gradle/internal/build/event/types/DefaultTaskSuccessResult;.<clinit>()V> (0x00000000e818f470) 
thrown [s\src\hotspot\share\prims\jni.cpp, line 1107]
Event: 9.865 Thread 0x000001693fa1fe50 Exception <a 'java/lang/NoSuchMethodError'{0x00000000e81906e0}: static Lorg/gradle/internal/build/event/types/AbstractTaskResult;.<clinit>()V> (0x00000000e81906e0) 
thrown [s\src\hotspot\share\prims\jni.cpp, line 1107]
Event: 9.866 Thread 0x000001693fa1fe50 Exception <a 'java/lang/NoSuchMethodError'{0x00000000e8191c08}: static Lorg/gradle/internal/build/event/types/AbstractResult;.<clinit>()V> (0x00000000e8191c08) 
thrown [s\src\hotspot\share\prims\jni.cpp, line 1107]
Event: 9.870 Thread 0x0000016943f8e3d0 Exception <a 'java/lang/NoSuchMethodError'{0x00000000e81696b8}: 'int java.lang.invoke.DirectMethodHandle$Holder.invokeSpecial(java.lang.Object, java.lang.Object, java.lang.Object, java.lang.Object, java.lang.Object)'> (0x00000000e81696b8) 
thrown [s\src\hotspot\share\interpreter\linkResolver.cpp, line 759]
Event: 9.881 Thread 0x000001693fa1fe50 Exception <a 'java/lang/NoSuchMethodError'{0x00000000e81a2410}: static Lorg/gradle/internal/build/event/types/DefaultTaskSkippedResult;.<clinit>()V> (0x00000000e81a2410) 
thrown [s\src\hotspot\share\prims\jni.cpp, line 1107]
Event: 10.296 Thread 0x000001694624f0a0 Exception <a 'java/lang/NoSuchMethodError'{0x00000000ef953b10}: 'void java.lang.invoke.DirectMethodHandle$Holder.invokeStatic(java.lang.Object, long)'> (0x00000000ef953b10) 
thrown [s\src\hotspot\share\interpreter\linkResolver.cpp, line 759]
Event: 10.297 Thread 0x000001694624f0a0 Exception <a 'java/lang/NoSuchMethodError'{0x00000000ef958e78}: 'java.lang.Object java.lang.invoke.DirectMethodHandle$Holder.newInvokeSpecial(java.lang.Object, long)'> (0x00000000ef958e78) 
thrown [s\src\hotspot\share\interpreter\linkResolver.cpp, line 759]
Event: 10.299 Thread 0x000001694624f0a0 Exception <a 'java/lang/NoSuchMethodError'{0x00000000ef95fbd8}: 'java.lang.Object java.lang.invoke.DirectMethodHandle$Holder.invokeStatic(java.lang.Object, java.lang.Object, long, java.lang.Object)'> (0x00000000ef95fbd8) 
thrown [s\src\hotspot\share\interpreter\linkResolver.cpp, line 759]
Event: 10.299 Thread 0x000001694624f0a0 Exception <a 'java/lang/NoSuchMethodError'{0x00000000ef9633b0}: 'java.lang.Object java.lang.invoke.DirectMethodHandle$Holder.invokeStaticInit(java.lang.Object, java.lang.Object, long, java.lang.Object)'> (0x00000000ef9633b0) 
thrown [s\src\hotspot\share\interpreter\linkResolver.cpp, line 759]
Event: 10.578 Thread 0x000001694490be80 Exception <a 'java/lang/NoSuchMethodError'{0x00000000ef8d9a20}: 'void java.lang.invoke.DirectMethodHandle$Holder.invokeVirtual(java.lang.Object, java.lang.Object)'> (0x00000000ef8d9a20) 
thrown [s\src\hotspot\share\interpreter\linkResolver.cpp, line 759]

VM Operations (20 events):
Event: 9.132 Executing VM operation: HandshakeAllThreads
Event: 9.132 Executing VM operation: HandshakeAllThreads done
Event: 9.191 Executing VM operation: ICBufferFull
Event: 9.191 Executing VM operation: ICBufferFull done
Event: 9.609 Executing VM operation: HandshakeAllThreads
Event: 9.610 Executing VM operation: HandshakeAllThreads done
Event: 9.611 Executing VM operation: HandshakeAllThreads
Event: 9.611 Executing VM operation: HandshakeAllThreads done
Event: 9.625 Executing VM operation: HandshakeAllThreads
Event: 9.625 Executing VM operation: HandshakeAllThreads done
Event: 9.686 Executing VM operation: ICBufferFull
Event: 9.686 Executing VM operation: ICBufferFull done
Event: 9.860 Executing VM operation: HandshakeAllThreads
Event: 9.860 Executing VM operation: HandshakeAllThreads done
Event: 10.031 Executing VM operation: ICBufferFull
Event: 10.031 Executing VM operation: ICBufferFull done
Event: 10.088 Executing VM operation: G1CollectForAllocation
Event: 10.124 Executing VM operation: G1CollectForAllocation done
Event: 10.550 Executing VM operation: HandshakeAllThreads
Event: 10.550 Executing VM operation: HandshakeAllThreads done

Events (20 events):
Event: 10.300 loading class java/lang/Process$PipeInputStream
Event: 10.301 loading class java/lang/Process$PipeInputStream done
Event: 10.301 loading class jdk/internal/event/ProcessStartEvent
Event: 10.301 loading class jdk/internal/event/Event
Event: 10.301 loading class jdk/internal/event/Event done
Event: 10.302 loading class jdk/internal/event/ProcessStartEvent done
Event: 10.303 Thread 0x000001694624ff10 Thread added: 0x000001694624ff10
Event: 10.303 Thread 0x0000016946249530 Thread added: 0x0000016946249530
Event: 10.510 Thread 0x0000016940703770 Thread exited: 0x0000016940703770
Event: 10.549 loading class java/nio/file/attribute/DosFileAttributeView
Event: 10.549 loading class java/nio/file/attribute/DosFileAttributeView done
Event: 10.549 loading class sun/nio/fs/WindowsFileAttributeViews$Dos
Event: 10.549 loading class sun/nio/fs/WindowsFileAttributeViews$Dos done
Event: 10.561 Thread 0x000001694227e830 Thread added: 0x000001694227e830
Event: 10.590 loading class java/util/stream/ReduceOps$2
Event: 10.591 loading class java/util/stream/ReduceOps$2 done
Event: 10.591 loading class java/util/stream/ReduceOps$2ReducingSink
Event: 10.591 loading class java/util/stream/ReduceOps$2ReducingSink done
Event: 10.618 Thread 0x000001694624d890 Thread added: 0x000001694624d890
Event: 10.619 Thread 0x0000016946249ed0 Thread added: 0x0000016946249ed0


Dynamic libraries:
0x00007ff666cf0000 - 0x00007ff666cfd000 	C:\Users\allur\.jdks\corretto-17.0.6\bin\java.exe
0x00007ffc15930000 - 0x00007ffc15b44000 	C:\WINDOWS\SYSTEM32\ntdll.dll
0x00007ffc14290000 - 0x00007ffc14353000 	C:\WINDOWS\System32\KERNEL32.DLL
0x00007ffc12f00000 - 0x00007ffc1329c000 	C:\WINDOWS\System32\KERNELBASE.dll
0x0000000057490000 - 0x00000000577c1000 	C:\Program Files\Norton Security\NortonData\22.20.5.39\Definitions\IPSDefs\20230321.061\IPSEng64.dll
0x00007ffc13740000 - 0x00007ffc137ee000 	C:\WINDOWS\System32\ADVAPI32.dll
0x00007ffc14130000 - 0x00007ffc141d7000 	C:\WINDOWS\System32\msvcrt.dll
0x00007ffc13f50000 - 0x00007ffc13ff4000 	C:\WINDOWS\System32\sechost.dll
0x00007ffc14ba0000 - 0x00007ffc14cb5000 	C:\WINDOWS\System32\RPCRT4.dll
0x00007ffc14a90000 - 0x00007ffc14a98000 	C:\WINDOWS\System32\PSAPI.DLL
0x00007ffc12d70000 - 0x00007ffc12e81000 	C:\WINDOWS\System32\ucrtbase.dll
0x00007ffc06240000 - 0x00007ffc06255000 	C:\Users\allur\.jdks\corretto-17.0.6\bin\VCRUNTIME140.dll
0x00007ffbf8440000 - 0x00007ffbf8457000 	C:\Users\allur\.jdks\corretto-17.0.6\bin\jli.dll
0x00007ffc14cd0000 - 0x00007ffc14e7d000 	C:\WINDOWS\System32\USER32.dll
0x00007ffc13480000 - 0x00007ffc134a6000 	C:\WINDOWS\System32\win32u.dll
0x00007ffc158a0000 - 0x00007ffc158c9000 	C:\WINDOWS\System32\GDI32.dll
0x00007ffc13620000 - 0x00007ffc13733000 	C:\WINDOWS\System32\gdi32full.dll
0x00007ffc132a0000 - 0x00007ffc1333a000 	C:\WINDOWS\System32\msvcp_win.dll
0x00007ffbf6b70000 - 0x00007ffbf6dfe000 	C:\WINDOWS\WinSxS\amd64_microsoft.windows.common-controls_6595b64144ccf1df_6.0.22621.608_none_a9444ca7c10bb01d\COMCTL32.dll
0x00007ffc14930000 - 0x00007ffc14961000 	C:\WINDOWS\System32\IMM32.DLL
0x00007ffb7e280000 - 0x00007ffb7e31b000 	C:\Users\allur\.jdks\corretto-17.0.6\bin\msvcp140.dll
0x00007ffb44d50000 - 0x00007ffb45968000 	C:\Users\allur\.jdks\corretto-17.0.6\bin\server\jvm.dll
0x00007ffc0a260000 - 0x00007ffc0a294000 	C:\WINDOWS\SYSTEM32\WINMM.dll
0x00007ffc07210000 - 0x00007ffc0721a000 	C:\WINDOWS\SYSTEM32\VERSION.dll
0x00007ffbf70d0000 - 0x00007ffbf70d9000 	C:\WINDOWS\SYSTEM32\WSOCK32.dll
0x00007ffc13ec0000 - 0x00007ffc13f31000 	C:\WINDOWS\System32\WS2_32.dll
0x00007ffc11d80000 - 0x00007ffc11d98000 	C:\WINDOWS\SYSTEM32\kernel.appcore.dll
0x00007ffbf7f70000 - 0x00007ffbf7f7a000 	C:\Users\allur\.jdks\corretto-17.0.6\bin\jimage.dll
0x00007ffc10680000 - 0x00007ffc108ae000 	C:\WINDOWS\SYSTEM32\DBGHELP.DLL
0x00007ffc145a0000 - 0x00007ffc14929000 	C:\WINDOWS\System32\combase.dll
0x00007ffc144c0000 - 0x00007ffc14597000 	C:\WINDOWS\System32\OLEAUT32.dll
0x00007ffc07950000 - 0x00007ffc07982000 	C:\WINDOWS\SYSTEM32\dbgcore.DLL
0x00007ffc13400000 - 0x00007ffc1347b000 	C:\WINDOWS\System32\bcryptPrimitives.dll
0x00007ffbc2ce0000 - 0x00007ffbc2d05000 	C:\Users\allur\.jdks\corretto-17.0.6\bin\java.dll
0x00007ffb71a40000 - 0x00007ffb71b16000 	C:\Users\allur\.jdks\corretto-17.0.6\bin\jsvml.dll
0x00007ffc15020000 - 0x00007ffc15810000 	C:\WINDOWS\System32\SHELL32.dll
0x00007ffc10d30000 - 0x00007ffc115fe000 	C:\WINDOWS\SYSTEM32\windows.storage.dll
0x00007ffc10bf0000 - 0x00007ffc10d2e000 	C:\WINDOWS\SYSTEM32\wintypes.dll
0x00007ffc14aa0000 - 0x00007ffc14b91000 	C:\WINDOWS\System32\SHCORE.dll
0x00007ffc14360000 - 0x00007ffc143be000 	C:\WINDOWS\System32\shlwapi.dll
0x00007ffc12ca0000 - 0x00007ffc12cc1000 	C:\WINDOWS\SYSTEM32\profapi.dll
0x00007ffbf1ee0000 - 0x00007ffbf1ef9000 	C:\Users\allur\.jdks\corretto-17.0.6\bin\net.dll
0x00007ffc09000000 - 0x00007ffc0912f000 	C:\WINDOWS\SYSTEM32\WINHTTP.dll
0x00007ffc121f0000 - 0x00007ffc12259000 	C:\WINDOWS\system32\mswsock.dll
0x00007ffbf1590000 - 0x00007ffbf15a5000 	C:\Users\allur\.jdks\corretto-17.0.6\bin\nio.dll
0x00007ffbd77c0000 - 0x00007ffbd77d8000 	C:\Users\allur\.jdks\corretto-17.0.6\bin\zip.dll
0x00007ffbf5de0000 - 0x00007ffbf5df0000 	C:\Users\allur\.jdks\corretto-17.0.6\bin\verify.dll
0x00007ffc07d20000 - 0x00007ffc07d47000 	C:\Users\allur\.gradle\native\68d5fa5c4cc2d200863cafc0d521ce42e7d3e7ee720ec0a83991735586a16f82\windows-amd64\native-platform.dll
0x00007ffb97810000 - 0x00007ffb97954000 	C:\Users\allur\.gradle\native\e376f236ea51e6404a007f0833ffe2c6e607c4080706a723a18a27aeea778392\windows-amd64\native-platform-file-events.dll
0x00007ffbf0ee0000 - 0x00007ffbf0ee9000 	C:\Users\allur\.jdks\corretto-17.0.6\bin\management.dll
0x00007ffbed3d0000 - 0x00007ffbed3db000 	C:\Users\allur\.jdks\corretto-17.0.6\bin\management_ext.dll
0x00007ffc12410000 - 0x00007ffc1242b000 	C:\WINDOWS\SYSTEM32\CRYPTSP.dll
0x00007ffc11cf0000 - 0x00007ffc11d25000 	C:\WINDOWS\system32\rsaenh.dll
0x00007ffc122b0000 - 0x00007ffc122d8000 	C:\WINDOWS\SYSTEM32\USERENV.dll
0x00007ffc12630000 - 0x00007ffc12658000 	C:\WINDOWS\SYSTEM32\bcrypt.dll
0x00007ffc12430000 - 0x00007ffc1243c000 	C:\WINDOWS\SYSTEM32\CRYPTBASE.dll
0x00007ffc11890000 - 0x00007ffc118bd000 	C:\WINDOWS\SYSTEM32\IPHLPAPI.DLL
0x00007ffc14cc0000 - 0x00007ffc14cc9000 	C:\WINDOWS\System32\NSI.dll
0x00007ffc08ef0000 - 0x00007ffc08f09000 	C:\WINDOWS\SYSTEM32\dhcpcsvc6.DLL
0x00007ffc08d40000 - 0x00007ffc08d5f000 	C:\WINDOWS\SYSTEM32\dhcpcsvc.DLL
0x00007ffc118c0000 - 0x00007ffc119b3000 	C:\WINDOWS\SYSTEM32\DNSAPI.dll
0x00007ffbeb8e0000 - 0x00007ffbeb8ee000 	C:\Users\allur\.jdks\corretto-17.0.6\bin\sunmscapi.dll
0x00007ffc134b0000 - 0x00007ffc13616000 	C:\WINDOWS\System32\CRYPT32.dll
0x00007ffc12600000 - 0x00007ffc1262d000 	C:\WINDOWS\SYSTEM32\ncrypt.dll
0x00007ffc125c0000 - 0x00007ffc125f7000 	C:\WINDOWS\SYSTEM32\NTASN1.dll
0x00007ffc02180000 - 0x00007ffc02188000 	C:\WINDOWS\system32\wshunix.dll

dbghelp: loaded successfully - version: 4.0.5 - missing functions: none
symbol engine: initialized successfully - sym options: 0x614 - pdb path: .;C:\Users\allur\.jdks\corretto-17.0.6\bin;C:\WINDOWS\SYSTEM32;C:\Program Files\Norton Security\NortonData\22.20.5.39\Definitions\IPSDefs\20230321.061;C:\WINDOWS\WinSxS\amd64_microsoft.windows.common-controls_6595b64144ccf1df_6.0.22621.608_none_a9444ca7c10bb01d;C:\Users\allur\.jdks\corretto-17.0.6\bin\server;C:\Users\allur\.gradle\native\68d5fa5c4cc2d200863cafc0d521ce42e7d3e7ee720ec0a83991735586a16f82\windows-amd64;C:\Users\allur\.gradle\native\e376f236ea51e6404a007f0833ffe2c6e607c4080706a723a18a27aeea778392\windows-amd64

VM Arguments:
jvm_args: --add-opens=java.base/java.util=ALL-UNNAMED --add-opens=java.base/java.lang=ALL-UNNAMED --add-opens=java.base/java.lang.invoke=ALL-UNNAMED --add-opens=java.prefs/java.util.prefs=ALL-UNNAMED --add-opens=java.base/java.nio.charset=ALL-UNNAMED --add-opens=java.base/java.net=ALL-UNNAMED --add-opens=java.base/java.util.concurrent.atomic=ALL-UNNAMED -XX:MaxMetaspaceSize=256m -XX:+HeapDumpOnOutOfMemoryError -Xms256m -Xmx512m -Dfile.encoding=windows-1252 -Duser.country=GB -Duser.language=en -Duser.variant 
java_command: org.gradle.launcher.daemon.bootstrap.GradleDaemon 7.6.1
java_class_path (initial): C:\Users\allur\.gradle\wrapper\dists\gradle-7.6.1-bin\2clxi94ab3brv6467628wnxmd\gradle-7.6.1\lib\gradle-launcher-7.6.1.jar
Launcher Type: SUN_STANDARD

[Global flags]
     intx CICompilerCount                          = 4                                         {product} {ergonomic}
   size_t CompressedClassSpaceSize                 = 218103808                                 {product} {ergonomic}
     uint ConcGCThreads                            = 2                                         {product} {ergonomic}
     uint G1ConcRefinementThreads                  = 8                                         {product} {ergonomic}
   size_t G1HeapRegionSize                         = 1048576                                   {product} {ergonomic}
    uintx GCDrainStackTargetSize                   = 64                                        {product} {ergonomic}
     bool HeapDumpOnOutOfMemoryError               = true                                   {manageable} {command line}
   size_t InitialHeapSize                          = 268435456                                 {product} {command line}
   size_t MarkStackSize                            = 4194304                                   {product} {ergonomic}
   size_t MaxHeapSize                              = 536870912                                 {product} {command line}
   size_t MaxMetaspaceSize                         = 268435456                                 {product} {command line}
   size_t MaxNewSize                               = 321912832                                 {product} {ergonomic}
   size_t MinHeapDeltaBytes                        = 1048576                                   {product} {ergonomic}
   size_t MinHeapSize                              = 268435456                                 {product} {command line}
    uintx NonNMethodCodeHeapSize                   = 5839372                                {pd product} {ergonomic}
    uintx NonProfiledCodeHeapSize                  = 122909434                              {pd product} {ergonomic}
    uintx ProfiledCodeHeapSize                     = 122909434                              {pd product} {ergonomic}
    uintx ReservedCodeCacheSize                    = 251658240                              {pd product} {ergonomic}
     bool SegmentedCodeCache                       = true                                      {product} {ergonomic}
   size_t SoftMaxHeapSize                          = 536870912                              {manageable} {ergonomic}
     bool UseCompressedClassPointers               = true                           {product lp64_product} {ergonomic}
     bool UseCompressedOops                        = true                           {product lp64_product} {ergonomic}
     bool UseG1GC                                  = true                                      {product} {ergonomic}
     bool UseLargePagesIndividualAllocation        = false                                  {pd product} {ergonomic}

Logging:
Log output configuration:
 #0: stdout all=warning uptime,level,tags
 #1: stderr all=off uptime,level,tags

Environment Variables:
JAVA_HOME=C:\Program Files\Java\jdk-19
PATH=C:\Program Files\Common Files\Oracle\Java\javapath;C:\Program Files (x86)\Common Files\Oracle\Java\javapath;C:\Program Files (x86)\EasyPHP-DevServer-14.1VC11\binaries\php\php_runningversion;C:\WINDOWS\system32;C:\WINDOWS;C:\WINDOWS\System32\Wbem;C:\WINDOWS\System32\WindowsPowerShell\v1.0\;C:\WINDOWS\System32\OpenSSH\;C:\Program Files\Microchip\xc32\v4.00\bin;C:\Program Files\nodejs\;C:\Program Files\nodejs;C:\Program Files\Git\cmd;C:\Program Files\Java\jdk-19\bin;C:\Users\allur\oopp-team-11;C:\Users\allur\AppData\Local\Microsoft\WindowsApps;C:\Users\allur\AppData\Roaming\npm;C:\Users\allur\AppData\Local\Programs\Microsoft VS Code\bin;C:\Program Files\nodejs;C:\Users\allur\AppData\Local\Programs\mongosh\;%GRADLE_HOME%\bin;C:\Users\allur\AppData\Local\gitkraken\bin
USERNAME=allur
OS=Windows_NT
PROCESSOR_IDENTIFIER=Intel64 Family 6 Model 142 Stepping 12, GenuineIntel
TMP=C:\Users\allur\AppData\Local\Temp
TEMP=C:\Users\allur\AppData\Local\Temp



---------------  S Y S T E M  ---------------

OS:
 Windows 11 , 64 bit Build 22621 (10.0.22621.1344)
OS uptime: 5 days 2:35 hours
Hyper-V role detected

CPU: total 8 (initial active 8) (4 cores per cpu, 2 threads per core) family 6 model 142 stepping 12 microcode 0xde, cx8, cmov, fxsr, ht, mmx, 3dnowpref, sse, sse2, sse3, ssse3, sse4.1, sse4.2, popcnt, lzcnt, tsc, tscinvbit, avx, avx2, aes, erms, clmul, bmi1, bmi2, adx, fma, vzeroupper, clflush, clflushopt, hv

Memory: 4k page, system-wide physical 8011M (450M free)
TotalPageFile size 32587M (AvailPageFile size 4M)
current process WorkingSet (physical memory assigned to process): 421M, peak: 421M
current process commit charge ("private bytes"): 507M, peak: 509M

vm_info: OpenJDK 64-Bit Server VM (17.0.6+10-LTS) for windows-amd64 JRE (17.0.6+10-LTS), built on Jan 13 2023 22:57:04 by "Administrator" with MS VC++ 15.9 (VS2017)

END.
