#
# There is insufficient memory for the Java Runtime Environment to continue.
# Native memory allocation (malloc) failed to allocate 350736 bytes for Chunk::new
# Possible reasons:
#   The system is out of physical RAM or swap space
#   The process is running with CompressedOops enabled, and the Java Heap may be blocking the growth of the native heap
# Possible solutions:
#   Reduce memory load on the system
#   Increase physical memory or swap space
#   Check if swap backing store is full
#   Decrease Java heap size (-Xmx/-Xms)
#   Decrease number of Java threads
#   Decrease Java thread stack sizes (-Xss)
#   Set larger code cache with -XX:ReservedCodeCacheSize=
#   JVM is running with Unscaled Compressed Oops mode in which the Java heap is
#     placed in the first 4GB address space. The Java Heap base address is the
#     maximum limit for the native heap growth. Please use -XX:HeapBaseMinAddress
#     to set the Java Heap base and to place the Java Heap above 4GB virtual address.
# This output file may be truncated or incomplete.
#
#  Out of Memory Error (arena.cpp:189), pid=35784, tid=7096
#
# JRE version: OpenJDK Runtime Environment Corretto-17.0.6.10.1 (17.0.6+10) (build 17.0.6+10-LTS)
# Java VM: OpenJDK 64-Bit Server VM Corretto-17.0.6.10.1 (17.0.6+10-LTS, mixed mode, sharing, tiered, compressed oops, compressed class ptrs, g1 gc, windows-amd64)
# No core dump will be written. Minidumps are not enabled by default on client versions of Windows
#

---------------  S U M M A R Y ------------

Command Line: --add-opens=java.base/java.util=ALL-UNNAMED --add-opens=java.base/java.lang=ALL-UNNAMED --add-opens=java.base/java.lang.invoke=ALL-UNNAMED --add-opens=java.prefs/java.util.prefs=ALL-UNNAMED --add-opens=java.base/java.nio.charset=ALL-UNNAMED --add-opens=java.base/java.net=ALL-UNNAMED --add-opens=java.base/java.util.concurrent.atomic=ALL-UNNAMED -XX:MaxMetaspaceSize=256m -XX:+HeapDumpOnOutOfMemoryError -Xms256m -Xmx512m -Dfile.encoding=windows-1252 -Duser.country=GB -Duser.language=en -Duser.variant org.gradle.launcher.daemon.bootstrap.GradleDaemon 7.6.1

Host: Intel(R) Core(TM) i5-10210U CPU @ 1.60GHz, 8 cores, 7G,  Windows 11 , 64 bit Build 22621 (10.0.22621.1344)
Time: Wed Mar 22 23:02:41 2023 GTB Standard Time elapsed time: 11.430976 seconds (0d 0h 0m 11s)

---------------  T H R E A D  ---------------

Current thread (0x000001fd2c0c4000):  JavaThread "C2 CompilerThread0" daemon [_thread_in_native, id=7096, stack(0x0000009f93600000,0x0000009f93700000)]


Current CompileTask:
C2:  11431 7531       4       org.gradle.internal.logging.text.AbstractLineChoppingStyledTextOutput::doAppend (43 bytes)

Stack: [0x0000009f93600000,0x0000009f93700000]
Native frames: (J=compiled Java code, j=interpreted, Vv=VM code, C=native code)
V  [jvm.dll+0x64b39a]
V  [jvm.dll+0x7ff044]
V  [jvm.dll+0x8007fe]
V  [jvm.dll+0x800e53]
V  [jvm.dll+0x235848]
V  [jvm.dll+0xbce6c]
V  [jvm.dll+0xbd44c]
V  [jvm.dll+0x29cc12]
V  [jvm.dll+0x557b28]
V  [jvm.dll+0x211cfb]
V  [jvm.dll+0x20b0f9]
V  [jvm.dll+0x209122]
V  [jvm.dll+0x19926d]
V  [jvm.dll+0x2185dd]
V  [jvm.dll+0x216824]
V  [jvm.dll+0x7b77bb]
V  [jvm.dll+0x7b1d6a]
V  [jvm.dll+0x64a265]
C  [ucrtbase.dll+0x29363]
C  [KERNEL32.DLL+0x126bd]
C  [ntdll.dll+0x5a9f8]


---------------  P R O C E S S  ---------------

Threads class SMR info:
_java_thread_list=0x000001fd2e473e00, length=138, elements={
0x000001fd11561d90, 0x000001fd2c09df50, 0x000001fd2c09e900, 0x000001fd2c0b5c40,
0x000001fd2c0b6500, 0x000001fd2c0b8320, 0x000001fd2c0bec40, 0x000001fd2c0c4000,
0x000001fd2c0d0920, 0x000001fd2c0d1220, 0x000001fd2cd2c910, 0x000001fd2cd2edf0,
0x000001fd2e53b6a0, 0x000001fd2e05a220, 0x000001fd2f506450, 0x000001fd2e80fb80,
0x000001fd2e0fd020, 0x000001fd2eb807f0, 0x000001fd2dac11a0, 0x000001fd2ebdd540,
0x000001fd2ebdc6d0, 0x000001fd2ebded50, 0x000001fd2ebdda10, 0x000001fd2ebdd070,
0x000001fd2ebde880, 0x000001fd2ebe0090, 0x000001fd2ebde3b0, 0x000001fd2ebdf6f0,
0x000001fd2ebdfbc0, 0x000001fd2ebdf220, 0x000001fd308fc5b0, 0x000001fd308fe290,
0x000001fd308fcf50, 0x000001fd308fbc10, 0x000001fd308ff100, 0x000001fd308fca80,
0x000001fd308fd420, 0x000001fd308fddc0, 0x000001fd2e6362d0, 0x000001fd2e62fdc0,
0x000001fd2e633780, 0x000001fd2e62ef50, 0x000001fd2e635930, 0x000001fd2e634f90,
0x000001fd2e634ac0, 0x000001fd2e6367a0, 0x000001fd2e631f70, 0x000001fd2e634120,
0x000001fd2e630290, 0x000001fd2e635e00, 0x000001fd2e635460, 0x000001fd2e630c30,
0x000001fd2e631100, 0x000001fd2e62f420, 0x000001fd2e6315d0, 0x000001fd2e632910,
0x000001fd2ead1040, 0x000001fd2ead53a0, 0x000001fd2ead6210, 0x000001fd2ead36c0,
0x000001fd2ead5d40, 0x000001fd2ead19e0, 0x000001fd2ead66e0, 0x000001fd2ead2850,
0x000001fd2ead2380, 0x000001fd2ead7ef0, 0x000001fd2ead2d20, 0x000001fd2ead6bb0,
0x000001fd2ead31f0, 0x000001fd2ead5870, 0x000001fd2ead7080, 0x000001fd2ead1eb0,
0x000001fd2ead3b90, 0x000001fd2ead7550, 0x000001fd2ead06a0, 0x000001fd2ead0b70,
0x000001fd2ead1510, 0x000001fd2ead4ed0, 0x000001fd2ead4060, 0x000001fd2ead4530,
0x000001fd2ead4a00, 0x000001fd32ae5530, 0x000001fd32ae8550, 0x000001fd32ae63a0,
0x000001fd32ae76e0, 0x000001fd32ae7bb0, 0x000001fd32ae8080, 0x000001fd32ae8a20,
0x000001fd32ae5060, 0x000001fd32ae5a00, 0x000001fd32ae6870, 0x000001fd32ae5ed0,
0x000001fd32ae7210, 0x000001fd32ae6d40, 0x000001fd2e8c4f90, 0x000001fd2e8c6c70,
0x000001fd2e8c7140, 0x000001fd2e8c7610, 0x000001fd2e8c4ac0, 0x000001fd2e8c4120,
0x000001fd2e8c5460, 0x000001fd2e8c5930, 0x000001fd2e8c5e00, 0x000001fd2e8c3c50,
0x000001fd2e8c67a0, 0x000001fd2e8c45f0, 0x000001fd2e8c62d0, 0x000001fd2f73b060,
0x000001fd2f736d00, 0x000001fd2f73ba00, 0x000001fd2f73ab90, 0x000001fd2f73a1f0,
0x000001fd2f73a6c0, 0x000001fd2f73cd40, 0x000001fd2f7376a0, 0x000001fd2f7389e0,
0x000001fd2f73b530, 0x000001fd2f73bed0, 0x000001fd2f73c3a0, 0x000001fd2f738eb0,
0x000001fd2f73c870, 0x000001fd2f7371d0, 0x000001fd2f737b70, 0x000001fd2f73d210,
0x000001fd2f738040, 0x000001fd2f738510, 0x000001fd2f7359c0, 0x000001fd2f739380,
0x000001fd2f735e90, 0x000001fd2f736360, 0x000001fd2f736830, 0x000001fd2f739850,
0x000001fd2f739d20, 0x000001fd2eb54ca0, 0x000001fd2eb59000, 0x000001fd2eb59e70,
0x000001fd2eb5a340, 0x000001fd2eb55170
}

Java Threads: ( => current thread )
  0x000001fd11561d90 JavaThread "main" [_thread_blocked, id=33300, stack(0x0000009f92900000,0x0000009f92a00000)]
  0x000001fd2c09df50 JavaThread "Reference Handler" daemon [_thread_blocked, id=16464, stack(0x0000009f93000000,0x0000009f93100000)]
  0x000001fd2c09e900 JavaThread "Finalizer" daemon [_thread_blocked, id=33860, stack(0x0000009f93100000,0x0000009f93200000)]
  0x000001fd2c0b5c40 JavaThread "Signal Dispatcher" daemon [_thread_blocked, id=17840, stack(0x0000009f93200000,0x0000009f93300000)]
  0x000001fd2c0b6500 JavaThread "Attach Listener" daemon [_thread_blocked, id=25056, stack(0x0000009f93300000,0x0000009f93400000)]
  0x000001fd2c0b8320 JavaThread "Service Thread" daemon [_thread_blocked, id=19980, stack(0x0000009f93400000,0x0000009f93500000)]
  0x000001fd2c0bec40 JavaThread "Monitor Deflation Thread" daemon [_thread_blocked, id=9576, stack(0x0000009f93500000,0x0000009f93600000)]
=>0x000001fd2c0c4000 JavaThread "C2 CompilerThread0" daemon [_thread_in_native, id=7096, stack(0x0000009f93600000,0x0000009f93700000)]
  0x000001fd2c0d0920 JavaThread "C1 CompilerThread0" daemon [_thread_blocked, id=19416, stack(0x0000009f93700000,0x0000009f93800000)]
  0x000001fd2c0d1220 JavaThread "Sweeper thread" daemon [_thread_blocked, id=36396, stack(0x0000009f93800000,0x0000009f93900000)]
  0x000001fd2cd2c910 JavaThread "Common-Cleaner" daemon [_thread_blocked, id=35920, stack(0x0000009f93900000,0x0000009f93a00000)]
  0x000001fd2cd2edf0 JavaThread "Notification Thread" daemon [_thread_blocked, id=31220, stack(0x0000009f93a00000,0x0000009f93b00000)]
  0x000001fd2e53b6a0 JavaThread "Daemon health stats" [_thread_blocked, id=28424, stack(0x0000009f94200000,0x0000009f94300000)]
  0x000001fd2e05a220 JavaThread "Incoming local TCP Connector on port 53457" [_thread_in_native, id=36092, stack(0x0000009f94300000,0x0000009f94400000)]
  0x000001fd2f506450 JavaThread "Daemon periodic checks" [_thread_blocked, id=26676, stack(0x0000009f94400000,0x0000009f94500000)]
  0x000001fd2e80fb80 JavaThread "Daemon" [_thread_blocked, id=29448, stack(0x0000009f94500000,0x0000009f94600000)]
  0x000001fd2e0fd020 JavaThread "Handler for socket connection from /127.0.0.1:53457 to /127.0.0.1:53458" [_thread_in_native, id=10444, stack(0x0000009f94600000,0x0000009f94700000)]
  0x000001fd2eb807f0 JavaThread "Cancel handler" [_thread_blocked, id=35600, stack(0x0000009f94700000,0x0000009f94800000)]
  0x000001fd2dac11a0 JavaThread "Daemon worker" [_thread_blocked, id=28004, stack(0x0000009f94800000,0x0000009f94900000)]
  0x000001fd2ebdd540 JavaThread "Asynchronous log dispatcher for DefaultDaemonConnection: socket connection from /127.0.0.1:53457 to /127.0.0.1:53458" [_thread_blocked, id=18496, stack(0x0000009f94900000,0x0000009f94a00000)]
  0x000001fd2ebdc6d0 JavaThread "Stdin handler" [_thread_blocked, id=16240, stack(0x0000009f94a00000,0x0000009f94b00000)]
  0x000001fd2ebded50 JavaThread "Daemon client event forwarder" [_thread_blocked, id=26996, stack(0x0000009f94b00000,0x0000009f94c00000)]
  0x000001fd2ebdda10 JavaThread "Cache worker for journal cache (C:\Users\allur\.gradle\caches\journal-1)" [_thread_blocked, id=33320, stack(0x0000009f94c00000,0x0000009f94d00000)]
  0x000001fd2ebdd070 JavaThread "File lock request listener" [_thread_in_native, id=35244, stack(0x0000009f94d00000,0x0000009f94e00000)]
  0x000001fd2ebde880 JavaThread "Cache worker for file hash cache (C:\Users\allur\.gradle\caches\7.6.1\fileHashes)" [_thread_blocked, id=30308, stack(0x0000009f93c00000,0x0000009f93d00000)]
  0x000001fd2ebe0090 JavaThread "File watcher server" daemon [_thread_in_native, id=26744, stack(0x0000009f94e00000,0x0000009f94f00000)]
  0x000001fd2ebde3b0 JavaThread "File watcher consumer" daemon [_thread_blocked, id=1284, stack(0x0000009f94f00000,0x0000009f95000000)]
  0x000001fd2ebdf6f0 JavaThread "Cache worker for checksums cache (C:\Users\allur\oopp-team-11\.gradle\7.6.1\checksums)" [_thread_blocked, id=25380, stack(0x0000009f95000000,0x0000009f95100000)]
  0x000001fd2ebdfbc0 JavaThread "Cache worker for cache directory md-rule (C:\Users\allur\.gradle\caches\7.6.1\md-rule)" [_thread_blocked, id=35372, stack(0x0000009f95100000,0x0000009f95200000)]
  0x000001fd2ebdf220 JavaThread "Cache worker for file content cache (C:\Users\allur\.gradle\caches\7.6.1\fileContent)" [_thread_blocked, id=1744, stack(0x0000009f95200000,0x0000009f95300000)]
  0x000001fd308fc5b0 JavaThread "Cache worker for file hash cache (C:\Users\allur\oopp-team-11\.gradle\7.6.1\fileHashes)" [_thread_blocked, id=34848, stack(0x0000009f95300000,0x0000009f95400000)]
  0x000001fd308fe290 JavaThread "Cache worker for cache directory md-supplier (C:\Users\allur\.gradle\caches\7.6.1\md-supplier)" [_thread_blocked, id=32100, stack(0x0000009f95700000,0x0000009f95800000)]
  0x000001fd308fcf50 JavaThread "Cache worker for execution history cache (C:\Users\allur\.gradle\caches\7.6.1\executionHistory)" [_thread_blocked, id=14072, stack(0x0000009f95800000,0x0000009f95900000)]
  0x000001fd308fbc10 JavaThread "jar transforms" [_thread_blocked, id=10496, stack(0x0000009f95a00000,0x0000009f95b00000)]
  0x000001fd308ff100 JavaThread "jar transforms Thread 2" [_thread_blocked, id=30420, stack(0x0000009f95b00000,0x0000009f95c00000)]
  0x000001fd308fca80 JavaThread "jar transforms Thread 3" [_thread_blocked, id=21104, stack(0x0000009f95c00000,0x0000009f95d00000)]
  0x000001fd308fd420 JavaThread "jar transforms Thread 4" [_thread_blocked, id=36812, stack(0x0000009f95d00000,0x0000009f95e00000)]
  0x000001fd308fddc0 JavaThread "jar transforms Thread 5" [_thread_blocked, id=36028, stack(0x0000009f95e00000,0x0000009f95f00000)]
  0x000001fd2e6362d0 JavaThread "jar transforms Thread 6" [_thread_blocked, id=36200, stack(0x0000009f95f00000,0x0000009f96000000)]
  0x000001fd2e62fdc0 JavaThread "jar transforms Thread 7" [_thread_blocked, id=35088, stack(0x0000009f96000000,0x0000009f96100000)]
  0x000001fd2e633780 JavaThread "jar transforms Thread 8" [_thread_blocked, id=3984, stack(0x0000009f96100000,0x0000009f96200000)]
  0x000001fd2e62ef50 JavaThread "Cache worker for dependencies-accessors (C:\Users\allur\oopp-team-11\.gradle\7.6.1\dependencies-accessors)" [_thread_blocked, id=35276, stack(0x0000009f96200000,0x0000009f96300000)]
  0x000001fd2e635930 JavaThread "Cache worker for Build Output Cleanup Cache (C:\Users\allur\oopp-team-11\.gradle\buildOutputCleanup)" [_thread_blocked, id=27856, stack(0x0000009f96300000,0x0000009f96400000)]
  0x000001fd2e634f90 JavaThread "Unconstrained build operations" [_thread_blocked, id=22064, stack(0x0000009f96400000,0x0000009f96500000)]
  0x000001fd2e634ac0 JavaThread "Unconstrained build operations Thread 2" [_thread_blocked, id=15872, stack(0x0000009f96500000,0x0000009f96600000)]
  0x000001fd2e6367a0 JavaThread "Unconstrained build operations Thread 3" [_thread_blocked, id=9788, stack(0x0000009f96600000,0x0000009f96700000)]
  0x000001fd2e631f70 JavaThread "Unconstrained build operations Thread 4" [_thread_blocked, id=13320, stack(0x0000009f96700000,0x0000009f96800000)]
  0x000001fd2e634120 JavaThread "Unconstrained build operations Thread 5" [_thread_blocked, id=476, stack(0x0000009f96800000,0x0000009f96900000)]
  0x000001fd2e630290 JavaThread "Unconstrained build operations Thread 6" [_thread_blocked, id=17896, stack(0x0000009f96900000,0x0000009f96a00000)]
  0x000001fd2e635e00 JavaThread "Unconstrained build operations Thread 7" [_thread_blocked, id=31852, stack(0x0000009f96a00000,0x0000009f96b00000)]
  0x000001fd2e635460 JavaThread "Unconstrained build operations Thread 8" [_thread_blocked, id=32372, stack(0x0000009f96b00000,0x0000009f96c00000)]
  0x000001fd2e630c30 JavaThread "Unconstrained build operations Thread 9" [_thread_blocked, id=35588, stack(0x0000009f96c00000,0x0000009f96d00000)]
  0x000001fd2e631100 JavaThread "Unconstrained build operations Thread 10" [_thread_blocked, id=23564, stack(0x0000009f96d00000,0x0000009f96e00000)]
  0x000001fd2e62f420 JavaThread "Unconstrained build operations Thread 11" [_thread_blocked, id=30724, stack(0x0000009f96e00000,0x0000009f96f00000)]
  0x000001fd2e6315d0 JavaThread "Unconstrained build operations Thread 12" [_thread_blocked, id=34800, stack(0x0000009f96f00000,0x0000009f97000000)]
  0x000001fd2e632910 JavaThread "Memory manager" [_thread_blocked, id=34196, stack(0x0000009f97000000,0x0000009f97100000)]
  0x000001fd2ead1040 JavaThread "Unconstrained build operations Thread 13" [_thread_blocked, id=13780, stack(0x0000009f97500000,0x0000009f97600000)]
  0x000001fd2ead53a0 JavaThread "Unconstrained build operations Thread 14" [_thread_blocked, id=36356, stack(0x0000009f97600000,0x0000009f97700000)]
  0x000001fd2ead6210 JavaThread "Unconstrained build operations Thread 15" [_thread_blocked, id=36272, stack(0x0000009f97700000,0x0000009f97800000)]
  0x000001fd2ead36c0 JavaThread "Unconstrained build operations Thread 16" [_thread_blocked, id=25332, stack(0x0000009f97800000,0x0000009f97900000)]
  0x000001fd2ead5d40 JavaThread "Unconstrained build operations Thread 17" [_thread_blocked, id=33292, stack(0x0000009f97900000,0x0000009f97a00000)]
  0x000001fd2ead19e0 JavaThread "Unconstrained build operations Thread 18" [_thread_blocked, id=16592, stack(0x0000009f97a00000,0x0000009f97b00000)]
  0x000001fd2ead66e0 JavaThread "Unconstrained build operations Thread 19" [_thread_blocked, id=35376, stack(0x0000009f97b00000,0x0000009f97c00000)]
  0x000001fd2ead2850 JavaThread "Unconstrained build operations Thread 20" [_thread_blocked, id=8760, stack(0x0000009f97c00000,0x0000009f97d00000)]
  0x000001fd2ead2380 JavaThread "Unconstrained build operations Thread 21" [_thread_blocked, id=23612, stack(0x0000009f97d00000,0x0000009f97e00000)]
  0x000001fd2ead7ef0 JavaThread "Unconstrained build operations Thread 22" [_thread_blocked, id=30900, stack(0x0000009f97e00000,0x0000009f97f00000)]
  0x000001fd2ead2d20 JavaThread "Unconstrained build operations Thread 23" [_thread_blocked, id=33484, stack(0x0000009f97f00000,0x0000009f98000000)]
  0x000001fd2ead6bb0 JavaThread "Unconstrained build operations Thread 24" [_thread_blocked, id=35024, stack(0x0000009f98000000,0x0000009f98100000)]
  0x000001fd2ead31f0 JavaThread "Unconstrained build operations Thread 25" [_thread_blocked, id=36740, stack(0x0000009f98100000,0x0000009f98200000)]
  0x000001fd2ead5870 JavaThread "Unconstrained build operations Thread 26" [_thread_blocked, id=16608, stack(0x0000009f98200000,0x0000009f98300000)]
  0x000001fd2ead7080 JavaThread "Unconstrained build operations Thread 27" [_thread_blocked, id=31888, stack(0x0000009f98300000,0x0000009f98400000)]
  0x000001fd2ead1eb0 JavaThread "Unconstrained build operations Thread 28" [_thread_blocked, id=29176, stack(0x0000009f98400000,0x0000009f98500000)]
  0x000001fd2ead3b90 JavaThread "Unconstrained build operations Thread 29" [_thread_blocked, id=30028, stack(0x0000009f98500000,0x0000009f98600000)]
  0x000001fd2ead7550 JavaThread "Unconstrained build operations Thread 30" [_thread_blocked, id=35440, stack(0x0000009f98600000,0x0000009f98700000)]
  0x000001fd2ead06a0 JavaThread "Unconstrained build operations Thread 31" [_thread_blocked, id=33768, stack(0x0000009f98700000,0x0000009f98800000)]
  0x000001fd2ead0b70 JavaThread "Unconstrained build operations Thread 32" [_thread_blocked, id=33728, stack(0x0000009f98800000,0x0000009f98900000)]
  0x000001fd2ead1510 JavaThread "Unconstrained build operations Thread 33" [_thread_blocked, id=1556, stack(0x0000009f98900000,0x0000009f98a00000)]
  0x000001fd2ead4ed0 JavaThread "Unconstrained build operations Thread 34" [_thread_blocked, id=35296, stack(0x0000009f98a00000,0x0000009f98b00000)]
  0x000001fd2ead4060 JavaThread "Unconstrained build operations Thread 35" [_thread_blocked, id=22868, stack(0x0000009f98b00000,0x0000009f98c00000)]
  0x000001fd2ead4530 JavaThread "Unconstrained build operations Thread 36" [_thread_blocked, id=34676, stack(0x0000009f98c00000,0x0000009f98d00000)]
  0x000001fd2ead4a00 JavaThread "Unconstrained build operations Thread 37" [_thread_blocked, id=3428, stack(0x0000009f98d00000,0x0000009f98e00000)]
  0x000001fd32ae5530 JavaThread "Unconstrained build operations Thread 38" [_thread_blocked, id=32744, stack(0x0000009f98e00000,0x0000009f98f00000)]
  0x000001fd32ae8550 JavaThread "Unconstrained build operations Thread 39" [_thread_blocked, id=10760, stack(0x0000009f98f00000,0x0000009f99000000)]
  0x000001fd32ae63a0 JavaThread "Unconstrained build operations Thread 40" [_thread_blocked, id=24808, stack(0x0000009f99000000,0x0000009f99100000)]
  0x000001fd32ae76e0 JavaThread "Unconstrained build operations Thread 41" [_thread_blocked, id=30924, stack(0x0000009f99100000,0x0000009f99200000)]
  0x000001fd32ae7bb0 JavaThread "Unconstrained build operations Thread 42" [_thread_blocked, id=35824, stack(0x0000009f99200000,0x0000009f99300000)]
  0x000001fd32ae8080 JavaThread "Unconstrained build operations Thread 43" [_thread_blocked, id=34344, stack(0x0000009f99300000,0x0000009f99400000)]
  0x000001fd32ae8a20 JavaThread "Unconstrained build operations Thread 44" [_thread_blocked, id=26196, stack(0x0000009f99400000,0x0000009f99500000)]
  0x000001fd32ae5060 JavaThread "Unconstrained build operations Thread 45" [_thread_blocked, id=26852, stack(0x0000009f99500000,0x0000009f99600000)]
  0x000001fd32ae5a00 JavaThread "Unconstrained build operations Thread 46" [_thread_blocked, id=13096, stack(0x0000009f99600000,0x0000009f99700000)]
  0x000001fd32ae6870 JavaThread "Unconstrained build operations Thread 47" [_thread_blocked, id=34536, stack(0x0000009f99700000,0x0000009f99800000)]
  0x000001fd32ae5ed0 JavaThread "included builds" [_thread_blocked, id=27716, stack(0x0000009f99800000,0x0000009f99900000)]
  0x000001fd32ae7210 JavaThread "Execution worker" [_thread_blocked, id=24800, stack(0x0000009f99900000,0x0000009f99a00000)]
  0x000001fd32ae6d40 JavaThread "Execution worker Thread 2" [_thread_blocked, id=29180, stack(0x0000009f99a00000,0x0000009f99b00000)]
  0x000001fd2e8c4f90 JavaThread "Execution worker Thread 3" [_thread_blocked, id=3876, stack(0x0000009f99b00000,0x0000009f99c00000)]
  0x000001fd2e8c6c70 JavaThread "Execution worker Thread 4" [_thread_blocked, id=6948, stack(0x0000009f99c00000,0x0000009f99d00000)]
  0x000001fd2e8c7140 JavaThread "Execution worker Thread 5" [_thread_blocked, id=22844, stack(0x0000009f99d00000,0x0000009f99e00000)]
  0x000001fd2e8c7610 JavaThread "Execution worker Thread 6" [_thread_blocked, id=35528, stack(0x0000009f99e00000,0x0000009f99f00000)]
  0x000001fd2e8c4ac0 JavaThread "Execution worker Thread 7" [_thread_blocked, id=20212, stack(0x0000009f99f00000,0x0000009f9a000000)]
  0x000001fd2e8c4120 JavaThread "Cache worker for execution history cache (C:\Users\allur\oopp-team-11\.gradle\7.6.1\executionHistory)" [_thread_blocked, id=25900, stack(0x0000009f9a000000,0x0000009f9a100000)]
  0x000001fd2e8c5460 JavaThread "Unconstrained build operations Thread 48" [_thread_blocked, id=31156, stack(0x0000009f9a100000,0x0000009f9a200000)]
  0x000001fd2e8c5930 JavaThread "Unconstrained build operations Thread 49" [_thread_blocked, id=33104, stack(0x0000009f9a200000,0x0000009f9a300000)]
  0x000001fd2e8c5e00 JavaThread "Unconstrained build operations Thread 50" [_thread_blocked, id=35260, stack(0x0000009f9a300000,0x0000009f9a400000)]
  0x000001fd2e8c3c50 JavaThread "Unconstrained build operations Thread 51" [_thread_blocked, id=35552, stack(0x0000009f9a400000,0x0000009f9a500000)]
  0x000001fd2e8c67a0 JavaThread "Unconstrained build operations Thread 52" [_thread_blocked, id=36108, stack(0x0000009f9a500000,0x0000009f9a600000)]
  0x000001fd2e8c45f0 JavaThread "Unconstrained build operations Thread 53" [_thread_blocked, id=31544, stack(0x0000009f9a600000,0x0000009f9a700000)]
  0x000001fd2e8c62d0 JavaThread "Unconstrained build operations Thread 54" [_thread_blocked, id=36512, stack(0x0000009f9a700000,0x0000009f9a800000)]
  0x000001fd2f73b060 JavaThread "Unconstrained build operations Thread 55" [_thread_blocked, id=23176, stack(0x0000009f9a800000,0x0000009f9a900000)]
  0x000001fd2f736d00 JavaThread "Unconstrained build operations Thread 56" [_thread_blocked, id=18112, stack(0x0000009f9a900000,0x0000009f9aa00000)]
  0x000001fd2f73ba00 JavaThread "Unconstrained build operations Thread 57" [_thread_blocked, id=36808, stack(0x0000009f9aa00000,0x0000009f9ab00000)]
  0x000001fd2f73ab90 JavaThread "Unconstrained build operations Thread 58" [_thread_blocked, id=35412, stack(0x0000009f9ab00000,0x0000009f9ac00000)]
  0x000001fd2f73a1f0 JavaThread "Unconstrained build operations Thread 59" [_thread_blocked, id=6192, stack(0x0000009f9ac00000,0x0000009f9ad00000)]
  0x000001fd2f73a6c0 JavaThread "Unconstrained build operations Thread 60" [_thread_blocked, id=732, stack(0x0000009f9ad00000,0x0000009f9ae00000)]
  0x000001fd2f73cd40 JavaThread "Unconstrained build operations Thread 61" [_thread_blocked, id=26660, stack(0x0000009f9ae00000,0x0000009f9af00000)]
  0x000001fd2f7376a0 JavaThread "Unconstrained build operations Thread 62" [_thread_blocked, id=32352, stack(0x0000009f9af00000,0x0000009f9b000000)]
  0x000001fd2f7389e0 JavaThread "Unconstrained build operations Thread 63" [_thread_blocked, id=36700, stack(0x0000009f9b000000,0x0000009f9b100000)]
  0x000001fd2f73b530 JavaThread "Unconstrained build operations Thread 64" [_thread_blocked, id=3660, stack(0x0000009f9b100000,0x0000009f9b200000)]
  0x000001fd2f73bed0 JavaThread "Unconstrained build operations Thread 65" [_thread_blocked, id=35448, stack(0x0000009f9b200000,0x0000009f9b300000)]
  0x000001fd2f73c3a0 JavaThread "Unconstrained build operations Thread 66" [_thread_blocked, id=18984, stack(0x0000009f9b300000,0x0000009f9b400000)]
  0x000001fd2f738eb0 JavaThread "Unconstrained build operations Thread 67" [_thread_blocked, id=18552, stack(0x0000009f9b400000,0x0000009f9b500000)]
  0x000001fd2f73c870 JavaThread "Unconstrained build operations Thread 68" [_thread_blocked, id=29976, stack(0x0000009f9b500000,0x0000009f9b600000)]
  0x000001fd2f7371d0 JavaThread "Unconstrained build operations Thread 69" [_thread_blocked, id=22428, stack(0x0000009f9b600000,0x0000009f9b700000)]
  0x000001fd2f737b70 JavaThread "Unconstrained build operations Thread 70" [_thread_blocked, id=25412, stack(0x0000009f9b700000,0x0000009f9b800000)]
  0x000001fd2f73d210 JavaThread "Unconstrained build operations Thread 71" [_thread_blocked, id=22928, stack(0x0000009f9b800000,0x0000009f9b900000)]
  0x000001fd2f738040 JavaThread "Unconstrained build operations Thread 72" [_thread_blocked, id=13060, stack(0x0000009f9b900000,0x0000009f9ba00000)]
  0x000001fd2f738510 JavaThread "Unconstrained build operations Thread 73" [_thread_blocked, id=556, stack(0x0000009f9ba00000,0x0000009f9bb00000)]
  0x000001fd2f7359c0 JavaThread "Unconstrained build operations Thread 74" [_thread_blocked, id=33824, stack(0x0000009f9bb00000,0x0000009f9bc00000)]
  0x000001fd2f739380 JavaThread "Unconstrained build operations Thread 75" [_thread_blocked, id=35264, stack(0x0000009f9bc00000,0x0000009f9bd00000)]
  0x000001fd2f735e90 JavaThread "Unconstrained build operations Thread 76" [_thread_blocked, id=2692, stack(0x0000009f9bd00000,0x0000009f9be00000)]
  0x000001fd2f736360 JavaThread "Unconstrained build operations Thread 77" [_thread_blocked, id=29584, stack(0x0000009f9be00000,0x0000009f9bf00000)]
  0x000001fd2f736830 JavaThread "Unconstrained build operations Thread 78" [_thread_blocked, id=17380, stack(0x0000009f9bf00000,0x0000009f9c000000)]
  0x000001fd2f739850 JavaThread "Unconstrained build operations Thread 79" [_thread_blocked, id=32668, stack(0x0000009f9c000000,0x0000009f9c100000)]
  0x000001fd2f739d20 JavaThread "Unconstrained build operations Thread 80" [_thread_blocked, id=31440, stack(0x0000009f9c100000,0x0000009f9c200000)]
  0x000001fd2eb54ca0 JavaThread "Exec process" [_thread_in_native, id=27136, stack(0x0000009f9c200000,0x0000009f9c300000)]
  0x000001fd2eb59000 JavaThread "Exec process Thread 2" [_thread_in_native, id=28748, stack(0x0000009f9c300000,0x0000009f9c400000)]
  0x000001fd2eb59e70 JavaThread "Exec process Thread 3" [_thread_blocked, id=35332, stack(0x0000009f9c400000,0x0000009f9c500000)]
  0x000001fd2eb5a340 JavaThread "DisconnectableInputStream source reader" daemon [_thread_blocked, id=19668, stack(0x0000009f95900000,0x0000009f95a00000)]
  0x000001fd2eb55170 JavaThread "Exec process Thread 4" [_thread_in_native, id=31712, stack(0x0000009f9c500000,0x0000009f9c600000)]

Other Threads:
  0x000001fd2c09b450 VMThread "VM Thread" [stack: 0x0000009f92f00000,0x0000009f93000000] [id=7752]
  0x000001fd115aea20 WatcherThread [stack: 0x0000009f93b00000,0x0000009f93c00000] [id=30136]
  0x000001fd1158ed40 GCTaskThread "GC Thread#0" [stack: 0x0000009f92a00000,0x0000009f92b00000] [id=25624]
  0x000001fd2d9d1390 GCTaskThread "GC Thread#1" [stack: 0x0000009f93d00000,0x0000009f93e00000] [id=25860]
  0x000001fd2d9d1640 GCTaskThread "GC Thread#2" [stack: 0x0000009f93e00000,0x0000009f93f00000] [id=25836]
  0x000001fd2d9d18f0 GCTaskThread "GC Thread#3" [stack: 0x0000009f93f00000,0x0000009f94000000] [id=34520]
  0x000001fd2d97f890 GCTaskThread "GC Thread#4" [stack: 0x0000009f94000000,0x0000009f94100000] [id=11920]
  0x000001fd2d97ff50 GCTaskThread "GC Thread#5" [stack: 0x0000009f94100000,0x0000009f94200000] [id=23784]
  0x000001fd2f11dc60 GCTaskThread "GC Thread#6" [stack: 0x0000009f95400000,0x0000009f95500000] [id=8604]
  0x000001fd2f11f490 GCTaskThread "GC Thread#7" [stack: 0x0000009f95500000,0x0000009f95600000] [id=30860]
  0x000001fd11593a20 ConcurrentGCThread "G1 Main Marker" [stack: 0x0000009f92b00000,0x0000009f92c00000] [id=11192]
  0x000001fd11594320 ConcurrentGCThread "G1 Conc#0" [stack: 0x0000009f92c00000,0x0000009f92d00000] [id=32036]
  0x000001fd2f11e470 ConcurrentGCThread "G1 Conc#1" [stack: 0x0000009f95600000,0x0000009f95700000] [id=18352]
  0x000001fd2bf5c540 ConcurrentGCThread "G1 Refine#0" [stack: 0x0000009f92d00000,0x0000009f92e00000] [id=7464]
  0x000001fd2f49be50 ConcurrentGCThread "G1 Refine#1" [stack: 0x0000009f97100000,0x0000009f97200000] [id=35592]
  0x000001fd32a84780 ConcurrentGCThread "G1 Refine#2" [stack: 0x0000009f97200000,0x0000009f97300000] [id=33876]
  0x000001fd32a844a0 ConcurrentGCThread "G1 Refine#3" [stack: 0x0000009f97300000,0x0000009f97400000] [id=29640]
  0x000001fd32a84a60 ConcurrentGCThread "G1 Refine#4" [stack: 0x0000009f97400000,0x0000009f97500000] [id=32264]
  0x000001fd2bf5d310 ConcurrentGCThread "G1 Service" [stack: 0x0000009f92e00000,0x0000009f92f00000] [id=35172]

Threads with active compile tasks:
C2 CompilerThread0    11467 7531       4       org.gradle.internal.logging.text.AbstractLineChoppingStyledTextOutput::doAppend (43 bytes)

VM state: not at safepoint (normal execution)

VM Mutex/Monitor currently owned by a thread: None

Heap address: 0x00000000e0000000, size: 512 MB, Compressed Oops mode: 32-bit

CDS archive(s) mapped at: [0x0000000800000000-0x0000000800bc0000-0x0000000800bc0000), size 12320768, SharedBaseAddress: 0x0000000800000000, ArchiveRelocationMode: 0.
Compressed class space mapped at: 0x0000000800c00000-0x000000080dc00000, reserved size: 218103808
Narrow klass base: 0x0000000800000000, Narrow klass shift: 0, Narrow klass range: 0x100000000

GC Precious Log:
 CPUs: 8 total, 8 available
 Memory: 8011M
 Large Page Support: Disabled
 NUMA Support: Disabled
 Compressed Oops: Enabled (32-bit)
 Heap Region Size: 1M
 Heap Min Capacity: 256M
 Heap Initial Capacity: 256M
 Heap Max Capacity: 512M
 Pre-touch: Disabled
 Parallel Workers: 8
 Concurrent Workers: 2
 Concurrent Refinement Workers: 8
 Periodic GC: Disabled

Heap:
 garbage-first heap   total 262144K, used 68143K [0x00000000e0000000, 0x0000000100000000)
  region size 1024K, 25 young (25600K), 16 survivors (16384K)
 Metaspace       used 54082K, committed 54784K, reserved 262144K
  class space    used 7712K, committed 8000K, reserved 212992K

Heap Regions: E=young(eden), S=young(survivor), O=old, HS=humongous(starts), HC=humongous(continues), CS=collection set, F=free, OA=open archive, CA=closed archive, TAMS=top-at-mark-start (previous, next)
|   0|0x00000000e0000000, 0x00000000e0100000, 0x00000000e0100000|100%|HS|  |TAMS 0x00000000e0100000, 0x00000000e0000000| Complete 
|   1|0x00000000e0100000, 0x00000000e0200000, 0x00000000e0200000|100%|HC|  |TAMS 0x00000000e0200000, 0x00000000e0100000| Complete 
|   2|0x00000000e0200000, 0x00000000e0300000, 0x00000000e0300000|100%|HC|  |TAMS 0x00000000e0300000, 0x00000000e0200000| Complete 
|   3|0x00000000e0300000, 0x00000000e0400000, 0x00000000e0400000|100%| O|  |TAMS 0x00000000e0400000, 0x00000000e0300000| Untracked 
|   4|0x00000000e0400000, 0x00000000e0500000, 0x00000000e0500000|100%| O|  |TAMS 0x00000000e0500000, 0x00000000e0400000| Untracked 
|   5|0x00000000e0500000, 0x00000000e0600000, 0x00000000e0600000|100%| O|  |TAMS 0x00000000e0600000, 0x00000000e0500000| Untracked 
|   6|0x00000000e0600000, 0x00000000e0700000, 0x00000000e0700000|100%| O|  |TAMS 0x00000000e0700000, 0x00000000e0600000| Untracked 
|   7|0x00000000e0700000, 0x00000000e0800000, 0x00000000e0800000|100%| O|  |TAMS 0x00000000e0700000, 0x00000000e0700000| Untracked 
|   8|0x00000000e0800000, 0x00000000e0900000, 0x00000000e0900000|100%| O|  |TAMS 0x00000000e0900000, 0x00000000e0800000| Untracked 
|   9|0x00000000e0900000, 0x00000000e0a00000, 0x00000000e0a00000|100%| O|  |TAMS 0x00000000e09fc200, 0x00000000e0900000| Untracked 
|  10|0x00000000e0a00000, 0x00000000e0b00000, 0x00000000e0b00000|100%| O|  |TAMS 0x00000000e0a00000, 0x00000000e0a00000| Untracked 
|  11|0x00000000e0b00000, 0x00000000e0c00000, 0x00000000e0c00000|100%| O|  |TAMS 0x00000000e0b00000, 0x00000000e0b00000| Untracked 
|  12|0x00000000e0c00000, 0x00000000e0d00000, 0x00000000e0d00000|100%| O|  |TAMS 0x00000000e0c00000, 0x00000000e0c00000| Untracked 
|  13|0x00000000e0d00000, 0x00000000e0e00000, 0x00000000e0e00000|100%| O|  |TAMS 0x00000000e0d00000, 0x00000000e0d00000| Untracked 
|  14|0x00000000e0e00000, 0x00000000e0f00000, 0x00000000e0f00000|100%| O|  |TAMS 0x00000000e0e00000, 0x00000000e0e00000| Untracked 
|  15|0x00000000e0f00000, 0x00000000e1000000, 0x00000000e1000000|100%| O|  |TAMS 0x00000000e0f00000, 0x00000000e0f00000| Untracked 
|  16|0x00000000e1000000, 0x00000000e1100000, 0x00000000e1100000|100%| O|  |TAMS 0x00000000e1000000, 0x00000000e1000000| Untracked 
|  17|0x00000000e1100000, 0x00000000e1200000, 0x00000000e1200000|100%| O|  |TAMS 0x00000000e1100000, 0x00000000e1100000| Untracked 
|  18|0x00000000e1200000, 0x00000000e1300000, 0x00000000e1300000|100%| O|  |TAMS 0x00000000e1200000, 0x00000000e1200000| Untracked 
|  19|0x00000000e1300000, 0x00000000e1400000, 0x00000000e1400000|100%| O|  |TAMS 0x00000000e1300000, 0x00000000e1300000| Untracked 
|  20|0x00000000e1400000, 0x00000000e1500000, 0x00000000e1500000|100%| O|  |TAMS 0x00000000e1400000, 0x00000000e1400000| Untracked 
|  21|0x00000000e1500000, 0x00000000e1600000, 0x00000000e1600000|100%| O|  |TAMS 0x00000000e1500000, 0x00000000e1500000| Untracked 
|  22|0x00000000e1600000, 0x00000000e1700000, 0x00000000e1700000|100%| O|  |TAMS 0x00000000e1600000, 0x00000000e1600000| Untracked 
|  23|0x00000000e1700000, 0x00000000e1800000, 0x00000000e1800000|100%| O|  |TAMS 0x00000000e1700000, 0x00000000e1700000| Untracked 
|  24|0x00000000e1800000, 0x00000000e1900000, 0x00000000e1900000|100%| O|  |TAMS 0x00000000e1800000, 0x00000000e1800000| Untracked 
|  25|0x00000000e1900000, 0x00000000e1a00000, 0x00000000e1a00000|100%| O|  |TAMS 0x00000000e1900000, 0x00000000e1900000| Untracked 
|  26|0x00000000e1a00000, 0x00000000e1b00000, 0x00000000e1b00000|100%| O|  |TAMS 0x00000000e1a00000, 0x00000000e1a00000| Untracked 
|  27|0x00000000e1b00000, 0x00000000e1c00000, 0x00000000e1c00000|100%| O|  |TAMS 0x00000000e1b00000, 0x00000000e1b00000| Untracked 
|  28|0x00000000e1c00000, 0x00000000e1d00000, 0x00000000e1d00000|100%| O|  |TAMS 0x00000000e1c00000, 0x00000000e1c00000| Untracked 
|  29|0x00000000e1d00000, 0x00000000e1e00000, 0x00000000e1e00000|100%| O|  |TAMS 0x00000000e1d00000, 0x00000000e1d00000| Untracked 
|  30|0x00000000e1e00000, 0x00000000e1f00000, 0x00000000e1f00000|100%| O|  |TAMS 0x00000000e1e00000, 0x00000000e1e00000| Untracked 
|  31|0x00000000e1f00000, 0x00000000e2000000, 0x00000000e2000000|100%| O|  |TAMS 0x00000000e1f00000, 0x00000000e1f00000| Untracked 
|  32|0x00000000e2000000, 0x00000000e2100000, 0x00000000e2100000|100%| O|  |TAMS 0x00000000e2000000, 0x00000000e2000000| Untracked 
|  33|0x00000000e2100000, 0x00000000e2200000, 0x00000000e2200000|100%| O|  |TAMS 0x00000000e2100000, 0x00000000e2100000| Untracked 
|  34|0x00000000e2200000, 0x00000000e2300000, 0x00000000e2300000|100%| O|  |TAMS 0x00000000e2200000, 0x00000000e2200000| Untracked 
|  35|0x00000000e2300000, 0x00000000e2400000, 0x00000000e2400000|100%| O|  |TAMS 0x00000000e2300000, 0x00000000e2300000| Untracked 
|  36|0x00000000e2400000, 0x00000000e2500000, 0x00000000e2500000|100%| O|  |TAMS 0x00000000e2400000, 0x00000000e2400000| Untracked 
|  37|0x00000000e2500000, 0x00000000e2600000, 0x00000000e2600000|100%| O|  |TAMS 0x00000000e2500000, 0x00000000e2500000| Untracked 
|  38|0x00000000e2600000, 0x00000000e2700000, 0x00000000e2700000|100%| O|  |TAMS 0x00000000e2600000, 0x00000000e2600000| Untracked 
|  39|0x00000000e2700000, 0x00000000e2800000, 0x00000000e2800000|100%| O|  |TAMS 0x00000000e2700000, 0x00000000e2700000| Untracked 
|  40|0x00000000e2800000, 0x00000000e2900000, 0x00000000e2900000|100%| O|  |TAMS 0x00000000e2800000, 0x00000000e2800000| Untracked 
|  41|0x00000000e2900000, 0x00000000e2a00000, 0x00000000e2a00000|100%| O|  |TAMS 0x00000000e2900000, 0x00000000e2900000| Untracked 
|  42|0x00000000e2a00000, 0x00000000e2aa3000, 0x00000000e2b00000| 63%| O|  |TAMS 0x00000000e2a00000, 0x00000000e2a00000| Untracked 
|  43|0x00000000e2b00000, 0x00000000e2b00000, 0x00000000e2c00000|  0%| F|  |TAMS 0x00000000e2b00000, 0x00000000e2b00000| Untracked 
|  44|0x00000000e2c00000, 0x00000000e2c00000, 0x00000000e2d00000|  0%| F|  |TAMS 0x00000000e2c00000, 0x00000000e2c00000| Untracked 
|  45|0x00000000e2d00000, 0x00000000e2d00000, 0x00000000e2e00000|  0%| F|  |TAMS 0x00000000e2d00000, 0x00000000e2d00000| Untracked 
|  46|0x00000000e2e00000, 0x00000000e2e00000, 0x00000000e2f00000|  0%| F|  |TAMS 0x00000000e2e00000, 0x00000000e2e00000| Untracked 
|  47|0x00000000e2f00000, 0x00000000e2f00000, 0x00000000e3000000|  0%| F|  |TAMS 0x00000000e2f00000, 0x00000000e2f00000| Untracked 
|  48|0x00000000e3000000, 0x00000000e3000000, 0x00000000e3100000|  0%| F|  |TAMS 0x00000000e3000000, 0x00000000e3000000| Untracked 
|  49|0x00000000e3100000, 0x00000000e3100000, 0x00000000e3200000|  0%| F|  |TAMS 0x00000000e3100000, 0x00000000e3100000| Untracked 
|  50|0x00000000e3200000, 0x00000000e3200000, 0x00000000e3300000|  0%| F|  |TAMS 0x00000000e3200000, 0x00000000e3200000| Untracked 
|  51|0x00000000e3300000, 0x00000000e3300000, 0x00000000e3400000|  0%| F|  |TAMS 0x00000000e3300000, 0x00000000e3300000| Untracked 
|  52|0x00000000e3400000, 0x00000000e3400000, 0x00000000e3500000|  0%| F|  |TAMS 0x00000000e3400000, 0x00000000e3400000| Untracked 
|  53|0x00000000e3500000, 0x00000000e3500000, 0x00000000e3600000|  0%| F|  |TAMS 0x00000000e3500000, 0x00000000e3500000| Untracked 
|  54|0x00000000e3600000, 0x00000000e3600000, 0x00000000e3700000|  0%| F|  |TAMS 0x00000000e3600000, 0x00000000e3600000| Untracked 
|  55|0x00000000e3700000, 0x00000000e3700000, 0x00000000e3800000|  0%| F|  |TAMS 0x00000000e3700000, 0x00000000e3700000| Untracked 
|  56|0x00000000e3800000, 0x00000000e3800000, 0x00000000e3900000|  0%| F|  |TAMS 0x00000000e3800000, 0x00000000e3800000| Untracked 
|  57|0x00000000e3900000, 0x00000000e3900000, 0x00000000e3a00000|  0%| F|  |TAMS 0x00000000e3900000, 0x00000000e3900000| Untracked 
|  58|0x00000000e3a00000, 0x00000000e3a00000, 0x00000000e3b00000|  0%| F|  |TAMS 0x00000000e3a00000, 0x00000000e3a00000| Untracked 
|  59|0x00000000e3b00000, 0x00000000e3b00000, 0x00000000e3c00000|  0%| F|  |TAMS 0x00000000e3b00000, 0x00000000e3b00000| Untracked 
|  60|0x00000000e3c00000, 0x00000000e3c00000, 0x00000000e3d00000|  0%| F|  |TAMS 0x00000000e3c00000, 0x00000000e3c00000| Untracked 
|  61|0x00000000e3d00000, 0x00000000e3d00000, 0x00000000e3e00000|  0%| F|  |TAMS 0x00000000e3d00000, 0x00000000e3d00000| Untracked 
|  62|0x00000000e3e00000, 0x00000000e3e00000, 0x00000000e3f00000|  0%| F|  |TAMS 0x00000000e3e00000, 0x00000000e3e00000| Untracked 
|  63|0x00000000e3f00000, 0x00000000e3f00000, 0x00000000e4000000|  0%| F|  |TAMS 0x00000000e3f00000, 0x00000000e3f00000| Untracked 
|  64|0x00000000e4000000, 0x00000000e4000000, 0x00000000e4100000|  0%| F|  |TAMS 0x00000000e4000000, 0x00000000e4000000| Untracked 
|  65|0x00000000e4100000, 0x00000000e4100000, 0x00000000e4200000|  0%| F|  |TAMS 0x00000000e4100000, 0x00000000e4100000| Untracked 
|  66|0x00000000e4200000, 0x00000000e4200000, 0x00000000e4300000|  0%| F|  |TAMS 0x00000000e4200000, 0x00000000e4200000| Untracked 
|  67|0x00000000e4300000, 0x00000000e4300000, 0x00000000e4400000|  0%| F|  |TAMS 0x00000000e4300000, 0x00000000e4300000| Untracked 
|  68|0x00000000e4400000, 0x00000000e4400000, 0x00000000e4500000|  0%| F|  |TAMS 0x00000000e4400000, 0x00000000e4400000| Untracked 
|  69|0x00000000e4500000, 0x00000000e4500000, 0x00000000e4600000|  0%| F|  |TAMS 0x00000000e4500000, 0x00000000e4500000| Untracked 
|  70|0x00000000e4600000, 0x00000000e4600000, 0x00000000e4700000|  0%| F|  |TAMS 0x00000000e4600000, 0x00000000e4600000| Untracked 
|  71|0x00000000e4700000, 0x00000000e4700000, 0x00000000e4800000|  0%| F|  |TAMS 0x00000000e4700000, 0x00000000e4700000| Untracked 
|  72|0x00000000e4800000, 0x00000000e4800000, 0x00000000e4900000|  0%| F|  |TAMS 0x00000000e4800000, 0x00000000e4800000| Untracked 
|  73|0x00000000e4900000, 0x00000000e4900000, 0x00000000e4a00000|  0%| F|  |TAMS 0x00000000e4900000, 0x00000000e4900000| Untracked 
|  74|0x00000000e4a00000, 0x00000000e4a00000, 0x00000000e4b00000|  0%| F|  |TAMS 0x00000000e4a00000, 0x00000000e4a00000| Untracked 
|  75|0x00000000e4b00000, 0x00000000e4b00000, 0x00000000e4c00000|  0%| F|  |TAMS 0x00000000e4b00000, 0x00000000e4b00000| Untracked 
|  76|0x00000000e4c00000, 0x00000000e4c00000, 0x00000000e4d00000|  0%| F|  |TAMS 0x00000000e4c00000, 0x00000000e4c00000| Untracked 
|  77|0x00000000e4d00000, 0x00000000e4d00000, 0x00000000e4e00000|  0%| F|  |TAMS 0x00000000e4d00000, 0x00000000e4d00000| Untracked 
|  78|0x00000000e4e00000, 0x00000000e4e00000, 0x00000000e4f00000|  0%| F|  |TAMS 0x00000000e4e00000, 0x00000000e4e00000| Untracked 
|  79|0x00000000e4f00000, 0x00000000e4f00000, 0x00000000e5000000|  0%| F|  |TAMS 0x00000000e4f00000, 0x00000000e4f00000| Untracked 
|  80|0x00000000e5000000, 0x00000000e5000000, 0x00000000e5100000|  0%| F|  |TAMS 0x00000000e5000000, 0x00000000e5000000| Untracked 
|  81|0x00000000e5100000, 0x00000000e5100000, 0x00000000e5200000|  0%| F|  |TAMS 0x00000000e5100000, 0x00000000e5100000| Untracked 
|  82|0x00000000e5200000, 0x00000000e5200000, 0x00000000e5300000|  0%| F|  |TAMS 0x00000000e5200000, 0x00000000e5200000| Untracked 
|  83|0x00000000e5300000, 0x00000000e5300000, 0x00000000e5400000|  0%| F|  |TAMS 0x00000000e5300000, 0x00000000e5300000| Untracked 
|  84|0x00000000e5400000, 0x00000000e5400000, 0x00000000e5500000|  0%| F|  |TAMS 0x00000000e5400000, 0x00000000e5400000| Untracked 
|  85|0x00000000e5500000, 0x00000000e5500000, 0x00000000e5600000|  0%| F|  |TAMS 0x00000000e5500000, 0x00000000e5500000| Untracked 
|  86|0x00000000e5600000, 0x00000000e5600000, 0x00000000e5700000|  0%| F|  |TAMS 0x00000000e5600000, 0x00000000e5600000| Untracked 
|  87|0x00000000e5700000, 0x00000000e5700000, 0x00000000e5800000|  0%| F|  |TAMS 0x00000000e5700000, 0x00000000e5700000| Untracked 
|  88|0x00000000e5800000, 0x00000000e5800000, 0x00000000e5900000|  0%| F|  |TAMS 0x00000000e5800000, 0x00000000e5800000| Untracked 
|  89|0x00000000e5900000, 0x00000000e5900000, 0x00000000e5a00000|  0%| F|  |TAMS 0x00000000e5900000, 0x00000000e5900000| Untracked 
|  90|0x00000000e5a00000, 0x00000000e5a00000, 0x00000000e5b00000|  0%| F|  |TAMS 0x00000000e5a00000, 0x00000000e5a00000| Untracked 
|  91|0x00000000e5b00000, 0x00000000e5b00000, 0x00000000e5c00000|  0%| F|  |TAMS 0x00000000e5b00000, 0x00000000e5b00000| Untracked 
|  92|0x00000000e5c00000, 0x00000000e5c00000, 0x00000000e5d00000|  0%| F|  |TAMS 0x00000000e5c00000, 0x00000000e5c00000| Untracked 
|  93|0x00000000e5d00000, 0x00000000e5d00000, 0x00000000e5e00000|  0%| F|  |TAMS 0x00000000e5d00000, 0x00000000e5d00000| Untracked 
|  94|0x00000000e5e00000, 0x00000000e5e00000, 0x00000000e5f00000|  0%| F|  |TAMS 0x00000000e5e00000, 0x00000000e5e00000| Untracked 
|  95|0x00000000e5f00000, 0x00000000e5f00000, 0x00000000e6000000|  0%| F|  |TAMS 0x00000000e5f00000, 0x00000000e5f00000| Untracked 
|  96|0x00000000e6000000, 0x00000000e6000000, 0x00000000e6100000|  0%| F|  |TAMS 0x00000000e6000000, 0x00000000e6000000| Untracked 
|  97|0x00000000e6100000, 0x00000000e6100000, 0x00000000e6200000|  0%| F|  |TAMS 0x00000000e6100000, 0x00000000e6100000| Untracked 
|  98|0x00000000e6200000, 0x00000000e6200000, 0x00000000e6300000|  0%| F|  |TAMS 0x00000000e6200000, 0x00000000e6200000| Untracked 
|  99|0x00000000e6300000, 0x00000000e6300000, 0x00000000e6400000|  0%| F|  |TAMS 0x00000000e6300000, 0x00000000e6300000| Untracked 
| 100|0x00000000e6400000, 0x00000000e6400000, 0x00000000e6500000|  0%| F|  |TAMS 0x00000000e6400000, 0x00000000e6400000| Untracked 
| 101|0x00000000e6500000, 0x00000000e6500000, 0x00000000e6600000|  0%| F|  |TAMS 0x00000000e6500000, 0x00000000e6500000| Untracked 
| 102|0x00000000e6600000, 0x00000000e6600000, 0x00000000e6700000|  0%| F|  |TAMS 0x00000000e6600000, 0x00000000e6600000| Untracked 
| 103|0x00000000e6700000, 0x00000000e6700000, 0x00000000e6800000|  0%| F|  |TAMS 0x00000000e6700000, 0x00000000e6700000| Untracked 
| 104|0x00000000e6800000, 0x00000000e6800000, 0x00000000e6900000|  0%| F|  |TAMS 0x00000000e6800000, 0x00000000e6800000| Untracked 
| 105|0x00000000e6900000, 0x00000000e6900000, 0x00000000e6a00000|  0%| F|  |TAMS 0x00000000e6900000, 0x00000000e6900000| Untracked 
| 106|0x00000000e6a00000, 0x00000000e6a00000, 0x00000000e6b00000|  0%| F|  |TAMS 0x00000000e6a00000, 0x00000000e6a00000| Untracked 
| 107|0x00000000e6b00000, 0x00000000e6be8ee0, 0x00000000e6c00000| 90%| S|CS|TAMS 0x00000000e6b00000, 0x00000000e6b00000| Complete 
| 108|0x00000000e6c00000, 0x00000000e6d00000, 0x00000000e6d00000|100%| S|CS|TAMS 0x00000000e6c00000, 0x00000000e6c00000| Complete 
| 109|0x00000000e6d00000, 0x00000000e6e00000, 0x00000000e6e00000|100%| S|CS|TAMS 0x00000000e6d00000, 0x00000000e6d00000| Complete 
| 110|0x00000000e6e00000, 0x00000000e6f00000, 0x00000000e6f00000|100%| S|CS|TAMS 0x00000000e6e00000, 0x00000000e6e00000| Complete 
| 111|0x00000000e6f00000, 0x00000000e7000000, 0x00000000e7000000|100%| S|CS|TAMS 0x00000000e6f00000, 0x00000000e6f00000| Complete 
| 112|0x00000000e7000000, 0x00000000e7100000, 0x00000000e7100000|100%| S|CS|TAMS 0x00000000e7000000, 0x00000000e7000000| Complete 
| 113|0x00000000e7100000, 0x00000000e7200000, 0x00000000e7200000|100%| S|CS|TAMS 0x00000000e7100000, 0x00000000e7100000| Complete 
| 114|0x00000000e7200000, 0x00000000e7300000, 0x00000000e7300000|100%| S|CS|TAMS 0x00000000e7200000, 0x00000000e7200000| Complete 
| 115|0x00000000e7300000, 0x00000000e7400000, 0x00000000e7400000|100%| S|CS|TAMS 0x00000000e7300000, 0x00000000e7300000| Complete 
| 116|0x00000000e7400000, 0x00000000e7500000, 0x00000000e7500000|100%| S|CS|TAMS 0x00000000e7400000, 0x00000000e7400000| Complete 
| 117|0x00000000e7500000, 0x00000000e7600000, 0x00000000e7600000|100%| S|CS|TAMS 0x00000000e7500000, 0x00000000e7500000| Complete 
| 118|0x00000000e7600000, 0x00000000e7700000, 0x00000000e7700000|100%| S|CS|TAMS 0x00000000e7600000, 0x00000000e7600000| Complete 
| 119|0x00000000e7700000, 0x00000000e7800000, 0x00000000e7800000|100%| S|CS|TAMS 0x00000000e7700000, 0x00000000e7700000| Complete 
| 120|0x00000000e7800000, 0x00000000e7900000, 0x00000000e7900000|100%| S|CS|TAMS 0x00000000e7800000, 0x00000000e7800000| Complete 
| 121|0x00000000e7900000, 0x00000000e7a00000, 0x00000000e7a00000|100%| S|CS|TAMS 0x00000000e7900000, 0x00000000e7900000| Complete 
| 122|0x00000000e7a00000, 0x00000000e7b00000, 0x00000000e7b00000|100%| S|CS|TAMS 0x00000000e7a00000, 0x00000000e7a00000| Complete 
| 123|0x00000000e7b00000, 0x00000000e7b00000, 0x00000000e7c00000|  0%| F|  |TAMS 0x00000000e7b00000, 0x00000000e7b00000| Untracked 
| 124|0x00000000e7c00000, 0x00000000e7c00000, 0x00000000e7d00000|  0%| F|  |TAMS 0x00000000e7c00000, 0x00000000e7c00000| Untracked 
| 125|0x00000000e7d00000, 0x00000000e7d00000, 0x00000000e7e00000|  0%| F|  |TAMS 0x00000000e7d00000, 0x00000000e7d00000| Untracked 
| 126|0x00000000e7e00000, 0x00000000e7e00000, 0x00000000e7f00000|  0%| F|  |TAMS 0x00000000e7e00000, 0x00000000e7e00000| Untracked 
| 127|0x00000000e7f00000, 0x00000000e7f00000, 0x00000000e8000000|  0%| F|  |TAMS 0x00000000e7f00000, 0x00000000e7f00000| Untracked 
| 128|0x00000000e8000000, 0x00000000e8000000, 0x00000000e8100000|  0%| F|  |TAMS 0x00000000e8000000, 0x00000000e8000000| Untracked 
| 129|0x00000000e8100000, 0x00000000e8100000, 0x00000000e8200000|  0%| F|  |TAMS 0x00000000e8100000, 0x00000000e8100000| Untracked 
| 130|0x00000000e8200000, 0x00000000e8200000, 0x00000000e8300000|  0%| F|  |TAMS 0x00000000e8200000, 0x00000000e8200000| Untracked 
| 131|0x00000000e8300000, 0x00000000e8300000, 0x00000000e8400000|  0%| F|  |TAMS 0x00000000e8300000, 0x00000000e8300000| Untracked 
| 132|0x00000000e8400000, 0x00000000e8400000, 0x00000000e8500000|  0%| F|  |TAMS 0x00000000e8400000, 0x00000000e8400000| Untracked 
| 133|0x00000000e8500000, 0x00000000e8500000, 0x00000000e8600000|  0%| F|  |TAMS 0x00000000e8500000, 0x00000000e8500000| Untracked 
| 134|0x00000000e8600000, 0x00000000e8600000, 0x00000000e8700000|  0%| F|  |TAMS 0x00000000e8600000, 0x00000000e8600000| Untracked 
| 135|0x00000000e8700000, 0x00000000e8700000, 0x00000000e8800000|  0%| F|  |TAMS 0x00000000e8700000, 0x00000000e8700000| Untracked 
| 136|0x00000000e8800000, 0x00000000e8800000, 0x00000000e8900000|  0%| F|  |TAMS 0x00000000e8800000, 0x00000000e8800000| Untracked 
| 137|0x00000000e8900000, 0x00000000e8900000, 0x00000000e8a00000|  0%| F|  |TAMS 0x00000000e8900000, 0x00000000e8900000| Untracked 
| 138|0x00000000e8a00000, 0x00000000e8a00000, 0x00000000e8b00000|  0%| F|  |TAMS 0x00000000e8a00000, 0x00000000e8a00000| Untracked 
| 139|0x00000000e8b00000, 0x00000000e8b00000, 0x00000000e8c00000|  0%| F|  |TAMS 0x00000000e8b00000, 0x00000000e8b00000| Untracked 
| 140|0x00000000e8c00000, 0x00000000e8c00000, 0x00000000e8d00000|  0%| F|  |TAMS 0x00000000e8c00000, 0x00000000e8c00000| Untracked 
| 141|0x00000000e8d00000, 0x00000000e8d00000, 0x00000000e8e00000|  0%| F|  |TAMS 0x00000000e8d00000, 0x00000000e8d00000| Untracked 
| 142|0x00000000e8e00000, 0x00000000e8e00000, 0x00000000e8f00000|  0%| F|  |TAMS 0x00000000e8e00000, 0x00000000e8e00000| Untracked 
| 143|0x00000000e8f00000, 0x00000000e8f00000, 0x00000000e9000000|  0%| F|  |TAMS 0x00000000e8f00000, 0x00000000e8f00000| Untracked 
| 144|0x00000000e9000000, 0x00000000e9000000, 0x00000000e9100000|  0%| F|  |TAMS 0x00000000e9000000, 0x00000000e9000000| Untracked 
| 145|0x00000000e9100000, 0x00000000e9100000, 0x00000000e9200000|  0%| F|  |TAMS 0x00000000e9100000, 0x00000000e9100000| Untracked 
| 146|0x00000000e9200000, 0x00000000e9200000, 0x00000000e9300000|  0%| F|  |TAMS 0x00000000e9200000, 0x00000000e9200000| Untracked 
| 147|0x00000000e9300000, 0x00000000e9300000, 0x00000000e9400000|  0%| F|  |TAMS 0x00000000e9300000, 0x00000000e9300000| Untracked 
| 148|0x00000000e9400000, 0x00000000e9400000, 0x00000000e9500000|  0%| F|  |TAMS 0x00000000e9400000, 0x00000000e9400000| Untracked 
| 149|0x00000000e9500000, 0x00000000e9500000, 0x00000000e9600000|  0%| F|  |TAMS 0x00000000e9500000, 0x00000000e9500000| Untracked 
| 150|0x00000000e9600000, 0x00000000e9600000, 0x00000000e9700000|  0%| F|  |TAMS 0x00000000e9600000, 0x00000000e9600000| Untracked 
| 151|0x00000000e9700000, 0x00000000e9700000, 0x00000000e9800000|  0%| F|  |TAMS 0x00000000e9700000, 0x00000000e9700000| Untracked 
| 152|0x00000000e9800000, 0x00000000e9800000, 0x00000000e9900000|  0%| F|  |TAMS 0x00000000e9800000, 0x00000000e9800000| Untracked 
| 153|0x00000000e9900000, 0x00000000e9900000, 0x00000000e9a00000|  0%| F|  |TAMS 0x00000000e9900000, 0x00000000e9900000| Untracked 
| 154|0x00000000e9a00000, 0x00000000e9a00000, 0x00000000e9b00000|  0%| F|  |TAMS 0x00000000e9a00000, 0x00000000e9a00000| Untracked 
| 155|0x00000000e9b00000, 0x00000000e9b00000, 0x00000000e9c00000|  0%| F|  |TAMS 0x00000000e9b00000, 0x00000000e9b00000| Untracked 
| 156|0x00000000e9c00000, 0x00000000e9c00000, 0x00000000e9d00000|  0%| F|  |TAMS 0x00000000e9c00000, 0x00000000e9c00000| Untracked 
| 157|0x00000000e9d00000, 0x00000000e9d00000, 0x00000000e9e00000|  0%| F|  |TAMS 0x00000000e9d00000, 0x00000000e9d00000| Untracked 
| 158|0x00000000e9e00000, 0x00000000e9e00000, 0x00000000e9f00000|  0%| F|  |TAMS 0x00000000e9e00000, 0x00000000e9e00000| Untracked 
| 159|0x00000000e9f00000, 0x00000000e9f00000, 0x00000000ea000000|  0%| F|  |TAMS 0x00000000e9f00000, 0x00000000e9f00000| Untracked 
| 160|0x00000000ea000000, 0x00000000ea000000, 0x00000000ea100000|  0%| F|  |TAMS 0x00000000ea000000, 0x00000000ea000000| Untracked 
| 161|0x00000000ea100000, 0x00000000ea100000, 0x00000000ea200000|  0%| F|  |TAMS 0x00000000ea100000, 0x00000000ea100000| Untracked 
| 162|0x00000000ea200000, 0x00000000ea200000, 0x00000000ea300000|  0%| F|  |TAMS 0x00000000ea200000, 0x00000000ea200000| Untracked 
| 163|0x00000000ea300000, 0x00000000ea300000, 0x00000000ea400000|  0%| F|  |TAMS 0x00000000ea300000, 0x00000000ea300000| Untracked 
| 164|0x00000000ea400000, 0x00000000ea400000, 0x00000000ea500000|  0%| F|  |TAMS 0x00000000ea400000, 0x00000000ea400000| Untracked 
| 165|0x00000000ea500000, 0x00000000ea500000, 0x00000000ea600000|  0%| F|  |TAMS 0x00000000ea500000, 0x00000000ea500000| Untracked 
| 166|0x00000000ea600000, 0x00000000ea600000, 0x00000000ea700000|  0%| F|  |TAMS 0x00000000ea600000, 0x00000000ea600000| Untracked 
| 167|0x00000000ea700000, 0x00000000ea700000, 0x00000000ea800000|  0%| F|  |TAMS 0x00000000ea700000, 0x00000000ea700000| Untracked 
| 168|0x00000000ea800000, 0x00000000ea800000, 0x00000000ea900000|  0%| F|  |TAMS 0x00000000ea800000, 0x00000000ea800000| Untracked 
| 169|0x00000000ea900000, 0x00000000ea900000, 0x00000000eaa00000|  0%| F|  |TAMS 0x00000000ea900000, 0x00000000ea900000| Untracked 
| 170|0x00000000eaa00000, 0x00000000eaa00000, 0x00000000eab00000|  0%| F|  |TAMS 0x00000000eaa00000, 0x00000000eaa00000| Untracked 
| 171|0x00000000eab00000, 0x00000000eab00000, 0x00000000eac00000|  0%| F|  |TAMS 0x00000000eab00000, 0x00000000eab00000| Untracked 
| 172|0x00000000eac00000, 0x00000000eac00000, 0x00000000ead00000|  0%| F|  |TAMS 0x00000000eac00000, 0x00000000eac00000| Untracked 
| 173|0x00000000ead00000, 0x00000000ead00000, 0x00000000eae00000|  0%| F|  |TAMS 0x00000000ead00000, 0x00000000ead00000| Untracked 
| 174|0x00000000eae00000, 0x00000000eae00000, 0x00000000eaf00000|  0%| F|  |TAMS 0x00000000eae00000, 0x00000000eae00000| Untracked 
| 175|0x00000000eaf00000, 0x00000000eaf00000, 0x00000000eb000000|  0%| F|  |TAMS 0x00000000eaf00000, 0x00000000eaf00000| Untracked 
| 176|0x00000000eb000000, 0x00000000eb000000, 0x00000000eb100000|  0%| F|  |TAMS 0x00000000eb000000, 0x00000000eb000000| Untracked 
| 177|0x00000000eb100000, 0x00000000eb100000, 0x00000000eb200000|  0%| F|  |TAMS 0x00000000eb100000, 0x00000000eb100000| Untracked 
| 178|0x00000000eb200000, 0x00000000eb200000, 0x00000000eb300000|  0%| F|  |TAMS 0x00000000eb200000, 0x00000000eb200000| Untracked 
| 179|0x00000000eb300000, 0x00000000eb300000, 0x00000000eb400000|  0%| F|  |TAMS 0x00000000eb300000, 0x00000000eb300000| Untracked 
| 180|0x00000000eb400000, 0x00000000eb400000, 0x00000000eb500000|  0%| F|  |TAMS 0x00000000eb400000, 0x00000000eb400000| Untracked 
| 181|0x00000000eb500000, 0x00000000eb500000, 0x00000000eb600000|  0%| F|  |TAMS 0x00000000eb500000, 0x00000000eb500000| Untracked 
| 182|0x00000000eb600000, 0x00000000eb600000, 0x00000000eb700000|  0%| F|  |TAMS 0x00000000eb600000, 0x00000000eb600000| Untracked 
| 183|0x00000000eb700000, 0x00000000eb700000, 0x00000000eb800000|  0%| F|  |TAMS 0x00000000eb700000, 0x00000000eb700000| Untracked 
| 184|0x00000000eb800000, 0x00000000eb800000, 0x00000000eb900000|  0%| F|  |TAMS 0x00000000eb800000, 0x00000000eb800000| Untracked 
| 185|0x00000000eb900000, 0x00000000eb900000, 0x00000000eba00000|  0%| F|  |TAMS 0x00000000eb900000, 0x00000000eb900000| Untracked 
| 186|0x00000000eba00000, 0x00000000eba00000, 0x00000000ebb00000|  0%| F|  |TAMS 0x00000000eba00000, 0x00000000eba00000| Untracked 
| 187|0x00000000ebb00000, 0x00000000ebb00000, 0x00000000ebc00000|  0%| F|  |TAMS 0x00000000ebb00000, 0x00000000ebb00000| Untracked 
| 188|0x00000000ebc00000, 0x00000000ebc00000, 0x00000000ebd00000|  0%| F|  |TAMS 0x00000000ebc00000, 0x00000000ebc00000| Untracked 
| 189|0x00000000ebd00000, 0x00000000ebd00000, 0x00000000ebe00000|  0%| F|  |TAMS 0x00000000ebd00000, 0x00000000ebd00000| Untracked 
| 190|0x00000000ebe00000, 0x00000000ebe00000, 0x00000000ebf00000|  0%| F|  |TAMS 0x00000000ebe00000, 0x00000000ebe00000| Untracked 
| 191|0x00000000ebf00000, 0x00000000ebf00000, 0x00000000ec000000|  0%| F|  |TAMS 0x00000000ebf00000, 0x00000000ebf00000| Untracked 
| 192|0x00000000ec000000, 0x00000000ec000000, 0x00000000ec100000|  0%| F|  |TAMS 0x00000000ec000000, 0x00000000ec000000| Untracked 
| 193|0x00000000ec100000, 0x00000000ec100000, 0x00000000ec200000|  0%| F|  |TAMS 0x00000000ec100000, 0x00000000ec100000| Untracked 
| 194|0x00000000ec200000, 0x00000000ec200000, 0x00000000ec300000|  0%| F|  |TAMS 0x00000000ec200000, 0x00000000ec200000| Untracked 
| 195|0x00000000ec300000, 0x00000000ec300000, 0x00000000ec400000|  0%| F|  |TAMS 0x00000000ec300000, 0x00000000ec300000| Untracked 
| 196|0x00000000ec400000, 0x00000000ec400000, 0x00000000ec500000|  0%| F|  |TAMS 0x00000000ec400000, 0x00000000ec400000| Untracked 
| 197|0x00000000ec500000, 0x00000000ec500000, 0x00000000ec600000|  0%| F|  |TAMS 0x00000000ec500000, 0x00000000ec500000| Untracked 
| 198|0x00000000ec600000, 0x00000000ec600000, 0x00000000ec700000|  0%| F|  |TAMS 0x00000000ec600000, 0x00000000ec600000| Untracked 
| 199|0x00000000ec700000, 0x00000000ec700000, 0x00000000ec800000|  0%| F|  |TAMS 0x00000000ec700000, 0x00000000ec700000| Untracked 
| 200|0x00000000ec800000, 0x00000000ec800000, 0x00000000ec900000|  0%| F|  |TAMS 0x00000000ec800000, 0x00000000ec800000| Untracked 
| 201|0x00000000ec900000, 0x00000000ec900000, 0x00000000eca00000|  0%| F|  |TAMS 0x00000000ec900000, 0x00000000ec900000| Untracked 
| 202|0x00000000eca00000, 0x00000000eca00000, 0x00000000ecb00000|  0%| F|  |TAMS 0x00000000eca00000, 0x00000000eca00000| Untracked 
| 203|0x00000000ecb00000, 0x00000000ecb00000, 0x00000000ecc00000|  0%| F|  |TAMS 0x00000000ecb00000, 0x00000000ecb00000| Untracked 
| 204|0x00000000ecc00000, 0x00000000ecc00000, 0x00000000ecd00000|  0%| F|  |TAMS 0x00000000ecc00000, 0x00000000ecc00000| Untracked 
| 205|0x00000000ecd00000, 0x00000000ecd00000, 0x00000000ece00000|  0%| F|  |TAMS 0x00000000ecd00000, 0x00000000ecd00000| Untracked 
| 206|0x00000000ece00000, 0x00000000ece00000, 0x00000000ecf00000|  0%| F|  |TAMS 0x00000000ece00000, 0x00000000ece00000| Untracked 
| 207|0x00000000ecf00000, 0x00000000ecf00000, 0x00000000ed000000|  0%| F|  |TAMS 0x00000000ecf00000, 0x00000000ecf00000| Untracked 
| 208|0x00000000ed000000, 0x00000000ed000000, 0x00000000ed100000|  0%| F|  |TAMS 0x00000000ed000000, 0x00000000ed000000| Untracked 
| 209|0x00000000ed100000, 0x00000000ed100000, 0x00000000ed200000|  0%| F|  |TAMS 0x00000000ed100000, 0x00000000ed100000| Untracked 
| 210|0x00000000ed200000, 0x00000000ed200000, 0x00000000ed300000|  0%| F|  |TAMS 0x00000000ed200000, 0x00000000ed200000| Untracked 
| 211|0x00000000ed300000, 0x00000000ed300000, 0x00000000ed400000|  0%| F|  |TAMS 0x00000000ed300000, 0x00000000ed300000| Untracked 
| 212|0x00000000ed400000, 0x00000000ed400000, 0x00000000ed500000|  0%| F|  |TAMS 0x00000000ed400000, 0x00000000ed400000| Untracked 
| 213|0x00000000ed500000, 0x00000000ed500000, 0x00000000ed600000|  0%| F|  |TAMS 0x00000000ed500000, 0x00000000ed500000| Untracked 
| 214|0x00000000ed600000, 0x00000000ed600000, 0x00000000ed700000|  0%| F|  |TAMS 0x00000000ed600000, 0x00000000ed600000| Untracked 
| 215|0x00000000ed700000, 0x00000000ed700000, 0x00000000ed800000|  0%| F|  |TAMS 0x00000000ed700000, 0x00000000ed700000| Untracked 
| 216|0x00000000ed800000, 0x00000000ed800000, 0x00000000ed900000|  0%| F|  |TAMS 0x00000000ed800000, 0x00000000ed800000| Untracked 
| 217|0x00000000ed900000, 0x00000000ed900000, 0x00000000eda00000|  0%| F|  |TAMS 0x00000000ed900000, 0x00000000ed900000| Untracked 
| 218|0x00000000eda00000, 0x00000000eda00000, 0x00000000edb00000|  0%| F|  |TAMS 0x00000000eda00000, 0x00000000eda00000| Untracked 
| 219|0x00000000edb00000, 0x00000000edb00000, 0x00000000edc00000|  0%| F|  |TAMS 0x00000000edb00000, 0x00000000edb00000| Untracked 
| 220|0x00000000edc00000, 0x00000000edc00000, 0x00000000edd00000|  0%| F|  |TAMS 0x00000000edc00000, 0x00000000edc00000| Untracked 
| 221|0x00000000edd00000, 0x00000000edd00000, 0x00000000ede00000|  0%| F|  |TAMS 0x00000000edd00000, 0x00000000edd00000| Untracked 
| 222|0x00000000ede00000, 0x00000000ede00000, 0x00000000edf00000|  0%| F|  |TAMS 0x00000000ede00000, 0x00000000ede00000| Untracked 
| 223|0x00000000edf00000, 0x00000000edf00000, 0x00000000ee000000|  0%| F|  |TAMS 0x00000000edf00000, 0x00000000edf00000| Untracked 
| 224|0x00000000ee000000, 0x00000000ee000000, 0x00000000ee100000|  0%| F|  |TAMS 0x00000000ee000000, 0x00000000ee000000| Untracked 
| 225|0x00000000ee100000, 0x00000000ee100000, 0x00000000ee200000|  0%| F|  |TAMS 0x00000000ee100000, 0x00000000ee100000| Untracked 
| 226|0x00000000ee200000, 0x00000000ee200000, 0x00000000ee300000|  0%| F|  |TAMS 0x00000000ee200000, 0x00000000ee200000| Untracked 
| 227|0x00000000ee300000, 0x00000000ee300000, 0x00000000ee400000|  0%| F|  |TAMS 0x00000000ee300000, 0x00000000ee300000| Untracked 
| 228|0x00000000ee400000, 0x00000000ee400000, 0x00000000ee500000|  0%| F|  |TAMS 0x00000000ee400000, 0x00000000ee400000| Untracked 
| 229|0x00000000ee500000, 0x00000000ee500000, 0x00000000ee600000|  0%| F|  |TAMS 0x00000000ee500000, 0x00000000ee500000| Untracked 
| 230|0x00000000ee600000, 0x00000000ee600000, 0x00000000ee700000|  0%| F|  |TAMS 0x00000000ee600000, 0x00000000ee600000| Untracked 
| 231|0x00000000ee700000, 0x00000000ee700000, 0x00000000ee800000|  0%| F|  |TAMS 0x00000000ee700000, 0x00000000ee700000| Untracked 
| 232|0x00000000ee800000, 0x00000000ee800000, 0x00000000ee900000|  0%| F|  |TAMS 0x00000000ee800000, 0x00000000ee800000| Untracked 
| 233|0x00000000ee900000, 0x00000000ee900000, 0x00000000eea00000|  0%| F|  |TAMS 0x00000000ee900000, 0x00000000ee900000| Untracked 
| 234|0x00000000eea00000, 0x00000000eea00000, 0x00000000eeb00000|  0%| F|  |TAMS 0x00000000eea00000, 0x00000000eea00000| Untracked 
| 235|0x00000000eeb00000, 0x00000000eeb00000, 0x00000000eec00000|  0%| F|  |TAMS 0x00000000eeb00000, 0x00000000eeb00000| Untracked 
| 236|0x00000000eec00000, 0x00000000eec00000, 0x00000000eed00000|  0%| F|  |TAMS 0x00000000eec00000, 0x00000000eec00000| Untracked 
| 237|0x00000000eed00000, 0x00000000eed00000, 0x00000000eee00000|  0%| F|  |TAMS 0x00000000eed00000, 0x00000000eed00000| Untracked 
| 238|0x00000000eee00000, 0x00000000eee00000, 0x00000000eef00000|  0%| F|  |TAMS 0x00000000eee00000, 0x00000000eee00000| Untracked 
| 239|0x00000000eef00000, 0x00000000eef00000, 0x00000000ef000000|  0%| F|  |TAMS 0x00000000eef00000, 0x00000000eef00000| Untracked 
| 240|0x00000000ef000000, 0x00000000ef000000, 0x00000000ef100000|  0%| F|  |TAMS 0x00000000ef000000, 0x00000000ef000000| Untracked 
| 241|0x00000000ef100000, 0x00000000ef100000, 0x00000000ef200000|  0%| F|  |TAMS 0x00000000ef100000, 0x00000000ef100000| Untracked 
| 242|0x00000000ef200000, 0x00000000ef200000, 0x00000000ef300000|  0%| F|  |TAMS 0x00000000ef200000, 0x00000000ef200000| Untracked 
| 243|0x00000000ef300000, 0x00000000ef300000, 0x00000000ef400000|  0%| F|  |TAMS 0x00000000ef300000, 0x00000000ef300000| Untracked 
| 244|0x00000000ef400000, 0x00000000ef400000, 0x00000000ef500000|  0%| F|  |TAMS 0x00000000ef400000, 0x00000000ef400000| Untracked 
| 245|0x00000000ef500000, 0x00000000ef500000, 0x00000000ef600000|  0%| F|  |TAMS 0x00000000ef500000, 0x00000000ef500000| Untracked 
| 246|0x00000000ef600000, 0x00000000ef600000, 0x00000000ef700000|  0%| F|  |TAMS 0x00000000ef600000, 0x00000000ef600000| Untracked 
| 247|0x00000000ef700000, 0x00000000ef800000, 0x00000000ef800000|100%| E|  |TAMS 0x00000000ef700000, 0x00000000ef700000| Complete 
| 248|0x00000000ef800000, 0x00000000ef900000, 0x00000000ef900000|100%| E|CS|TAMS 0x00000000ef800000, 0x00000000ef800000| Complete 
| 249|0x00000000ef900000, 0x00000000efa00000, 0x00000000efa00000|100%| E|CS|TAMS 0x00000000ef900000, 0x00000000ef900000| Complete 
| 250|0x00000000efa00000, 0x00000000efb00000, 0x00000000efb00000|100%| E|CS|TAMS 0x00000000efa00000, 0x00000000efa00000| Complete 
| 251|0x00000000efb00000, 0x00000000efc00000, 0x00000000efc00000|100%| E|CS|TAMS 0x00000000efb00000, 0x00000000efb00000| Complete 
| 252|0x00000000efc00000, 0x00000000efd00000, 0x00000000efd00000|100%| E|CS|TAMS 0x00000000efc00000, 0x00000000efc00000| Complete 
| 253|0x00000000efd00000, 0x00000000efe00000, 0x00000000efe00000|100%| E|CS|TAMS 0x00000000efd00000, 0x00000000efd00000| Complete 
| 254|0x00000000efe00000, 0x00000000eff00000, 0x00000000eff00000|100%| E|CS|TAMS 0x00000000efe00000, 0x00000000efe00000| Complete 
| 255|0x00000000eff00000, 0x00000000f0000000, 0x00000000f0000000|100%| E|CS|TAMS 0x00000000eff00000, 0x00000000eff00000| Complete 

Card table byte_map: [0x000001fd28460000,0x000001fd28560000] _byte_map_base: 0x000001fd27d60000

Marking Bits (Prev, Next): (CMBitMap*) 0x000001fd1158f0f0, (CMBitMap*) 0x000001fd1158f130
 Prev Bits: [0x000001fd28660000, 0x000001fd28e60000)
 Next Bits: [0x000001fd28e60000, 0x000001fd29660000)

Polling page: 0x000001fd0f4c0000

Metaspace:

Usage:
  Non-class:     45.28 MB used.
      Class:      7.53 MB used.
       Both:     52.82 MB used.

Virtual space:
  Non-class space:       48.00 MB reserved,      45.69 MB ( 95%) committed,  6 nodes.
      Class space:      208.00 MB reserved,       7.81 MB (  4%) committed,  1 nodes.
             Both:      256.00 MB reserved,      53.50 MB ( 21%) committed. 

Chunk freelists:
   Non-Class:  1.86 MB
       Class:  67.00 KB
        Both:  1.92 MB

MaxMetaspaceSize: 256.00 MB
CompressedClassSpaceSize: 208.00 MB
Initial GC threshold: 21.00 MB
Current GC threshold: 58.69 MB
CDS: on
MetaspaceReclaimPolicy: balanced
 - commit_granule_bytes: 65536.
 - commit_granule_words: 8192.
 - virtual_space_node_default_size: 1048576.
 - enlarge_chunks_in_place: 1.
 - new_chunks_are_fully_committed: 0.
 - uncommit_free_chunks: 1.
 - use_allocation_guard: 0.
 - handle_deallocations: 1.


Internal statistics:

num_allocs_failed_limit: 6.
num_arena_births: 756.
num_arena_deaths: 0.
num_vsnodes_births: 7.
num_vsnodes_deaths: 0.
num_space_committed: 856.
num_space_uncommitted: 0.
num_chunks_returned_to_freelist: 6.
num_chunks_taken_from_freelist: 3021.
num_chunk_merges: 6.
num_chunk_splits: 1909.
num_chunks_enlarged: 1185.
num_purges: 0.
num_inconsistent_stats: 0.

CodeHeap 'non-profiled nmethods': size=120000Kb used=3925Kb max_used=3925Kb free=116074Kb
 bounds [0x000001fd20b00000, 0x000001fd20ee0000, 0x000001fd28030000]
CodeHeap 'profiled nmethods': size=120000Kb used=13751Kb max_used=13751Kb free=106248Kb
 bounds [0x000001fd19030000, 0x000001fd19da0000, 0x000001fd20560000]
CodeHeap 'non-nmethods': size=5760Kb used=2336Kb max_used=2433Kb free=3423Kb
 bounds [0x000001fd20560000, 0x000001fd207e0000, 0x000001fd20b00000]
 total_blobs=7627 nmethods=6770 adapters=769
 compilation: enabled
              stopped_count=0, restarted_count=0
 full_count=0

Compilation events (20 events):
Event: 10.780 Thread 0x000001fd2c0d0920 nmethod 7521 0x000001fd19d91d90 code [0x000001fd19d92000, 0x000001fd19d92b78]
Event: 10.780 Thread 0x000001fd2c0d0920 7522       3       java.util.LinkedHashMap::clear (15 bytes)
Event: 10.780 Thread 0x000001fd2c0d0920 nmethod 7522 0x000001fd19d92f10 code [0x000001fd19d930c0, 0x000001fd19d93268]
Event: 10.781 Thread 0x000001fd2c0d0920 7523       3       java.lang.ProcessEnvironment$EntryComparator::compare (13 bytes)
Event: 10.781 Thread 0x000001fd2c0d0920 nmethod 7523 0x000001fd19d93310 code [0x000001fd19d93500, 0x000001fd19d93c68]
Event: 10.781 Thread 0x000001fd2c0d0920 7524       3       java.lang.ProcessEnvironment$EntryComparator::compare (25 bytes)
Event: 10.781 Thread 0x000001fd2c0d0920 nmethod 7524 0x000001fd19d93e10 code [0x000001fd19d93fe0, 0x000001fd19d944c8]
Event: 11.404 Thread 0x000001fd2c0d0920 7525   !   3       org.gradle.internal.event.AbstractBroadcastDispatch::dispatch (191 bytes)
Event: 11.405 Thread 0x000001fd2c0d0920 nmethod 7525 0x000001fd19d94610 code [0x000001fd19d94980, 0x000001fd19d96598]
Event: 11.405 Thread 0x000001fd2c0d0920 7526       3       org.gradle.internal.logging.text.AbstractLineChoppingStyledTextOutput$1::execute (9 bytes)
Event: 11.405 Thread 0x000001fd2c0d0920 nmethod 7526 0x000001fd19d96c90 code [0x000001fd19d96e40, 0x000001fd19d97068]
Event: 11.405 Thread 0x000001fd2c0d0920 7527       3       org.gradle.internal.logging.text.AbstractLineChoppingStyledTextOutput$1::execute (140 bytes)
Event: 11.406 Thread 0x000001fd2c0d0920 nmethod 7527 0x000001fd19d97110 code [0x000001fd19d97440, 0x000001fd19d984d8]
Event: 11.406 Thread 0x000001fd2c0d0920 7529       3       org.gradle.internal.logging.text.AbstractLineChoppingStyledTextOutput$2::execute (77 bytes)
Event: 11.407 Thread 0x000001fd2c0d0920 nmethod 7529 0x000001fd19d98b90 code [0x000001fd19d98e20, 0x000001fd19d998a8]
Event: 11.407 Thread 0x000001fd2c0d0920 7528       3       org.gradle.internal.io.LineBufferingOutputStream::write (59 bytes)
Event: 11.408 Thread 0x000001fd2c0d0920 nmethod 7528 0x000001fd19d99d10 code [0x000001fd19d99fc0, 0x000001fd19d9adf8]
Event: 11.414 Thread 0x000001fd2c0d0920 7530       1       java.nio.DirectByteBuffer::isReadOnly (2 bytes)
Event: 11.414 Thread 0x000001fd2c0d0920 nmethod 7530 0x000001fd20ed5190 code [0x000001fd20ed5320, 0x000001fd20ed53f8]
Event: 11.415 Thread 0x000001fd2c0c4000 7531       4       org.gradle.internal.logging.text.AbstractLineChoppingStyledTextOutput::doAppend (43 bytes)

GC Heap History (12 events):
Event: 0.896 GC heap before
{Heap before GC invocations=0 (full 0):
 garbage-first heap   total 262144K, used 25600K [0x00000000e0000000, 0x0000000100000000)
  region size 1024K, 23 young (23552K), 0 survivors (0K)
 Metaspace       used 3006K, committed 3200K, reserved 221184K
  class space    used 379K, committed 448K, reserved 212992K
}
Event: 0.900 GC heap after
{Heap after GC invocations=1 (full 0):
 garbage-first heap   total 262144K, used 9269K [0x00000000e0000000, 0x0000000100000000)
  region size 1024K, 3 young (3072K), 3 survivors (3072K)
 Metaspace       used 3006K, committed 3200K, reserved 221184K
  class space    used 379K, committed 448K, reserved 212992K
}
Event: 1.406 GC heap before
{Heap before GC invocations=1 (full 0):
 garbage-first heap   total 262144K, used 38965K [0x00000000e0000000, 0x0000000100000000)
  region size 1024K, 32 young (32768K), 3 survivors (3072K)
 Metaspace       used 3939K, committed 4096K, reserved 221184K
  class space    used 476K, committed 576K, reserved 212992K
}
Event: 1.410 GC heap after
{Heap after GC invocations=2 (full 0):
 garbage-first heap   total 262144K, used 13296K [0x00000000e0000000, 0x0000000100000000)
  region size 1024K, 4 young (4096K), 4 survivors (4096K)
 Metaspace       used 3939K, committed 4096K, reserved 221184K
  class space    used 476K, committed 576K, reserved 212992K
}
Event: 3.899 GC heap before
{Heap before GC invocations=2 (full 0):
 garbage-first heap   total 262144K, used 113648K [0x00000000e0000000, 0x0000000100000000)
  region size 1024K, 103 young (105472K), 4 survivors (4096K)
 Metaspace       used 21201K, committed 21504K, reserved 237568K
  class space    used 3172K, committed 3328K, reserved 212992K
}
Event: 3.907 GC heap after
{Heap after GC invocations=3 (full 0):
 garbage-first heap   total 262144K, used 20497K [0x00000000e0000000, 0x0000000100000000)
  region size 1024K, 12 young (12288K), 12 survivors (12288K)
 Metaspace       used 21201K, committed 21504K, reserved 237568K
  class space    used 3172K, committed 3328K, reserved 212992K
}
Event: 6.028 GC heap before
{Heap before GC invocations=4 (full 0):
 garbage-first heap   total 262144K, used 123921K [0x00000000e0000000, 0x0000000100000000)
  region size 1024K, 111 young (113664K), 12 survivors (12288K)
 Metaspace       used 35559K, committed 35968K, reserved 245760K
  class space    used 4894K, committed 5120K, reserved 212992K
}
Event: 6.039 GC heap after
{Heap after GC invocations=5 (full 0):
 garbage-first heap   total 262144K, used 31375K [0x00000000e0000000, 0x0000000100000000)
  region size 1024K, 17 young (17408K), 17 survivors (17408K)
 Metaspace       used 35559K, committed 35968K, reserved 245760K
  class space    used 4894K, committed 5120K, reserved 212992K
}
Event: 7.900 GC heap before
{Heap before GC invocations=6 (full 0):
 garbage-first heap   total 262144K, used 170639K [0x00000000e0000000, 0x0000000100000000)
  region size 1024K, 153 young (156672K), 17 survivors (17408K)
 Metaspace       used 46176K, committed 46720K, reserved 253952K
  class space    used 6462K, committed 6720K, reserved 212992K
}
Event: 7.921 GC heap after
{Heap after GC invocations=7 (full 0):
 garbage-first heap   total 262144K, used 42961K [0x00000000e0000000, 0x0000000100000000)
  region size 1024K, 20 young (20480K), 20 survivors (20480K)
 Metaspace       used 46176K, committed 46720K, reserved 253952K
  class space    used 6462K, committed 6720K, reserved 212992K
}
Event: 10.303 GC heap before
{Heap before GC invocations=7 (full 0):
 garbage-first heap   total 262144K, used 178129K [0x00000000e0000000, 0x0000000100000000)
  region size 1024K, 153 young (156672K), 20 survivors (20480K)
 Metaspace       used 53565K, committed 54272K, reserved 262144K
  class space    used 7650K, committed 8000K, reserved 212992K
}
Event: 10.325 GC heap after
{Heap after GC invocations=8 (full 0):
 garbage-first heap   total 262144K, used 59951K [0x00000000e0000000, 0x0000000100000000)
  region size 1024K, 16 young (16384K), 16 survivors (16384K)
 Metaspace       used 53565K, committed 54272K, reserved 262144K
  class space    used 7650K, committed 8000K, reserved 212992K
}

Dll operation events (12 events):
Event: 0.015 Loaded shared library C:\Users\allur\.jdks\corretto-17.0.6\bin\java.dll
Event: 0.025 Loaded shared library C:\Users\allur\.jdks\corretto-17.0.6\bin\jsvml.dll
Event: 0.066 Loaded shared library C:\Users\allur\.jdks\corretto-17.0.6\bin\net.dll
Event: 0.069 Loaded shared library C:\Users\allur\.jdks\corretto-17.0.6\bin\nio.dll
Event: 0.074 Loaded shared library C:\Users\allur\.jdks\corretto-17.0.6\bin\zip.dll
Event: 0.298 Loaded shared library C:\Users\allur\.jdks\corretto-17.0.6\bin\jimage.dll
Event: 0.380 Loaded shared library C:\Users\allur\.jdks\corretto-17.0.6\bin\verify.dll
Event: 0.733 Loaded shared library C:\Users\allur\.gradle\native\68d5fa5c4cc2d200863cafc0d521ce42e7d3e7ee720ec0a83991735586a16f82\windows-amd64\native-platform.dll
Event: 0.748 Loaded shared library C:\Users\allur\.gradle\native\e376f236ea51e6404a007f0833ffe2c6e607c4080706a723a18a27aeea778392\windows-amd64\native-platform-file-events.dll
Event: 1.653 Loaded shared library C:\Users\allur\.jdks\corretto-17.0.6\bin\management.dll
Event: 1.658 Loaded shared library C:\Users\allur\.jdks\corretto-17.0.6\bin\management_ext.dll
Event: 2.123 Loaded shared library C:\Users\allur\.jdks\corretto-17.0.6\bin\sunmscapi.dll

Deoptimization events (20 events):
Event: 10.722 Thread 0x000001fd2eb59e70 DEOPT PACKING pc=0x000001fd20c74648 sp=0x0000009f9c4febd0
Event: 10.723 Thread 0x000001fd2eb59e70 DEOPT UNPACKING pc=0x000001fd205b69a3 sp=0x0000009f9c4feae8 mode 2
Event: 10.723 Thread 0x000001fd2eb59e70 Uncommon trap: trap_request=0xffffffde fr.pc=0x000001fd20c73800 relative=0x00000000000001c0
Event: 10.723 Thread 0x000001fd2eb59e70 Uncommon trap: reason=class_check action=maybe_recompile pc=0x000001fd20c73800 method=java.io.BufferedInputStream.read1([BII)I @ 39 c2
Event: 10.723 Thread 0x000001fd2eb59e70 DEOPT PACKING pc=0x000001fd20c73800 sp=0x0000009f9c4feb30
Event: 10.723 Thread 0x000001fd2eb59e70 DEOPT UNPACKING pc=0x000001fd205b69a3 sp=0x0000009f9c4fead8 mode 2
Event: 10.750 Thread 0x000001fd2e8c6c70 DEOPT PACKING pc=0x000001fd19938259 sp=0x0000009f99cfb180
Event: 10.750 Thread 0x000001fd2e8c6c70 DEOPT UNPACKING pc=0x000001fd205b7143 sp=0x0000009f99cfa678 mode 0
Event: 11.403 Thread 0x000001fd2eb55170 Uncommon trap: trap_request=0xffffff45 fr.pc=0x000001fd20bbace8 relative=0x0000000000000568
Event: 11.403 Thread 0x000001fd2eb55170 Uncommon trap: reason=unstable_if action=reinterpret pc=0x000001fd20bbace8 method=org.gradle.internal.logging.text.AbstractLineChoppingStyledTextOutput$2.execute(Lorg/gradle/internal/logging/text/AbstractLineChoppingStyledTextOutput$StateContext;)V @ 34 c
Event: 11.403 Thread 0x000001fd2eb55170 DEOPT PACKING pc=0x000001fd20bbace8 sp=0x0000009f9c5fe0f0
Event: 11.403 Thread 0x000001fd2eb55170 DEOPT UNPACKING pc=0x000001fd205b69a3 sp=0x0000009f9c5fdf88 mode 2
Event: 11.404 Thread 0x000001fd2eb55170 Uncommon trap: trap_request=0xffffff45 fr.pc=0x000001fd20bb9edc relative=0x000000000000057c
Event: 11.404 Thread 0x000001fd2eb55170 Uncommon trap: reason=unstable_if action=reinterpret pc=0x000001fd20bb9edc method=org.gradle.internal.logging.text.AbstractLineChoppingStyledTextOutput$2.execute(Lorg/gradle/internal/logging/text/AbstractLineChoppingStyledTextOutput$StateContext;)V @ 34 c
Event: 11.404 Thread 0x000001fd2eb55170 DEOPT PACKING pc=0x000001fd20bb9edc sp=0x0000009f9c5fe080
Event: 11.404 Thread 0x000001fd2eb55170 DEOPT UNPACKING pc=0x000001fd205b69a3 sp=0x0000009f9c5fdf80 mode 2
Event: 11.404 Thread 0x000001fd2eb55170 Uncommon trap: trap_request=0xffffff45 fr.pc=0x000001fd20bb7e90 relative=0x00000000000003b0
Event: 11.404 Thread 0x000001fd2eb55170 Uncommon trap: reason=unstable_if action=reinterpret pc=0x000001fd20bb7e90 method=org.gradle.internal.logging.text.AbstractLineChoppingStyledTextOutput$2.execute(Lorg/gradle/internal/logging/text/AbstractLineChoppingStyledTextOutput$StateContext;)V @ 34 c
Event: 11.404 Thread 0x000001fd2eb55170 DEOPT PACKING pc=0x000001fd20bb7e90 sp=0x0000009f9c5fdfe0
Event: 11.404 Thread 0x000001fd2eb55170 DEOPT UNPACKING pc=0x000001fd205b69a3 sp=0x0000009f9c5fdfa0 mode 2

Classes unloaded (0 events):
No events

Classes redefined (0 events):
No events

Internal exceptions (20 events):
Event: 9.877 Thread 0x000001fd32ae7210 Exception <a 'java/lang/NoSuchMethodError'{0x00000000e861f260}: 'void java.lang.invoke.DirectMethodHandle$Holder.invokeInterface(java.lang.Object, java.lang.Object, java.lang.Object, java.lang.Object)'> (0x00000000e861f260) 
thrown [s\src\hotspot\share\interpreter\linkResolver.cpp, line 759]
Event: 9.935 Thread 0x000001fd2ebded50 Exception <a 'java/lang/NoSuchMethodError'{0x00000000eff10860}: static Lorg/gradle/internal/build/event/types/DefaultTaskStartedProgressEvent;.<clinit>()V> (0x00000000eff10860) 
thrown [s\src\hotspot\share\prims\jni.cpp, line 1107]
Event: 9.935 Thread 0x000001fd2ebded50 Exception <a 'java/lang/NoSuchMethodError'{0x00000000eff11ec8}: static Lorg/gradle/internal/build/event/types/AbstractProgressEvent;.<clinit>()V> (0x00000000eff11ec8) 
thrown [s\src\hotspot\share\prims\jni.cpp, line 1107]
Event: 9.936 Thread 0x000001fd2ebded50 Exception <a 'java/lang/NoSuchMethodError'{0x00000000e85de7d8}: static Lorg/gradle/internal/build/event/types/DefaultTaskDescriptor;.<clinit>()V> (0x00000000e85de7d8) 
thrown [s\src\hotspot\share\prims\jni.cpp, line 1107]
Event: 9.939 Thread 0x000001fd2ebded50 Exception <a 'java/lang/NoSuchMethodError'{0x00000000e85fdf18}: static Lorg/gradle/internal/operations/OperationIdentifier;.<clinit>()V> (0x00000000e85fdf18) 
thrown [s\src\hotspot\share\prims\jni.cpp, line 1107]
Event: 9.940 Thread 0x000001fd2ebded50 Exception <a 'java/lang/NoSuchMethodError'{0x00000000e8407690}: static Lorg/gradle/internal/build/event/types/DefaultBinaryPluginIdentifier;.<clinit>()V> (0x00000000e8407690) 
thrown [s\src\hotspot\share\prims\jni.cpp, line 1107]
Event: 9.943 Thread 0x000001fd32ae7210 Exception <a 'java/lang/IncompatibleClassChangeError'{0x00000000e8430bd0}: Found class java.lang.Object, but interface was expected> (0x00000000e8430bd0) 
thrown [s\src\hotspot\share\interpreter\linkResolver.cpp, line 826]
Event: 10.000 Thread 0x000001fd32ae7210 Exception <a 'java/lang/IncompatibleClassChangeError'{0x00000000e82723c0}: Found class java.lang.Object, but interface was expected> (0x00000000e82723c0) 
thrown [s\src\hotspot\share\interpreter\linkResolver.cpp, line 826]
Event: 10.047 Thread 0x000001fd32ae7210 Exception <a 'java/lang/NoSuchMethodError'{0x00000000e8035c98}: 'int java.lang.invoke.DirectMethodHandle$Holder.invokeStaticInit(java.lang.Object, java.lang.Object, java.lang.Object, java.lang.Object, java.lang.Object)'> (0x00000000e8035c98) 
thrown [s\src\hotspot\share\interpreter\linkResolver.cpp, line 759]
Event: 10.075 Thread 0x000001fd2ebded50 Exception <a 'java/lang/NoSuchMethodError'{0x00000000e8410010}: static Lorg/gradle/internal/build/event/types/DefaultTaskFinishedProgressEvent;.<clinit>()V> (0x00000000e8410010) 
thrown [s\src\hotspot\share\prims\jni.cpp, line 1107]
Event: 10.076 Thread 0x000001fd2ebded50 Exception <a 'java/lang/NoSuchMethodError'{0x00000000e7f81ed8}: static Lorg/gradle/internal/build/event/types/DefaultTaskSuccessResult;.<clinit>()V> (0x00000000e7f81ed8) 
thrown [s\src\hotspot\share\prims\jni.cpp, line 1107]
Event: 10.076 Thread 0x000001fd2ebded50 Exception <a 'java/lang/NoSuchMethodError'{0x00000000e7f83148}: static Lorg/gradle/internal/build/event/types/AbstractTaskResult;.<clinit>()V> (0x00000000e7f83148) 
thrown [s\src\hotspot\share\prims\jni.cpp, line 1107]
Event: 10.077 Thread 0x000001fd2ebded50 Exception <a 'java/lang/NoSuchMethodError'{0x00000000e7f84670}: static Lorg/gradle/internal/build/event/types/AbstractResult;.<clinit>()V> (0x00000000e7f84670) 
thrown [s\src\hotspot\share\prims\jni.cpp, line 1107]
Event: 10.079 Thread 0x000001fd32ae7210 Exception <a 'java/lang/NoSuchMethodError'{0x00000000e7f68590}: 'int java.lang.invoke.DirectMethodHandle$Holder.invokeSpecial(java.lang.Object, java.lang.Object, java.lang.Object, java.lang.Object, java.lang.Object)'> (0x00000000e7f68590) 
thrown [s\src\hotspot\share\interpreter\linkResolver.cpp, line 759]
Event: 10.085 Thread 0x000001fd2ebded50 Exception <a 'java/lang/NoSuchMethodError'{0x00000000e7fb36d0}: static Lorg/gradle/internal/build/event/types/DefaultTaskSkippedResult;.<clinit>()V> (0x00000000e7fb36d0) 
thrown [s\src\hotspot\share\prims\jni.cpp, line 1107]
Event: 10.490 Thread 0x000001fd2eb54ca0 Exception <a 'java/lang/NoSuchMethodError'{0x00000000ef989dc0}: 'void java.lang.invoke.DirectMethodHandle$Holder.invokeStatic(java.lang.Object, long)'> (0x00000000ef989dc0) 
thrown [s\src\hotspot\share\interpreter\linkResolver.cpp, line 759]
Event: 10.490 Thread 0x000001fd2eb54ca0 Exception <a 'java/lang/NoSuchMethodError'{0x00000000ef98f128}: 'java.lang.Object java.lang.invoke.DirectMethodHandle$Holder.newInvokeSpecial(java.lang.Object, long)'> (0x00000000ef98f128) 
thrown [s\src\hotspot\share\interpreter\linkResolver.cpp, line 759]
Event: 10.491 Thread 0x000001fd2eb54ca0 Exception <a 'java/lang/NoSuchMethodError'{0x00000000ef995b88}: 'java.lang.Object java.lang.invoke.DirectMethodHandle$Holder.invokeStatic(java.lang.Object, java.lang.Object, long, java.lang.Object)'> (0x00000000ef995b88) 
thrown [s\src\hotspot\share\interpreter\linkResolver.cpp, line 759]
Event: 10.492 Thread 0x000001fd2eb54ca0 Exception <a 'java/lang/NoSuchMethodError'{0x00000000ef9995c0}: 'java.lang.Object java.lang.invoke.DirectMethodHandle$Holder.invokeStaticInit(java.lang.Object, java.lang.Object, long, java.lang.Object)'> (0x00000000ef9995c0) 
thrown [s\src\hotspot\share\interpreter\linkResolver.cpp, line 759]
Event: 10.771 Thread 0x000001fd2e8c6c70 Exception <a 'java/lang/NoSuchMethodError'{0x00000000ef708958}: 'void java.lang.invoke.DirectMethodHandle$Holder.invokeVirtual(java.lang.Object, java.lang.Object)'> (0x00000000ef708958) 
thrown [s\src\hotspot\share\interpreter\linkResolver.cpp, line 759]

VM Operations (20 events):
Event: 9.457 Executing VM operation: HandshakeAllThreads
Event: 9.457 Executing VM operation: HandshakeAllThreads done
Event: 9.650 Executing VM operation: ICBufferFull
Event: 9.650 Executing VM operation: ICBufferFull done
Event: 9.912 Executing VM operation: HandshakeAllThreads
Event: 9.912 Executing VM operation: HandshakeAllThreads done
Event: 9.913 Executing VM operation: HandshakeAllThreads
Event: 9.913 Executing VM operation: HandshakeAllThreads done
Event: 9.925 Executing VM operation: HandshakeAllThreads
Event: 9.925 Executing VM operation: HandshakeAllThreads done
Event: 9.936 Executing VM operation: ICBufferFull
Event: 9.936 Executing VM operation: ICBufferFull done
Event: 10.073 Executing VM operation: HandshakeAllThreads
Event: 10.073 Executing VM operation: HandshakeAllThreads done
Event: 10.263 Executing VM operation: ICBufferFull
Event: 10.264 Executing VM operation: ICBufferFull done
Event: 10.303 Executing VM operation: G1CollectForAllocation
Event: 10.326 Executing VM operation: G1CollectForAllocation done
Event: 10.746 Executing VM operation: HandshakeAllThreads
Event: 10.747 Executing VM operation: HandshakeAllThreads done

Events (20 events):
Event: 10.492 loading class java/lang/ProcessImpl$2 done
Event: 10.492 loading class java/lang/Process$PipeInputStream
Event: 10.492 loading class java/lang/Process$PipeInputStream done
Event: 10.492 loading class jdk/internal/event/ProcessStartEvent
Event: 10.493 loading class jdk/internal/event/Event
Event: 10.493 loading class jdk/internal/event/Event done
Event: 10.493 loading class jdk/internal/event/ProcessStartEvent done
Event: 10.494 Thread 0x000001fd2eb59000 Thread added: 0x000001fd2eb59000
Event: 10.494 Thread 0x000001fd2eb59e70 Thread added: 0x000001fd2eb59e70
Event: 10.734 Thread 0x000001fd2f3917e0 Thread exited: 0x000001fd2f3917e0
Event: 10.745 loading class java/nio/file/attribute/DosFileAttributeView
Event: 10.745 loading class java/nio/file/attribute/DosFileAttributeView done
Event: 10.745 loading class sun/nio/fs/WindowsFileAttributeViews$Dos
Event: 10.746 loading class sun/nio/fs/WindowsFileAttributeViews$Dos done
Event: 10.780 loading class java/util/stream/ReduceOps$2
Event: 10.780 loading class java/util/stream/ReduceOps$2 done
Event: 10.780 loading class java/util/stream/ReduceOps$2ReducingSink
Event: 10.781 loading class java/util/stream/ReduceOps$2ReducingSink done
Event: 10.804 Thread 0x000001fd2eb5a340 Thread added: 0x000001fd2eb5a340
Event: 10.804 Thread 0x000001fd2eb55170 Thread added: 0x000001fd2eb55170


Dynamic libraries:
0x00007ff666cf0000 - 0x00007ff666cfd000 	C:\Users\allur\.jdks\corretto-17.0.6\bin\java.exe
0x00007ffc15930000 - 0x00007ffc15b44000 	C:\WINDOWS\SYSTEM32\ntdll.dll
0x00007ffc14290000 - 0x00007ffc14353000 	C:\WINDOWS\System32\KERNEL32.DLL
0x00007ffc12f00000 - 0x00007ffc1329c000 	C:\WINDOWS\System32\KERNELBASE.dll
0x0000000057490000 - 0x00000000577c1000 	C:\Program Files\Norton Security\NortonData\22.20.5.39\Definitions\IPSDefs\20230321.061\IPSEng64.dll
0x00007ffc13740000 - 0x00007ffc137ee000 	C:\WINDOWS\System32\ADVAPI32.dll
0x00007ffc14130000 - 0x00007ffc141d7000 	C:\WINDOWS\System32\msvcrt.dll
0x00007ffc13f50000 - 0x00007ffc13ff4000 	C:\WINDOWS\System32\sechost.dll
0x00007ffc14ba0000 - 0x00007ffc14cb5000 	C:\WINDOWS\System32\RPCRT4.dll
0x00007ffc14a90000 - 0x00007ffc14a98000 	C:\WINDOWS\System32\PSAPI.DLL
0x00007ffc12d70000 - 0x00007ffc12e81000 	C:\WINDOWS\System32\ucrtbase.dll
0x00007ffc06240000 - 0x00007ffc06255000 	C:\Users\allur\.jdks\corretto-17.0.6\bin\VCRUNTIME140.dll
0x00007ffbf8440000 - 0x00007ffbf8457000 	C:\Users\allur\.jdks\corretto-17.0.6\bin\jli.dll
0x00007ffc14cd0000 - 0x00007ffc14e7d000 	C:\WINDOWS\System32\USER32.dll
0x00007ffc13480000 - 0x00007ffc134a6000 	C:\WINDOWS\System32\win32u.dll
0x00007ffbf6b70000 - 0x00007ffbf6dfe000 	C:\WINDOWS\WinSxS\amd64_microsoft.windows.common-controls_6595b64144ccf1df_6.0.22621.608_none_a9444ca7c10bb01d\COMCTL32.dll
0x00007ffc158a0000 - 0x00007ffc158c9000 	C:\WINDOWS\System32\GDI32.dll
0x00007ffc13620000 - 0x00007ffc13733000 	C:\WINDOWS\System32\gdi32full.dll
0x00007ffc132a0000 - 0x00007ffc1333a000 	C:\WINDOWS\System32\msvcp_win.dll
0x00007ffc14930000 - 0x00007ffc14961000 	C:\WINDOWS\System32\IMM32.DLL
0x00007ffb7e280000 - 0x00007ffb7e31b000 	C:\Users\allur\.jdks\corretto-17.0.6\bin\msvcp140.dll
0x00007ffb44d50000 - 0x00007ffb45968000 	C:\Users\allur\.jdks\corretto-17.0.6\bin\server\jvm.dll
0x00007ffc07210000 - 0x00007ffc0721a000 	C:\WINDOWS\SYSTEM32\VERSION.dll
0x00007ffc0a260000 - 0x00007ffc0a294000 	C:\WINDOWS\SYSTEM32\WINMM.dll
0x00007ffbf70d0000 - 0x00007ffbf70d9000 	C:\WINDOWS\SYSTEM32\WSOCK32.dll
0x00007ffc13ec0000 - 0x00007ffc13f31000 	C:\WINDOWS\System32\WS2_32.dll
0x00007ffc11d80000 - 0x00007ffc11d98000 	C:\WINDOWS\SYSTEM32\kernel.appcore.dll
0x00007ffbf7f70000 - 0x00007ffbf7f7a000 	C:\Users\allur\.jdks\corretto-17.0.6\bin\jimage.dll
0x00007ffc10680000 - 0x00007ffc108ae000 	C:\WINDOWS\SYSTEM32\DBGHELP.DLL
0x00007ffc145a0000 - 0x00007ffc14929000 	C:\WINDOWS\System32\combase.dll
0x00007ffc144c0000 - 0x00007ffc14597000 	C:\WINDOWS\System32\OLEAUT32.dll
0x00007ffc07950000 - 0x00007ffc07982000 	C:\WINDOWS\SYSTEM32\dbgcore.DLL
0x00007ffc13400000 - 0x00007ffc1347b000 	C:\WINDOWS\System32\bcryptPrimitives.dll
0x00007ffbc2ce0000 - 0x00007ffbc2d05000 	C:\Users\allur\.jdks\corretto-17.0.6\bin\java.dll
0x00007ffb71a40000 - 0x00007ffb71b16000 	C:\Users\allur\.jdks\corretto-17.0.6\bin\jsvml.dll
0x00007ffc15020000 - 0x00007ffc15810000 	C:\WINDOWS\System32\SHELL32.dll
0x00007ffc10d30000 - 0x00007ffc115fe000 	C:\WINDOWS\SYSTEM32\windows.storage.dll
0x00007ffc10bf0000 - 0x00007ffc10d2e000 	C:\WINDOWS\SYSTEM32\wintypes.dll
0x00007ffc14aa0000 - 0x00007ffc14b91000 	C:\WINDOWS\System32\SHCORE.dll
0x00007ffc14360000 - 0x00007ffc143be000 	C:\WINDOWS\System32\shlwapi.dll
0x00007ffc12ca0000 - 0x00007ffc12cc1000 	C:\WINDOWS\SYSTEM32\profapi.dll
0x00007ffbf1ee0000 - 0x00007ffbf1ef9000 	C:\Users\allur\.jdks\corretto-17.0.6\bin\net.dll
0x00007ffc09000000 - 0x00007ffc0912f000 	C:\WINDOWS\SYSTEM32\WINHTTP.dll
0x00007ffc121f0000 - 0x00007ffc12259000 	C:\WINDOWS\system32\mswsock.dll
0x00007ffbf1590000 - 0x00007ffbf15a5000 	C:\Users\allur\.jdks\corretto-17.0.6\bin\nio.dll
0x00007ffbd77c0000 - 0x00007ffbd77d8000 	C:\Users\allur\.jdks\corretto-17.0.6\bin\zip.dll
0x00007ffbf5de0000 - 0x00007ffbf5df0000 	C:\Users\allur\.jdks\corretto-17.0.6\bin\verify.dll
0x00007ffc07d20000 - 0x00007ffc07d47000 	C:\Users\allur\.gradle\native\68d5fa5c4cc2d200863cafc0d521ce42e7d3e7ee720ec0a83991735586a16f82\windows-amd64\native-platform.dll
0x00007ffb97810000 - 0x00007ffb97954000 	C:\Users\allur\.gradle\native\e376f236ea51e6404a007f0833ffe2c6e607c4080706a723a18a27aeea778392\windows-amd64\native-platform-file-events.dll
0x00007ffbf0ee0000 - 0x00007ffbf0ee9000 	C:\Users\allur\.jdks\corretto-17.0.6\bin\management.dll
0x00007ffbed3d0000 - 0x00007ffbed3db000 	C:\Users\allur\.jdks\corretto-17.0.6\bin\management_ext.dll
0x00007ffc12410000 - 0x00007ffc1242b000 	C:\WINDOWS\SYSTEM32\CRYPTSP.dll
0x00007ffc11cf0000 - 0x00007ffc11d25000 	C:\WINDOWS\system32\rsaenh.dll
0x00007ffc122b0000 - 0x00007ffc122d8000 	C:\WINDOWS\SYSTEM32\USERENV.dll
0x00007ffc12630000 - 0x00007ffc12658000 	C:\WINDOWS\SYSTEM32\bcrypt.dll
0x00007ffc12430000 - 0x00007ffc1243c000 	C:\WINDOWS\SYSTEM32\CRYPTBASE.dll
0x00007ffc11890000 - 0x00007ffc118bd000 	C:\WINDOWS\SYSTEM32\IPHLPAPI.DLL
0x00007ffc14cc0000 - 0x00007ffc14cc9000 	C:\WINDOWS\System32\NSI.dll
0x00007ffc08ef0000 - 0x00007ffc08f09000 	C:\WINDOWS\SYSTEM32\dhcpcsvc6.DLL
0x00007ffc08d40000 - 0x00007ffc08d5f000 	C:\WINDOWS\SYSTEM32\dhcpcsvc.DLL
0x00007ffc118c0000 - 0x00007ffc119b3000 	C:\WINDOWS\SYSTEM32\DNSAPI.dll
0x00007ffbeb8e0000 - 0x00007ffbeb8ee000 	C:\Users\allur\.jdks\corretto-17.0.6\bin\sunmscapi.dll
0x00007ffc134b0000 - 0x00007ffc13616000 	C:\WINDOWS\System32\CRYPT32.dll
0x00007ffc12600000 - 0x00007ffc1262d000 	C:\WINDOWS\SYSTEM32\ncrypt.dll
0x00007ffc125c0000 - 0x00007ffc125f7000 	C:\WINDOWS\SYSTEM32\NTASN1.dll
0x00007ffc02180000 - 0x00007ffc02188000 	C:\WINDOWS\system32\wshunix.dll

dbghelp: loaded successfully - version: 4.0.5 - missing functions: none
symbol engine: initialized successfully - sym options: 0x614 - pdb path: .;C:\Users\allur\.jdks\corretto-17.0.6\bin;C:\WINDOWS\SYSTEM32;C:\Program Files\Norton Security\NortonData\22.20.5.39\Definitions\IPSDefs\20230321.061;C:\WINDOWS\WinSxS\amd64_microsoft.windows.common-controls_6595b64144ccf1df_6.0.22621.608_none_a9444ca7c10bb01d;C:\Users\allur\.jdks\corretto-17.0.6\bin\server;C:\Users\allur\.gradle\native\68d5fa5c4cc2d200863cafc0d521ce42e7d3e7ee720ec0a83991735586a16f82\windows-amd64;C:\Users\allur\.gradle\native\e376f236ea51e6404a007f0833ffe2c6e607c4080706a723a18a27aeea778392\windows-amd64

VM Arguments:
jvm_args: --add-opens=java.base/java.util=ALL-UNNAMED --add-opens=java.base/java.lang=ALL-UNNAMED --add-opens=java.base/java.lang.invoke=ALL-UNNAMED --add-opens=java.prefs/java.util.prefs=ALL-UNNAMED --add-opens=java.base/java.nio.charset=ALL-UNNAMED --add-opens=java.base/java.net=ALL-UNNAMED --add-opens=java.base/java.util.concurrent.atomic=ALL-UNNAMED -XX:MaxMetaspaceSize=256m -XX:+HeapDumpOnOutOfMemoryError -Xms256m -Xmx512m -Dfile.encoding=windows-1252 -Duser.country=GB -Duser.language=en -Duser.variant 
java_command: org.gradle.launcher.daemon.bootstrap.GradleDaemon 7.6.1
java_class_path (initial): C:\Users\allur\.gradle\wrapper\dists\gradle-7.6.1-bin\2clxi94ab3brv6467628wnxmd\gradle-7.6.1\lib\gradle-launcher-7.6.1.jar
Launcher Type: SUN_STANDARD

[Global flags]
     intx CICompilerCount                          = 4                                         {product} {ergonomic}
   size_t CompressedClassSpaceSize                 = 218103808                                 {product} {ergonomic}
     uint ConcGCThreads                            = 2                                         {product} {ergonomic}
     uint G1ConcRefinementThreads                  = 8                                         {product} {ergonomic}
   size_t G1HeapRegionSize                         = 1048576                                   {product} {ergonomic}
    uintx GCDrainStackTargetSize                   = 64                                        {product} {ergonomic}
     bool HeapDumpOnOutOfMemoryError               = true                                   {manageable} {command line}
   size_t InitialHeapSize                          = 268435456                                 {product} {command line}
   size_t MarkStackSize                            = 4194304                                   {product} {ergonomic}
   size_t MaxHeapSize                              = 536870912                                 {product} {command line}
   size_t MaxMetaspaceSize                         = 268435456                                 {product} {command line}
   size_t MaxNewSize                               = 321912832                                 {product} {ergonomic}
   size_t MinHeapDeltaBytes                        = 1048576                                   {product} {ergonomic}
   size_t MinHeapSize                              = 268435456                                 {product} {command line}
    uintx NonNMethodCodeHeapSize                   = 5839372                                {pd product} {ergonomic}
    uintx NonProfiledCodeHeapSize                  = 122909434                              {pd product} {ergonomic}
    uintx ProfiledCodeHeapSize                     = 122909434                              {pd product} {ergonomic}
    uintx ReservedCodeCacheSize                    = 251658240                              {pd product} {ergonomic}
     bool SegmentedCodeCache                       = true                                      {product} {ergonomic}
   size_t SoftMaxHeapSize                          = 536870912                              {manageable} {ergonomic}
     bool UseCompressedClassPointers               = true                           {product lp64_product} {ergonomic}
     bool UseCompressedOops                        = true                           {product lp64_product} {ergonomic}
     bool UseG1GC                                  = true                                      {product} {ergonomic}
     bool UseLargePagesIndividualAllocation        = false                                  {pd product} {ergonomic}

Logging:
Log output configuration:
 #0: stdout all=warning uptime,level,tags
 #1: stderr all=off uptime,level,tags

Environment Variables:
JAVA_HOME=C:\Program Files\Java\jdk-19
PATH=C:\Program Files\Common Files\Oracle\Java\javapath;C:\Program Files (x86)\Common Files\Oracle\Java\javapath;C:\Program Files (x86)\EasyPHP-DevServer-14.1VC11\binaries\php\php_runningversion;C:\WINDOWS\system32;C:\WINDOWS;C:\WINDOWS\System32\Wbem;C:\WINDOWS\System32\WindowsPowerShell\v1.0\;C:\WINDOWS\System32\OpenSSH\;C:\Program Files\Microchip\xc32\v4.00\bin;C:\Program Files\nodejs\;C:\Program Files\nodejs;C:\Program Files\Git\cmd;C:\Program Files\Java\jdk-19\bin;C:\Users\allur\oopp-team-11;C:\Users\allur\AppData\Local\Microsoft\WindowsApps;C:\Users\allur\AppData\Roaming\npm;C:\Users\allur\AppData\Local\Programs\Microsoft VS Code\bin;C:\Program Files\nodejs;C:\Users\allur\AppData\Local\Programs\mongosh\;%GRADLE_HOME%\bin;C:\Users\allur\AppData\Local\gitkraken\bin
USERNAME=allur
OS=Windows_NT
PROCESSOR_IDENTIFIER=Intel64 Family 6 Model 142 Stepping 12, GenuineIntel
TMP=C:\Users\allur\AppData\Local\Temp
TEMP=C:\Users\allur\AppData\Local\Temp



---------------  S Y S T E M  ---------------

OS:
 Windows 11 , 64 bit Build 22621 (10.0.22621.1344)
OS uptime: 5 days 2:35 hours
Hyper-V role detected

CPU: total 8 (initial active 8) (4 cores per cpu, 2 threads per core) family 6 model 142 stepping 12 microcode 0xde, cx8, cmov, fxsr, ht, mmx, 3dnowpref, sse, sse2, sse3, ssse3, sse4.1, sse4.2, popcnt, lzcnt, tsc, tscinvbit, avx, avx2, aes, erms, clmul, bmi1, bmi2, adx, fma, vzeroupper, clflush, clflushopt, hv

Memory: 4k page, system-wide physical 8011M (474M free)
TotalPageFile size 32587M (AvailPageFile size 219M)
current process WorkingSet (physical memory assigned to process): 400M, peak: 410M
current process commit charge ("private bytes"): 483M, peak: 510M

vm_info: OpenJDK 64-Bit Server VM (17.0.6+10-LTS) for windows-amd64 JRE (17.0.6+10-LTS), built on Jan 13 2023 22:57:04 by "Administrator" with MS VC++ 15.9 (VS2017)

END.
