#
# There is insufficient memory for the Java Runtime Environment to continue.
# Native memory allocation (malloc) failed to allocate 1167856 bytes for Chunk::new
# Possible reasons:
#   The system is out of physical RAM or swap space
#   The process is running with CompressedOops enabled, and the Java Heap may be blocking the growth of the native heap
# Possible solutions:
#   Reduce memory load on the system
#   Increase physical memory or swap space
#   Check if swap backing store is full
#   Decrease Java heap size (-Xmx/-Xms)
#   Decrease number of Java threads
#   Decrease Java thread stack sizes (-Xss)
#   Set larger code cache with -XX:ReservedCodeCacheSize=
#   JVM is running with Unscaled Compressed Oops mode in which the Java heap is
#     placed in the first 4GB address space. The Java Heap base address is the
#     maximum limit for the native heap growth. Please use -XX:HeapBaseMinAddress
#     to set the Java Heap base and to place the Java Heap above 4GB virtual address.
# This output file may be truncated or incomplete.
#
#  Out of Memory Error (arena.cpp:189), pid=23888, tid=2956
#
# JRE version: OpenJDK Runtime Environment Corretto-17.0.6.10.1 (17.0.6+10) (build 17.0.6+10-LTS)
# Java VM: OpenJDK 64-Bit Server VM Corretto-17.0.6.10.1 (17.0.6+10-LTS, mixed mode, sharing, tiered, compressed oops, compressed class ptrs, g1 gc, windows-amd64)
# No core dump will be written. Minidumps are not enabled by default on client versions of Windows
#

---------------  S U M M A R Y ------------

Command Line: -Dfile.encoding=windows-1252 -Duser.country=GB -Duser.language=en -Duser.variant server.Main

Host: Intel(R) Core(TM) i5-10210U CPU @ 1.60GHz, 8 cores, 7G,  Windows 11 , 64 bit Build 22621 (10.0.22621.1194)
Time: Sun Mar 12 15:17:01 2023 GTB Standard Time elapsed time: 4.771322 seconds (0d 0h 0m 4s)

---------------  T H R E A D  ---------------

Current thread (0x0000020c7f822820):  JavaThread "C2 CompilerThread0" daemon [_thread_in_native, id=2956, stack(0x000000c7ea900000,0x000000c7eaa00000)]


Current CompileTask:
C2:   4771 2738       4       org.springframework.beans.factory.support.AbstractBeanFactory::isTypeMatch (607 bytes)

Stack: [0x000000c7ea900000,0x000000c7eaa00000]
Native frames: (J=compiled Java code, j=interpreted, Vv=VM code, C=native code)
V  [jvm.dll+0x64b39a]
V  [jvm.dll+0x7ff044]
V  [jvm.dll+0x8007fe]
V  [jvm.dll+0x800e53]
V  [jvm.dll+0x235848]
V  [jvm.dll+0xbce6c]
V  [jvm.dll+0xbd44c]
V  [jvm.dll+0x34f252]
V  [jvm.dll+0x319ccf]
V  [jvm.dll+0x31910a]
V  [jvm.dll+0x209ca5]
V  [jvm.dll+0x209237]
V  [jvm.dll+0x19926d]
V  [jvm.dll+0x2185dd]
V  [jvm.dll+0x216824]
V  [jvm.dll+0x7b77bb]
V  [jvm.dll+0x7b1d6a]
V  [jvm.dll+0x64a265]
C  [ucrtbase.dll+0x29363]
C  [KERNEL32.DLL+0x126bd]
C  [ntdll.dll+0x5dfb8]


---------------  P R O C E S S  ---------------

Threads class SMR info:
_java_thread_list=0x0000020c02c1e560, length=12, elements={
0x0000020c62b52240, 0x0000020c7e5a59d0, 0x0000020c7e5a9900, 0x0000020c7f813340,
0x0000020c7f815910, 0x0000020c7f816fa0, 0x0000020c7f81a500, 0x0000020c7f822820,
0x0000020c7f822ed0, 0x0000020c7f824f60, 0x0000020c7f953e30, 0x0000020c7f95ef40
}

Java Threads: ( => current thread )
  0x0000020c62b52240 JavaThread "main" [_thread_in_native, id=35492, stack(0x000000c7e9c00000,0x000000c7e9d00000)]
  0x0000020c7e5a59d0 JavaThread "Reference Handler" daemon [_thread_blocked, id=33272, stack(0x000000c7ea300000,0x000000c7ea400000)]
  0x0000020c7e5a9900 JavaThread "Finalizer" daemon [_thread_blocked, id=39120, stack(0x000000c7ea400000,0x000000c7ea500000)]
  0x0000020c7f813340 JavaThread "Signal Dispatcher" daemon [_thread_blocked, id=13296, stack(0x000000c7ea500000,0x000000c7ea600000)]
  0x0000020c7f815910 JavaThread "Attach Listener" daemon [_thread_blocked, id=40560, stack(0x000000c7ea600000,0x000000c7ea700000)]
  0x0000020c7f816fa0 JavaThread "Service Thread" daemon [_thread_blocked, id=36484, stack(0x000000c7ea700000,0x000000c7ea800000)]
  0x0000020c7f81a500 JavaThread "Monitor Deflation Thread" daemon [_thread_blocked, id=35784, stack(0x000000c7ea800000,0x000000c7ea900000)]
=>0x0000020c7f822820 JavaThread "C2 CompilerThread0" daemon [_thread_in_native, id=2956, stack(0x000000c7ea900000,0x000000c7eaa00000)]
  0x0000020c7f822ed0 JavaThread "C1 CompilerThread0" daemon [_thread_blocked, id=28356, stack(0x000000c7eaa00000,0x000000c7eab00000)]
  0x0000020c7f824f60 JavaThread "Sweeper thread" daemon [_thread_blocked, id=9488, stack(0x000000c7eab00000,0x000000c7eac00000)]
  0x0000020c7f953e30 JavaThread "Notification Thread" daemon [_thread_blocked, id=35344, stack(0x000000c7eac00000,0x000000c7ead00000)]
  0x0000020c7f95ef40 JavaThread "Common-Cleaner" daemon [_thread_blocked, id=36832, stack(0x000000c7eae00000,0x000000c7eaf00000)]

Other Threads:
  0x0000020c7e59d350 VMThread "VM Thread" [stack: 0x000000c7ea200000,0x000000c7ea300000] [id=20696]
  0x0000020c7f95a320 WatcherThread [stack: 0x000000c7ead00000,0x000000c7eae00000] [id=11652]
  0x0000020c62baabf0 GCTaskThread "GC Thread#0" [stack: 0x000000c7e9d00000,0x000000c7e9e00000] [id=21428]
  0x0000020c0275f8a0 GCTaskThread "GC Thread#1" [stack: 0x000000c7eaf00000,0x000000c7eb000000] [id=40008]
  0x0000020c027fce30 GCTaskThread "GC Thread#2" [stack: 0x000000c7eb000000,0x000000c7eb100000] [id=31816]
  0x0000020c0262b2c0 GCTaskThread "GC Thread#3" [stack: 0x000000c7eb100000,0x000000c7eb200000] [id=31996]
  0x0000020c0262b570 GCTaskThread "GC Thread#4" [stack: 0x000000c7eb200000,0x000000c7eb300000] [id=33476]
  0x0000020c0262c440 GCTaskThread "GC Thread#5" [stack: 0x000000c7eb300000,0x000000c7eb400000] [id=38820]
  0x0000020c0262e700 GCTaskThread "GC Thread#6" [stack: 0x000000c7eb400000,0x000000c7eb500000] [id=35336]
  0x0000020c028bd6c0 GCTaskThread "GC Thread#7" [stack: 0x000000c7eb600000,0x000000c7eb700000] [id=36384]
  0x0000020c62bb82d0 ConcurrentGCThread "G1 Main Marker" [stack: 0x000000c7e9e00000,0x000000c7e9f00000] [id=38264]
  0x0000020c7e3f2850 ConcurrentGCThread "G1 Conc#0" [stack: 0x000000c7e9f00000,0x000000c7ea000000] [id=40356]
  0x0000020c7e4587b0 ConcurrentGCThread "G1 Refine#0" [stack: 0x000000c7ea000000,0x000000c7ea100000] [id=28844]
  0x0000020c7e458f70 ConcurrentGCThread "G1 Service" [stack: 0x000000c7ea100000,0x000000c7ea200000] [id=40176]

Threads with active compile tasks:
C2 CompilerThread0     4821 2738       4       org.springframework.beans.factory.support.AbstractBeanFactory::isTypeMatch (607 bytes)
C1 CompilerThread0     4821 3008       2       java.util.concurrent.ConcurrentLinkedDeque::linkFirst (114 bytes)

VM state: not at safepoint (normal execution)

VM Mutex/Monitor currently owned by a thread: None

Heap address: 0x0000000082c00000, size: 2004 MB, Compressed Oops mode: 32-bit

CDS archive(s) mapped at: [0x0000000800000000-0x0000000800bc0000-0x0000000800bc0000), size 12320768, SharedBaseAddress: 0x0000000800000000, ArchiveRelocationMode: 0.
Compressed class space mapped at: 0x0000000800c00000-0x0000000840c00000, reserved size: 1073741824
Narrow klass base: 0x0000000800000000, Narrow klass shift: 0, Narrow klass range: 0x100000000

GC Precious Log:
 CPUs: 8 total, 8 available
 Memory: 8011M
 Large Page Support: Disabled
 NUMA Support: Disabled
 Compressed Oops: Enabled (32-bit)
 Heap Region Size: 1M
 Heap Min Capacity: 8M
 Heap Initial Capacity: 126M
 Heap Max Capacity: 2004M
 Pre-touch: Disabled
 Parallel Workers: 8
 Concurrent Workers: 2
 Concurrent Refinement Workers: 8
 Periodic GC: Disabled

Heap:
 garbage-first heap   total 129024K, used 60394K [0x0000000082c00000, 0x0000000100000000)
  region size 1024K, 54 young (55296K), 2 survivors (2048K)
 Metaspace       used 20673K, committed 20928K, reserved 1073152K
  class space    used 2591K, committed 2688K, reserved 1048576K

Heap Regions: E=young(eden), S=young(survivor), O=old, HS=humongous(starts), HC=humongous(continues), CS=collection set, F=free, OA=open archive, CA=closed archive, TAMS=top-at-mark-start (previous, next)
|   0|0x0000000082c00000, 0x0000000082d00000, 0x0000000082d00000|100%|HS|  |TAMS 0x0000000082c00000, 0x0000000082c00000| Complete 
|   1|0x0000000082d00000, 0x0000000082e00000, 0x0000000082e00000|100%| O|  |TAMS 0x0000000082d00000, 0x0000000082d00000| Untracked 
|   2|0x0000000082e00000, 0x0000000082f00000, 0x0000000082f00000|100%| O|  |TAMS 0x0000000082e00000, 0x0000000082e00000| Untracked 
|   3|0x0000000082f00000, 0x0000000083000000, 0x0000000083000000|100%| O|  |TAMS 0x0000000082f00000, 0x0000000082f00000| Untracked 
|   4|0x0000000083000000, 0x0000000083100000, 0x0000000083100000|100%| O|  |TAMS 0x0000000083000000, 0x0000000083000000| Untracked 
|   5|0x0000000083100000, 0x0000000083200000, 0x0000000083200000|100%| O|  |TAMS 0x0000000083100000, 0x0000000083100000| Untracked 
|   6|0x0000000083200000, 0x0000000083288a00, 0x0000000083300000| 53%| O|  |TAMS 0x0000000083200000, 0x0000000083200000| Untracked 
|   7|0x0000000083300000, 0x0000000083300000, 0x0000000083400000|  0%| F|  |TAMS 0x0000000083300000, 0x0000000083300000| Untracked 
|   8|0x0000000083400000, 0x0000000083400000, 0x0000000083500000|  0%| F|  |TAMS 0x0000000083400000, 0x0000000083400000| Untracked 
|   9|0x0000000083500000, 0x0000000083500000, 0x0000000083600000|  0%| F|  |TAMS 0x0000000083500000, 0x0000000083500000| Untracked 
|  10|0x0000000083600000, 0x0000000083600000, 0x0000000083700000|  0%| F|  |TAMS 0x0000000083600000, 0x0000000083600000| Untracked 
|  11|0x0000000083700000, 0x0000000083700000, 0x0000000083800000|  0%| F|  |TAMS 0x0000000083700000, 0x0000000083700000| Untracked 
|  12|0x0000000083800000, 0x0000000083800000, 0x0000000083900000|  0%| F|  |TAMS 0x0000000083800000, 0x0000000083800000| Untracked 
|  13|0x0000000083900000, 0x0000000083900000, 0x0000000083a00000|  0%| F|  |TAMS 0x0000000083900000, 0x0000000083900000| Untracked 
|  14|0x0000000083a00000, 0x0000000083a00000, 0x0000000083b00000|  0%| F|  |TAMS 0x0000000083a00000, 0x0000000083a00000| Untracked 
|  15|0x0000000083b00000, 0x0000000083b00000, 0x0000000083c00000|  0%| F|  |TAMS 0x0000000083b00000, 0x0000000083b00000| Untracked 
|  16|0x0000000083c00000, 0x0000000083c00000, 0x0000000083d00000|  0%| F|  |TAMS 0x0000000083c00000, 0x0000000083c00000| Untracked 
|  17|0x0000000083d00000, 0x0000000083d00000, 0x0000000083e00000|  0%| F|  |TAMS 0x0000000083d00000, 0x0000000083d00000| Untracked 
|  18|0x0000000083e00000, 0x0000000083e00000, 0x0000000083f00000|  0%| F|  |TAMS 0x0000000083e00000, 0x0000000083e00000| Untracked 
|  19|0x0000000083f00000, 0x0000000083f00000, 0x0000000084000000|  0%| F|  |TAMS 0x0000000083f00000, 0x0000000083f00000| Untracked 
|  20|0x0000000084000000, 0x0000000084000000, 0x0000000084100000|  0%| F|  |TAMS 0x0000000084000000, 0x0000000084000000| Untracked 
|  21|0x0000000084100000, 0x0000000084100000, 0x0000000084200000|  0%| F|  |TAMS 0x0000000084100000, 0x0000000084100000| Untracked 
|  22|0x0000000084200000, 0x0000000084200000, 0x0000000084300000|  0%| F|  |TAMS 0x0000000084200000, 0x0000000084200000| Untracked 
|  23|0x0000000084300000, 0x0000000084300000, 0x0000000084400000|  0%| F|  |TAMS 0x0000000084300000, 0x0000000084300000| Untracked 
|  24|0x0000000084400000, 0x0000000084400000, 0x0000000084500000|  0%| F|  |TAMS 0x0000000084400000, 0x0000000084400000| Untracked 
|  25|0x0000000084500000, 0x0000000084500000, 0x0000000084600000|  0%| F|  |TAMS 0x0000000084500000, 0x0000000084500000| Untracked 
|  26|0x0000000084600000, 0x0000000084600000, 0x0000000084700000|  0%| F|  |TAMS 0x0000000084600000, 0x0000000084600000| Untracked 
|  27|0x0000000084700000, 0x0000000084700000, 0x0000000084800000|  0%| F|  |TAMS 0x0000000084700000, 0x0000000084700000| Untracked 
|  28|0x0000000084800000, 0x0000000084800000, 0x0000000084900000|  0%| F|  |TAMS 0x0000000084800000, 0x0000000084800000| Untracked 
|  29|0x0000000084900000, 0x0000000084900000, 0x0000000084a00000|  0%| F|  |TAMS 0x0000000084900000, 0x0000000084900000| Untracked 
|  30|0x0000000084a00000, 0x0000000084a00000, 0x0000000084b00000|  0%| F|  |TAMS 0x0000000084a00000, 0x0000000084a00000| Untracked 
|  31|0x0000000084b00000, 0x0000000084b00000, 0x0000000084c00000|  0%| F|  |TAMS 0x0000000084b00000, 0x0000000084b00000| Untracked 
|  32|0x0000000084c00000, 0x0000000084c00000, 0x0000000084d00000|  0%| F|  |TAMS 0x0000000084c00000, 0x0000000084c00000| Untracked 
|  33|0x0000000084d00000, 0x0000000084d00000, 0x0000000084e00000|  0%| F|  |TAMS 0x0000000084d00000, 0x0000000084d00000| Untracked 
|  34|0x0000000084e00000, 0x0000000084e00000, 0x0000000084f00000|  0%| F|  |TAMS 0x0000000084e00000, 0x0000000084e00000| Untracked 
|  35|0x0000000084f00000, 0x0000000084f00000, 0x0000000085000000|  0%| F|  |TAMS 0x0000000084f00000, 0x0000000084f00000| Untracked 
|  36|0x0000000085000000, 0x0000000085000000, 0x0000000085100000|  0%| F|  |TAMS 0x0000000085000000, 0x0000000085000000| Untracked 
|  37|0x0000000085100000, 0x0000000085100000, 0x0000000085200000|  0%| F|  |TAMS 0x0000000085100000, 0x0000000085100000| Untracked 
|  38|0x0000000085200000, 0x0000000085200000, 0x0000000085300000|  0%| F|  |TAMS 0x0000000085200000, 0x0000000085200000| Untracked 
|  39|0x0000000085300000, 0x0000000085300000, 0x0000000085400000|  0%| F|  |TAMS 0x0000000085300000, 0x0000000085300000| Untracked 
|  40|0x0000000085400000, 0x0000000085400000, 0x0000000085500000|  0%| F|  |TAMS 0x0000000085400000, 0x0000000085400000| Untracked 
|  41|0x0000000085500000, 0x0000000085500000, 0x0000000085600000|  0%| F|  |TAMS 0x0000000085500000, 0x0000000085500000| Untracked 
|  42|0x0000000085600000, 0x0000000085600000, 0x0000000085700000|  0%| F|  |TAMS 0x0000000085600000, 0x0000000085600000| Untracked 
|  43|0x0000000085700000, 0x0000000085700000, 0x0000000085800000|  0%| F|  |TAMS 0x0000000085700000, 0x0000000085700000| Untracked 
|  44|0x0000000085800000, 0x0000000085800000, 0x0000000085900000|  0%| F|  |TAMS 0x0000000085800000, 0x0000000085800000| Untracked 
|  45|0x0000000085900000, 0x0000000085900000, 0x0000000085a00000|  0%| F|  |TAMS 0x0000000085900000, 0x0000000085900000| Untracked 
|  46|0x0000000085a00000, 0x0000000085a00000, 0x0000000085b00000|  0%| F|  |TAMS 0x0000000085a00000, 0x0000000085a00000| Untracked 
|  47|0x0000000085b00000, 0x0000000085b00000, 0x0000000085c00000|  0%| F|  |TAMS 0x0000000085b00000, 0x0000000085b00000| Untracked 
|  48|0x0000000085c00000, 0x0000000085c00000, 0x0000000085d00000|  0%| F|  |TAMS 0x0000000085c00000, 0x0000000085c00000| Untracked 
|  49|0x0000000085d00000, 0x0000000085d00000, 0x0000000085e00000|  0%| F|  |TAMS 0x0000000085d00000, 0x0000000085d00000| Untracked 
|  50|0x0000000085e00000, 0x0000000085e00000, 0x0000000085f00000|  0%| F|  |TAMS 0x0000000085e00000, 0x0000000085e00000| Untracked 
|  51|0x0000000085f00000, 0x0000000085f00000, 0x0000000086000000|  0%| F|  |TAMS 0x0000000085f00000, 0x0000000085f00000| Untracked 
|  52|0x0000000086000000, 0x0000000086000000, 0x0000000086100000|  0%| F|  |TAMS 0x0000000086000000, 0x0000000086000000| Untracked 
|  53|0x0000000086100000, 0x0000000086100000, 0x0000000086200000|  0%| F|  |TAMS 0x0000000086100000, 0x0000000086100000| Untracked 
|  54|0x0000000086200000, 0x0000000086200000, 0x0000000086300000|  0%| F|  |TAMS 0x0000000086200000, 0x0000000086200000| Untracked 
|  55|0x0000000086300000, 0x0000000086300000, 0x0000000086400000|  0%| F|  |TAMS 0x0000000086300000, 0x0000000086300000| Untracked 
|  56|0x0000000086400000, 0x0000000086400000, 0x0000000086500000|  0%| F|  |TAMS 0x0000000086400000, 0x0000000086400000| Untracked 
|  57|0x0000000086500000, 0x0000000086500000, 0x0000000086600000|  0%| F|  |TAMS 0x0000000086500000, 0x0000000086500000| Untracked 
|  58|0x0000000086600000, 0x0000000086600000, 0x0000000086700000|  0%| F|  |TAMS 0x0000000086600000, 0x0000000086600000| Untracked 
|  59|0x0000000086700000, 0x0000000086700000, 0x0000000086800000|  0%| F|  |TAMS 0x0000000086700000, 0x0000000086700000| Untracked 
|  60|0x0000000086800000, 0x0000000086800000, 0x0000000086900000|  0%| F|  |TAMS 0x0000000086800000, 0x0000000086800000| Untracked 
|  61|0x0000000086900000, 0x0000000086900000, 0x0000000086a00000|  0%| F|  |TAMS 0x0000000086900000, 0x0000000086900000| Untracked 
|  62|0x0000000086a00000, 0x0000000086a00000, 0x0000000086b00000|  0%| F|  |TAMS 0x0000000086a00000, 0x0000000086a00000| Untracked 
|  63|0x0000000086b00000, 0x0000000086b00000, 0x0000000086c00000|  0%| F|  |TAMS 0x0000000086b00000, 0x0000000086b00000| Untracked 
|  64|0x0000000086c00000, 0x0000000086c00000, 0x0000000086d00000|  0%| F|  |TAMS 0x0000000086c00000, 0x0000000086c00000| Untracked 
|  65|0x0000000086d00000, 0x0000000086d00000, 0x0000000086e00000|  0%| F|  |TAMS 0x0000000086d00000, 0x0000000086d00000| Untracked 
|  66|0x0000000086e00000, 0x0000000086e00000, 0x0000000086f00000|  0%| F|  |TAMS 0x0000000086e00000, 0x0000000086e00000| Untracked 
|  67|0x0000000086f00000, 0x0000000086f00000, 0x0000000087000000|  0%| F|  |TAMS 0x0000000086f00000, 0x0000000086f00000| Untracked 
|  68|0x0000000087000000, 0x0000000087000000, 0x0000000087100000|  0%| F|  |TAMS 0x0000000087000000, 0x0000000087000000| Untracked 
|  69|0x0000000087100000, 0x0000000087100000, 0x0000000087200000|  0%| F|  |TAMS 0x0000000087100000, 0x0000000087100000| Untracked 
|  70|0x0000000087200000, 0x0000000087200000, 0x0000000087300000|  0%| F|  |TAMS 0x0000000087200000, 0x0000000087200000| Untracked 
|  71|0x0000000087300000, 0x0000000087300000, 0x0000000087400000|  0%| F|  |TAMS 0x0000000087300000, 0x0000000087300000| Untracked 
|  72|0x0000000087400000, 0x0000000087500000, 0x0000000087500000|100%| E|  |TAMS 0x0000000087400000, 0x0000000087400000| Complete 
|  73|0x0000000087500000, 0x0000000087600000, 0x0000000087600000|100%| E|CS|TAMS 0x0000000087500000, 0x0000000087500000| Complete 
|  74|0x0000000087600000, 0x0000000087700000, 0x0000000087700000|100%| E|CS|TAMS 0x0000000087600000, 0x0000000087600000| Complete 
|  75|0x0000000087700000, 0x0000000087800000, 0x0000000087800000|100%| E|CS|TAMS 0x0000000087700000, 0x0000000087700000| Complete 
|  76|0x0000000087800000, 0x0000000087900000, 0x0000000087900000|100%| E|CS|TAMS 0x0000000087800000, 0x0000000087800000| Complete 
|  77|0x0000000087900000, 0x0000000087a00000, 0x0000000087a00000|100%| E|CS|TAMS 0x0000000087900000, 0x0000000087900000| Complete 
|  78|0x0000000087a00000, 0x0000000087b00000, 0x0000000087b00000|100%| E|CS|TAMS 0x0000000087a00000, 0x0000000087a00000| Complete 
|  79|0x0000000087b00000, 0x0000000087c00000, 0x0000000087c00000|100%| E|CS|TAMS 0x0000000087b00000, 0x0000000087b00000| Complete 
|  80|0x0000000087c00000, 0x0000000087d00000, 0x0000000087d00000|100%| E|CS|TAMS 0x0000000087c00000, 0x0000000087c00000| Complete 
|  81|0x0000000087d00000, 0x0000000087e00000, 0x0000000087e00000|100%| E|CS|TAMS 0x0000000087d00000, 0x0000000087d00000| Complete 
|  82|0x0000000087e00000, 0x0000000087f00000, 0x0000000087f00000|100%| E|CS|TAMS 0x0000000087e00000, 0x0000000087e00000| Complete 
|  83|0x0000000087f00000, 0x0000000088000000, 0x0000000088000000|100%| E|CS|TAMS 0x0000000087f00000, 0x0000000087f00000| Complete 
|  84|0x0000000088000000, 0x0000000088100000, 0x0000000088100000|100%| E|CS|TAMS 0x0000000088000000, 0x0000000088000000| Complete 
|  85|0x0000000088100000, 0x0000000088200000, 0x0000000088200000|100%| E|CS|TAMS 0x0000000088100000, 0x0000000088100000| Complete 
|  86|0x0000000088200000, 0x0000000088300000, 0x0000000088300000|100%| E|CS|TAMS 0x0000000088200000, 0x0000000088200000| Complete 
|  87|0x0000000088300000, 0x0000000088400000, 0x0000000088400000|100%| E|CS|TAMS 0x0000000088300000, 0x0000000088300000| Complete 
|  88|0x0000000088400000, 0x0000000088500000, 0x0000000088500000|100%| E|CS|TAMS 0x0000000088400000, 0x0000000088400000| Complete 
|  89|0x0000000088500000, 0x0000000088600000, 0x0000000088600000|100%| E|CS|TAMS 0x0000000088500000, 0x0000000088500000| Complete 
|  90|0x0000000088600000, 0x0000000088700000, 0x0000000088700000|100%| E|CS|TAMS 0x0000000088600000, 0x0000000088600000| Complete 
|  91|0x0000000088700000, 0x0000000088800000, 0x0000000088800000|100%| E|CS|TAMS 0x0000000088700000, 0x0000000088700000| Complete 
|  92|0x0000000088800000, 0x0000000088900000, 0x0000000088900000|100%| E|CS|TAMS 0x0000000088800000, 0x0000000088800000| Complete 
|  93|0x0000000088900000, 0x0000000088a00000, 0x0000000088a00000|100%| E|CS|TAMS 0x0000000088900000, 0x0000000088900000| Complete 
|  94|0x0000000088a00000, 0x0000000088b00000, 0x0000000088b00000|100%| E|CS|TAMS 0x0000000088a00000, 0x0000000088a00000| Complete 
|  95|0x0000000088b00000, 0x0000000088b72060, 0x0000000088c00000| 44%| S|CS|TAMS 0x0000000088b00000, 0x0000000088b00000| Complete 
|  96|0x0000000088c00000, 0x0000000088d00000, 0x0000000088d00000|100%| S|CS|TAMS 0x0000000088c00000, 0x0000000088c00000| Complete 
|  97|0x0000000088d00000, 0x0000000088e00000, 0x0000000088e00000|100%| E|CS|TAMS 0x0000000088d00000, 0x0000000088d00000| Complete 
|  98|0x0000000088e00000, 0x0000000088f00000, 0x0000000088f00000|100%| E|CS|TAMS 0x0000000088e00000, 0x0000000088e00000| Complete 
|  99|0x0000000088f00000, 0x0000000089000000, 0x0000000089000000|100%| E|CS|TAMS 0x0000000088f00000, 0x0000000088f00000| Complete 
| 100|0x0000000089000000, 0x0000000089100000, 0x0000000089100000|100%| E|CS|TAMS 0x0000000089000000, 0x0000000089000000| Complete 
| 101|0x0000000089100000, 0x0000000089200000, 0x0000000089200000|100%| E|CS|TAMS 0x0000000089100000, 0x0000000089100000| Complete 
| 102|0x0000000089200000, 0x0000000089300000, 0x0000000089300000|100%| E|CS|TAMS 0x0000000089200000, 0x0000000089200000| Complete 
| 103|0x0000000089300000, 0x0000000089400000, 0x0000000089400000|100%| E|CS|TAMS 0x0000000089300000, 0x0000000089300000| Complete 
| 104|0x0000000089400000, 0x0000000089500000, 0x0000000089500000|100%| E|CS|TAMS 0x0000000089400000, 0x0000000089400000| Complete 
| 105|0x0000000089500000, 0x0000000089600000, 0x0000000089600000|100%| E|CS|TAMS 0x0000000089500000, 0x0000000089500000| Complete 
| 106|0x0000000089600000, 0x0000000089700000, 0x0000000089700000|100%| E|CS|TAMS 0x0000000089600000, 0x0000000089600000| Complete 
| 107|0x0000000089700000, 0x0000000089800000, 0x0000000089800000|100%| E|CS|TAMS 0x0000000089700000, 0x0000000089700000| Complete 
| 108|0x0000000089800000, 0x0000000089900000, 0x0000000089900000|100%| E|CS|TAMS 0x0000000089800000, 0x0000000089800000| Complete 
| 109|0x0000000089900000, 0x0000000089a00000, 0x0000000089a00000|100%| E|CS|TAMS 0x0000000089900000, 0x0000000089900000| Complete 
| 110|0x0000000089a00000, 0x0000000089b00000, 0x0000000089b00000|100%| E|CS|TAMS 0x0000000089a00000, 0x0000000089a00000| Complete 
| 111|0x0000000089b00000, 0x0000000089c00000, 0x0000000089c00000|100%| E|CS|TAMS 0x0000000089b00000, 0x0000000089b00000| Complete 
| 112|0x0000000089c00000, 0x0000000089d00000, 0x0000000089d00000|100%| E|CS|TAMS 0x0000000089c00000, 0x0000000089c00000| Complete 
| 113|0x0000000089d00000, 0x0000000089e00000, 0x0000000089e00000|100%| E|CS|TAMS 0x0000000089d00000, 0x0000000089d00000| Complete 
| 114|0x0000000089e00000, 0x0000000089f00000, 0x0000000089f00000|100%| E|CS|TAMS 0x0000000089e00000, 0x0000000089e00000| Complete 
| 115|0x0000000089f00000, 0x000000008a000000, 0x000000008a000000|100%| E|CS|TAMS 0x0000000089f00000, 0x0000000089f00000| Complete 
| 116|0x000000008a000000, 0x000000008a100000, 0x000000008a100000|100%| E|CS|TAMS 0x000000008a000000, 0x000000008a000000| Complete 
| 117|0x000000008a100000, 0x000000008a200000, 0x000000008a200000|100%| E|CS|TAMS 0x000000008a100000, 0x000000008a100000| Complete 
| 118|0x000000008a200000, 0x000000008a300000, 0x000000008a300000|100%| E|CS|TAMS 0x000000008a200000, 0x000000008a200000| Complete 
| 119|0x000000008a300000, 0x000000008a400000, 0x000000008a400000|100%| E|CS|TAMS 0x000000008a300000, 0x000000008a300000| Complete 
| 120|0x000000008a400000, 0x000000008a500000, 0x000000008a500000|100%| E|CS|TAMS 0x000000008a400000, 0x000000008a400000| Complete 
| 121|0x000000008a500000, 0x000000008a600000, 0x000000008a600000|100%| E|CS|TAMS 0x000000008a500000, 0x000000008a500000| Complete 
| 122|0x000000008a600000, 0x000000008a700000, 0x000000008a700000|100%| E|CS|TAMS 0x000000008a600000, 0x000000008a600000| Complete 
| 123|0x000000008a700000, 0x000000008a800000, 0x000000008a800000|100%| E|CS|TAMS 0x000000008a700000, 0x000000008a700000| Complete 
| 124|0x000000008a800000, 0x000000008a900000, 0x000000008a900000|100%| E|CS|TAMS 0x000000008a800000, 0x000000008a800000| Complete 
| 125|0x000000008a900000, 0x000000008aa00000, 0x000000008aa00000|100%| E|CS|TAMS 0x000000008a900000, 0x000000008a900000| Complete 

Card table byte_map: [0x0000020c79d30000,0x0000020c7a120000] _byte_map_base: 0x0000020c7991a000

Marking Bits (Prev, Next): (CMBitMap*) 0x0000020c62bab100, (CMBitMap*) 0x0000020c62bab140
 Prev Bits: [0x0000020c7a510000, 0x0000020c7c460000)
 Next Bits: [0x0000020c7c460000, 0x0000020c7e3b0000)

Polling page: 0x0000020c60aa0000

Metaspace:

Usage:
  Non-class:     17.70 MB used.
      Class:      2.55 MB used.
       Both:     20.25 MB used.

Virtual space:
  Non-class space:       24.00 MB reserved,      17.88 MB ( 74%) committed,  3 nodes.
      Class space:        1.00 GB reserved,       2.69 MB ( <1%) committed,  1 nodes.
             Both:        1.02 GB reserved,      20.56 MB (  2%) committed. 

Chunk freelists:
   Non-Class:  1.80 MB
       Class:  1.17 MB
        Both:  2.97 MB

MaxMetaspaceSize: unlimited
CompressedClassSpaceSize: 1.00 GB
Initial GC threshold: 21.00 MB
Current GC threshold: 21.00 MB
CDS: on
MetaspaceReclaimPolicy: balanced
 - commit_granule_bytes: 65536.
 - commit_granule_words: 8192.
 - virtual_space_node_default_size: 1048576.
 - enlarge_chunks_in_place: 1.
 - new_chunks_are_fully_committed: 0.
 - uncommit_free_chunks: 1.
 - use_allocation_guard: 0.
 - handle_deallocations: 1.


Internal statistics:

num_allocs_failed_limit: 0.
num_arena_births: 240.
num_arena_deaths: 0.
num_vsnodes_births: 4.
num_vsnodes_deaths: 0.
num_space_committed: 329.
num_space_uncommitted: 0.
num_chunks_returned_to_freelist: 0.
num_chunks_taken_from_freelist: 979.
num_chunk_merges: 0.
num_chunk_splits: 659.
num_chunks_enlarged: 504.
num_purges: 0.
num_inconsistent_stats: 0.

CodeHeap 'non-profiled nmethods': size=120000Kb used=1223Kb max_used=1223Kb free=118776Kb
 bounds [0x0000020c720e0000, 0x0000020c72350000, 0x0000020c79610000]
CodeHeap 'profiled nmethods': size=120000Kb used=6416Kb max_used=6416Kb free=113583Kb
 bounds [0x0000020c6a610000, 0x0000020c6ac60000, 0x0000020c71b40000]
CodeHeap 'non-nmethods': size=5760Kb used=1177Kb max_used=1244Kb free=4583Kb
 bounds [0x0000020c71b40000, 0x0000020c71db0000, 0x0000020c720e0000]
 total_blobs=3458 nmethods=2991 adapters=378
 compilation: enabled
              stopped_count=0, restarted_count=0
 full_count=0

Compilation events (20 events):
Event: 4.753 Thread 0x0000020c7f822ed0 2979   !   3       jdk.proxy2.$Proxy31::annotationType (29 bytes)
Event: 4.754 Thread 0x0000020c7f822ed0 nmethod 2979 0x0000020c6ac46590 code [0x0000020c6ac46760, 0x0000020c6ac46b58]
Event: 4.754 Thread 0x0000020c7f822ed0 2980       3       org.springframework.core.annotation.AbstractMergedAnnotation::synthesize (24 bytes)
Event: 4.754 Thread 0x0000020c7f822ed0 nmethod 2980 0x0000020c6ac46d10 code [0x0000020c6ac46f20, 0x0000020c6ac475c8]
Event: 4.754 Thread 0x0000020c7f822ed0 2981       3       java.util.ArrayList::clear (43 bytes)
Event: 4.754 Thread 0x0000020c7f822ed0 nmethod 2981 0x0000020c6ac47810 code [0x0000020c6ac479c0, 0x0000020c6ac47d38]
Event: 4.755 Thread 0x0000020c7f822ed0 2982       1       org.springframework.core.annotation.AttributeMethods::hasNestedAnnotation (5 bytes)
Event: 4.755 Thread 0x0000020c7f822ed0 nmethod 2982 0x0000020c72210790 code [0x0000020c72210920, 0x0000020c722109f8]
Event: 4.757 Thread 0x0000020c7f822ed0 2983       3       java.beans.Introspector::addMethod (196 bytes)
Event: 4.758 Thread 0x0000020c7f822ed0 nmethod 2983 0x0000020c6ac47e90 code [0x0000020c6ac48120, 0x0000020c6ac48e68]
Event: 4.758 Thread 0x0000020c7f822ed0 2984       3       com.sun.beans.introspect.PropertyInfo::get (22 bytes)
Event: 4.758 Thread 0x0000020c7f822ed0 nmethod 2984 0x0000020c6ac49290 code [0x0000020c6ac49440, 0x0000020c6ac49668]
Event: 4.758 Thread 0x0000020c7f822ed0 2985       3       java.util.Hashtable::addEntry (87 bytes)
Event: 4.758 Thread 0x0000020c7f822ed0 nmethod 2985 0x0000020c6ac49710 code [0x0000020c6ac49900, 0x0000020c6ac4a058]
Event: 4.759 Thread 0x0000020c7f822ed0 2986       3       java.beans.MethodRef::get (91 bytes)
Event: 4.759 Thread 0x0000020c7f822ed0 nmethod 2986 0x0000020c6ac4a310 code [0x0000020c6ac4a580, 0x0000020c6ac4b228]
Event: 4.759 Thread 0x0000020c7f822ed0 2987       3       java.lang.reflect.Method::getTypeParameters (20 bytes)
Event: 4.760 Thread 0x0000020c7f822ed0 nmethod 2987 0x0000020c6ac4b590 code [0x0000020c6ac4b800, 0x0000020c6ac4c5e8]
Event: 4.760 Thread 0x0000020c7f822ed0 2988       3       com.sun.beans.util.Cache::index (7 bytes)
Event: 4.760 Thread 0x0000020c7f822ed0 nmethod 2988 0x0000020c6ac4ca10 code [0x0000020c6ac4cba0, 0x0000020c6ac4cc98]

GC Heap History (4 events):
Event: 1.457 GC heap before
{Heap before GC invocations=0 (full 0):
 garbage-first heap   total 129024K, used 23552K [0x0000000082c00000, 0x0000000100000000)
  region size 1024K, 23 young (23552K), 0 survivors (0K)
 Metaspace       used 5896K, committed 6016K, reserved 1056768K
  class space    used 712K, committed 768K, reserved 1048576K
}
Event: 1.464 GC heap after
{Heap after GC invocations=1 (full 0):
 garbage-first heap   total 129024K, used 6720K [0x0000000082c00000, 0x0000000100000000)
  region size 1024K, 3 young (3072K), 3 survivors (3072K)
 Metaspace       used 5896K, committed 6016K, reserved 1056768K
  class space    used 712K, committed 768K, reserved 1048576K
}
Event: 2.263 GC heap before
{Heap before GC invocations=1 (full 0):
 garbage-first heap   total 129024K, used 33344K [0x0000000082c00000, 0x0000000100000000)
  region size 1024K, 29 young (29696K), 3 survivors (3072K)
 Metaspace       used 12758K, committed 12928K, reserved 1064960K
  class space    used 1563K, committed 1664K, reserved 1048576K
}
Event: 2.269 GC heap after
{Heap after GC invocations=2 (full 0):
 garbage-first heap   total 129024K, used 8170K [0x0000000082c00000, 0x0000000100000000)
  region size 1024K, 2 young (2048K), 2 survivors (2048K)
 Metaspace       used 12758K, committed 12928K, reserved 1064960K
  class space    used 1563K, committed 1664K, reserved 1048576K
}

Dll operation events (9 events):
Event: 0.038 Loaded shared library C:\Users\allur\.jdks\corretto-17.0.6\bin\java.dll
Event: 0.092 Loaded shared library C:\Users\allur\.jdks\corretto-17.0.6\bin\jsvml.dll
Event: 0.343 Loaded shared library C:\Users\allur\.jdks\corretto-17.0.6\bin\net.dll
Event: 0.353 Loaded shared library C:\Users\allur\.jdks\corretto-17.0.6\bin\nio.dll
Event: 0.370 Loaded shared library C:\Users\allur\.jdks\corretto-17.0.6\bin\zip.dll
Event: 0.556 Loaded shared library C:\Users\allur\.jdks\corretto-17.0.6\bin\verify.dll
Event: 0.571 Loaded shared library C:\Users\allur\.jdks\corretto-17.0.6\bin\jimage.dll
Event: 1.575 Loaded shared library C:\Users\allur\.jdks\corretto-17.0.6\bin\management.dll
Event: 1.582 Loaded shared library C:\Users\allur\.jdks\corretto-17.0.6\bin\management_ext.dll

Deoptimization events (20 events):
Event: 4.008 Thread 0x0000020c62b52240 Uncommon trap: trap_request=0xffffffde fr.pc=0x0000020c721eaac0 relative=0x0000000000000c40
Event: 4.008 Thread 0x0000020c62b52240 Uncommon trap: reason=class_check action=maybe_recompile pc=0x0000020c721eaac0 method=org.springframework.util.ConcurrentReferenceHashMap$Segment.findInChain(Lorg/springframework/util/ConcurrentReferenceHashMap$Reference;Ljava/lang/Object;I)Lorg/springfra
Event: 4.008 Thread 0x0000020c62b52240 DEOPT PACKING pc=0x0000020c721eaac0 sp=0x000000c7e9cfe720
Event: 4.008 Thread 0x0000020c62b52240 DEOPT UNPACKING pc=0x0000020c71b969a3 sp=0x000000c7e9cfe568 mode 2
Event: 4.226 Thread 0x0000020c62b52240 Uncommon trap: trap_request=0xffffff45 fr.pc=0x0000020c72194724 relative=0x00000000000060a4
Event: 4.226 Thread 0x0000020c62b52240 Uncommon trap: reason=unstable_if action=reinterpret pc=0x0000020c72194724 method=jdk.internal.org.objectweb.asm.SymbolTable.addType(Ljava/lang/String;)I @ 33 c2
Event: 4.226 Thread 0x0000020c62b52240 DEOPT PACKING pc=0x0000020c72194724 sp=0x000000c7e9cfd1c0
Event: 4.226 Thread 0x0000020c62b52240 DEOPT UNPACKING pc=0x0000020c71b969a3 sp=0x000000c7e9cfd0e8 mode 2
Event: 4.597 Thread 0x0000020c62b52240 Uncommon trap: trap_request=0xffffff45 fr.pc=0x0000020c721e7e10 relative=0x0000000000000c10
Event: 4.597 Thread 0x0000020c62b52240 Uncommon trap: reason=unstable_if action=reinterpret pc=0x0000020c721e7e10 method=org.springframework.beans.factory.support.DefaultSingletonBeanRegistry.getSingleton(Ljava/lang/String;Z)Ljava/lang/Object; @ 20 c2
Event: 4.597 Thread 0x0000020c62b52240 DEOPT PACKING pc=0x0000020c721e7e10 sp=0x000000c7e9cfda70
Event: 4.597 Thread 0x0000020c62b52240 DEOPT UNPACKING pc=0x0000020c71b969a3 sp=0x000000c7e9cfda08 mode 2
Event: 4.601 Thread 0x0000020c62b52240 Uncommon trap: trap_request=0xffffffde fr.pc=0x0000020c7220ca44 relative=0x0000000000000b84
Event: 4.601 Thread 0x0000020c62b52240 Uncommon trap: reason=class_check action=maybe_recompile pc=0x0000020c7220ca44 method=org.springframework.beans.factory.support.AbstractBeanFactory.getBeanPostProcessorCache()Lorg/springframework/beans/factory/support/AbstractBeanFactory$BeanPostProcessor
Event: 4.601 Thread 0x0000020c62b52240 DEOPT PACKING pc=0x0000020c7220ca44 sp=0x000000c7e9cfe9e0
Event: 4.601 Thread 0x0000020c62b52240 DEOPT UNPACKING pc=0x0000020c71b969a3 sp=0x000000c7e9cfe9c0 mode 2
Event: 4.745 Thread 0x0000020c62b52240 Uncommon trap: trap_request=0xffffffde fr.pc=0x0000020c7220ca44 relative=0x0000000000000b84
Event: 4.745 Thread 0x0000020c62b52240 Uncommon trap: reason=class_check action=maybe_recompile pc=0x0000020c7220ca44 method=org.springframework.beans.factory.support.AbstractBeanFactory.getBeanPostProcessorCache()Lorg/springframework/beans/factory/support/AbstractBeanFactory$BeanPostProcessor
Event: 4.745 Thread 0x0000020c62b52240 DEOPT PACKING pc=0x0000020c7220ca44 sp=0x000000c7e9cfe950
Event: 4.745 Thread 0x0000020c62b52240 DEOPT UNPACKING pc=0x0000020c71b969a3 sp=0x000000c7e9cfe930 mode 2

Classes unloaded (0 events):
No events

Classes redefined (0 events):
No events

Internal exceptions (20 events):
Event: 4.643 Thread 0x0000020c62b52240 Exception <a 'java/lang/ClassNotFoundException'{0x000000008770e768}: org/springframework/aop/framework/ProxyConfigCustomizer> (0x000000008770e768) 
thrown [s\src\hotspot\share\classfile\systemDictionary.cpp, line 256]
Event: 4.645 Thread 0x0000020c62b52240 Exception <a 'java/lang/ClassNotFoundException'{0x000000008771ab90}: org/springframework/aop/framework/ProxyProcessorSupportCustomizer> (0x000000008771ab90) 
thrown [s\src\hotspot\share\classfile\systemDictionary.cpp, line 256]
Event: 4.646 Thread 0x0000020c62b52240 Exception <a 'java/lang/ClassNotFoundException'{0x0000000087723a80}: org/springframework/aop/framework/autoproxy/AbstractAutoProxyCreatorCustomizer> (0x0000000087723a80) 
thrown [s\src\hotspot\share\classfile\systemDictionary.cpp, line 256]
Event: 4.653 Thread 0x0000020c62b52240 Exception <a 'java/lang/ClassNotFoundException'{0x0000000087738f80}: org/springframework/aop/framework/autoproxy/AbstractAdvisorAutoProxyCreatorCustomizer> (0x0000000087738f80) 
thrown [s\src\hotspot\share\classfile\systemDictionary.cpp, line 256]
Event: 4.654 Thread 0x0000020c62b52240 Exception <a 'java/lang/ClassNotFoundException'{0x00000000877419b0}: org/springframework/aop/aspectj/autoproxy/AspectJAwareAdvisorAutoProxyCreatorCustomizer> (0x00000000877419b0) 
thrown [s\src\hotspot\share\classfile\systemDictionary.cpp, line 256]
Event: 4.656 Thread 0x0000020c62b52240 Exception <a 'java/lang/ClassNotFoundException'{0x0000000087748b50}: org/springframework/aop/aspectj/annotation/AnnotationAwareAspectJAutoProxyCreatorCustomizer> (0x0000000087748b50) 
thrown [s\src\hotspot\share\classfile\systemDictionary.cpp, line 256]
Event: 4.659 Thread 0x0000020c62b52240 Exception <a 'java/lang/ClassNotFoundException'{0x0000000087760ec8}: org/springframework/beans/factory/config/SmartInstantiationAwareBeanPostProcessorCustomizer> (0x0000000087760ec8) 
thrown [s\src\hotspot\share\classfile\systemDictionary.cpp, line 256]
Event: 4.660 Thread 0x0000020c62b52240 Exception <a 'java/lang/ClassNotFoundException'{0x0000000087769638}: org/springframework/beans/factory/config/InstantiationAwareBeanPostProcessorCustomizer> (0x0000000087769638) 
thrown [s\src\hotspot\share\classfile\systemDictionary.cpp, line 256]
Event: 4.661 Thread 0x0000020c62b52240 Exception <a 'java/lang/ClassNotFoundException'{0x00000000877715e0}: org/springframework/beans/factory/config/BeanPostProcessorCustomizer> (0x00000000877715e0) 
thrown [s\src\hotspot\share\classfile\systemDictionary.cpp, line 256]
Event: 4.662 Thread 0x0000020c62b52240 Exception <a 'java/lang/ClassNotFoundException'{0x0000000087776fb0}: org/springframework/beans/factory/BeanFactoryAwareCustomizer> (0x0000000087776fb0) 
thrown [s\src\hotspot\share\classfile\systemDictionary.cpp, line 256]
Event: 4.663 Thread 0x0000020c62b52240 Exception <a 'java/lang/ClassNotFoundException'{0x000000008777c840}: org/springframework/beans/factory/AwareCustomizer> (0x000000008777c840) 
thrown [s\src\hotspot\share\classfile\systemDictionary.cpp, line 256]
Event: 4.664 Thread 0x0000020c62b52240 Exception <a 'java/lang/ClassNotFoundException'{0x0000000087780590}: org/springframework/core/OrderedCustomizer> (0x0000000087780590) 
thrown [s\src\hotspot\share\classfile\systemDictionary.cpp, line 256]
Event: 4.665 Thread 0x0000020c62b52240 Exception <a 'java/lang/ClassNotFoundException'{0x00000000877855e8}: org/springframework/beans/factory/BeanClassLoaderAwareCustomizer> (0x00000000877855e8) 
thrown [s\src\hotspot\share\classfile\systemDictionary.cpp, line 256]
Event: 4.665 Thread 0x0000020c62b52240 Exception <a 'java/lang/ClassNotFoundException'{0x000000008778a3b8}: org/springframework/beans/factory/AwareCustomizer> (0x000000008778a3b8) 
thrown [s\src\hotspot\share\classfile\systemDictionary.cpp, line 256]
Event: 4.666 Thread 0x0000020c62b52240 Exception <a 'java/lang/ClassNotFoundException'{0x000000008778e678}: org/springframework/aop/framework/AopInfrastructureBeanCustomizer> (0x000000008778e678) 
thrown [s\src\hotspot\share\classfile\systemDictionary.cpp, line 256]
Event: 4.757 Thread 0x0000020c62b52240 Exception <a 'java/lang/ClassNotFoundException'{0x0000000087532f88}: java/lang/ObjectCustomizer> (0x0000000087532f88) 
thrown [s\src\hotspot\share\classfile\systemDictionary.cpp, line 256]
Event: 4.758 Thread 0x0000020c62b52240 Exception <a 'java/lang/ClassNotFoundException'{0x000000008753ae08}: org/springframework/transaction/annotation/AbstractTransactionManagementConfigurationCustomizer> (0x000000008753ae08) 
thrown [s\src\hotspot\share\classfile\systemDictionary.cpp, line 256]
Event: 4.759 Thread 0x0000020c62b52240 Exception <a 'java/lang/ClassNotFoundException'{0x0000000087541e88}: org/springframework/transaction/annotation/ProxyTransactionManagementConfigurationCustomizer> (0x0000000087541e88) 
thrown [s\src\hotspot\share\classfile\systemDictionary.cpp, line 256]
Event: 4.760 Thread 0x0000020c62b52240 Exception <a 'java/lang/ClassNotFoundException'{0x000000008754a028}: org/springframework/context/annotation/ImportAwareCustomizer> (0x000000008754a028) 
thrown [s\src\hotspot\share\classfile\systemDictionary.cpp, line 256]
Event: 4.761 Thread 0x0000020c62b52240 Exception <a 'java/lang/ClassNotFoundException'{0x000000008754f238}: org/springframework/beans/factory/AwareCustomizer> (0x000000008754f238) 
thrown [s\src\hotspot\share\classfile\systemDictionary.cpp, line 256]

VM Operations (20 events):
Event: 3.708 Executing VM operation: ICBufferFull
Event: 3.708 Executing VM operation: ICBufferFull done
Event: 3.886 Executing VM operation: HandshakeAllThreads
Event: 3.886 Executing VM operation: HandshakeAllThreads done
Event: 3.887 Executing VM operation: HandshakeAllThreads
Event: 3.887 Executing VM operation: HandshakeAllThreads done
Event: 3.930 Executing VM operation: HandshakeAllThreads
Event: 3.930 Executing VM operation: HandshakeAllThreads done
Event: 4.045 Executing VM operation: HandshakeAllThreads
Event: 4.045 Executing VM operation: HandshakeAllThreads done
Event: 4.372 Executing VM operation: HandshakeAllThreads
Event: 4.372 Executing VM operation: HandshakeAllThreads done
Event: 4.539 Executing VM operation: ICBufferFull
Event: 4.539 Executing VM operation: ICBufferFull done
Event: 4.640 Executing VM operation: HandshakeAllThreads
Event: 4.640 Executing VM operation: HandshakeAllThreads done
Event: 4.641 Executing VM operation: HandshakeAllThreads
Event: 4.641 Executing VM operation: HandshakeAllThreads done
Event: 4.691 Executing VM operation: HandshakeAllThreads
Event: 4.691 Executing VM operation: HandshakeAllThreads done

Events (20 events):
Event: 4.506 loading class sun/reflect/generics/tree/BooleanSignature
Event: 4.506 loading class sun/reflect/generics/tree/BooleanSignature done
Event: 4.592 loading class javax/xml/ws$WebServiceRef
Event: 4.592 loading class javax/xml/ws$WebServiceRef done
Event: 4.594 loading class javax/naming/NameNotFoundException
Event: 4.595 loading class javax/naming/NameNotFoundException done
Event: 4.642 loading class java/lang/ObjectCustomizer
Event: 4.642 loading class java/lang/ObjectCustomizer done
Event: 4.642 loading class java/lang/ObjectCustomizer
Event: 4.642 loading class java/lang/ObjectCustomizer done
Event: 4.646 loading class sun/reflect/generics/reflectiveObjects/GenericArrayTypeImpl
Event: 4.646 loading class sun/reflect/generics/reflectiveObjects/GenericArrayTypeImpl done
Event: 4.729 loading class java/lang/Class$EnclosingMethodInfo
Event: 4.730 loading class java/lang/Class$EnclosingMethodInfo done
Event: 4.752 loading class jdk/internal/util/random/RandomSupport$RandomGeneratorProperties
Event: 4.752 loading class jdk/internal/util/random/RandomSupport$RandomGeneratorProperties done
Event: 4.757 loading class java/lang/ObjectCustomizer
Event: 4.757 loading class java/lang/ObjectCustomizer done
Event: 4.757 loading class java/lang/ObjectCustomizer
Event: 4.757 loading class java/lang/ObjectCustomizer done


Dynamic libraries:
0x00007ff6edc50000 - 0x00007ff6edc5d000 	C:\Users\allur\.jdks\corretto-17.0.6\bin\java.exe
0x00007ffad9730000 - 0x00007ffad9944000 	C:\WINDOWS\SYSTEM32\ntdll.dll
0x00007ffad9000000 - 0x00007ffad90c3000 	C:\WINDOWS\System32\KERNEL32.DLL
0x00007ffad6e20000 - 0x00007ffad71bc000 	C:\WINDOWS\System32\KERNELBASE.dll
0x0000000074130000 - 0x0000000074461000 	C:\Program Files\Norton Security\NortonData\22.20.5.39\Definitions\IPSDefs\20230310.061\IPSEng64.dll
0x00007ffad8410000 - 0x00007ffad84be000 	C:\WINDOWS\System32\ADVAPI32.dll
0x00007ffad76c0000 - 0x00007ffad7767000 	C:\WINDOWS\System32\msvcrt.dll
0x00007ffad7610000 - 0x00007ffad76b4000 	C:\WINDOWS\System32\sechost.dll
0x00007ffad7770000 - 0x00007ffad7885000 	C:\WINDOWS\System32\RPCRT4.dll
0x00007ffad8b80000 - 0x00007ffad8b88000 	C:\WINDOWS\System32\PSAPI.DLL
0x00007ffad6b70000 - 0x00007ffad6c81000 	C:\WINDOWS\System32\ucrtbase.dll
0x00007ffa8bc30000 - 0x00007ffa8bc47000 	C:\Users\allur\.jdks\corretto-17.0.6\bin\jli.dll
0x00007ffa86b20000 - 0x00007ffa86b35000 	C:\Users\allur\.jdks\corretto-17.0.6\bin\VCRUNTIME140.dll
0x00007ffad8cb0000 - 0x00007ffad8e5d000 	C:\WINDOWS\System32\USER32.dll
0x00007ffad73b0000 - 0x00007ffad73d6000 	C:\WINDOWS\System32\win32u.dll
0x00007ffad85c0000 - 0x00007ffad85e9000 	C:\WINDOWS\System32\GDI32.dll
0x00007ffab8200000 - 0x00007ffab848e000 	C:\WINDOWS\WinSxS\amd64_microsoft.windows.common-controls_6595b64144ccf1df_6.0.22621.608_none_a9444ca7c10bb01d\COMCTL32.dll
0x00007ffad6d00000 - 0x00007ffad6e12000 	C:\WINDOWS\System32\gdi32full.dll
0x00007ffad73e0000 - 0x00007ffad747a000 	C:\WINDOWS\System32\msvcp_win.dll
0x00007ffad90d0000 - 0x00007ffad9102000 	C:\WINDOWS\System32\IMM32.DLL
0x00007ffa7e450000 - 0x00007ffa7e4eb000 	C:\Users\allur\.jdks\corretto-17.0.6\bin\msvcp140.dll
0x00007ffa2d900000 - 0x00007ffa2e518000 	C:\Users\allur\.jdks\corretto-17.0.6\bin\server\jvm.dll
0x00007ffacb760000 - 0x00007ffacb794000 	C:\WINDOWS\SYSTEM32\WINMM.dll
0x00007ffab7c90000 - 0x00007ffab7c99000 	C:\WINDOWS\SYSTEM32\WSOCK32.dll
0x00007ffad8540000 - 0x00007ffad85b1000 	C:\WINDOWS\System32\WS2_32.dll
0x00007ffac7a00000 - 0x00007ffac7a0a000 	C:\WINDOWS\SYSTEM32\VERSION.dll
0x00007ffad5b30000 - 0x00007ffad5b48000 	C:\WINDOWS\SYSTEM32\kernel.appcore.dll
0x00007ffab1e10000 - 0x00007ffab1e1a000 	C:\Users\allur\.jdks\corretto-17.0.6\bin\jimage.dll
0x00007ffad44f0000 - 0x00007ffad471e000 	C:\WINDOWS\SYSTEM32\DBGHELP.DLL
0x00007ffad85f0000 - 0x00007ffad897a000 	C:\WINDOWS\System32\combase.dll
0x00007ffad8a40000 - 0x00007ffad8b17000 	C:\WINDOWS\System32\OLEAUT32.dll
0x00007ffab5280000 - 0x00007ffab52b2000 	C:\WINDOWS\SYSTEM32\dbgcore.DLL
0x00007ffad71c0000 - 0x00007ffad723b000 	C:\WINDOWS\System32\bcryptPrimitives.dll
0x00007ffa86af0000 - 0x00007ffa86b15000 	C:\Users\allur\.jdks\corretto-17.0.6\bin\java.dll
0x00007ffa7e370000 - 0x00007ffa7e446000 	C:\Users\allur\.jdks\corretto-17.0.6\bin\jsvml.dll
0x00007ffad7890000 - 0x00007ffad807f000 	C:\WINDOWS\System32\SHELL32.dll
0x00007ffad4b40000 - 0x00007ffad5408000 	C:\WINDOWS\SYSTEM32\windows.storage.dll
0x00007ffad4a00000 - 0x00007ffad4b3e000 	C:\WINDOWS\SYSTEM32\wintypes.dll
0x00007ffad8b90000 - 0x00007ffad8c81000 	C:\WINDOWS\System32\SHCORE.dll
0x00007ffad9110000 - 0x00007ffad916e000 	C:\WINDOWS\System32\shlwapi.dll
0x00007ffad6aa0000 - 0x00007ffad6ac1000 	C:\WINDOWS\SYSTEM32\profapi.dll
0x00007ffa9c940000 - 0x00007ffa9c959000 	C:\Users\allur\.jdks\corretto-17.0.6\bin\net.dll
0x00007ffacb490000 - 0x00007ffacb5bf000 	C:\WINDOWS\SYSTEM32\WINHTTP.dll
0x00007ffad5ff0000 - 0x00007ffad6059000 	C:\WINDOWS\system32\mswsock.dll
0x00007ffa95bb0000 - 0x00007ffa95bc5000 	C:\Users\allur\.jdks\corretto-17.0.6\bin\nio.dll
0x00007ffa8afa0000 - 0x00007ffa8afb8000 	C:\Users\allur\.jdks\corretto-17.0.6\bin\zip.dll
0x00007ffaac7f0000 - 0x00007ffaac800000 	C:\Users\allur\.jdks\corretto-17.0.6\bin\verify.dll
0x00007ffacb840000 - 0x00007ffacb849000 	C:\Users\allur\.jdks\corretto-17.0.6\bin\management.dll
0x00007ffacb830000 - 0x00007ffacb83b000 	C:\Users\allur\.jdks\corretto-17.0.6\bin\management_ext.dll
0x00007ffa95bd0000 - 0x00007ffa95be7000 	C:\WINDOWS\system32\napinsp.dll
0x00007ffa95c10000 - 0x00007ffa95c2b000 	C:\WINDOWS\system32\pnrpnsp.dll
0x00007ffad56d0000 - 0x00007ffad57c3000 	C:\WINDOWS\SYSTEM32\DNSAPI.dll
0x00007ffad5660000 - 0x00007ffad568d000 	C:\WINDOWS\SYSTEM32\IPHLPAPI.DLL
0x00007ffad8530000 - 0x00007ffad8539000 	C:\WINDOWS\System32\NSI.dll
0x00007ffa95bf0000 - 0x00007ffa95c01000 	C:\WINDOWS\System32\winrnr.dll
0x00007ffaca040000 - 0x00007ffaca055000 	C:\WINDOWS\system32\wshbth.dll
0x00007ffa95b60000 - 0x00007ffa95b81000 	C:\WINDOWS\system32\nlansp_c.dll
0x00007ffac1a00000 - 0x00007ffac1a0a000 	C:\Windows\System32\rasadhlp.dll
0x00007ffac7df0000 - 0x00007ffac7e73000 	C:\WINDOWS\System32\fwpuclnt.dll

dbghelp: loaded successfully - version: 4.0.5 - missing functions: none
symbol engine: initialized successfully - sym options: 0x614 - pdb path: .;C:\Users\allur\.jdks\corretto-17.0.6\bin;C:\WINDOWS\SYSTEM32;C:\Program Files\Norton Security\NortonData\22.20.5.39\Definitions\IPSDefs\20230310.061;C:\WINDOWS\WinSxS\amd64_microsoft.windows.common-controls_6595b64144ccf1df_6.0.22621.608_none_a9444ca7c10bb01d;C:\Users\allur\.jdks\corretto-17.0.6\bin\server

VM Arguments:
jvm_args: -Dfile.encoding=windows-1252 -Duser.country=GB -Duser.language=en -Duser.variant 
java_command: server.Main
java_class_path (initial): C:\Users\allur\oopp-team-11\server\build\classes\java\main;C:\Users\allur\oopp-team-11\server\build\resources\main;C:\Users\allur\oopp-team-11\commons\build\libs\commons-0.0.1-SNAPSHOT.jar;C:\Users\allur\.gradle\caches\modules-2\files-2.1\org.apache.commons\commons-lang3\3.12.0\c6842c86792ff03b9f1d1fe2aab8dc23aa6c6f0e\commons-lang3-3.12.0.jar;C:\Users\allur\.gradle\caches\modules-2\files-2.1\org.springframework.boot\spring-boot-starter-web\2.6.3\ceb6e909c144daf9e792069f5f0efd105c8712a\spring-boot-starter-web-2.6.3.jar;C:\Users\allur\.gradle\caches\modules-2\files-2.1\org.springframework.boot\spring-boot-starter-data-jpa\2.6.3\74c60a724e4f81c7527b848ee24e91ba6facfe24\spring-boot-starter-data-jpa-2.6.3.jar;C:\Users\allur\.gradle\caches\modules-2\files-2.1\com.h2database\h2\1.4.200\f7533fe7cb8e99c87a43d325a77b4b678ad9031a\h2-1.4.200.jar;C:\Users\allur\.gradle\caches\modules-2\files-2.1\org.springframework.boot\spring-boot-starter-json\2.6.3\b43885849bde2ad5d436c5acdd43b21730f9c676\spring-boot-starter-json-2.6.3.jar;C:\Users\allur\.gradle\caches\modules-2\files-2.1\org.springframework.boot\spring-boot-starter-aop\2.6.3\338cbbfe2667aea23d95672093e05b5f54630c5a\spring-boot-starter-aop-2.6.3.jar;C:\Users\allur\.gradle\caches\modules-2\files-2.1\org.springframework.boot\spring-boot-starter-jdbc\2.6.3\17871ef6920a3decad5f10181b2baf198ea2b787\spring-boot-starter-jdbc-2.6.3.jar;C:\Users\allur\.gradle\caches\modules-2\files-2.1\org.springframework.boot\spring-boot-starter\2.6.3\1211af6e300c0584e01c7a9a75e585ac0aec6ea6\spring-boot-starter-2.6.3.jar;C:\Users\allur\.gradle\caches\modules-2\files-2.1\org.springframework.boot\spring-boot-starter-tomcat\2.6.3\41aeb03bb964192c817540aeeeecfe0debac8d05\spring-boot-starter-tomcat-2.6.3.jar;C:\Users\allur\.gradle\caches\modules-2\files-2.1\org.springframework\spring-webmvc\5.3.15\28307dda4cb5fbeb6f7d7e7c846f464da0eba955\spring-webmvc-5.3.15.jar;C:\Users\allur\.gradle\caches\modules-2\files-2.1\org.springframew
Launcher Type: SUN_STANDARD

[Global flags]
     intx CICompilerCount                          = 4                                         {product} {ergonomic}
     uint ConcGCThreads                            = 2                                         {product} {ergonomic}
     uint G1ConcRefinementThreads                  = 8                                         {product} {ergonomic}
   size_t G1HeapRegionSize                         = 1048576                                   {product} {ergonomic}
    uintx GCDrainStackTargetSize                   = 64                                        {product} {ergonomic}
   size_t InitialHeapSize                          = 132120576                                 {product} {ergonomic}
   size_t MarkStackSize                            = 4194304                                   {product} {ergonomic}
   size_t MaxHeapSize                              = 2101346304                                {product} {ergonomic}
   size_t MaxNewSize                               = 1260388352                                {product} {ergonomic}
   size_t MinHeapDeltaBytes                        = 1048576                                   {product} {ergonomic}
   size_t MinHeapSize                              = 8388608                                   {product} {ergonomic}
    uintx NonNMethodCodeHeapSize                   = 5839372                                {pd product} {ergonomic}
    uintx NonProfiledCodeHeapSize                  = 122909434                              {pd product} {ergonomic}
    uintx ProfiledCodeHeapSize                     = 122909434                              {pd product} {ergonomic}
    uintx ReservedCodeCacheSize                    = 251658240                              {pd product} {ergonomic}
     bool SegmentedCodeCache                       = true                                      {product} {ergonomic}
   size_t SoftMaxHeapSize                          = 2101346304                             {manageable} {ergonomic}
     bool UseCompressedClassPointers               = true                           {product lp64_product} {ergonomic}
     bool UseCompressedOops                        = true                           {product lp64_product} {ergonomic}
     bool UseG1GC                                  = true                                      {product} {ergonomic}
     bool UseLargePagesIndividualAllocation        = false                                  {pd product} {ergonomic}

Logging:
Log output configuration:
 #0: stdout all=warning uptime,level,tags
 #1: stderr all=off uptime,level,tags

Environment Variables:
JAVA_HOME=C:\Program Files\Java\jdk-19
PATH=C:\Program Files\Common Files\Oracle\Java\javapath;C:\Program Files (x86)\Common Files\Oracle\Java\javapath;C:\Program Files (x86)\EasyPHP-DevServer-14.1VC11\binaries\php\php_runningversion;C:\WINDOWS\system32;C:\WINDOWS;C:\WINDOWS\System32\Wbem;C:\WINDOWS\System32\WindowsPowerShell\v1.0\;C:\WINDOWS\System32\OpenSSH\;C:\Program Files\Microchip\xc32\v4.00\bin;C:\Program Files\nodejs\;C:\Program Files\nodejs;C:\Program Files\Git\cmd;C:\Program Files\Java\jdk-19\bin;C:\Users\allur\oopp-team-11;C:\Users\allur\AppData\Local\Microsoft\WindowsApps;C:\Users\allur\AppData\Roaming\npm;C:\Users\allur\AppData\Local\Programs\Microsoft VS Code\bin;C:\Program Files\nodejs;C:\Users\allur\AppData\Local\Programs\mongosh\;%GRADLE_HOME%\bin;
USERNAME=allur
OS=Windows_NT
PROCESSOR_IDENTIFIER=Intel64 Family 6 Model 142 Stepping 12, GenuineIntel
TMP=C:\Users\allur\AppData\Local\Temp
TEMP=C:\Users\allur\AppData\Local\Temp



---------------  S Y S T E M  ---------------

OS:
 Windows 11 , 64 bit Build 22621 (10.0.22621.1194)
OS uptime: 6 days 16:05 hours
Hyper-V role detected

CPU: total 8 (initial active 8) (4 cores per cpu, 2 threads per core) family 6 model 142 stepping 12 microcode 0xde, cx8, cmov, fxsr, ht, mmx, 3dnowpref, sse, sse2, sse3, ssse3, sse4.1, sse4.2, popcnt, lzcnt, tsc, tscinvbit, avx, avx2, aes, erms, clmul, bmi1, bmi2, adx, fma, vzeroupper, clflush, clflushopt, hv

Memory: 4k page, system-wide physical 8011M (93M free)
TotalPageFile size 32587M (AvailPageFile size 1M)
current process WorkingSet (physical memory assigned to process): 158M, peak: 158M
current process commit charge ("private bytes"): 267M, peak: 268M

vm_info: OpenJDK 64-Bit Server VM (17.0.6+10-LTS) for windows-amd64 JRE (17.0.6+10-LTS), built on Jan 13 2023 22:57:04 by "Administrator" with MS VC++ 15.9 (VS2017)

END.
