#
# There is insufficient memory for the Java Runtime Environment to continue.
# Native memory allocation (malloc) failed to allocate 142416 bytes for Chunk::new
# Possible reasons:
#   The system is out of physical RAM or swap space
#   The process is running with CompressedOops enabled, and the Java Heap may be blocking the growth of the native heap
# Possible solutions:
#   Reduce memory load on the system
#   Increase physical memory or swap space
#   Check if swap backing store is full
#   Decrease Java heap size (-Xmx/-Xms)
#   Decrease number of Java threads
#   Decrease Java thread stack sizes (-Xss)
#   Set larger code cache with -XX:ReservedCodeCacheSize=
#   JVM is running with Unscaled Compressed Oops mode in which the Java heap is
#     placed in the first 4GB address space. The Java Heap base address is the
#     maximum limit for the native heap growth. Please use -XX:HeapBaseMinAddress
#     to set the Java Heap base and to place the Java Heap above 4GB virtual address.
# This output file may be truncated or incomplete.
#
#  Out of Memory Error (arena.cpp:184), pid=12336, tid=28996
#
# JRE version: Java(TM) SE Runtime Environment (19.0+36) (build 19+36-2238)
# Java VM: Java HotSpot(TM) 64-Bit Server VM (19+36-2238, mixed mode, sharing, tiered, compressed oops, compressed class ptrs, g1 gc, windows-amd64)
# No core dump will be written. Minidumps are not enabled by default on client versions of Windows
#

---------------  S U M M A R Y ------------

Command Line: --module-path=C:\Program Files\Java\javafx-sdk-19.0.2.1\lib --add-modules=javafx.controls,javafx.fxml --module-path=C:\Program Files\Java\javafx-sdk-19.0.2.1\lib --add-modules=javafx.controls,javafx.fxml -Dfile.encoding=windows-1252 -Duser.country=GB -Duser.language=en -Duser.variant client.Main

Host: Intel(R) Core(TM) i5-10210U CPU @ 1.60GHz, 8 cores, 7G,  Windows 11 , 64 bit Build 22621 (10.0.22621.1344)
Time: Wed Mar 22 23:02:56 2023 GTB Standard Time elapsed time: 0.285865 seconds (0d 0h 0m 0s)

---------------  T H R E A D  ---------------

Current thread (0x0000022d7e7b4960):  JavaThread "C2 CompilerThread0" daemon [_thread_in_native, id=28996, stack(0x000000d79b700000,0x000000d79b800000)]


Current CompileTask:
C2:    286  351       4       java.util.HashMap::putVal (300 bytes)

Stack: [0x000000d79b700000,0x000000d79b800000]
Native frames: (J=compiled Java code, j=interpreted, Vv=VM code, C=native code)
V  [jvm.dll+0x6ee8fa]
V  [jvm.dll+0x857a1e]
V  [jvm.dll+0x85940e]
V  [jvm.dll+0x859ac3]
V  [jvm.dll+0x28291f]
V  [jvm.dll+0xc9b5f]
V  [jvm.dll+0xc9ee5]
V  [jvm.dll+0x3bcb72]
V  [jvm.dll+0x1ee31a]
V  [jvm.dll+0x24c41b]
V  [jvm.dll+0x24b671]
V  [jvm.dll+0x1d6d61]
V  [jvm.dll+0x25b0fa]
V  [jvm.dll+0x259588]
V  [jvm.dll+0x807928]
V  [jvm.dll+0x8015fa]
V  [jvm.dll+0x6ed5eb]
C  [ucrtbase.dll+0x29363]
C  [KERNEL32.DLL+0x126bd]
C  [ntdll.dll+0x5a9f8]


---------------  P R O C E S S  ---------------

Threads class SMR info:
_java_thread_list=0x0000022d1dc023a0, length=13, elements={
0x0000022d79242500, 0x0000022d7e79f330, 0x0000022d7e79fa70, 0x0000022d7e7a5ea0,
0x0000022d7e7a83f0, 0x0000022d7e7a9410, 0x0000022d7e7ac100, 0x0000022d7e7b4960,
0x0000022d7e7ba6a0, 0x0000022d7e7bb3c0, 0x0000022d1d0fae30, 0x0000022d1d193ed0,
0x0000022d1d3a2990
}

Java Threads: ( => current thread )
  0x0000022d79242500 JavaThread "main" [_thread_in_vm, id=31420, stack(0x000000d79aa00000,0x000000d79ab00000)]
  0x0000022d7e79f330 JavaThread "Reference Handler" daemon [_thread_blocked, id=28812, stack(0x000000d79b100000,0x000000d79b200000)]
  0x0000022d7e79fa70 JavaThread "Finalizer" daemon [_thread_blocked, id=25280, stack(0x000000d79b200000,0x000000d79b300000)]
  0x0000022d7e7a5ea0 JavaThread "Signal Dispatcher" daemon [_thread_blocked, id=34452, stack(0x000000d79b300000,0x000000d79b400000)]
  0x0000022d7e7a83f0 JavaThread "Attach Listener" daemon [_thread_blocked, id=36680, stack(0x000000d79b400000,0x000000d79b500000)]
  0x0000022d7e7a9410 JavaThread "Service Thread" daemon [_thread_blocked, id=35692, stack(0x000000d79b500000,0x000000d79b600000)]
  0x0000022d7e7ac100 JavaThread "Monitor Deflation Thread" daemon [_thread_blocked, id=33240, stack(0x000000d79b600000,0x000000d79b700000)]
=>0x0000022d7e7b4960 JavaThread "C2 CompilerThread0" daemon [_thread_in_native, id=28996, stack(0x000000d79b700000,0x000000d79b800000)]
  0x0000022d7e7ba6a0 JavaThread "C1 CompilerThread0" daemon [_thread_in_vm, id=34604, stack(0x000000d79b800000,0x000000d79b900000)]
  0x0000022d7e7bb3c0 JavaThread "Sweeper thread" daemon [_thread_blocked, id=24628, stack(0x000000d79b900000,0x000000d79ba00000)]
  0x0000022d1d0fae30 JavaThread "Common-Cleaner" daemon [_thread_blocked, id=14944, stack(0x000000d79ba00000,0x000000d79bb00000)]
  0x0000022d1d193ed0 JavaThread "C2 CompilerThread1" daemon [_thread_in_native, id=35640, stack(0x000000d79bb00000,0x000000d79bc00000)]
  0x0000022d1d3a2990 JavaThread "Notification Thread" daemon [_thread_blocked, id=32736, stack(0x000000d79bc00000,0x000000d79bd00000)]

Other Threads:
  0x0000022d7e78af60 VMThread "VM Thread" [stack: 0x000000d79b000000,0x000000d79b100000] [id=17344]
  0x0000022d1d2dc1a0 WatcherThread "VM Periodic Task Thread" [stack: 0x000000d79bd00000,0x000000d79be00000] [id=33620]
  0x0000022d792a2210 WorkerThread "GC Thread#0" [stack: 0x000000d79ab00000,0x000000d79ac00000] [id=35256]
  0x0000022d792b3850 ConcurrentGCThread "G1 Main Marker" [stack: 0x000000d79ac00000,0x000000d79ad00000] [id=31664]
  0x0000022d792b5270 WorkerThread "G1 Conc#0" [stack: 0x000000d79ad00000,0x000000d79ae00000] [id=2912]
  0x0000022d7e63c040 ConcurrentGCThread "G1 Refine#0" [stack: 0x000000d79ae00000,0x000000d79af00000] [id=36632]
  0x0000022d7e63e7a0 ConcurrentGCThread "G1 Service" [stack: 0x000000d79af00000,0x000000d79b000000] [id=22712]

Threads with active compile tasks:
C2 CompilerThread0      320  351       4       java.util.HashMap::putVal (300 bytes)
C2 CompilerThread1      320  315       4       java.util.stream.ReferencePipeline$3$1::accept (23 bytes)

VM state: not at safepoint (normal execution)

VM Mutex/Monitor currently owned by a thread: None

Heap address: 0x0000000082c00000, size: 2004 MB, Compressed Oops mode: 32-bit

CDS archive(s) mapped at: [0x0000000800000000-0x0000000800c40000-0x0000000800c40000), size 12845056, SharedBaseAddress: 0x0000000800000000, ArchiveRelocationMode: 0.
Compressed class space mapped at: 0x0000000801000000-0x0000000841000000, reserved size: 1073741824
Narrow klass base: 0x0000000800000000, Narrow klass shift: 0, Narrow klass range: 0x100000000

GC Precious Log:
 CardTable entry size: 512
 Card Set container configuration: InlinePtr #cards 5 size 8 Array Of Cards #cards 12 size 40 Howl #buckets 4 coarsen threshold 1843 Howl Bitmap #cards 512 size 80 coarsen threshold 460 Card regions per heap region 1 cards per card region 2048
 CPUs: 8 total, 8 available
 Memory: 8011M
 Large Page Support: Disabled
 NUMA Support: Disabled
 Compressed Oops: Enabled (32-bit)
 Heap Region Size: 1M
 Heap Min Capacity: 8M
 Heap Initial Capacity: 126M
 Heap Max Capacity: 2004M
 Pre-touch: Disabled
 Parallel Workers: 8
 Concurrent Workers: 2
 Concurrent Refinement Workers: 8
 Periodic GC: Disabled

Heap:
 garbage-first heap   total 129024K, used 7168K [0x0000000082c00000, 0x0000000100000000)
  region size 1024K, 9 young (9216K), 0 survivors (0K)
 Metaspace       used 1027K, committed 1152K, reserved 1114112K
  class space    used 91K, committed 128K, reserved 1048576K

Heap Regions: E=young(eden), S=young(survivor), O=old, HS=humongous(starts), HC=humongous(continues), CS=collection set, F=free, OA=open archive, CA=closed archive, TAMS=top-at-mark-start (previous, next)
|   0|0x0000000082c00000, 0x0000000082c00000, 0x0000000082d00000|  0%| F|  |TAMS 0x0000000082c00000, 0x0000000082c00000| Untracked 
|   1|0x0000000082d00000, 0x0000000082d00000, 0x0000000082e00000|  0%| F|  |TAMS 0x0000000082d00000, 0x0000000082d00000| Untracked 
|   2|0x0000000082e00000, 0x0000000082e00000, 0x0000000082f00000|  0%| F|  |TAMS 0x0000000082e00000, 0x0000000082e00000| Untracked 
|   3|0x0000000082f00000, 0x0000000082f00000, 0x0000000083000000|  0%| F|  |TAMS 0x0000000082f00000, 0x0000000082f00000| Untracked 
|   4|0x0000000083000000, 0x0000000083000000, 0x0000000083100000|  0%| F|  |TAMS 0x0000000083000000, 0x0000000083000000| Untracked 
|   5|0x0000000083100000, 0x0000000083100000, 0x0000000083200000|  0%| F|  |TAMS 0x0000000083100000, 0x0000000083100000| Untracked 
|   6|0x0000000083200000, 0x0000000083200000, 0x0000000083300000|  0%| F|  |TAMS 0x0000000083200000, 0x0000000083200000| Untracked 
|   7|0x0000000083300000, 0x0000000083300000, 0x0000000083400000|  0%| F|  |TAMS 0x0000000083300000, 0x0000000083300000| Untracked 
|   8|0x0000000083400000, 0x0000000083400000, 0x0000000083500000|  0%| F|  |TAMS 0x0000000083400000, 0x0000000083400000| Untracked 
|   9|0x0000000083500000, 0x0000000083500000, 0x0000000083600000|  0%| F|  |TAMS 0x0000000083500000, 0x0000000083500000| Untracked 
|  10|0x0000000083600000, 0x0000000083600000, 0x0000000083700000|  0%| F|  |TAMS 0x0000000083600000, 0x0000000083600000| Untracked 
|  11|0x0000000083700000, 0x0000000083700000, 0x0000000083800000|  0%| F|  |TAMS 0x0000000083700000, 0x0000000083700000| Untracked 
|  12|0x0000000083800000, 0x0000000083800000, 0x0000000083900000|  0%| F|  |TAMS 0x0000000083800000, 0x0000000083800000| Untracked 
|  13|0x0000000083900000, 0x0000000083900000, 0x0000000083a00000|  0%| F|  |TAMS 0x0000000083900000, 0x0000000083900000| Untracked 
|  14|0x0000000083a00000, 0x0000000083a00000, 0x0000000083b00000|  0%| F|  |TAMS 0x0000000083a00000, 0x0000000083a00000| Untracked 
|  15|0x0000000083b00000, 0x0000000083b00000, 0x0000000083c00000|  0%| F|  |TAMS 0x0000000083b00000, 0x0000000083b00000| Untracked 
|  16|0x0000000083c00000, 0x0000000083c00000, 0x0000000083d00000|  0%| F|  |TAMS 0x0000000083c00000, 0x0000000083c00000| Untracked 
|  17|0x0000000083d00000, 0x0000000083d00000, 0x0000000083e00000|  0%| F|  |TAMS 0x0000000083d00000, 0x0000000083d00000| Untracked 
|  18|0x0000000083e00000, 0x0000000083e00000, 0x0000000083f00000|  0%| F|  |TAMS 0x0000000083e00000, 0x0000000083e00000| Untracked 
|  19|0x0000000083f00000, 0x0000000083f00000, 0x0000000084000000|  0%| F|  |TAMS 0x0000000083f00000, 0x0000000083f00000| Untracked 
|  20|0x0000000084000000, 0x0000000084000000, 0x0000000084100000|  0%| F|  |TAMS 0x0000000084000000, 0x0000000084000000| Untracked 
|  21|0x0000000084100000, 0x0000000084100000, 0x0000000084200000|  0%| F|  |TAMS 0x0000000084100000, 0x0000000084100000| Untracked 
|  22|0x0000000084200000, 0x0000000084200000, 0x0000000084300000|  0%| F|  |TAMS 0x0000000084200000, 0x0000000084200000| Untracked 
|  23|0x0000000084300000, 0x0000000084300000, 0x0000000084400000|  0%| F|  |TAMS 0x0000000084300000, 0x0000000084300000| Untracked 
|  24|0x0000000084400000, 0x0000000084400000, 0x0000000084500000|  0%| F|  |TAMS 0x0000000084400000, 0x0000000084400000| Untracked 
|  25|0x0000000084500000, 0x0000000084500000, 0x0000000084600000|  0%| F|  |TAMS 0x0000000084500000, 0x0000000084500000| Untracked 
|  26|0x0000000084600000, 0x0000000084600000, 0x0000000084700000|  0%| F|  |TAMS 0x0000000084600000, 0x0000000084600000| Untracked 
|  27|0x0000000084700000, 0x0000000084700000, 0x0000000084800000|  0%| F|  |TAMS 0x0000000084700000, 0x0000000084700000| Untracked 
|  28|0x0000000084800000, 0x0000000084800000, 0x0000000084900000|  0%| F|  |TAMS 0x0000000084800000, 0x0000000084800000| Untracked 
|  29|0x0000000084900000, 0x0000000084900000, 0x0000000084a00000|  0%| F|  |TAMS 0x0000000084900000, 0x0000000084900000| Untracked 
|  30|0x0000000084a00000, 0x0000000084a00000, 0x0000000084b00000|  0%| F|  |TAMS 0x0000000084a00000, 0x0000000084a00000| Untracked 
|  31|0x0000000084b00000, 0x0000000084b00000, 0x0000000084c00000|  0%| F|  |TAMS 0x0000000084b00000, 0x0000000084b00000| Untracked 
|  32|0x0000000084c00000, 0x0000000084c00000, 0x0000000084d00000|  0%| F|  |TAMS 0x0000000084c00000, 0x0000000084c00000| Untracked 
|  33|0x0000000084d00000, 0x0000000084d00000, 0x0000000084e00000|  0%| F|  |TAMS 0x0000000084d00000, 0x0000000084d00000| Untracked 
|  34|0x0000000084e00000, 0x0000000084e00000, 0x0000000084f00000|  0%| F|  |TAMS 0x0000000084e00000, 0x0000000084e00000| Untracked 
|  35|0x0000000084f00000, 0x0000000084f00000, 0x0000000085000000|  0%| F|  |TAMS 0x0000000084f00000, 0x0000000084f00000| Untracked 
|  36|0x0000000085000000, 0x0000000085000000, 0x0000000085100000|  0%| F|  |TAMS 0x0000000085000000, 0x0000000085000000| Untracked 
|  37|0x0000000085100000, 0x0000000085100000, 0x0000000085200000|  0%| F|  |TAMS 0x0000000085100000, 0x0000000085100000| Untracked 
|  38|0x0000000085200000, 0x0000000085200000, 0x0000000085300000|  0%| F|  |TAMS 0x0000000085200000, 0x0000000085200000| Untracked 
|  39|0x0000000085300000, 0x0000000085300000, 0x0000000085400000|  0%| F|  |TAMS 0x0000000085300000, 0x0000000085300000| Untracked 
|  40|0x0000000085400000, 0x0000000085400000, 0x0000000085500000|  0%| F|  |TAMS 0x0000000085400000, 0x0000000085400000| Untracked 
|  41|0x0000000085500000, 0x0000000085500000, 0x0000000085600000|  0%| F|  |TAMS 0x0000000085500000, 0x0000000085500000| Untracked 
|  42|0x0000000085600000, 0x0000000085600000, 0x0000000085700000|  0%| F|  |TAMS 0x0000000085600000, 0x0000000085600000| Untracked 
|  43|0x0000000085700000, 0x0000000085700000, 0x0000000085800000|  0%| F|  |TAMS 0x0000000085700000, 0x0000000085700000| Untracked 
|  44|0x0000000085800000, 0x0000000085800000, 0x0000000085900000|  0%| F|  |TAMS 0x0000000085800000, 0x0000000085800000| Untracked 
|  45|0x0000000085900000, 0x0000000085900000, 0x0000000085a00000|  0%| F|  |TAMS 0x0000000085900000, 0x0000000085900000| Untracked 
|  46|0x0000000085a00000, 0x0000000085a00000, 0x0000000085b00000|  0%| F|  |TAMS 0x0000000085a00000, 0x0000000085a00000| Untracked 
|  47|0x0000000085b00000, 0x0000000085b00000, 0x0000000085c00000|  0%| F|  |TAMS 0x0000000085b00000, 0x0000000085b00000| Untracked 
|  48|0x0000000085c00000, 0x0000000085c00000, 0x0000000085d00000|  0%| F|  |TAMS 0x0000000085c00000, 0x0000000085c00000| Untracked 
|  49|0x0000000085d00000, 0x0000000085d00000, 0x0000000085e00000|  0%| F|  |TAMS 0x0000000085d00000, 0x0000000085d00000| Untracked 
|  50|0x0000000085e00000, 0x0000000085e00000, 0x0000000085f00000|  0%| F|  |TAMS 0x0000000085e00000, 0x0000000085e00000| Untracked 
|  51|0x0000000085f00000, 0x0000000085f00000, 0x0000000086000000|  0%| F|  |TAMS 0x0000000085f00000, 0x0000000085f00000| Untracked 
|  52|0x0000000086000000, 0x0000000086000000, 0x0000000086100000|  0%| F|  |TAMS 0x0000000086000000, 0x0000000086000000| Untracked 
|  53|0x0000000086100000, 0x0000000086100000, 0x0000000086200000|  0%| F|  |TAMS 0x0000000086100000, 0x0000000086100000| Untracked 
|  54|0x0000000086200000, 0x0000000086200000, 0x0000000086300000|  0%| F|  |TAMS 0x0000000086200000, 0x0000000086200000| Untracked 
|  55|0x0000000086300000, 0x0000000086300000, 0x0000000086400000|  0%| F|  |TAMS 0x0000000086300000, 0x0000000086300000| Untracked 
|  56|0x0000000086400000, 0x0000000086400000, 0x0000000086500000|  0%| F|  |TAMS 0x0000000086400000, 0x0000000086400000| Untracked 
|  57|0x0000000086500000, 0x0000000086500000, 0x0000000086600000|  0%| F|  |TAMS 0x0000000086500000, 0x0000000086500000| Untracked 
|  58|0x0000000086600000, 0x0000000086600000, 0x0000000086700000|  0%| F|  |TAMS 0x0000000086600000, 0x0000000086600000| Untracked 
|  59|0x0000000086700000, 0x0000000086700000, 0x0000000086800000|  0%| F|  |TAMS 0x0000000086700000, 0x0000000086700000| Untracked 
|  60|0x0000000086800000, 0x0000000086800000, 0x0000000086900000|  0%| F|  |TAMS 0x0000000086800000, 0x0000000086800000| Untracked 
|  61|0x0000000086900000, 0x0000000086900000, 0x0000000086a00000|  0%| F|  |TAMS 0x0000000086900000, 0x0000000086900000| Untracked 
|  62|0x0000000086a00000, 0x0000000086a00000, 0x0000000086b00000|  0%| F|  |TAMS 0x0000000086a00000, 0x0000000086a00000| Untracked 
|  63|0x0000000086b00000, 0x0000000086b00000, 0x0000000086c00000|  0%| F|  |TAMS 0x0000000086b00000, 0x0000000086b00000| Untracked 
|  64|0x0000000086c00000, 0x0000000086c00000, 0x0000000086d00000|  0%| F|  |TAMS 0x0000000086c00000, 0x0000000086c00000| Untracked 
|  65|0x0000000086d00000, 0x0000000086d00000, 0x0000000086e00000|  0%| F|  |TAMS 0x0000000086d00000, 0x0000000086d00000| Untracked 
|  66|0x0000000086e00000, 0x0000000086e00000, 0x0000000086f00000|  0%| F|  |TAMS 0x0000000086e00000, 0x0000000086e00000| Untracked 
|  67|0x0000000086f00000, 0x0000000086f00000, 0x0000000087000000|  0%| F|  |TAMS 0x0000000086f00000, 0x0000000086f00000| Untracked 
|  68|0x0000000087000000, 0x0000000087000000, 0x0000000087100000|  0%| F|  |TAMS 0x0000000087000000, 0x0000000087000000| Untracked 
|  69|0x0000000087100000, 0x0000000087100000, 0x0000000087200000|  0%| F|  |TAMS 0x0000000087100000, 0x0000000087100000| Untracked 
|  70|0x0000000087200000, 0x0000000087200000, 0x0000000087300000|  0%| F|  |TAMS 0x0000000087200000, 0x0000000087200000| Untracked 
|  71|0x0000000087300000, 0x0000000087300000, 0x0000000087400000|  0%| F|  |TAMS 0x0000000087300000, 0x0000000087300000| Untracked 
|  72|0x0000000087400000, 0x0000000087400000, 0x0000000087500000|  0%| F|  |TAMS 0x0000000087400000, 0x0000000087400000| Untracked 
|  73|0x0000000087500000, 0x0000000087500000, 0x0000000087600000|  0%| F|  |TAMS 0x0000000087500000, 0x0000000087500000| Untracked 
|  74|0x0000000087600000, 0x0000000087600000, 0x0000000087700000|  0%| F|  |TAMS 0x0000000087600000, 0x0000000087600000| Untracked 
|  75|0x0000000087700000, 0x0000000087700000, 0x0000000087800000|  0%| F|  |TAMS 0x0000000087700000, 0x0000000087700000| Untracked 
|  76|0x0000000087800000, 0x0000000087800000, 0x0000000087900000|  0%| F|  |TAMS 0x0000000087800000, 0x0000000087800000| Untracked 
|  77|0x0000000087900000, 0x0000000087900000, 0x0000000087a00000|  0%| F|  |TAMS 0x0000000087900000, 0x0000000087900000| Untracked 
|  78|0x0000000087a00000, 0x0000000087a00000, 0x0000000087b00000|  0%| F|  |TAMS 0x0000000087a00000, 0x0000000087a00000| Untracked 
|  79|0x0000000087b00000, 0x0000000087b00000, 0x0000000087c00000|  0%| F|  |TAMS 0x0000000087b00000, 0x0000000087b00000| Untracked 
|  80|0x0000000087c00000, 0x0000000087c00000, 0x0000000087d00000|  0%| F|  |TAMS 0x0000000087c00000, 0x0000000087c00000| Untracked 
|  81|0x0000000087d00000, 0x0000000087d00000, 0x0000000087e00000|  0%| F|  |TAMS 0x0000000087d00000, 0x0000000087d00000| Untracked 
|  82|0x0000000087e00000, 0x0000000087e00000, 0x0000000087f00000|  0%| F|  |TAMS 0x0000000087e00000, 0x0000000087e00000| Untracked 
|  83|0x0000000087f00000, 0x0000000087f00000, 0x0000000088000000|  0%| F|  |TAMS 0x0000000087f00000, 0x0000000087f00000| Untracked 
|  84|0x0000000088000000, 0x0000000088000000, 0x0000000088100000|  0%| F|  |TAMS 0x0000000088000000, 0x0000000088000000| Untracked 
|  85|0x0000000088100000, 0x0000000088100000, 0x0000000088200000|  0%| F|  |TAMS 0x0000000088100000, 0x0000000088100000| Untracked 
|  86|0x0000000088200000, 0x0000000088200000, 0x0000000088300000|  0%| F|  |TAMS 0x0000000088200000, 0x0000000088200000| Untracked 
|  87|0x0000000088300000, 0x0000000088300000, 0x0000000088400000|  0%| F|  |TAMS 0x0000000088300000, 0x0000000088300000| Untracked 
|  88|0x0000000088400000, 0x0000000088400000, 0x0000000088500000|  0%| F|  |TAMS 0x0000000088400000, 0x0000000088400000| Untracked 
|  89|0x0000000088500000, 0x0000000088500000, 0x0000000088600000|  0%| F|  |TAMS 0x0000000088500000, 0x0000000088500000| Untracked 
|  90|0x0000000088600000, 0x0000000088600000, 0x0000000088700000|  0%| F|  |TAMS 0x0000000088600000, 0x0000000088600000| Untracked 
|  91|0x0000000088700000, 0x0000000088700000, 0x0000000088800000|  0%| F|  |TAMS 0x0000000088700000, 0x0000000088700000| Untracked 
|  92|0x0000000088800000, 0x0000000088800000, 0x0000000088900000|  0%| F|  |TAMS 0x0000000088800000, 0x0000000088800000| Untracked 
|  93|0x0000000088900000, 0x0000000088900000, 0x0000000088a00000|  0%| F|  |TAMS 0x0000000088900000, 0x0000000088900000| Untracked 
|  94|0x0000000088a00000, 0x0000000088a00000, 0x0000000088b00000|  0%| F|  |TAMS 0x0000000088a00000, 0x0000000088a00000| Untracked 
|  95|0x0000000088b00000, 0x0000000088b00000, 0x0000000088c00000|  0%| F|  |TAMS 0x0000000088b00000, 0x0000000088b00000| Untracked 
|  96|0x0000000088c00000, 0x0000000088c00000, 0x0000000088d00000|  0%| F|  |TAMS 0x0000000088c00000, 0x0000000088c00000| Untracked 
|  97|0x0000000088d00000, 0x0000000088d00000, 0x0000000088e00000|  0%| F|  |TAMS 0x0000000088d00000, 0x0000000088d00000| Untracked 
|  98|0x0000000088e00000, 0x0000000088e00000, 0x0000000088f00000|  0%| F|  |TAMS 0x0000000088e00000, 0x0000000088e00000| Untracked 
|  99|0x0000000088f00000, 0x0000000088f00000, 0x0000000089000000|  0%| F|  |TAMS 0x0000000088f00000, 0x0000000088f00000| Untracked 
| 100|0x0000000089000000, 0x0000000089000000, 0x0000000089100000|  0%| F|  |TAMS 0x0000000089000000, 0x0000000089000000| Untracked 
| 101|0x0000000089100000, 0x0000000089100000, 0x0000000089200000|  0%| F|  |TAMS 0x0000000089100000, 0x0000000089100000| Untracked 
| 102|0x0000000089200000, 0x0000000089200000, 0x0000000089300000|  0%| F|  |TAMS 0x0000000089200000, 0x0000000089200000| Untracked 
| 103|0x0000000089300000, 0x0000000089300000, 0x0000000089400000|  0%| F|  |TAMS 0x0000000089300000, 0x0000000089300000| Untracked 
| 104|0x0000000089400000, 0x0000000089400000, 0x0000000089500000|  0%| F|  |TAMS 0x0000000089400000, 0x0000000089400000| Untracked 
| 105|0x0000000089500000, 0x0000000089500000, 0x0000000089600000|  0%| F|  |TAMS 0x0000000089500000, 0x0000000089500000| Untracked 
| 106|0x0000000089600000, 0x0000000089600000, 0x0000000089700000|  0%| F|  |TAMS 0x0000000089600000, 0x0000000089600000| Untracked 
| 107|0x0000000089700000, 0x0000000089700000, 0x0000000089800000|  0%| F|  |TAMS 0x0000000089700000, 0x0000000089700000| Untracked 
| 108|0x0000000089800000, 0x0000000089800000, 0x0000000089900000|  0%| F|  |TAMS 0x0000000089800000, 0x0000000089800000| Untracked 
| 109|0x0000000089900000, 0x0000000089900000, 0x0000000089a00000|  0%| F|  |TAMS 0x0000000089900000, 0x0000000089900000| Untracked 
| 110|0x0000000089a00000, 0x0000000089a00000, 0x0000000089b00000|  0%| F|  |TAMS 0x0000000089a00000, 0x0000000089a00000| Untracked 
| 111|0x0000000089b00000, 0x0000000089b00000, 0x0000000089c00000|  0%| F|  |TAMS 0x0000000089b00000, 0x0000000089b00000| Untracked 
| 112|0x0000000089c00000, 0x0000000089c00000, 0x0000000089d00000|  0%| F|  |TAMS 0x0000000089c00000, 0x0000000089c00000| Untracked 
| 113|0x0000000089d00000, 0x0000000089d00000, 0x0000000089e00000|  0%| F|  |TAMS 0x0000000089d00000, 0x0000000089d00000| Untracked 
| 114|0x0000000089e00000, 0x0000000089e00000, 0x0000000089f00000|  0%| F|  |TAMS 0x0000000089e00000, 0x0000000089e00000| Untracked 
| 115|0x0000000089f00000, 0x0000000089f00000, 0x000000008a000000|  0%| F|  |TAMS 0x0000000089f00000, 0x0000000089f00000| Untracked 
| 116|0x000000008a000000, 0x000000008a077c68, 0x000000008a100000| 46%| E|  |TAMS 0x000000008a000000, 0x000000008a000000| Complete 
| 117|0x000000008a100000, 0x000000008a200000, 0x000000008a200000|100%| E|CS|TAMS 0x000000008a100000, 0x000000008a100000| Complete 
| 118|0x000000008a200000, 0x000000008a300000, 0x000000008a300000|100%| E|CS|TAMS 0x000000008a200000, 0x000000008a200000| Complete 
| 119|0x000000008a300000, 0x000000008a400000, 0x000000008a400000|100%| E|CS|TAMS 0x000000008a300000, 0x000000008a300000| Complete 
| 120|0x000000008a400000, 0x000000008a500000, 0x000000008a500000|100%| E|CS|TAMS 0x000000008a400000, 0x000000008a400000| Complete 
| 121|0x000000008a500000, 0x000000008a600000, 0x000000008a600000|100%| E|CS|TAMS 0x000000008a500000, 0x000000008a500000| Complete 
| 122|0x000000008a600000, 0x000000008a700000, 0x000000008a700000|100%| E|  |TAMS 0x000000008a600000, 0x000000008a600000| Complete 
| 123|0x000000008a700000, 0x000000008a800000, 0x000000008a800000|100%| E|CS|TAMS 0x000000008a700000, 0x000000008a700000| Complete 
| 124|0x000000008a800000, 0x000000008a900000, 0x000000008a900000|100%| E|CS|TAMS 0x000000008a800000, 0x000000008a800000| Complete 
| 125|0x000000008a900000, 0x000000008aa00000, 0x000000008aa00000|100%| E|CS|TAMS 0x000000008a900000, 0x000000008a900000| Complete 

Card table byte_map: [0x0000022d799f0000,0x0000022d79de0000] _byte_map_base: 0x0000022d795da000

Marking Bits (Prev, Next): (CMBitMap*) 0x0000022d792a2840, (CMBitMap*) 0x0000022d792a2880
 Prev Bits: [0x0000022d7a1d0000, 0x0000022d7c120000)
 Next Bits: [0x0000022d7c120000, 0x0000022d7e070000)

Polling page: 0x0000022d77140000

Metaspace:

Usage:
  Non-class:      1.03 MB used.
      Class:    111.22 KB used.
       Both:      1.14 MB used.

Virtual space:
  Non-class space:       64.00 MB reserved,       1.12 MB (  2%) committed,  1 nodes.
      Class space:        1.00 GB reserved,     192.00 KB ( <1%) committed,  1 nodes.
             Both:        1.06 GB reserved,       1.31 MB ( <1%) committed. 

Chunk freelists:
   Non-Class:  3.60 MB
       Class:  3.67 MB
        Both:  7.27 MB

MaxMetaspaceSize: unlimited
CompressedClassSpaceSize: 1.00 GB
Initial GC threshold: 21.00 MB
Current GC threshold: 21.00 MB
CDS: on
MetaspaceReclaimPolicy: balanced
 - commit_granule_bytes: 65536.
 - commit_granule_words: 8192.
 - virtual_space_node_default_size: 8388608.
 - enlarge_chunks_in_place: 1.
 - new_chunks_are_fully_committed: 0.
 - uncommit_free_chunks: 1.
 - use_allocation_guard: 0.


Internal statistics:

num_allocs_failed_limit: 0.
num_arena_births: 30.
num_arena_deaths: 0.
num_vsnodes_births: 2.
num_vsnodes_deaths: 0.
num_space_committed: 21.
num_space_uncommitted: 0.
num_chunks_returned_to_freelist: 0.
num_chunks_taken_from_freelist: 54.
num_chunk_merges: 0.
num_chunk_splits: 37.
num_chunks_enlarged: 26.
num_inconsistent_stats: 0.

CodeHeap 'non-profiled nmethods': size=120000Kb used=134Kb max_used=134Kb free=119866Kb
 bounds [0x0000022d0f960000, 0x0000022d0fbd0000, 0x0000022d16e90000]
CodeHeap 'profiled nmethods': size=120000Kb used=610Kb max_used=610Kb free=119389Kb
 bounds [0x0000022d07e90000, 0x0000022d08100000, 0x0000022d0f3c0000]
CodeHeap 'non-nmethods': size=5760Kb used=1210Kb max_used=1210Kb free=4549Kb
 bounds [0x0000022d0f3c0000, 0x0000022d0f630000, 0x0000022d0f960000]
 total_blobs=873 nmethods=463 adapters=321
 compilation: enabled
              stopped_count=0, restarted_count=0
 full_count=0

Compilation events (20 events):
Event: 0.273 Thread 0x0000022d7e7ba6a0  378       3       java.lang.String::<init> (99 bytes)
Event: 0.273 Thread 0x0000022d7e7ba6a0 nmethod 378 0x0000022d07f07990 code [0x0000022d07f07ba0, 0x0000022d07f08188]
Event: 0.273 Thread 0x0000022d7e7ba6a0  379       3       java.util.HashSet::<init> (16 bytes)
Event: 0.273 Thread 0x0000022d7e7ba6a0 nmethod 379 0x0000022d07f08390 code [0x0000022d07f08560, 0x0000022d07f08978]
Event: 0.273 Thread 0x0000022d7e7ba6a0  380       3       java.util.AbstractCollection::addAll (42 bytes)
Event: 0.274 Thread 0x0000022d7e7ba6a0 nmethod 380 0x0000022d07f08b10 code [0x0000022d07f08d00, 0x0000022d07f09238]
Event: 0.274 Thread 0x0000022d7e7ba6a0  381       1       java.lang.module.ModuleDescriptor::isOpen (5 bytes)
Event: 0.274 Thread 0x0000022d7e7ba6a0 nmethod 381 0x0000022d0f97bf90 code [0x0000022d0f97c120, 0x0000022d0f97c1f8]
Event: 0.274 Thread 0x0000022d7e7ba6a0  383       3       java.util.HashMap::isEmpty (13 bytes)
Event: 0.274 Thread 0x0000022d7e7ba6a0 nmethod 383 0x0000022d07f09390 code [0x0000022d07f09520, 0x0000022d07f09698]
Event: 0.274 Thread 0x0000022d7e7ba6a0  385       3       java.lang.module.ResolvedModule::name (11 bytes)
Event: 0.275 Thread 0x0000022d7e7ba6a0 nmethod 385 0x0000022d07f09710 code [0x0000022d07f098c0, 0x0000022d07f09a18]
Event: 0.275 Thread 0x0000022d7e7ba6a0  384       3       java.util.HashMap::newHashMap (12 bytes)
Event: 0.275 Thread 0x0000022d7e7ba6a0 nmethod 384 0x0000022d07f09b10 code [0x0000022d07f09d00, 0x0000022d07f0a018]
Event: 0.275 Thread 0x0000022d7e7ba6a0  386       1       java.lang.module.ResolvedModule::configuration (5 bytes)
Event: 0.275 Thread 0x0000022d7e7ba6a0 nmethod 386 0x0000022d0f97c690 code [0x0000022d0f97c820, 0x0000022d0f97c8d8]
Event: 0.275 Thread 0x0000022d7e7ba6a0  388       1       java.lang.module.ModuleDescriptor$Provides::service (5 bytes)
Event: 0.275 Thread 0x0000022d7e7ba6a0 nmethod 388 0x0000022d0f97c990 code [0x0000022d0f97cb20, 0x0000022d0f97cbd8]
Event: 0.279 Thread 0x0000022d7e7ba6a0  389       3       java.lang.String::charAt (25 bytes)
Event: 0.279 Thread 0x0000022d7e7ba6a0 nmethod 389 0x0000022d07f0a190 code [0x0000022d07f0a380, 0x0000022d07f0a8d8]

GC Heap History (0 events):
No events

Dll operation events (5 events):
Event: 0.016 Loaded shared library C:\Program Files\Java\jdk-19\bin\java.dll
Event: 0.030 Loaded shared library C:\Program Files\Java\jdk-19\bin\jsvml.dll
Event: 0.172 Loaded shared library C:\Program Files\Java\jdk-19\bin\net.dll
Event: 0.177 Loaded shared library C:\Program Files\Java\jdk-19\bin\nio.dll
Event: 0.185 Loaded shared library C:\Program Files\Java\jdk-19\bin\zip.dll

Deoptimization events (20 events):
Event: 0.251 Thread 0x0000022d79242500 DEOPT PACKING pc=0x0000022d07e996e7 sp=0x000000d79aafde60
Event: 0.251 Thread 0x0000022d79242500 DEOPT UNPACKING pc=0x0000022d0f427543 sp=0x000000d79aafd280 mode 0
Event: 0.256 Thread 0x0000022d79242500 DEOPT PACKING pc=0x0000022d07e996e7 sp=0x000000d79aafdbd0
Event: 0.256 Thread 0x0000022d79242500 DEOPT UNPACKING pc=0x0000022d0f427543 sp=0x000000d79aafcff0 mode 0
Event: 0.262 Thread 0x0000022d79242500 Uncommon trap: trap_request=0xffffff45 fr.pc=0x0000022d0f973790 relative=0x0000000000000650
Event: 0.262 Thread 0x0000022d79242500 Uncommon trap: reason=unstable_if action=reinterpret pc=0x0000022d0f973790 method=java.util.ImmutableCollections$SetN.probe(Ljava/lang/Object;)I @ 34 c2
Event: 0.262 Thread 0x0000022d79242500 DEOPT PACKING pc=0x0000022d0f973790 sp=0x000000d79aafebc0
Event: 0.262 Thread 0x0000022d79242500 DEOPT UNPACKING pc=0x0000022d0f426da3 sp=0x000000d79aafeb60 mode 2
Event: 0.270 Thread 0x0000022d79242500 Uncommon trap: trap_request=0xffffff45 fr.pc=0x0000022d0f97789c relative=0x00000000000004dc
Event: 0.270 Thread 0x0000022d79242500 Uncommon trap: reason=unstable_if action=reinterpret pc=0x0000022d0f97789c method=java.lang.StringLatin1.newString([BII)Ljava/lang/String; @ 1 c2
Event: 0.270 Thread 0x0000022d79242500 DEOPT PACKING pc=0x0000022d0f97789c sp=0x000000d79aafea10
Event: 0.270 Thread 0x0000022d79242500 DEOPT UNPACKING pc=0x0000022d0f426da3 sp=0x000000d79aafe970 mode 2
Event: 0.270 Thread 0x0000022d79242500 Uncommon trap: trap_request=0xffffff45 fr.pc=0x0000022d0f97819c relative=0x00000000000003fc
Event: 0.270 Thread 0x0000022d79242500 Uncommon trap: reason=unstable_if action=reinterpret pc=0x0000022d0f97819c method=java.lang.StringLatin1.newString([BII)Ljava/lang/String; @ 1 c2
Event: 0.270 Thread 0x0000022d79242500 DEOPT PACKING pc=0x0000022d0f97819c sp=0x000000d79aafe990
Event: 0.270 Thread 0x0000022d79242500 DEOPT UNPACKING pc=0x0000022d0f426da3 sp=0x000000d79aafe970 mode 2
Event: 0.277 Thread 0x0000022d79242500 Uncommon trap: trap_request=0xffffff45 fr.pc=0x0000022d0f961348 relative=0x00000000000000a8
Event: 0.277 Thread 0x0000022d79242500 Uncommon trap: reason=unstable_if action=reinterpret pc=0x0000022d0f961348 method=java.lang.String.isLatin1()Z @ 10 c2
Event: 0.277 Thread 0x0000022d79242500 DEOPT PACKING pc=0x0000022d0f961348 sp=0x000000d79aafee90
Event: 0.277 Thread 0x0000022d79242500 DEOPT UNPACKING pc=0x0000022d0f426da3 sp=0x000000d79aafedd0 mode 2

Classes loaded (20 events):
Event: 0.280 Loading class jdk/internal/module/ModuleReferences$JarModuleReader
Event: 0.280 Loading class jdk/internal/module/ModuleReferences$SafeCloseModuleReader
Event: 0.280 Loading class jdk/internal/module/ModuleReferences$SafeCloseModuleReader done
Event: 0.280 Loading class jdk/internal/module/ModuleReferences$JarModuleReader done
Event: 0.280 Loading class java/util/concurrent/locks/ReentrantReadWriteLock
Event: 0.280 Loading class java/util/concurrent/locks/ReadWriteLock
Event: 0.280 Loading class java/util/concurrent/locks/ReadWriteLock done
Event: 0.280 Loading class java/util/concurrent/locks/ReentrantReadWriteLock done
Event: 0.280 Loading class java/util/concurrent/locks/ReentrantReadWriteLock$NonfairSync
Event: 0.280 Loading class java/util/concurrent/locks/ReentrantReadWriteLock$Sync
Event: 0.280 Loading class java/util/concurrent/locks/ReentrantReadWriteLock$Sync done
Event: 0.280 Loading class java/util/concurrent/locks/ReentrantReadWriteLock$NonfairSync done
Event: 0.280 Loading class java/util/concurrent/locks/ReentrantReadWriteLock$Sync$ThreadLocalHoldCounter
Event: 0.280 Loading class java/util/concurrent/locks/ReentrantReadWriteLock$Sync$ThreadLocalHoldCounter done
Event: 0.281 Loading class java/util/concurrent/locks/ReentrantReadWriteLock$ReadLock
Event: 0.281 Loading class java/util/concurrent/locks/ReentrantReadWriteLock$ReadLock done
Event: 0.281 Loading class java/util/concurrent/locks/ReentrantReadWriteLock$WriteLock
Event: 0.281 Loading class java/util/concurrent/locks/ReentrantReadWriteLock$WriteLock done
Event: 0.282 Loading class jdk/internal/module/ModulePatcher$PatchedModuleReader
Event: 0.282 Loading class jdk/internal/module/ModulePatcher$PatchedModuleReader done

Classes unloaded (0 events):
No events

Classes redefined (0 events):
No events

Internal exceptions (2 events):
Event: 0.178 Thread 0x0000022d79242500 Exception <a 'sun/nio/fs/WindowsException'{0x000000008a858698}> (0x000000008a858698) 
thrown [s\open\src\hotspot\share\prims\jni.cpp, line 517]
Event: 0.179 Thread 0x0000022d79242500 Exception <a 'sun/nio/fs/WindowsException'{0x000000008a858b48}> (0x000000008a858b48) 
thrown [s\open\src\hotspot\share\prims\jni.cpp, line 517]

VM Operations (4 events):
Event: 0.186 Executing VM operation: HandshakeAllThreads
Event: 0.186 Executing VM operation: HandshakeAllThreads done
Event: 0.260 Executing VM operation: HandshakeAllThreads
Event: 0.260 Executing VM operation: HandshakeAllThreads done

Events (13 events):
Event: 0.030 Thread 0x0000022d79242500 Thread added: 0x0000022d79242500
Event: 0.051 Thread 0x0000022d7e79f330 Thread added: 0x0000022d7e79f330
Event: 0.052 Thread 0x0000022d7e79fa70 Thread added: 0x0000022d7e79fa70
Event: 0.052 Thread 0x0000022d7e7a5ea0 Thread added: 0x0000022d7e7a5ea0
Event: 0.052 Thread 0x0000022d7e7a83f0 Thread added: 0x0000022d7e7a83f0
Event: 0.052 Thread 0x0000022d7e7a9410 Thread added: 0x0000022d7e7a9410
Event: 0.053 Thread 0x0000022d7e7ac100 Thread added: 0x0000022d7e7ac100
Event: 0.053 Thread 0x0000022d7e7b4960 Thread added: 0x0000022d7e7b4960
Event: 0.053 Thread 0x0000022d7e7ba6a0 Thread added: 0x0000022d7e7ba6a0
Event: 0.053 Thread 0x0000022d7e7bb3c0 Thread added: 0x0000022d7e7bb3c0
Event: 0.158 Thread 0x0000022d1d0fae30 Thread added: 0x0000022d1d0fae30
Event: 0.221 Thread 0x0000022d1d193ed0 Thread added: 0x0000022d1d193ed0
Event: 0.276 Thread 0x0000022d1d3a2990 Thread added: 0x0000022d1d3a2990


Dynamic libraries:
0x00007ff738510000 - 0x00007ff738520000 	C:\Program Files\Java\jdk-19\bin\java.exe
0x00007ffc15930000 - 0x00007ffc15b44000 	C:\WINDOWS\SYSTEM32\ntdll.dll
0x00007ffc14290000 - 0x00007ffc14353000 	C:\WINDOWS\System32\KERNEL32.DLL
0x00007ffc12f00000 - 0x00007ffc1329c000 	C:\WINDOWS\System32\KERNELBASE.dll
0x0000000057490000 - 0x00000000577c1000 	C:\Program Files\Norton Security\NortonData\22.20.5.39\Definitions\IPSDefs\20230321.061\IPSEng64.dll
0x00007ffc13740000 - 0x00007ffc137ee000 	C:\WINDOWS\System32\ADVAPI32.dll
0x00007ffc14130000 - 0x00007ffc141d7000 	C:\WINDOWS\System32\msvcrt.dll
0x00007ffc13f50000 - 0x00007ffc13ff4000 	C:\WINDOWS\System32\sechost.dll
0x00007ffc14ba0000 - 0x00007ffc14cb5000 	C:\WINDOWS\System32\RPCRT4.dll
0x00007ffc14a90000 - 0x00007ffc14a98000 	C:\WINDOWS\System32\PSAPI.DLL
0x00007ffc12d70000 - 0x00007ffc12e81000 	C:\WINDOWS\System32\ucrtbase.dll
0x00007ffc044c0000 - 0x00007ffc044d8000 	C:\Program Files\Java\jdk-19\bin\jli.dll
0x00007ffbdf940000 - 0x00007ffbdf95b000 	C:\Program Files\Java\jdk-19\bin\VCRUNTIME140.dll
0x00007ffc14cd0000 - 0x00007ffc14e7d000 	C:\WINDOWS\System32\USER32.dll
0x00007ffc13480000 - 0x00007ffc134a6000 	C:\WINDOWS\System32\win32u.dll
0x00007ffc158a0000 - 0x00007ffc158c9000 	C:\WINDOWS\System32\GDI32.dll
0x00007ffbf6b70000 - 0x00007ffbf6dfe000 	C:\WINDOWS\WinSxS\amd64_microsoft.windows.common-controls_6595b64144ccf1df_6.0.22621.608_none_a9444ca7c10bb01d\COMCTL32.dll
0x00007ffc13620000 - 0x00007ffc13733000 	C:\WINDOWS\System32\gdi32full.dll
0x00007ffc132a0000 - 0x00007ffc1333a000 	C:\WINDOWS\System32\msvcp_win.dll
0x00007ffc07210000 - 0x00007ffc0721a000 	C:\WINDOWS\SYSTEM32\VERSION.dll
0x00007ffc14930000 - 0x00007ffc14961000 	C:\WINDOWS\System32\IMM32.DLL
0x00007ffbe32a0000 - 0x00007ffbe32ac000 	C:\Program Files\Java\jdk-19\bin\vcruntime140_1.dll
0x00007ffba3da0000 - 0x00007ffba3e2e000 	C:\Program Files\Java\jdk-19\bin\msvcp140.dll
0x00007ffb71ce0000 - 0x00007ffb729a0000 	C:\Program Files\Java\jdk-19\bin\server\jvm.dll
0x00007ffbf70d0000 - 0x00007ffbf70d9000 	C:\WINDOWS\SYSTEM32\WSOCK32.dll
0x00007ffc0a260000 - 0x00007ffc0a294000 	C:\WINDOWS\SYSTEM32\WINMM.dll
0x00007ffc13ec0000 - 0x00007ffc13f31000 	C:\WINDOWS\System32\WS2_32.dll
0x00007ffc11d80000 - 0x00007ffc11d98000 	C:\WINDOWS\SYSTEM32\kernel.appcore.dll
0x00007ffbdf8c0000 - 0x00007ffbdf8ca000 	C:\Program Files\Java\jdk-19\bin\jimage.dll
0x00007ffc10680000 - 0x00007ffc108ae000 	C:\WINDOWS\SYSTEM32\DBGHELP.DLL
0x00007ffc145a0000 - 0x00007ffc14929000 	C:\WINDOWS\System32\combase.dll
0x00007ffc144c0000 - 0x00007ffc14597000 	C:\WINDOWS\System32\OLEAUT32.dll
0x00007ffc07950000 - 0x00007ffc07982000 	C:\WINDOWS\SYSTEM32\dbgcore.DLL
0x00007ffc13400000 - 0x00007ffc1347b000 	C:\WINDOWS\System32\bcryptPrimitives.dll
0x00007ffbd7800000 - 0x00007ffbd7826000 	C:\Program Files\Java\jdk-19\bin\java.dll
0x00007ffb971a0000 - 0x00007ffb97277000 	C:\Program Files\Java\jdk-19\bin\jsvml.dll
0x00007ffc15020000 - 0x00007ffc15810000 	C:\WINDOWS\System32\SHELL32.dll
0x00007ffc10d30000 - 0x00007ffc115fe000 	C:\WINDOWS\SYSTEM32\windows.storage.dll
0x00007ffc10bf0000 - 0x00007ffc10d2e000 	C:\WINDOWS\SYSTEM32\wintypes.dll
0x00007ffc14aa0000 - 0x00007ffc14b91000 	C:\WINDOWS\System32\SHCORE.dll
0x00007ffc14360000 - 0x00007ffc143be000 	C:\WINDOWS\System32\shlwapi.dll
0x00007ffc12ca0000 - 0x00007ffc12cc1000 	C:\WINDOWS\SYSTEM32\profapi.dll
0x00007ffbdde10000 - 0x00007ffbdde23000 	C:\Program Files\Java\jdk-19\bin\net.dll
0x00007ffc09000000 - 0x00007ffc0912f000 	C:\WINDOWS\SYSTEM32\WINHTTP.dll
0x00007ffc121f0000 - 0x00007ffc12259000 	C:\WINDOWS\system32\mswsock.dll
0x00007ffbda9e0000 - 0x00007ffbda9f6000 	C:\Program Files\Java\jdk-19\bin\nio.dll
0x00007ffbd99b0000 - 0x00007ffbd99c8000 	C:\Program Files\Java\jdk-19\bin\zip.dll

dbghelp: loaded successfully - version: 4.0.5 - missing functions: none
symbol engine: initialized successfully - sym options: 0x614 - pdb path: .;C:\Program Files\Java\jdk-19\bin;C:\WINDOWS\SYSTEM32;C:\Program Files\Norton Security\NortonData\22.20.5.39\Definitions\IPSDefs\20230321.061;C:\WINDOWS\WinSxS\amd64_microsoft.windows.common-controls_6595b64144ccf1df_6.0.22621.608_none_a9444ca7c10bb01d;C:\Program Files\Java\jdk-19\bin\server

VM Arguments:
jvm_args: --module-path=C:\Program Files\Java\javafx-sdk-19.0.2.1\lib --add-modules=javafx.controls,javafx.fxml --module-path=C:\Program Files\Java\javafx-sdk-19.0.2.1\lib --add-modules=javafx.controls,javafx.fxml -Dfile.encoding=windows-1252 -Duser.country=GB -Duser.language=en -Duser.variant 
java_command: client.Main
java_class_path (initial): C:\Users\allur\oopp-team-11\client\build\classes\java\main;C:\Users\allur\oopp-team-11\client\build\resources\main;C:\Users\allur\oopp-team-11\commons\build\libs\commons-0.0.1-SNAPSHOT.jar;C:\Users\allur\.gradle\caches\modules-2\files-2.1\org.apache.commons\commons-lang3\3.12.0\c6842c86792ff03b9f1d1fe2aab8dc23aa6c6f0e\commons-lang3-3.12.0.jar;C:\Users\allur\.gradle\caches\modules-2\files-2.1\org.openjfx\javafx-fxml\17.0.2\5079f88d5345e988222c90a345ad682b7aaccad3\javafx-fxml-17.0.2-win.jar;C:\Users\allur\.gradle\caches\modules-2\files-2.1\org.openjfx\javafx-fxml\17.0.2\445a173563974cb19549b35a615de4bd8b82be67\javafx-fxml-17.0.2.jar;C:\Users\allur\.gradle\caches\modules-2\files-2.1\org.openjfx\javafx-controls\17.0.2\707f290bacde2738c0a7e1d0b4a8193002c29cf7\javafx-controls-17.0.2-win.jar;C:\Users\allur\.gradle\caches\modules-2\files-2.1\org.openjfx\javafx-controls\17.0.2\f52640ea07a0d7fe2ac8b9f945ec58fa22ac1afd\javafx-controls-17.0.2.jar;C:\Users\allur\.gradle\caches\modules-2\files-2.1\org.openjfx\javafx-graphics\17.0.2\6f95886c8fed3e1b21370a199c3937846ef6b3cc\javafx-graphics-17.0.2-win.jar;C:\Users\allur\.gradle\caches\modules-2\files-2.1\org.openjfx\javafx-graphics\17.0.2\1eb7ce07e07ccc2fcb26103f07535e72069519d6\javafx-graphics-17.0.2.jar;C:\Users\allur\.gradle\caches\modules-2\files-2.1\org.openjfx\javafx-base\17.0.2\1bd6dc88b180a6239a5067320c2f0d7f3526e1d2\javafx-base-17.0.2-win.jar;C:\Users\allur\.gradle\caches\modules-2\files-2.1\org.openjfx\javafx-base\17.0.2\ca46f15a306175ac1513211e1d190a5baacd77cc\javafx-base-17.0.2.jar;C:\Users\allur\.gradle\caches\modules-2\files-2.1\org.glassfish.jersey.core\jersey-client\3.0.3\8fcae2a641d41cf691d523e2e98a5fac9bdc04f2\jersey-client-3.0.3.jar;C:\Users\allur\.gradle\caches\modules-2\files-2.1\org.glassfish.jersey.inject\jersey-hk2\3.0.3\6bb80de69e9c1bc869321aee672a865614132cc0\jersey-hk2-3.0.3.jar;C:\Users\allur\.gradle\caches\modules-2\files-2.1\org.glassfish.jersey.media\jersey-media-json-jackson\3.0.3\94b3f0e2dd02489a290bda82d2dd69371c400dcc\jersey-media-json-jackson-3.0.3.jar;C:\Users\allur\.gradle\caches\modules-2\files-2.1\jakarta.activation\jakarta.activation-api\2.0.1\7622742cb76548abd0c6633fb5c11cb919805ff2\jakarta.activation-api-2.0.1.jar;C:\Users\allur\.gradle\caches\modules-2\files-2.1\com.google.inject\guice\5.0.1\dae7556b441cada2b4f0a2314eb68e1ff423429\guice-5.0.1.jar;C:\Users\allur\.gradle\caches\modules-2\files-2.1\jakarta.persistence\jakarta.persistence-api\2.2.3\8f6ea5daedc614f07a3654a455660145286f024e\jakarta.persistence-api-2.2.3.jar;C:\Users\allur\.gradle\caches\modules-2\files-2.1\org.glassfish.jersey.core\jersey-common\3.0.3\8612cbf9bed2093bc69cd1e02721043ccc38980d\jersey-common-3.0.3.jar;C:\Users\allur\.gradle\caches\modules-2\files-2.1\org.glassfish.jersey.ext\jersey-entity-filtering\3.0.3\d70c234f4d22a67b2c7f3383501ea58c4649551\jersey-entity-filtering-3.0.3.jar;C:\Users\allur\.gradle\caches\modules-2\files-2.1\jakarta.ws.rs\jakarta.ws.rs-api\3.0.0\5eea182d6651a7257bc8c3614507e1540c766fc2\jakarta.ws.rs-api-3.0.0.jar;C:\Users\allur\.gradle\caches\modules-2\files-2.1\org.glassfish.hk2\hk2-locator\3.0.1\a9c4e89c7d01dce59ebfd3afa4758e14d3036135\hk2-locator-3.0.1.jar;C:\Users\allur\.gradle\caches\modules-2\files-2.1\org.glassfish.hk2\hk2-api\3.0.1\4080927db83438aca2bbf45aea1f2df20cb8649a\hk2-api-3.0.1.jar;C:\Users\allur\.gradle\caches\modules-2\files-2.1\org.glassfish.hk2\hk2-utils\3.0.1\91a66d9f92545536589cdf897cad8622ca389266\hk2-utils-3.0.1.jar;C:\Users\allur\.gradle\caches\modules-2\files-2.1\jakarta.inject\jakarta.inject-api\2.0.0\46fc8560b6fd17b78396d88f39c1a730457671f0\jakarta.inject-api-2.0.0.jar;C:\Users\allur\.gradle\caches\modules-2\files-2.1\org.javassist\javassist\3.25.0-GA\442dc1f9fd520130bd18da938622f4f9b2e5fba3\javassist-3.25.0-GA.jar;C:\Users\allur\.gradle\caches\modules-2\files-2.1\com.fasterxml.jackson.core\jackson-core\2.12.2\8df50138521d05561a308ec2799cc8dda20c06df\jackson-core-2.12.2.jar;C:\Users\allur\.gradle\caches\modules-2\files-2.1\com.fasterxml.jackson.module\jackson-module-jaxb-annotations\2.12.2\f226bd0766b4e81493822e8c81eaa6cab27e589f\jackson-module-jaxb-annotations-2.12.2.jar;C:\Users\allur\.gradle\caches\modules-2\files-2.1\com.fasterxml.jackson.core\jackson-databind\2.12.2\5f9d79e09ebf5d54a46e9f4543924cf7ae7654e0\jackson-databind-2.12.2.jar;C:\Users\allur\.gradle\caches\modules-2\files-2.1\com.fasterxml.jackson.core\jackson-annotations\2.12.2\a770cc4c0a1fb0bfd8a150a6a0004e42bc99fca\jackson-annotations-2.12.2.jar;C:\Users\allur\.gradle\caches\modules-2\files-2.1\javax.xml.bind\jaxb-api\2.3.1\8531ad5ac454cc2deb9d4d32c40c4d7451939b5d\jaxb-api-2.3.1.jar;C:\Users\allur\.gradle\caches\modules-2\files-2.1\javax.inject\javax.inject\1\6975da39a7040257bd51d21a231b76c915872d38\javax.inject-1.jar;C:\Users\allur\.gradle\caches\modules-2\files-2.1\aopalliance\aopalliance\1.0\235ba8b489512805ac13a8f9ea77a1ca5ebe3e8\aopalliance-1.0.jar;C:\Users\allur\.gradle\caches\modules-2\files-2.1\com.google.guava\guava\30.1-jre\d0c3ce2311c9e36e73228da25a6e99b2ab826f\guava-30.1-jre.jar;C:\Users\allur\.gradle\caches\modules-2\files-2.1\jakarta.annotation\jakarta.annotation-api\2.0.0\f3cd84cc45f583a0fdc42a8156d6c5b98d625c1a\jakarta.annotation-api-2.0.0.jar;C:\Users\allur\.gradle\caches\modules-2\files-2.1\org.glassfish.hk2\osgi-resource-locator\1.0.3\de3b21279df7e755e38275137539be5e2c80dd58\osgi-resource-locator-1.0.3.jar;C:\Users\allur\.gradle\caches\modules-2\files-2.1\org.glassfish.hk2.external\aopalliance-repackaged\3.0.1\5790cd4154515c8ad5267ea8e7a6cd896692cf1\aopalliance-repackaged-3.0.1.jar;C:\Users\allur\.gradle\caches\modules-2\files-2.1\javax.activation\javax.activation-api\1.2.0\85262acf3ca9816f9537ca47d5adeabaead7cb16\javax.activation-api-1.2.0.jar;C:\Users\allur\.gradle\caches\modules-2\files-2.1\com.google.guava\failureaccess\1.0.1\1dcf1de382a0bf95a3d8b0849546c88bac1292c9\failureaccess-1.0.1.jar;C:\Users\allur\.gradle\caches\modules-2\files-2.1\com.google.guava\listenablefuture\9999.0-empty-to-avoid-conflict-with-guava\b421526c5f297295adef1c886e5246c39d4ac629\listenablefuture-9999.0-empty-to-avoid-conflict-with-guava.jar;C:\Users\allur\.gradle\caches\modules-2\files-2.1\com.google.code.findbugs\jsr305\3.0.2\25ea2e8b0c338a877313bd4672d3fe056ea78f0d\jsr305-3.0.2.jar;C:\Users\allur\.gradle\caches\modules-2\files-2.1\org.checkerframework\checker-qual\3.5.0\2f50520c8abea66fbd8d26e481d3aef5c673b510\checker-qual-3.5.0.jar;C:\Users\allur\.gradle\caches\modules-2\files-2.1\com.google.errorprone\error_prone_annotations\2.3.4\dac170e4594de319655ffb62f41cbd6dbb5e601e\error_prone_annotations-2.3.4.jar;C:\Users\allur\.gradle\caches\modules-2\files-2.1\com.google.j2objc\j2objc-annotations\1.3\ba035118bc8bac37d7eff77700720999acd9986d\j2objc-annotations-1.3.jar
Launcher Type: SUN_STANDARD

[Global flags]
     intx CICompilerCount                          = 4                                         {product} {ergonomic}
     uint ConcGCThreads                            = 2                                         {product} {ergonomic}
     uint G1ConcRefinementThreads                  = 8                                         {product} {ergonomic}
   size_t G1HeapRegionSize                         = 1048576                                   {product} {ergonomic}
    uintx GCDrainStackTargetSize                   = 64                                        {product} {ergonomic}
   size_t InitialHeapSize                          = 132120576                                 {product} {ergonomic}
   size_t MarkStackSize                            = 4194304                                   {product} {ergonomic}
   size_t MaxHeapSize                              = 2101346304                                {product} {ergonomic}
   size_t MaxNewSize                               = 1260388352                                {product} {ergonomic}
   size_t MinHeapDeltaBytes                        = 1048576                                   {product} {ergonomic}
   size_t MinHeapSize                              = 8388608                                   {product} {ergonomic}
    uintx NonNMethodCodeHeapSize                   = 5839372                                {pd product} {ergonomic}
    uintx NonProfiledCodeHeapSize                  = 122909434                              {pd product} {ergonomic}
    uintx ProfiledCodeHeapSize                     = 122909434                              {pd product} {ergonomic}
    uintx ReservedCodeCacheSize                    = 251658240                              {pd product} {ergonomic}
     bool SegmentedCodeCache                       = true                                      {product} {ergonomic}
   size_t SoftMaxHeapSize                          = 2101346304                             {manageable} {ergonomic}
     bool UseCompressedClassPointers               = true                           {product lp64_product} {ergonomic}
     bool UseCompressedOops                        = true                           {product lp64_product} {ergonomic}
     bool UseG1GC                                  = true                                      {product} {ergonomic}
     bool UseLargePagesIndividualAllocation        = false                                  {pd product} {ergonomic}

Logging:
Log output configuration:
 #0: stdout all=warning uptime,level,tags foldmultilines=false
 #1: stderr all=off uptime,level,tags foldmultilines=false

Environment Variables:
JAVA_HOME=C:\Program Files\Java\jdk-19
PATH=C:\Program Files\Common Files\Oracle\Java\javapath;C:\Program Files (x86)\Common Files\Oracle\Java\javapath;C:\Program Files (x86)\EasyPHP-DevServer-14.1VC11\binaries\php\php_runningversion;C:\WINDOWS\system32;C:\WINDOWS;C:\WINDOWS\System32\Wbem;C:\WINDOWS\System32\WindowsPowerShell\v1.0\;C:\WINDOWS\System32\OpenSSH\;C:\Program Files\Microchip\xc32\v4.00\bin;C:\Program Files\nodejs\;C:\Program Files\nodejs;C:\Program Files\Git\cmd;C:\Program Files\Java\jdk-19\bin;C:\Users\allur\oopp-team-11;C:\Users\allur\AppData\Local\Microsoft\WindowsApps;C:\Users\allur\AppData\Roaming\npm;C:\Users\allur\AppData\Local\Programs\Microsoft VS Code\bin;C:\Program Files\nodejs;C:\Users\allur\AppData\Local\Programs\mongosh\;%GRADLE_HOME%\bin;C:\Users\allur\AppData\Local\gitkraken\bin
USERNAME=allur
OS=Windows_NT
PROCESSOR_IDENTIFIER=Intel64 Family 6 Model 142 Stepping 12, GenuineIntel
TMP=C:\Users\allur\AppData\Local\Temp
TEMP=C:\Users\allur\AppData\Local\Temp



---------------  S Y S T E M  ---------------

OS:
 Windows 11 , 64 bit Build 22621 (10.0.22621.1344)
OS uptime: 5 days 2:35 hours
Hyper-V role detected

CPU: total 8 (initial active 8) (4 cores per cpu, 2 threads per core) family 6 model 142 stepping 12 microcode 0xde, cx8, cmov, fxsr, ht, mmx, 3dnowpref, sse, sse2, sse3, ssse3, sse4.1, sse4.2, popcnt, lzcnt, tsc, tscinvbit, avx, avx2, aes, erms, clmul, bmi1, bmi2, adx, fma, vzeroupper, clflush, clflushopt, hv, rdtscp

Memory: 4k page, system-wide physical 8011M (441M free)
TotalPageFile size 32587M (AvailPageFile size 0M)
current process WorkingSet (physical memory assigned to process): 49M, peak: 49M
current process commit charge ("private bytes"): 216M, peak: 216M

vm_info: Java HotSpot(TM) 64-Bit Server VM (19+36-2238) for windows-amd64 JRE (19+36-2238), built on 2022-08-12T20:29:01Z by "mach5one" with MS VC++ 17.1 (VS2022)

END.
