#
# There is insufficient memory for the Java Runtime Environment to continue.
# Native memory allocation (malloc) failed to allocate 218608 bytes for Chunk::new
# Possible reasons:
#   The system is out of physical RAM or swap space
#   The process is running with CompressedOops enabled, and the Java Heap may be blocking the growth of the native heap
# Possible solutions:
#   Reduce memory load on the system
#   Increase physical memory or swap space
#   Check if swap backing store is full
#   Decrease Java heap size (-Xmx/-Xms)
#   Decrease number of Java threads
#   Decrease Java thread stack sizes (-Xss)
#   Set larger code cache with -XX:ReservedCodeCacheSize=
#   JVM is running with Unscaled Compressed Oops mode in which the Java heap is
#     placed in the first 4GB address space. The Java Heap base address is the
#     maximum limit for the native heap growth. Please use -XX:HeapBaseMinAddress
#     to set the Java Heap base and to place the Java Heap above 4GB virtual address.
# This output file may be truncated or incomplete.
#
#  Out of Memory Error (arena.cpp:184), pid=18140, tid=31208
#
# JRE version: Java(TM) SE Runtime Environment (19.0+36) (build 19+36-2238)
# Java VM: Java HotSpot(TM) 64-Bit Server VM (19+36-2238, mixed mode, sharing, tiered, compressed oops, compressed class ptrs, g1 gc, windows-amd64)
# No core dump will be written. Minidumps are not enabled by default on client versions of Windows
#

---------------  S U M M A R Y ------------

Command Line: --module-path=C:\Program Files\Java\javafx-sdk-19.0.2.1\lib --add-modules=javafx.controls,javafx.fxml --module-path=C:\Program Files\Java\javafx-sdk-19.0.2.1\lib --add-modules=javafx.controls,javafx.fxml -Dfile.encoding=windows-1252 -Duser.country=GB -Duser.language=en -Duser.variant client.Main

Host: Intel(R) Core(TM) i5-10210U CPU @ 1.60GHz, 8 cores, 7G,  Windows 11 , 64 bit Build 22621 (10.0.22621.1344)
Time: Wed Mar 22 23:02:41 2023 GTB Standard Time elapsed time: 0.483117 seconds (0d 0h 0m 0s)

---------------  T H R E A D  ---------------

Current thread (0x00000182c8f39460):  JavaThread "C2 CompilerThread0" daemon [_thread_in_native, id=31208, stack(0x00000065fca00000,0x00000065fcb00000)]


Current CompileTask:
C2:    483  342       4       java.util.HashMap::putVal (300 bytes)

Stack: [0x00000065fca00000,0x00000065fcb00000]
Native frames: (J=compiled Java code, j=interpreted, Vv=VM code, C=native code)
V  [jvm.dll+0x6ee8fa]
V  [jvm.dll+0x857a1e]
V  [jvm.dll+0x85940e]
V  [jvm.dll+0x859ac3]
V  [jvm.dll+0x28291f]
V  [jvm.dll+0xc9b5f]
V  [jvm.dll+0xc9ee5]
V  [jvm.dll+0x3bcbac]
V  [jvm.dll+0x386201]
V  [jvm.dll+0x38567a]
V  [jvm.dll+0x24c2c9]
V  [jvm.dll+0x24b671]
V  [jvm.dll+0x1d6d61]
V  [jvm.dll+0x25b0fa]
V  [jvm.dll+0x259588]
V  [jvm.dll+0x807928]
V  [jvm.dll+0x8015fa]
V  [jvm.dll+0x6ed5eb]
C  [ucrtbase.dll+0x29363]
C  [KERNEL32.DLL+0x126bd]
C  [ntdll.dll+0x5a9f8]


---------------  P R O C E S S  ---------------

Threads class SMR info:
_java_thread_list=0x00000182cd8c3700, length=13, elements={
0x00000182aaa32680, 0x00000182c8f2f0f0, 0x00000182c8f2fb20, 0x00000182c8f32d50,
0x00000182c8f36a70, 0x00000182c8f377c0, 0x00000182c8f38660, 0x00000182c8f39460,
0x00000182c8f3e850, 0x00000182c8f4c5e0, 0x00000182cd4fddc0, 0x00000182cd5e43a0,
0x00000182cd657140
}

Java Threads: ( => current thread )
  0x00000182aaa32680 JavaThread "main" [_thread_in_vm, id=25748, stack(0x00000065fbd00000,0x00000065fbe00000)]
  0x00000182c8f2f0f0 JavaThread "Reference Handler" daemon [_thread_blocked, id=19520, stack(0x00000065fc400000,0x00000065fc500000)]
  0x00000182c8f2fb20 JavaThread "Finalizer" daemon [_thread_blocked, id=22476, stack(0x00000065fc500000,0x00000065fc600000)]
  0x00000182c8f32d50 JavaThread "Signal Dispatcher" daemon [_thread_blocked, id=23888, stack(0x00000065fc600000,0x00000065fc700000)]
  0x00000182c8f36a70 JavaThread "Attach Listener" daemon [_thread_blocked, id=31808, stack(0x00000065fc700000,0x00000065fc800000)]
  0x00000182c8f377c0 JavaThread "Service Thread" daemon [_thread_blocked, id=35948, stack(0x00000065fc800000,0x00000065fc900000)]
  0x00000182c8f38660 JavaThread "Monitor Deflation Thread" daemon [_thread_blocked, id=14436, stack(0x00000065fc900000,0x00000065fca00000)]
=>0x00000182c8f39460 JavaThread "C2 CompilerThread0" daemon [_thread_in_native, id=31208, stack(0x00000065fca00000,0x00000065fcb00000)]
  0x00000182c8f3e850 JavaThread "C1 CompilerThread0" daemon [_thread_blocked, id=24852, stack(0x00000065fcb00000,0x00000065fcc00000)]
  0x00000182c8f4c5e0 JavaThread "Sweeper thread" daemon [_thread_blocked, id=19964, stack(0x00000065fcc00000,0x00000065fcd00000)]
  0x00000182cd4fddc0 JavaThread "Common-Cleaner" daemon [_thread_blocked, id=27552, stack(0x00000065fcd00000,0x00000065fce00000)]
  0x00000182cd5e43a0 JavaThread "C2 CompilerThread1" daemon [_thread_in_native, id=20272, stack(0x00000065fce00000,0x00000065fcf00000)]
  0x00000182cd657140 JavaThread "Notification Thread" daemon [_thread_blocked, id=31104, stack(0x00000065fcf00000,0x00000065fd000000)]

Other Threads:
  0x00000182c8f198e0 VMThread "VM Thread" [stack: 0x00000065fc300000,0x00000065fc400000] [id=22292]
  0x00000182cd50a490 WatcherThread "VM Periodic Task Thread" [stack: 0x00000065fd000000,0x00000065fd100000] [id=24320]
  0x00000182aaa92370 WorkerThread "GC Thread#0" [stack: 0x00000065fbe00000,0x00000065fbf00000] [id=12088]
  0x00000182aaaa2d50 ConcurrentGCThread "G1 Main Marker" [stack: 0x00000065fbf00000,0x00000065fc000000] [id=35516]
  0x00000182aaaa3bd0 WorkerThread "G1 Conc#0" [stack: 0x00000065fc000000,0x00000065fc100000] [id=26224]
  0x00000182c8dce850 ConcurrentGCThread "G1 Refine#0" [stack: 0x00000065fc100000,0x00000065fc200000] [id=28324]
  0x00000182c8dcf390 ConcurrentGCThread "G1 Service" [stack: 0x00000065fc200000,0x00000065fc300000] [id=36828]

Threads with active compile tasks:
C2 CompilerThread0      524  342       4       java.util.HashMap::putVal (300 bytes)
C2 CompilerThread1      524  322       4       java.util.stream.ReferencePipeline$3$1::accept (23 bytes)

VM state: not at safepoint (normal execution)

VM Mutex/Monitor currently owned by a thread:  ([mutex/lock_event])
[0x00000182aaa2c8a0] Metaspace_lock - owner thread: 0x00000182aaa32680

Heap address: 0x0000000082c00000, size: 2004 MB, Compressed Oops mode: 32-bit

CDS archive(s) mapped at: [0x0000000800000000-0x0000000800c40000-0x0000000800c40000), size 12845056, SharedBaseAddress: 0x0000000800000000, ArchiveRelocationMode: 0.
Compressed class space mapped at: 0x0000000801000000-0x0000000841000000, reserved size: 1073741824
Narrow klass base: 0x0000000800000000, Narrow klass shift: 0, Narrow klass range: 0x100000000

GC Precious Log:
 CardTable entry size: 512
 Card Set container configuration: InlinePtr #cards 5 size 8 Array Of Cards #cards 12 size 40 Howl #buckets 4 coarsen threshold 1843 Howl Bitmap #cards 512 size 80 coarsen threshold 460 Card regions per heap region 1 cards per card region 2048
 CPUs: 8 total, 8 available
 Memory: 8011M
 Large Page Support: Disabled
 NUMA Support: Disabled
 Compressed Oops: Enabled (32-bit)
 Heap Region Size: 1M
 Heap Min Capacity: 8M
 Heap Initial Capacity: 126M
 Heap Max Capacity: 2004M
 Pre-touch: Disabled
 Parallel Workers: 8
 Concurrent Workers: 2
 Concurrent Refinement Workers: 8
 Periodic GC: Disabled

Heap:
 garbage-first heap   total 129024K, used 6144K [0x0000000082c00000, 0x0000000100000000)
  region size 1024K, 8 young (8192K), 0 survivors (0K)
 Metaspace       used 642K, committed 768K, reserved 1114112K
  class space    used 43K, committed 128K, reserved 1048576K

Heap Regions: E=young(eden), S=young(survivor), O=old, HS=humongous(starts), HC=humongous(continues), CS=collection set, F=free, OA=open archive, CA=closed archive, TAMS=top-at-mark-start (previous, next)
|   0|0x0000000082c00000, 0x0000000082c00000, 0x0000000082d00000|  0%| F|  |TAMS 0x0000000082c00000, 0x0000000082c00000| Untracked 
|   1|0x0000000082d00000, 0x0000000082d00000, 0x0000000082e00000|  0%| F|  |TAMS 0x0000000082d00000, 0x0000000082d00000| Untracked 
|   2|0x0000000082e00000, 0x0000000082e00000, 0x0000000082f00000|  0%| F|  |TAMS 0x0000000082e00000, 0x0000000082e00000| Untracked 
|   3|0x0000000082f00000, 0x0000000082f00000, 0x0000000083000000|  0%| F|  |TAMS 0x0000000082f00000, 0x0000000082f00000| Untracked 
|   4|0x0000000083000000, 0x0000000083000000, 0x0000000083100000|  0%| F|  |TAMS 0x0000000083000000, 0x0000000083000000| Untracked 
|   5|0x0000000083100000, 0x0000000083100000, 0x0000000083200000|  0%| F|  |TAMS 0x0000000083100000, 0x0000000083100000| Untracked 
|   6|0x0000000083200000, 0x0000000083200000, 0x0000000083300000|  0%| F|  |TAMS 0x0000000083200000, 0x0000000083200000| Untracked 
|   7|0x0000000083300000, 0x0000000083300000, 0x0000000083400000|  0%| F|  |TAMS 0x0000000083300000, 0x0000000083300000| Untracked 
|   8|0x0000000083400000, 0x0000000083400000, 0x0000000083500000|  0%| F|  |TAMS 0x0000000083400000, 0x0000000083400000| Untracked 
|   9|0x0000000083500000, 0x0000000083500000, 0x0000000083600000|  0%| F|  |TAMS 0x0000000083500000, 0x0000000083500000| Untracked 
|  10|0x0000000083600000, 0x0000000083600000, 0x0000000083700000|  0%| F|  |TAMS 0x0000000083600000, 0x0000000083600000| Untracked 
|  11|0x0000000083700000, 0x0000000083700000, 0x0000000083800000|  0%| F|  |TAMS 0x0000000083700000, 0x0000000083700000| Untracked 
|  12|0x0000000083800000, 0x0000000083800000, 0x0000000083900000|  0%| F|  |TAMS 0x0000000083800000, 0x0000000083800000| Untracked 
|  13|0x0000000083900000, 0x0000000083900000, 0x0000000083a00000|  0%| F|  |TAMS 0x0000000083900000, 0x0000000083900000| Untracked 
|  14|0x0000000083a00000, 0x0000000083a00000, 0x0000000083b00000|  0%| F|  |TAMS 0x0000000083a00000, 0x0000000083a00000| Untracked 
|  15|0x0000000083b00000, 0x0000000083b00000, 0x0000000083c00000|  0%| F|  |TAMS 0x0000000083b00000, 0x0000000083b00000| Untracked 
|  16|0x0000000083c00000, 0x0000000083c00000, 0x0000000083d00000|  0%| F|  |TAMS 0x0000000083c00000, 0x0000000083c00000| Untracked 
|  17|0x0000000083d00000, 0x0000000083d00000, 0x0000000083e00000|  0%| F|  |TAMS 0x0000000083d00000, 0x0000000083d00000| Untracked 
|  18|0x0000000083e00000, 0x0000000083e00000, 0x0000000083f00000|  0%| F|  |TAMS 0x0000000083e00000, 0x0000000083e00000| Untracked 
|  19|0x0000000083f00000, 0x0000000083f00000, 0x0000000084000000|  0%| F|  |TAMS 0x0000000083f00000, 0x0000000083f00000| Untracked 
|  20|0x0000000084000000, 0x0000000084000000, 0x0000000084100000|  0%| F|  |TAMS 0x0000000084000000, 0x0000000084000000| Untracked 
|  21|0x0000000084100000, 0x0000000084100000, 0x0000000084200000|  0%| F|  |TAMS 0x0000000084100000, 0x0000000084100000| Untracked 
|  22|0x0000000084200000, 0x0000000084200000, 0x0000000084300000|  0%| F|  |TAMS 0x0000000084200000, 0x0000000084200000| Untracked 
|  23|0x0000000084300000, 0x0000000084300000, 0x0000000084400000|  0%| F|  |TAMS 0x0000000084300000, 0x0000000084300000| Untracked 
|  24|0x0000000084400000, 0x0000000084400000, 0x0000000084500000|  0%| F|  |TAMS 0x0000000084400000, 0x0000000084400000| Untracked 
|  25|0x0000000084500000, 0x0000000084500000, 0x0000000084600000|  0%| F|  |TAMS 0x0000000084500000, 0x0000000084500000| Untracked 
|  26|0x0000000084600000, 0x0000000084600000, 0x0000000084700000|  0%| F|  |TAMS 0x0000000084600000, 0x0000000084600000| Untracked 
|  27|0x0000000084700000, 0x0000000084700000, 0x0000000084800000|  0%| F|  |TAMS 0x0000000084700000, 0x0000000084700000| Untracked 
|  28|0x0000000084800000, 0x0000000084800000, 0x0000000084900000|  0%| F|  |TAMS 0x0000000084800000, 0x0000000084800000| Untracked 
|  29|0x0000000084900000, 0x0000000084900000, 0x0000000084a00000|  0%| F|  |TAMS 0x0000000084900000, 0x0000000084900000| Untracked 
|  30|0x0000000084a00000, 0x0000000084a00000, 0x0000000084b00000|  0%| F|  |TAMS 0x0000000084a00000, 0x0000000084a00000| Untracked 
|  31|0x0000000084b00000, 0x0000000084b00000, 0x0000000084c00000|  0%| F|  |TAMS 0x0000000084b00000, 0x0000000084b00000| Untracked 
|  32|0x0000000084c00000, 0x0000000084c00000, 0x0000000084d00000|  0%| F|  |TAMS 0x0000000084c00000, 0x0000000084c00000| Untracked 
|  33|0x0000000084d00000, 0x0000000084d00000, 0x0000000084e00000|  0%| F|  |TAMS 0x0000000084d00000, 0x0000000084d00000| Untracked 
|  34|0x0000000084e00000, 0x0000000084e00000, 0x0000000084f00000|  0%| F|  |TAMS 0x0000000084e00000, 0x0000000084e00000| Untracked 
|  35|0x0000000084f00000, 0x0000000084f00000, 0x0000000085000000|  0%| F|  |TAMS 0x0000000084f00000, 0x0000000084f00000| Untracked 
|  36|0x0000000085000000, 0x0000000085000000, 0x0000000085100000|  0%| F|  |TAMS 0x0000000085000000, 0x0000000085000000| Untracked 
|  37|0x0000000085100000, 0x0000000085100000, 0x0000000085200000|  0%| F|  |TAMS 0x0000000085100000, 0x0000000085100000| Untracked 
|  38|0x0000000085200000, 0x0000000085200000, 0x0000000085300000|  0%| F|  |TAMS 0x0000000085200000, 0x0000000085200000| Untracked 
|  39|0x0000000085300000, 0x0000000085300000, 0x0000000085400000|  0%| F|  |TAMS 0x0000000085300000, 0x0000000085300000| Untracked 
|  40|0x0000000085400000, 0x0000000085400000, 0x0000000085500000|  0%| F|  |TAMS 0x0000000085400000, 0x0000000085400000| Untracked 
|  41|0x0000000085500000, 0x0000000085500000, 0x0000000085600000|  0%| F|  |TAMS 0x0000000085500000, 0x0000000085500000| Untracked 
|  42|0x0000000085600000, 0x0000000085600000, 0x0000000085700000|  0%| F|  |TAMS 0x0000000085600000, 0x0000000085600000| Untracked 
|  43|0x0000000085700000, 0x0000000085700000, 0x0000000085800000|  0%| F|  |TAMS 0x0000000085700000, 0x0000000085700000| Untracked 
|  44|0x0000000085800000, 0x0000000085800000, 0x0000000085900000|  0%| F|  |TAMS 0x0000000085800000, 0x0000000085800000| Untracked 
|  45|0x0000000085900000, 0x0000000085900000, 0x0000000085a00000|  0%| F|  |TAMS 0x0000000085900000, 0x0000000085900000| Untracked 
|  46|0x0000000085a00000, 0x0000000085a00000, 0x0000000085b00000|  0%| F|  |TAMS 0x0000000085a00000, 0x0000000085a00000| Untracked 
|  47|0x0000000085b00000, 0x0000000085b00000, 0x0000000085c00000|  0%| F|  |TAMS 0x0000000085b00000, 0x0000000085b00000| Untracked 
|  48|0x0000000085c00000, 0x0000000085c00000, 0x0000000085d00000|  0%| F|  |TAMS 0x0000000085c00000, 0x0000000085c00000| Untracked 
|  49|0x0000000085d00000, 0x0000000085d00000, 0x0000000085e00000|  0%| F|  |TAMS 0x0000000085d00000, 0x0000000085d00000| Untracked 
|  50|0x0000000085e00000, 0x0000000085e00000, 0x0000000085f00000|  0%| F|  |TAMS 0x0000000085e00000, 0x0000000085e00000| Untracked 
|  51|0x0000000085f00000, 0x0000000085f00000, 0x0000000086000000|  0%| F|  |TAMS 0x0000000085f00000, 0x0000000085f00000| Untracked 
|  52|0x0000000086000000, 0x0000000086000000, 0x0000000086100000|  0%| F|  |TAMS 0x0000000086000000, 0x0000000086000000| Untracked 
|  53|0x0000000086100000, 0x0000000086100000, 0x0000000086200000|  0%| F|  |TAMS 0x0000000086100000, 0x0000000086100000| Untracked 
|  54|0x0000000086200000, 0x0000000086200000, 0x0000000086300000|  0%| F|  |TAMS 0x0000000086200000, 0x0000000086200000| Untracked 
|  55|0x0000000086300000, 0x0000000086300000, 0x0000000086400000|  0%| F|  |TAMS 0x0000000086300000, 0x0000000086300000| Untracked 
|  56|0x0000000086400000, 0x0000000086400000, 0x0000000086500000|  0%| F|  |TAMS 0x0000000086400000, 0x0000000086400000| Untracked 
|  57|0x0000000086500000, 0x0000000086500000, 0x0000000086600000|  0%| F|  |TAMS 0x0000000086500000, 0x0000000086500000| Untracked 
|  58|0x0000000086600000, 0x0000000086600000, 0x0000000086700000|  0%| F|  |TAMS 0x0000000086600000, 0x0000000086600000| Untracked 
|  59|0x0000000086700000, 0x0000000086700000, 0x0000000086800000|  0%| F|  |TAMS 0x0000000086700000, 0x0000000086700000| Untracked 
|  60|0x0000000086800000, 0x0000000086800000, 0x0000000086900000|  0%| F|  |TAMS 0x0000000086800000, 0x0000000086800000| Untracked 
|  61|0x0000000086900000, 0x0000000086900000, 0x0000000086a00000|  0%| F|  |TAMS 0x0000000086900000, 0x0000000086900000| Untracked 
|  62|0x0000000086a00000, 0x0000000086a00000, 0x0000000086b00000|  0%| F|  |TAMS 0x0000000086a00000, 0x0000000086a00000| Untracked 
|  63|0x0000000086b00000, 0x0000000086b00000, 0x0000000086c00000|  0%| F|  |TAMS 0x0000000086b00000, 0x0000000086b00000| Untracked 
|  64|0x0000000086c00000, 0x0000000086c00000, 0x0000000086d00000|  0%| F|  |TAMS 0x0000000086c00000, 0x0000000086c00000| Untracked 
|  65|0x0000000086d00000, 0x0000000086d00000, 0x0000000086e00000|  0%| F|  |TAMS 0x0000000086d00000, 0x0000000086d00000| Untracked 
|  66|0x0000000086e00000, 0x0000000086e00000, 0x0000000086f00000|  0%| F|  |TAMS 0x0000000086e00000, 0x0000000086e00000| Untracked 
|  67|0x0000000086f00000, 0x0000000086f00000, 0x0000000087000000|  0%| F|  |TAMS 0x0000000086f00000, 0x0000000086f00000| Untracked 
|  68|0x0000000087000000, 0x0000000087000000, 0x0000000087100000|  0%| F|  |TAMS 0x0000000087000000, 0x0000000087000000| Untracked 
|  69|0x0000000087100000, 0x0000000087100000, 0x0000000087200000|  0%| F|  |TAMS 0x0000000087100000, 0x0000000087100000| Untracked 
|  70|0x0000000087200000, 0x0000000087200000, 0x0000000087300000|  0%| F|  |TAMS 0x0000000087200000, 0x0000000087200000| Untracked 
|  71|0x0000000087300000, 0x0000000087300000, 0x0000000087400000|  0%| F|  |TAMS 0x0000000087300000, 0x0000000087300000| Untracked 
|  72|0x0000000087400000, 0x0000000087400000, 0x0000000087500000|  0%| F|  |TAMS 0x0000000087400000, 0x0000000087400000| Untracked 
|  73|0x0000000087500000, 0x0000000087500000, 0x0000000087600000|  0%| F|  |TAMS 0x0000000087500000, 0x0000000087500000| Untracked 
|  74|0x0000000087600000, 0x0000000087600000, 0x0000000087700000|  0%| F|  |TAMS 0x0000000087600000, 0x0000000087600000| Untracked 
|  75|0x0000000087700000, 0x0000000087700000, 0x0000000087800000|  0%| F|  |TAMS 0x0000000087700000, 0x0000000087700000| Untracked 
|  76|0x0000000087800000, 0x0000000087800000, 0x0000000087900000|  0%| F|  |TAMS 0x0000000087800000, 0x0000000087800000| Untracked 
|  77|0x0000000087900000, 0x0000000087900000, 0x0000000087a00000|  0%| F|  |TAMS 0x0000000087900000, 0x0000000087900000| Untracked 
|  78|0x0000000087a00000, 0x0000000087a00000, 0x0000000087b00000|  0%| F|  |TAMS 0x0000000087a00000, 0x0000000087a00000| Untracked 
|  79|0x0000000087b00000, 0x0000000087b00000, 0x0000000087c00000|  0%| F|  |TAMS 0x0000000087b00000, 0x0000000087b00000| Untracked 
|  80|0x0000000087c00000, 0x0000000087c00000, 0x0000000087d00000|  0%| F|  |TAMS 0x0000000087c00000, 0x0000000087c00000| Untracked 
|  81|0x0000000087d00000, 0x0000000087d00000, 0x0000000087e00000|  0%| F|  |TAMS 0x0000000087d00000, 0x0000000087d00000| Untracked 
|  82|0x0000000087e00000, 0x0000000087e00000, 0x0000000087f00000|  0%| F|  |TAMS 0x0000000087e00000, 0x0000000087e00000| Untracked 
|  83|0x0000000087f00000, 0x0000000087f00000, 0x0000000088000000|  0%| F|  |TAMS 0x0000000087f00000, 0x0000000087f00000| Untracked 
|  84|0x0000000088000000, 0x0000000088000000, 0x0000000088100000|  0%| F|  |TAMS 0x0000000088000000, 0x0000000088000000| Untracked 
|  85|0x0000000088100000, 0x0000000088100000, 0x0000000088200000|  0%| F|  |TAMS 0x0000000088100000, 0x0000000088100000| Untracked 
|  86|0x0000000088200000, 0x0000000088200000, 0x0000000088300000|  0%| F|  |TAMS 0x0000000088200000, 0x0000000088200000| Untracked 
|  87|0x0000000088300000, 0x0000000088300000, 0x0000000088400000|  0%| F|  |TAMS 0x0000000088300000, 0x0000000088300000| Untracked 
|  88|0x0000000088400000, 0x0000000088400000, 0x0000000088500000|  0%| F|  |TAMS 0x0000000088400000, 0x0000000088400000| Untracked 
|  89|0x0000000088500000, 0x0000000088500000, 0x0000000088600000|  0%| F|  |TAMS 0x0000000088500000, 0x0000000088500000| Untracked 
|  90|0x0000000088600000, 0x0000000088600000, 0x0000000088700000|  0%| F|  |TAMS 0x0000000088600000, 0x0000000088600000| Untracked 
|  91|0x0000000088700000, 0x0000000088700000, 0x0000000088800000|  0%| F|  |TAMS 0x0000000088700000, 0x0000000088700000| Untracked 
|  92|0x0000000088800000, 0x0000000088800000, 0x0000000088900000|  0%| F|  |TAMS 0x0000000088800000, 0x0000000088800000| Untracked 
|  93|0x0000000088900000, 0x0000000088900000, 0x0000000088a00000|  0%| F|  |TAMS 0x0000000088900000, 0x0000000088900000| Untracked 
|  94|0x0000000088a00000, 0x0000000088a00000, 0x0000000088b00000|  0%| F|  |TAMS 0x0000000088a00000, 0x0000000088a00000| Untracked 
|  95|0x0000000088b00000, 0x0000000088b00000, 0x0000000088c00000|  0%| F|  |TAMS 0x0000000088b00000, 0x0000000088b00000| Untracked 
|  96|0x0000000088c00000, 0x0000000088c00000, 0x0000000088d00000|  0%| F|  |TAMS 0x0000000088c00000, 0x0000000088c00000| Untracked 
|  97|0x0000000088d00000, 0x0000000088d00000, 0x0000000088e00000|  0%| F|  |TAMS 0x0000000088d00000, 0x0000000088d00000| Untracked 
|  98|0x0000000088e00000, 0x0000000088e00000, 0x0000000088f00000|  0%| F|  |TAMS 0x0000000088e00000, 0x0000000088e00000| Untracked 
|  99|0x0000000088f00000, 0x0000000088f00000, 0x0000000089000000|  0%| F|  |TAMS 0x0000000088f00000, 0x0000000088f00000| Untracked 
| 100|0x0000000089000000, 0x0000000089000000, 0x0000000089100000|  0%| F|  |TAMS 0x0000000089000000, 0x0000000089000000| Untracked 
| 101|0x0000000089100000, 0x0000000089100000, 0x0000000089200000|  0%| F|  |TAMS 0x0000000089100000, 0x0000000089100000| Untracked 
| 102|0x0000000089200000, 0x0000000089200000, 0x0000000089300000|  0%| F|  |TAMS 0x0000000089200000, 0x0000000089200000| Untracked 
| 103|0x0000000089300000, 0x0000000089300000, 0x0000000089400000|  0%| F|  |TAMS 0x0000000089300000, 0x0000000089300000| Untracked 
| 104|0x0000000089400000, 0x0000000089400000, 0x0000000089500000|  0%| F|  |TAMS 0x0000000089400000, 0x0000000089400000| Untracked 
| 105|0x0000000089500000, 0x0000000089500000, 0x0000000089600000|  0%| F|  |TAMS 0x0000000089500000, 0x0000000089500000| Untracked 
| 106|0x0000000089600000, 0x0000000089600000, 0x0000000089700000|  0%| F|  |TAMS 0x0000000089600000, 0x0000000089600000| Untracked 
| 107|0x0000000089700000, 0x0000000089700000, 0x0000000089800000|  0%| F|  |TAMS 0x0000000089700000, 0x0000000089700000| Untracked 
| 108|0x0000000089800000, 0x0000000089800000, 0x0000000089900000|  0%| F|  |TAMS 0x0000000089800000, 0x0000000089800000| Untracked 
| 109|0x0000000089900000, 0x0000000089900000, 0x0000000089a00000|  0%| F|  |TAMS 0x0000000089900000, 0x0000000089900000| Untracked 
| 110|0x0000000089a00000, 0x0000000089a00000, 0x0000000089b00000|  0%| F|  |TAMS 0x0000000089a00000, 0x0000000089a00000| Untracked 
| 111|0x0000000089b00000, 0x0000000089b00000, 0x0000000089c00000|  0%| F|  |TAMS 0x0000000089b00000, 0x0000000089b00000| Untracked 
| 112|0x0000000089c00000, 0x0000000089c00000, 0x0000000089d00000|  0%| F|  |TAMS 0x0000000089c00000, 0x0000000089c00000| Untracked 
| 113|0x0000000089d00000, 0x0000000089d00000, 0x0000000089e00000|  0%| F|  |TAMS 0x0000000089d00000, 0x0000000089d00000| Untracked 
| 114|0x0000000089e00000, 0x0000000089e00000, 0x0000000089f00000|  0%| F|  |TAMS 0x0000000089e00000, 0x0000000089e00000| Untracked 
| 115|0x0000000089f00000, 0x0000000089f00000, 0x000000008a000000|  0%| F|  |TAMS 0x0000000089f00000, 0x0000000089f00000| Untracked 
| 116|0x000000008a000000, 0x000000008a000000, 0x000000008a100000|  0%| F|  |TAMS 0x000000008a000000, 0x000000008a000000| Untracked 
| 117|0x000000008a100000, 0x000000008a100000, 0x000000008a200000|  0%| F|  |TAMS 0x000000008a100000, 0x000000008a100000| Untracked 
| 118|0x000000008a200000, 0x000000008a300000, 0x000000008a300000|100%| E|  |TAMS 0x000000008a200000, 0x000000008a200000| Complete 
| 119|0x000000008a300000, 0x000000008a400000, 0x000000008a400000|100%| E|CS|TAMS 0x000000008a300000, 0x000000008a300000| Complete 
| 120|0x000000008a400000, 0x000000008a500000, 0x000000008a500000|100%| E|CS|TAMS 0x000000008a400000, 0x000000008a400000| Complete 
| 121|0x000000008a500000, 0x000000008a600000, 0x000000008a600000|100%| E|CS|TAMS 0x000000008a500000, 0x000000008a500000| Complete 
| 122|0x000000008a600000, 0x000000008a700000, 0x000000008a700000|100%| E|  |TAMS 0x000000008a600000, 0x000000008a600000| Complete 
| 123|0x000000008a700000, 0x000000008a800000, 0x000000008a800000|100%| E|CS|TAMS 0x000000008a700000, 0x000000008a700000| Complete 
| 124|0x000000008a800000, 0x000000008a900000, 0x000000008a900000|100%| E|CS|TAMS 0x000000008a800000, 0x000000008a800000| Complete 
| 125|0x000000008a900000, 0x000000008aa00000, 0x000000008aa00000|100%| E|CS|TAMS 0x000000008a900000, 0x000000008a900000| Complete 

Card table byte_map: [0x00000182c2070000,0x00000182c2460000] _byte_map_base: 0x00000182c1c5a000

Marking Bits (Prev, Next): (CMBitMap*) 0x00000182aaa929a0, (CMBitMap*) 0x00000182aaa929e0
 Prev Bits: [0x00000182c2850000, 0x00000182c47a0000)
 Next Bits: [0x00000182c47a0000, 0x00000182c66f0000)

Polling page: 0x00000182a8a00000

Metaspace:

Usage:
  Non-class:    598.49 KB used.
      Class:     43.99 KB used.
       Both:    642.48 KB used.

Virtual space:
  Non-class space:       64.00 MB reserved,     640.00 KB ( <1%) committed,  1 nodes.
      Class space:        1.00 GB reserved,     128.00 KB ( <1%) committed,  1 nodes.
             Both:        1.06 GB reserved,     768.00 KB ( <1%) committed. 

Chunk freelists:
   Non-Class:  3.94 MB
       Class:  3.74 MB
        Both:  7.68 MB

MaxMetaspaceSize: unlimited
CompressedClassSpaceSize: 1.00 GB
Initial GC threshold: 21.00 MB
Current GC threshold: 21.00 MB
CDS: on
MetaspaceReclaimPolicy: balanced
 - commit_granule_bytes: 65536.
 - commit_granule_words: 8192.
 - virtual_space_node_default_size: 8388608.
 - enlarge_chunks_in_place: 1.
 - new_chunks_are_fully_committed: 0.
 - uncommit_free_chunks: 1.
 - use_allocation_guard: 0.


Internal statistics:

num_allocs_failed_limit: 0.
num_arena_births: 10.
num_arena_deaths: 0.
num_vsnodes_births: 2.
num_vsnodes_deaths: 0.
num_space_committed: 12.
num_space_uncommitted: 0.
num_chunks_returned_to_freelist: 0.
num_chunks_taken_from_freelist: 14.
num_chunk_merges: 0.
num_chunk_splits: 9.
num_chunks_enlarged: 5.
num_inconsistent_stats: 0.

CodeHeap 'non-profiled nmethods': size=120000Kb used=115Kb max_used=115Kb free=119884Kb
 bounds [0x00000182ba420000, 0x00000182ba690000, 0x00000182c1950000]
CodeHeap 'profiled nmethods': size=120000Kb used=514Kb max_used=514Kb free=119485Kb
 bounds [0x00000182b2950000, 0x00000182b2bc0000, 0x00000182b9e80000]
CodeHeap 'non-nmethods': size=5760Kb used=1194Kb max_used=1209Kb free=4565Kb
 bounds [0x00000182b9e80000, 0x00000182ba0f0000, 0x00000182ba420000]
 total_blobs=780 nmethods=391 adapters=300
 compilation: enabled
              stopped_count=0, restarted_count=0
 full_count=0

Compilation events (20 events):
Event: 0.475 Thread 0x00000182c8f3e850  381       3       java.lang.AbstractStringBuilder::<init> (39 bytes)
Event: 0.476 Thread 0x00000182c8f3e850 nmethod 381 0x00000182b29c9a90 code [0x00000182b29c9c40, 0x00000182b29c9ed8]
Event: 0.476 Thread 0x00000182c8f3e850  382       3       java.lang.StringBuilder::toString (9 bytes)
Event: 0.476 Thread 0x00000182c8f3e850 nmethod 382 0x00000182b29c9f90 code [0x00000182b29ca140, 0x00000182b29ca348]
Event: 0.476 Thread 0x00000182c8f3e850  383       3       java.lang.String::<init> (7 bytes)
Event: 0.476 Thread 0x00000182c8f3e850 nmethod 383 0x00000182b29ca410 code [0x00000182b29ca5c0, 0x00000182b29ca708]
Event: 0.476 Thread 0x00000182c8f3e850  384       3       java.lang.String::<init> (99 bytes)
Event: 0.477 Thread 0x00000182c8f3e850 nmethod 384 0x00000182b29ca790 code [0x00000182b29ca9a0, 0x00000182b29caf88]
Event: 0.477 Thread 0x00000182c8f3e850  386       3       java.util.AbstractCollection::addAll (42 bytes)
Event: 0.477 Thread 0x00000182c8f3e850 nmethod 386 0x00000182b29cb190 code [0x00000182b29cb380, 0x00000182b29cb8b8]
Event: 0.477 Thread 0x00000182c8f3e850  385       3       java.util.HashSet::<init> (16 bytes)
Event: 0.478 Thread 0x00000182c8f3e850 nmethod 385 0x00000182b29cba10 code [0x00000182b29cbbe0, 0x00000182b29cbff8]
Event: 0.478 Thread 0x00000182c8f3e850  387       1       java.lang.module.ModuleDescriptor::isOpen (5 bytes)
Event: 0.478 Thread 0x00000182c8f3e850 nmethod 387 0x00000182ba43c290 code [0x00000182ba43c420, 0x00000182ba43c4f8]
Event: 0.478 Thread 0x00000182c8f3e850  389       3       java.util.HashMap::isEmpty (13 bytes)
Event: 0.478 Thread 0x00000182c8f3e850 nmethod 389 0x00000182b29cc190 code [0x00000182b29cc320, 0x00000182b29cc498]
Event: 0.478 Thread 0x00000182c8f3e850  390       1       java.lang.module.ResolvedModule::configuration (5 bytes)
Event: 0.478 Thread 0x00000182c8f3e850 nmethod 390 0x00000182ba43c590 code [0x00000182ba43c720, 0x00000182ba43c7d8]
Event: 0.478 Thread 0x00000182c8f3e850  392       1       java.lang.module.ModuleDescriptor$Provides::service (5 bytes)
Event: 0.478 Thread 0x00000182c8f3e850 nmethod 392 0x00000182ba43cc90 code [0x00000182ba43ce20, 0x00000182ba43ced8]

GC Heap History (0 events):
No events

Dll operation events (5 events):
Event: 0.014 Loaded shared library C:\Program Files\Java\jdk-19\bin\java.dll
Event: 0.023 Loaded shared library C:\Program Files\Java\jdk-19\bin\jsvml.dll
Event: 0.388 Loaded shared library C:\Program Files\Java\jdk-19\bin\net.dll
Event: 0.392 Loaded shared library C:\Program Files\Java\jdk-19\bin\nio.dll
Event: 0.401 Loaded shared library C:\Program Files\Java\jdk-19\bin\zip.dll

Deoptimization events (20 events):
Event: 0.452 Thread 0x00000182aaa32680 DEOPT PACKING pc=0x00000182b298bb57 sp=0x00000065fbdfd920
Event: 0.452 Thread 0x00000182aaa32680 DEOPT UNPACKING pc=0x00000182b9ee7543 sp=0x00000065fbdfcda0 mode 0
Event: 0.452 Thread 0x00000182aaa32680 DEOPT PACKING pc=0x00000182b298bb57 sp=0x00000065fbdfd920
Event: 0.452 Thread 0x00000182aaa32680 DEOPT UNPACKING pc=0x00000182b9ee7543 sp=0x00000065fbdfcda0 mode 0
Event: 0.455 Thread 0x00000182aaa32680 DEOPT PACKING pc=0x00000182b298bb57 sp=0x00000065fbdfd920
Event: 0.455 Thread 0x00000182aaa32680 DEOPT UNPACKING pc=0x00000182b9ee7543 sp=0x00000065fbdfcda0 mode 0
Event: 0.461 Thread 0x00000182aaa32680 DEOPT PACKING pc=0x00000182b2965967 sp=0x00000065fbdfd900
Event: 0.461 Thread 0x00000182aaa32680 DEOPT UNPACKING pc=0x00000182b9ee7543 sp=0x00000065fbdfcd20 mode 0
Event: 0.468 Thread 0x00000182aaa32680 Uncommon trap: trap_request=0xffffff45 fr.pc=0x00000182ba434290 relative=0x0000000000000650
Event: 0.468 Thread 0x00000182aaa32680 Uncommon trap: reason=unstable_if action=reinterpret pc=0x00000182ba434290 method=java.util.ImmutableCollections$SetN.probe(Ljava/lang/Object;)I @ 34 c2
Event: 0.468 Thread 0x00000182aaa32680 DEOPT PACKING pc=0x00000182ba434290 sp=0x00000065fbdfe8f0
Event: 0.468 Thread 0x00000182aaa32680 DEOPT UNPACKING pc=0x00000182b9ee6da3 sp=0x00000065fbdfe890 mode 2
Event: 0.474 Thread 0x00000182aaa32680 Uncommon trap: trap_request=0xffffff45 fr.pc=0x00000182ba43789c relative=0x00000000000004dc
Event: 0.474 Thread 0x00000182aaa32680 Uncommon trap: reason=unstable_if action=reinterpret pc=0x00000182ba43789c method=java.lang.StringLatin1.newString([BII)Ljava/lang/String; @ 1 c2
Event: 0.474 Thread 0x00000182aaa32680 DEOPT PACKING pc=0x00000182ba43789c sp=0x00000065fbdfe740
Event: 0.474 Thread 0x00000182aaa32680 DEOPT UNPACKING pc=0x00000182b9ee6da3 sp=0x00000065fbdfe6a0 mode 2
Event: 0.474 Thread 0x00000182aaa32680 Uncommon trap: trap_request=0xffffff45 fr.pc=0x00000182ba43819c relative=0x00000000000003fc
Event: 0.474 Thread 0x00000182aaa32680 Uncommon trap: reason=unstable_if action=reinterpret pc=0x00000182ba43819c method=java.lang.StringLatin1.newString([BII)Ljava/lang/String; @ 1 c2
Event: 0.474 Thread 0x00000182aaa32680 DEOPT PACKING pc=0x00000182ba43819c sp=0x00000065fbdfe6c0
Event: 0.474 Thread 0x00000182aaa32680 DEOPT UNPACKING pc=0x00000182b9ee6da3 sp=0x00000065fbdfe6a0 mode 2

Classes loaded (20 events):
Event: 0.396 Loading class sun/nio/fs/WindowsPath$WindowsPathWithAttributes
Event: 0.396 Loading class sun/nio/fs/BasicFileAttributesHolder
Event: 0.396 Loading class sun/nio/fs/BasicFileAttributesHolder done
Event: 0.396 Loading class sun/nio/fs/WindowsPath$WindowsPathWithAttributes done
Event: 0.413 Loading class jdk/internal/module/ModuleInfo
Event: 0.413 Loading class jdk/internal/module/ModuleInfo done
Event: 0.413 Loading class jdk/internal/module/ModuleInfo$CountingDataInput
Event: 0.413 Loading class jdk/internal/module/ModuleInfo$CountingDataInput done
Event: 0.413 Loading class jdk/internal/module/ModuleInfo$ConstantPool
Event: 0.413 Loading class jdk/internal/module/ModuleInfo$ConstantPool done
Event: 0.413 Loading class jdk/internal/module/ModuleInfo$ConstantPool$Entry
Event: 0.413 Loading class jdk/internal/module/ModuleInfo$ConstantPool$Entry done
Event: 0.413 Loading class jdk/internal/module/ModuleInfo$ConstantPool$IndexEntry
Event: 0.413 Loading class jdk/internal/module/ModuleInfo$ConstantPool$IndexEntry done
Event: 0.414 Loading class jdk/internal/module/ModuleInfo$ConstantPool$ValueEntry
Event: 0.414 Loading class jdk/internal/module/ModuleInfo$ConstantPool$ValueEntry done
Event: 0.426 Loading class java/util/WeakHashMap$KeyIterator
Event: 0.426 Loading class java/util/WeakHashMap$HashIterator
Event: 0.426 Loading class java/util/WeakHashMap$HashIterator done
Event: 0.426 Loading class java/util/WeakHashMap$KeyIterator done

Classes unloaded (0 events):
No events

Classes redefined (0 events):
No events

Internal exceptions (2 events):
Event: 0.394 Thread 0x00000182aaa32680 Exception <a 'sun/nio/fs/WindowsException'{0x000000008a858698}> (0x000000008a858698) 
thrown [s\open\src\hotspot\share\prims\jni.cpp, line 517]
Event: 0.395 Thread 0x00000182aaa32680 Exception <a 'sun/nio/fs/WindowsException'{0x000000008a858b48}> (0x000000008a858b48) 
thrown [s\open\src\hotspot\share\prims\jni.cpp, line 517]

VM Operations (4 events):
Event: 0.402 Executing VM operation: HandshakeAllThreads
Event: 0.402 Executing VM operation: HandshakeAllThreads done
Event: 0.467 Executing VM operation: HandshakeAllThreads
Event: 0.467 Executing VM operation: HandshakeAllThreads done

Events (12 events):
Event: 0.023 Thread 0x00000182aaa32680 Thread added: 0x00000182aaa32680
Event: 0.037 Thread 0x00000182c8f2f0f0 Thread added: 0x00000182c8f2f0f0
Event: 0.037 Thread 0x00000182c8f2fb20 Thread added: 0x00000182c8f2fb20
Event: 0.038 Thread 0x00000182c8f32d50 Thread added: 0x00000182c8f32d50
Event: 0.038 Thread 0x00000182c8f36a70 Thread added: 0x00000182c8f36a70
Event: 0.038 Thread 0x00000182c8f377c0 Thread added: 0x00000182c8f377c0
Event: 0.038 Thread 0x00000182c8f38660 Thread added: 0x00000182c8f38660
Event: 0.038 Thread 0x00000182c8f39460 Thread added: 0x00000182c8f39460
Event: 0.038 Thread 0x00000182c8f3e850 Thread added: 0x00000182c8f3e850
Event: 0.038 Thread 0x00000182c8f4c5e0 Thread added: 0x00000182c8f4c5e0
Event: 0.374 Thread 0x00000182cd4fddc0 Thread added: 0x00000182cd4fddc0
Event: 0.429 Thread 0x00000182cd5e43a0 Thread added: 0x00000182cd5e43a0


Dynamic libraries:
0x00007ff7714f0000 - 0x00007ff771500000 	C:\Program Files\Java\jdk-19\bin\java.exe
0x00007ffc15930000 - 0x00007ffc15b44000 	C:\WINDOWS\SYSTEM32\ntdll.dll
0x00007ffc14290000 - 0x00007ffc14353000 	C:\WINDOWS\System32\KERNEL32.DLL
0x00007ffc12f00000 - 0x00007ffc1329c000 	C:\WINDOWS\System32\KERNELBASE.dll
0x0000000057490000 - 0x00000000577c1000 	C:\Program Files\Norton Security\NortonData\22.20.5.39\Definitions\IPSDefs\20230321.061\IPSEng64.dll
0x00007ffc13740000 - 0x00007ffc137ee000 	C:\WINDOWS\System32\ADVAPI32.dll
0x00007ffc14130000 - 0x00007ffc141d7000 	C:\WINDOWS\System32\msvcrt.dll
0x00007ffc13f50000 - 0x00007ffc13ff4000 	C:\WINDOWS\System32\sechost.dll
0x00007ffc14ba0000 - 0x00007ffc14cb5000 	C:\WINDOWS\System32\RPCRT4.dll
0x00007ffc14a90000 - 0x00007ffc14a98000 	C:\WINDOWS\System32\PSAPI.DLL
0x00007ffc12d70000 - 0x00007ffc12e81000 	C:\WINDOWS\System32\ucrtbase.dll
0x00007ffbdf940000 - 0x00007ffbdf958000 	C:\Program Files\Java\jdk-19\bin\jli.dll
0x00007ffc044c0000 - 0x00007ffc044db000 	C:\Program Files\Java\jdk-19\bin\VCRUNTIME140.dll
0x00007ffc14cd0000 - 0x00007ffc14e7d000 	C:\WINDOWS\System32\USER32.dll
0x00007ffc13480000 - 0x00007ffc134a6000 	C:\WINDOWS\System32\win32u.dll
0x00007ffc158a0000 - 0x00007ffc158c9000 	C:\WINDOWS\System32\GDI32.dll
0x00007ffc13620000 - 0x00007ffc13733000 	C:\WINDOWS\System32\gdi32full.dll
0x00007ffc132a0000 - 0x00007ffc1333a000 	C:\WINDOWS\System32\msvcp_win.dll
0x00007ffbf6b70000 - 0x00007ffbf6dfe000 	C:\WINDOWS\WinSxS\amd64_microsoft.windows.common-controls_6595b64144ccf1df_6.0.22621.608_none_a9444ca7c10bb01d\COMCTL32.dll
0x00007ffc07210000 - 0x00007ffc0721a000 	C:\WINDOWS\SYSTEM32\VERSION.dll
0x00007ffc14930000 - 0x00007ffc14961000 	C:\WINDOWS\System32\IMM32.DLL
0x00007ffbe32a0000 - 0x00007ffbe32ac000 	C:\Program Files\Java\jdk-19\bin\vcruntime140_1.dll
0x00007ffba3da0000 - 0x00007ffba3e2e000 	C:\Program Files\Java\jdk-19\bin\msvcp140.dll
0x00007ffb71ce0000 - 0x00007ffb729a0000 	C:\Program Files\Java\jdk-19\bin\server\jvm.dll
0x00007ffbf70d0000 - 0x00007ffbf70d9000 	C:\WINDOWS\SYSTEM32\WSOCK32.dll
0x00007ffc0a260000 - 0x00007ffc0a294000 	C:\WINDOWS\SYSTEM32\WINMM.dll
0x00007ffc13ec0000 - 0x00007ffc13f31000 	C:\WINDOWS\System32\WS2_32.dll
0x00007ffc11d80000 - 0x00007ffc11d98000 	C:\WINDOWS\SYSTEM32\kernel.appcore.dll
0x00007ffbdf8c0000 - 0x00007ffbdf8ca000 	C:\Program Files\Java\jdk-19\bin\jimage.dll
0x00007ffc10680000 - 0x00007ffc108ae000 	C:\WINDOWS\SYSTEM32\DBGHELP.DLL
0x00007ffc145a0000 - 0x00007ffc14929000 	C:\WINDOWS\System32\combase.dll
0x00007ffc144c0000 - 0x00007ffc14597000 	C:\WINDOWS\System32\OLEAUT32.dll
0x00007ffc07950000 - 0x00007ffc07982000 	C:\WINDOWS\SYSTEM32\dbgcore.DLL
0x00007ffc13400000 - 0x00007ffc1347b000 	C:\WINDOWS\System32\bcryptPrimitives.dll
0x00007ffbceb30000 - 0x00007ffbceb56000 	C:\Program Files\Java\jdk-19\bin\java.dll
0x00007ffb971a0000 - 0x00007ffb97277000 	C:\Program Files\Java\jdk-19\bin\jsvml.dll
0x00007ffc15020000 - 0x00007ffc15810000 	C:\WINDOWS\System32\SHELL32.dll
0x00007ffc10d30000 - 0x00007ffc115fe000 	C:\WINDOWS\SYSTEM32\windows.storage.dll
0x00007ffc10bf0000 - 0x00007ffc10d2e000 	C:\WINDOWS\SYSTEM32\wintypes.dll
0x00007ffc14aa0000 - 0x00007ffc14b91000 	C:\WINDOWS\System32\SHCORE.dll
0x00007ffc14360000 - 0x00007ffc143be000 	C:\WINDOWS\System32\shlwapi.dll
0x00007ffc12ca0000 - 0x00007ffc12cc1000 	C:\WINDOWS\SYSTEM32\profapi.dll
0x00007ffbdde10000 - 0x00007ffbdde23000 	C:\Program Files\Java\jdk-19\bin\net.dll
0x00007ffc09000000 - 0x00007ffc0912f000 	C:\WINDOWS\SYSTEM32\WINHTTP.dll
0x00007ffc121f0000 - 0x00007ffc12259000 	C:\WINDOWS\system32\mswsock.dll
0x00007ffbda9e0000 - 0x00007ffbda9f6000 	C:\Program Files\Java\jdk-19\bin\nio.dll
0x00007ffbd99b0000 - 0x00007ffbd99c8000 	C:\Program Files\Java\jdk-19\bin\zip.dll

dbghelp: loaded successfully - version: 4.0.5 - missing functions: none
symbol engine: initialized successfully - sym options: 0x614 - pdb path: .;C:\Program Files\Java\jdk-19\bin;C:\WINDOWS\SYSTEM32;C:\Program Files\Norton Security\NortonData\22.20.5.39\Definitions\IPSDefs\20230321.061;C:\WINDOWS\WinSxS\amd64_microsoft.windows.common-controls_6595b64144ccf1df_6.0.22621.608_none_a9444ca7c10bb01d;C:\Program Files\Java\jdk-19\bin\server

VM Arguments:
jvm_args: --module-path=C:\Program Files\Java\javafx-sdk-19.0.2.1\lib --add-modules=javafx.controls,javafx.fxml --module-path=C:\Program Files\Java\javafx-sdk-19.0.2.1\lib --add-modules=javafx.controls,javafx.fxml -Dfile.encoding=windows-1252 -Duser.country=GB -Duser.language=en -Duser.variant 
java_command: client.Main
java_class_path (initial): C:\Users\allur\oopp-team-11\client\build\classes\java\main;C:\Users\allur\oopp-team-11\client\build\resources\main;C:\Users\allur\oopp-team-11\commons\build\libs\commons-0.0.1-SNAPSHOT.jar;C:\Users\allur\.gradle\caches\modules-2\files-2.1\org.apache.commons\commons-lang3\3.12.0\c6842c86792ff03b9f1d1fe2aab8dc23aa6c6f0e\commons-lang3-3.12.0.jar;C:\Users\allur\.gradle\caches\modules-2\files-2.1\org.openjfx\javafx-fxml\17.0.2\5079f88d5345e988222c90a345ad682b7aaccad3\javafx-fxml-17.0.2-win.jar;C:\Users\allur\.gradle\caches\modules-2\files-2.1\org.openjfx\javafx-fxml\17.0.2\445a173563974cb19549b35a615de4bd8b82be67\javafx-fxml-17.0.2.jar;C:\Users\allur\.gradle\caches\modules-2\files-2.1\org.openjfx\javafx-controls\17.0.2\707f290bacde2738c0a7e1d0b4a8193002c29cf7\javafx-controls-17.0.2-win.jar;C:\Users\allur\.gradle\caches\modules-2\files-2.1\org.openjfx\javafx-controls\17.0.2\f52640ea07a0d7fe2ac8b9f945ec58fa22ac1afd\javafx-controls-17.0.2.jar;C:\Users\allur\.gradle\caches\modules-2\files-2.1\org.openjfx\javafx-graphics\17.0.2\6f95886c8fed3e1b21370a199c3937846ef6b3cc\javafx-graphics-17.0.2-win.jar;C:\Users\allur\.gradle\caches\modules-2\files-2.1\org.openjfx\javafx-graphics\17.0.2\1eb7ce07e07ccc2fcb26103f07535e72069519d6\javafx-graphics-17.0.2.jar;C:\Users\allur\.gradle\caches\modules-2\files-2.1\org.openjfx\javafx-base\17.0.2\1bd6dc88b180a6239a5067320c2f0d7f3526e1d2\javafx-base-17.0.2-win.jar;C:\Users\allur\.gradle\caches\modules-2\files-2.1\org.openjfx\javafx-base\17.0.2\ca46f15a306175ac1513211e1d190a5baacd77cc\javafx-base-17.0.2.jar;C:\Users\allur\.gradle\caches\modules-2\files-2.1\org.glassfish.jersey.core\jersey-client\3.0.3\8fcae2a641d41cf691d523e2e98a5fac9bdc04f2\jersey-client-3.0.3.jar;C:\Users\allur\.gradle\caches\modules-2\files-2.1\org.glassfish.jersey.inject\jersey-hk2\3.0.3\6bb80de69e9c1bc869321aee672a865614132cc0\jersey-hk2-3.0.3.jar;C:\Users\allur\.gradle\caches\modules-2\files-2.1\org.glassfish.jersey.media\jersey-media-json-jackson\3.0.3\94b3f0e2dd02489a290bda82d2dd69371c400dcc\jersey-media-json-jackson-3.0.3.jar;C:\Users\allur\.gradle\caches\modules-2\files-2.1\jakarta.activation\jakarta.activation-api\2.0.1\7622742cb76548abd0c6633fb5c11cb919805ff2\jakarta.activation-api-2.0.1.jar;C:\Users\allur\.gradle\caches\modules-2\files-2.1\com.google.inject\guice\5.0.1\dae7556b441cada2b4f0a2314eb68e1ff423429\guice-5.0.1.jar;C:\Users\allur\.gradle\caches\modules-2\files-2.1\jakarta.persistence\jakarta.persistence-api\2.2.3\8f6ea5daedc614f07a3654a455660145286f024e\jakarta.persistence-api-2.2.3.jar;C:\Users\allur\.gradle\caches\modules-2\files-2.1\org.glassfish.jersey.core\jersey-common\3.0.3\8612cbf9bed2093bc69cd1e02721043ccc38980d\jersey-common-3.0.3.jar;C:\Users\allur\.gradle\caches\modules-2\files-2.1\org.glassfish.jersey.ext\jersey-entity-filtering\3.0.3\d70c234f4d22a67b2c7f3383501ea58c4649551\jersey-entity-filtering-3.0.3.jar;C:\Users\allur\.gradle\caches\modules-2\files-2.1\jakarta.ws.rs\jakarta.ws.rs-api\3.0.0\5eea182d6651a7257bc8c3614507e1540c766fc2\jakarta.ws.rs-api-3.0.0.jar;C:\Users\allur\.gradle\caches\modules-2\files-2.1\org.glassfish.hk2\hk2-locator\3.0.1\a9c4e89c7d01dce59ebfd3afa4758e14d3036135\hk2-locator-3.0.1.jar;C:\Users\allur\.gradle\caches\modules-2\files-2.1\org.glassfish.hk2\hk2-api\3.0.1\4080927db83438aca2bbf45aea1f2df20cb8649a\hk2-api-3.0.1.jar;C:\Users\allur\.gradle\caches\modules-2\files-2.1\org.glassfish.hk2\hk2-utils\3.0.1\91a66d9f92545536589cdf897cad8622ca389266\hk2-utils-3.0.1.jar;C:\Users\allur\.gradle\caches\modules-2\files-2.1\jakarta.inject\jakarta.inject-api\2.0.0\46fc8560b6fd17b78396d88f39c1a730457671f0\jakarta.inject-api-2.0.0.jar;C:\Users\allur\.gradle\caches\modules-2\files-2.1\org.javassist\javassist\3.25.0-GA\442dc1f9fd520130bd18da938622f4f9b2e5fba3\javassist-3.25.0-GA.jar;C:\Users\allur\.gradle\caches\modules-2\files-2.1\com.fasterxml.jackson.core\jackson-core\2.12.2\8df50138521d05561a308ec2799cc8dda20c06df\jackson-core-2.12.2.jar;C:\Users\allur\.gradle\caches\modules-2\files-2.1\com.fasterxml.jackson.module\jackson-module-jaxb-annotations\2.12.2\f226bd0766b4e81493822e8c81eaa6cab27e589f\jackson-module-jaxb-annotations-2.12.2.jar;C:\Users\allur\.gradle\caches\modules-2\files-2.1\com.fasterxml.jackson.core\jackson-databind\2.12.2\5f9d79e09ebf5d54a46e9f4543924cf7ae7654e0\jackson-databind-2.12.2.jar;C:\Users\allur\.gradle\caches\modules-2\files-2.1\com.fasterxml.jackson.core\jackson-annotations\2.12.2\a770cc4c0a1fb0bfd8a150a6a0004e42bc99fca\jackson-annotations-2.12.2.jar;C:\Users\allur\.gradle\caches\modules-2\files-2.1\javax.xml.bind\jaxb-api\2.3.1\8531ad5ac454cc2deb9d4d32c40c4d7451939b5d\jaxb-api-2.3.1.jar;C:\Users\allur\.gradle\caches\modules-2\files-2.1\javax.inject\javax.inject\1\6975da39a7040257bd51d21a231b76c915872d38\javax.inject-1.jar;C:\Users\allur\.gradle\caches\modules-2\files-2.1\aopalliance\aopalliance\1.0\235ba8b489512805ac13a8f9ea77a1ca5ebe3e8\aopalliance-1.0.jar;C:\Users\allur\.gradle\caches\modules-2\files-2.1\com.google.guava\guava\30.1-jre\d0c3ce2311c9e36e73228da25a6e99b2ab826f\guava-30.1-jre.jar;C:\Users\allur\.gradle\caches\modules-2\files-2.1\jakarta.annotation\jakarta.annotation-api\2.0.0\f3cd84cc45f583a0fdc42a8156d6c5b98d625c1a\jakarta.annotation-api-2.0.0.jar;C:\Users\allur\.gradle\caches\modules-2\files-2.1\org.glassfish.hk2\osgi-resource-locator\1.0.3\de3b21279df7e755e38275137539be5e2c80dd58\osgi-resource-locator-1.0.3.jar;C:\Users\allur\.gradle\caches\modules-2\files-2.1\org.glassfish.hk2.external\aopalliance-repackaged\3.0.1\5790cd4154515c8ad5267ea8e7a6cd896692cf1\aopalliance-repackaged-3.0.1.jar;C:\Users\allur\.gradle\caches\modules-2\files-2.1\javax.activation\javax.activation-api\1.2.0\85262acf3ca9816f9537ca47d5adeabaead7cb16\javax.activation-api-1.2.0.jar;C:\Users\allur\.gradle\caches\modules-2\files-2.1\com.google.guava\failureaccess\1.0.1\1dcf1de382a0bf95a3d8b0849546c88bac1292c9\failureaccess-1.0.1.jar;C:\Users\allur\.gradle\caches\modules-2\files-2.1\com.google.guava\listenablefuture\9999.0-empty-to-avoid-conflict-with-guava\b421526c5f297295adef1c886e5246c39d4ac629\listenablefuture-9999.0-empty-to-avoid-conflict-with-guava.jar;C:\Users\allur\.gradle\caches\modules-2\files-2.1\com.google.code.findbugs\jsr305\3.0.2\25ea2e8b0c338a877313bd4672d3fe056ea78f0d\jsr305-3.0.2.jar;C:\Users\allur\.gradle\caches\modules-2\files-2.1\org.checkerframework\checker-qual\3.5.0\2f50520c8abea66fbd8d26e481d3aef5c673b510\checker-qual-3.5.0.jar;C:\Users\allur\.gradle\caches\modules-2\files-2.1\com.google.errorprone\error_prone_annotations\2.3.4\dac170e4594de319655ffb62f41cbd6dbb5e601e\error_prone_annotations-2.3.4.jar;C:\Users\allur\.gradle\caches\modules-2\files-2.1\com.google.j2objc\j2objc-annotations\1.3\ba035118bc8bac37d7eff77700720999acd9986d\j2objc-annotations-1.3.jar
Launcher Type: SUN_STANDARD

[Global flags]
     intx CICompilerCount                          = 4                                         {product} {ergonomic}
     uint ConcGCThreads                            = 2                                         {product} {ergonomic}
     uint G1ConcRefinementThreads                  = 8                                         {product} {ergonomic}
   size_t G1HeapRegionSize                         = 1048576                                   {product} {ergonomic}
    uintx GCDrainStackTargetSize                   = 64                                        {product} {ergonomic}
   size_t InitialHeapSize                          = 132120576                                 {product} {ergonomic}
   size_t MarkStackSize                            = 4194304                                   {product} {ergonomic}
   size_t MaxHeapSize                              = 2101346304                                {product} {ergonomic}
   size_t MaxNewSize                               = 1260388352                                {product} {ergonomic}
   size_t MinHeapDeltaBytes                        = 1048576                                   {product} {ergonomic}
   size_t MinHeapSize                              = 8388608                                   {product} {ergonomic}
    uintx NonNMethodCodeHeapSize                   = 5839372                                {pd product} {ergonomic}
    uintx NonProfiledCodeHeapSize                  = 122909434                              {pd product} {ergonomic}
    uintx ProfiledCodeHeapSize                     = 122909434                              {pd product} {ergonomic}
    uintx ReservedCodeCacheSize                    = 251658240                              {pd product} {ergonomic}
     bool SegmentedCodeCache                       = true                                      {product} {ergonomic}
   size_t SoftMaxHeapSize                          = 2101346304                             {manageable} {ergonomic}
     bool UseCompressedClassPointers               = true                           {product lp64_product} {ergonomic}
     bool UseCompressedOops                        = true                           {product lp64_product} {ergonomic}
     bool UseG1GC                                  = true                                      {product} {ergonomic}
     bool UseLargePagesIndividualAllocation        = false                                  {pd product} {ergonomic}

Logging:
Log output configuration:
 #0: stdout all=warning uptime,level,tags foldmultilines=false
 #1: stderr all=off uptime,level,tags foldmultilines=false

Environment Variables:
JAVA_HOME=C:\Program Files\Java\jdk-19
PATH=C:\Program Files\Common Files\Oracle\Java\javapath;C:\Program Files (x86)\Common Files\Oracle\Java\javapath;C:\Program Files (x86)\EasyPHP-DevServer-14.1VC11\binaries\php\php_runningversion;C:\WINDOWS\system32;C:\WINDOWS;C:\WINDOWS\System32\Wbem;C:\WINDOWS\System32\WindowsPowerShell\v1.0\;C:\WINDOWS\System32\OpenSSH\;C:\Program Files\Microchip\xc32\v4.00\bin;C:\Program Files\nodejs\;C:\Program Files\nodejs;C:\Program Files\Git\cmd;C:\Program Files\Java\jdk-19\bin;C:\Users\allur\oopp-team-11;C:\Users\allur\AppData\Local\Microsoft\WindowsApps;C:\Users\allur\AppData\Roaming\npm;C:\Users\allur\AppData\Local\Programs\Microsoft VS Code\bin;C:\Program Files\nodejs;C:\Users\allur\AppData\Local\Programs\mongosh\;%GRADLE_HOME%\bin;C:\Users\allur\AppData\Local\gitkraken\bin
USERNAME=allur
OS=Windows_NT
PROCESSOR_IDENTIFIER=Intel64 Family 6 Model 142 Stepping 12, GenuineIntel
TMP=C:\Users\allur\AppData\Local\Temp
TEMP=C:\Users\allur\AppData\Local\Temp



---------------  S Y S T E M  ---------------

OS:
 Windows 11 , 64 bit Build 22621 (10.0.22621.1344)
OS uptime: 5 days 2:35 hours
Hyper-V role detected

CPU: total 8 (initial active 8) (4 cores per cpu, 2 threads per core) family 6 model 142 stepping 12 microcode 0xde, cx8, cmov, fxsr, ht, mmx, 3dnowpref, sse, sse2, sse3, ssse3, sse4.1, sse4.2, popcnt, lzcnt, tsc, tscinvbit, avx, avx2, aes, erms, clmul, bmi1, bmi2, adx, fma, vzeroupper, clflush, clflushopt, hv, rdtscp

Memory: 4k page, system-wide physical 8011M (442M free)
TotalPageFile size 32587M (AvailPageFile size 0M)
current process WorkingSet (physical memory assigned to process): 45M, peak: 45M
current process commit charge ("private bytes"): 215M, peak: 215M

vm_info: Java HotSpot(TM) 64-Bit Server VM (19+36-2238) for windows-amd64 JRE (19+36-2238), built on 2022-08-12T20:29:01Z by "mach5one" with MS VC++ 17.1 (VS2022)

END.
