#
# There is insufficient memory for the Java Runtime Environment to continue.
# Native memory allocation (malloc) failed to allocate 828896 bytes for Chunk::new
# Possible reasons:
#   The system is out of physical RAM or swap space
#   The process is running with CompressedOops enabled, and the Java Heap may be blocking the growth of the native heap
# Possible solutions:
#   Reduce memory load on the system
#   Increase physical memory or swap space
#   Check if swap backing store is full
#   Decrease Java heap size (-Xmx/-Xms)
#   Decrease number of Java threads
#   Decrease Java thread stack sizes (-Xss)
#   Set larger code cache with -XX:ReservedCodeCacheSize=
#   JVM is running with Unscaled Compressed Oops mode in which the Java heap is
#     placed in the first 4GB address space. The Java Heap base address is the
#     maximum limit for the native heap growth. Please use -XX:HeapBaseMinAddress
#     to set the Java Heap base and to place the Java Heap above 4GB virtual address.
# This output file may be truncated or incomplete.
#
#  Out of Memory Error (arena.cpp:189), pid=35580, tid=40832
#
# JRE version: OpenJDK Runtime Environment Corretto-17.0.6.10.1 (17.0.6+10) (build 17.0.6+10-LTS)
# Java VM: OpenJDK 64-Bit Server VM Corretto-17.0.6.10.1 (17.0.6+10-LTS, mixed mode, sharing, tiered, compressed oops, compressed class ptrs, g1 gc, windows-amd64)
# No core dump will be written. Minidumps are not enabled by default on client versions of Windows
#

---------------  S U M M A R Y ------------

Command Line: -Dorg.gradle.internal.worker.tmpdir=C:\Users\allur\oopp-team-11\server\build\tmp\test\work -Dorg.gradle.native=false -agentlib:jdwp=transport=dt_socket,server=n,suspend=y,address=127.0.0.1:50716 -javaagent:build/tmp/expandedArchives/org.jacoco.agent-0.8.8.jar_a33b649e552c51298e5a242c2f0d0e3c/jacocoagent.jar=destfile=build/jacoco/test.exec,append=true,inclnolocationclasses=false,dumponexit=true,output=file,jmx=false -Xmx512m -Dfile.encoding=windows-1252 -Duser.country=GB -Duser.language=en -Duser.variant -ea worker.org.gradle.process.internal.worker.GradleWorkerMain 'Gradle Test Executor 2'

Host: Intel(R) Core(TM) i5-10210U CPU @ 1.60GHz, 8 cores, 7G,  Windows 11 , 64 bit Build 22621 (10.0.22621.1194)
Time: Sun Mar 12 16:45:56 2023 GTB Standard Time elapsed time: 26.166774 seconds (0d 0h 0m 26s)

---------------  T H R E A D  ---------------

Current thread (0x00000204780c52c0):  JavaThread "C2 CompilerThread0" daemon [_thread_in_native, id=40832, stack(0x000000869e200000,0x000000869e300000)]


Current CompileTask:
C2:  26166 2164       4       org.jacoco.agent.rt.internal_b6258fc.asm.commons.AnalyzerAdapter::execute (2009 bytes)

Stack: [0x000000869e200000,0x000000869e300000]
Native frames: (J=compiled Java code, j=interpreted, Vv=VM code, C=native code)
V  [jvm.dll+0x64b39a]
V  [jvm.dll+0x7ff044]
V  [jvm.dll+0x8007fe]
V  [jvm.dll+0x800e53]
V  [jvm.dll+0x235848]
V  [jvm.dll+0xbce6c]
V  [jvm.dll+0xbd44c]
V  [jvm.dll+0x29cc12]
V  [jvm.dll+0x557b28]
V  [jvm.dll+0x211cfb]
V  [jvm.dll+0x20b3ad]
V  [jvm.dll+0x209122]
V  [jvm.dll+0x19926d]
V  [jvm.dll+0x2185dd]
V  [jvm.dll+0x216824]
V  [jvm.dll+0x7b77bb]
V  [jvm.dll+0x7b1d6a]
V  [jvm.dll+0x64a265]
C  [ucrtbase.dll+0x29363]
C  [KERNEL32.DLL+0x126bd]
C  [ntdll.dll+0x5dfb8]


---------------  P R O C E S S  ---------------

Threads class SMR info:
_java_thread_list=0x000002047b0dd870, length=14, elements={
0x000002046c5ae500, 0x00000204780a3b80, 0x00000204780a4790, 0x00000204780bfbc0,
0x00000204780c0480, 0x00000204780c0d40, 0x00000204780c2610, 0x00000204780c52c0,
0x00000204780c7c80, 0x00000204780dd2f0, 0x000002047808e910, 0x0000020478d37750,
0x00000204792e3cc0, 0x000002047a317900
}

Java Threads: ( => current thread )
  0x000002046c5ae500 JavaThread "Test worker" [_thread_blocked, id=15908, stack(0x000000869d500000,0x000000869d600000)]
  0x00000204780a3b80 JavaThread "Reference Handler" daemon [_thread_blocked, id=6760, stack(0x000000869dc00000,0x000000869dd00000)]
  0x00000204780a4790 JavaThread "Finalizer" daemon [_thread_blocked, id=33340, stack(0x000000869dd00000,0x000000869de00000)]
  0x00000204780bfbc0 JavaThread "Signal Dispatcher" daemon [_thread_blocked, id=33460, stack(0x000000869de00000,0x000000869df00000)]
  0x00000204780c0480 JavaThread "Attach Listener" daemon [_thread_blocked, id=22048, stack(0x000000869df00000,0x000000869e000000)]
  0x00000204780c0d40 JavaThread "Service Thread" daemon [_thread_blocked, id=12132, stack(0x000000869e000000,0x000000869e100000)]
  0x00000204780c2610 JavaThread "Monitor Deflation Thread" daemon [_thread_blocked, id=38108, stack(0x000000869e100000,0x000000869e200000)]
=>0x00000204780c52c0 JavaThread "C2 CompilerThread0" daemon [_thread_in_native, id=40832, stack(0x000000869e200000,0x000000869e300000)]
  0x00000204780c7c80 JavaThread "C1 CompilerThread0" daemon [_thread_blocked, id=40104, stack(0x000000869e300000,0x000000869e400000)]
  0x00000204780dd2f0 JavaThread "Sweeper thread" daemon [_thread_blocked, id=21604, stack(0x000000869e400000,0x000000869e500000)]
  0x000002047808e910 JavaThread "Common-Cleaner" daemon [_thread_blocked, id=39888, stack(0x000000869e500000,0x000000869e600000)]
  0x0000020478d37750 JavaThread "JDWP Event Helper Thread" daemon [_thread_blocked, id=23764, stack(0x000000869e700000,0x000000869e800000)]
  0x00000204792e3cc0 JavaThread "Notification Thread" daemon [_thread_blocked, id=40528, stack(0x000000869e900000,0x000000869ea00000)]
  0x000002047a317900 JavaThread "Thread-0" [_thread_in_vm, id=33772, stack(0x000000869e600000,0x000000869e700000)]

Other Threads:
  0x000002047809d060 VMThread "VM Thread" [stack: 0x000000869db00000,0x000000869dc00000] [id=20976]
  0x00000204780acb30 WatcherThread [stack: 0x000000869ea00000,0x000000869eb00000] [id=39360]
  0x000002046c5dad60 GCTaskThread "GC Thread#0" [stack: 0x000000869d600000,0x000000869d700000] [id=40732]
  0x0000020479e4d350 GCTaskThread "GC Thread#1" [stack: 0x000000869eb00000,0x000000869ec00000] [id=34008]
  0x0000020479e4d600 GCTaskThread "GC Thread#2" [stack: 0x000000869ec00000,0x000000869ed00000] [id=14136]
  0x0000020479d77cd0 GCTaskThread "GC Thread#3" [stack: 0x000000869ed00000,0x000000869ee00000] [id=40188]
  0x0000020479430980 GCTaskThread "GC Thread#4" [stack: 0x000000869ee00000,0x000000869ef00000] [id=40008]
  0x00000204797a22c0 GCTaskThread "GC Thread#5" [stack: 0x000000869ef00000,0x000000869f000000] [id=18424]
  0x0000020479e45d00 GCTaskThread "GC Thread#6" [stack: 0x000000869f000000,0x000000869f100000] [id=40816]
  0x0000020479e467c0 GCTaskThread "GC Thread#7" [stack: 0x000000869f100000,0x000000869f200000] [id=31020]
  0x000002046c5dfbb0 ConcurrentGCThread "G1 Main Marker" [stack: 0x000000869d700000,0x000000869d800000] [id=29748]
  0x000002046c5e0780 ConcurrentGCThread "G1 Conc#0" [stack: 0x000000869d800000,0x000000869d900000] [id=11472]
  0x0000020477f620c0 ConcurrentGCThread "G1 Refine#0" [stack: 0x000000869d900000,0x000000869da00000] [id=38540]
  0x0000020477f62890 ConcurrentGCThread "G1 Service" [stack: 0x000000869da00000,0x000000869db00000] [id=37764]

Threads with active compile tasks:
C2 CompilerThread0    26200 2164       4       org.jacoco.agent.rt.internal_b6258fc.asm.commons.AnalyzerAdapter::execute (2009 bytes)

VM state: not at safepoint (normal execution)

VM Mutex/Monitor currently owned by a thread: None

Heap address: 0x00000000e0000000, size: 512 MB, Compressed Oops mode: 32-bit

CDS archive(s) mapped at: [0x0000000800000000-0x0000000800bc0000-0x0000000800bc0000), size 12320768, SharedBaseAddress: 0x0000000800000000, ArchiveRelocationMode: 0.
Compressed class space mapped at: 0x0000000800c00000-0x0000000840c00000, reserved size: 1073741824
Narrow klass base: 0x0000000800000000, Narrow klass shift: 0, Narrow klass range: 0x100000000

GC Precious Log:
 CPUs: 8 total, 8 available
 Memory: 8011M
 Large Page Support: Disabled
 NUMA Support: Disabled
 Compressed Oops: Enabled (32-bit)
 Heap Region Size: 1M
 Heap Min Capacity: 8M
 Heap Initial Capacity: 126M
 Heap Max Capacity: 512M
 Pre-touch: Disabled
 Parallel Workers: 8
 Concurrent Workers: 2
 Concurrent Refinement Workers: 8
 Periodic GC: Disabled

Heap:
 garbage-first heap   total 129024K, used 69632K [0x00000000e0000000, 0x0000000100000000)
  region size 1024K, 62 young (63488K), 2 survivors (2048K)
 Metaspace       used 11177K, committed 11456K, reserved 1064960K
  class space    used 1330K, committed 1472K, reserved 1048576K

Heap Regions: E=young(eden), S=young(survivor), O=old, HS=humongous(starts), HC=humongous(continues), CS=collection set, F=free, OA=open archive, CA=closed archive, TAMS=top-at-mark-start (previous, next)
|   0|0x00000000e0000000, 0x00000000e0100000, 0x00000000e0100000|100%|HS|  |TAMS 0x00000000e0000000, 0x00000000e0000000| Complete 
|   1|0x00000000e0100000, 0x00000000e0200000, 0x00000000e0200000|100%| O|  |TAMS 0x00000000e0100000, 0x00000000e0100000| Untracked 
|   2|0x00000000e0200000, 0x00000000e0300000, 0x00000000e0300000|100%| O|  |TAMS 0x00000000e0200000, 0x00000000e0200000| Untracked 
|   3|0x00000000e0300000, 0x00000000e0400000, 0x00000000e0400000|100%| O|  |TAMS 0x00000000e0300000, 0x00000000e0300000| Untracked 
|   4|0x00000000e0400000, 0x00000000e0500000, 0x00000000e0500000|100%| O|  |TAMS 0x00000000e0400000, 0x00000000e0400000| Untracked 
|   5|0x00000000e0500000, 0x00000000e0600000, 0x00000000e0600000|100%| O|  |TAMS 0x00000000e0500000, 0x00000000e0500000| Untracked 
|   6|0x00000000e0600000, 0x00000000e0700000, 0x00000000e0700000|100%| O|  |TAMS 0x00000000e0600000, 0x00000000e0600000| Untracked 
|   7|0x00000000e0700000, 0x00000000e0700000, 0x00000000e0800000|  0%| F|  |TAMS 0x00000000e0700000, 0x00000000e0700000| Untracked 
|   8|0x00000000e0800000, 0x00000000e0800000, 0x00000000e0900000|  0%| F|  |TAMS 0x00000000e0800000, 0x00000000e0800000| Untracked 
|   9|0x00000000e0900000, 0x00000000e0900000, 0x00000000e0a00000|  0%| F|  |TAMS 0x00000000e0900000, 0x00000000e0900000| Untracked 
|  10|0x00000000e0a00000, 0x00000000e0a00000, 0x00000000e0b00000|  0%| F|  |TAMS 0x00000000e0a00000, 0x00000000e0a00000| Untracked 
|  11|0x00000000e0b00000, 0x00000000e0b00000, 0x00000000e0c00000|  0%| F|  |TAMS 0x00000000e0b00000, 0x00000000e0b00000| Untracked 
|  12|0x00000000e0c00000, 0x00000000e0c00000, 0x00000000e0d00000|  0%| F|  |TAMS 0x00000000e0c00000, 0x00000000e0c00000| Untracked 
|  13|0x00000000e0d00000, 0x00000000e0d00000, 0x00000000e0e00000|  0%| F|  |TAMS 0x00000000e0d00000, 0x00000000e0d00000| Untracked 
|  14|0x00000000e0e00000, 0x00000000e0e00000, 0x00000000e0f00000|  0%| F|  |TAMS 0x00000000e0e00000, 0x00000000e0e00000| Untracked 
|  15|0x00000000e0f00000, 0x00000000e0f00000, 0x00000000e1000000|  0%| F|  |TAMS 0x00000000e0f00000, 0x00000000e0f00000| Untracked 
|  16|0x00000000e1000000, 0x00000000e1000000, 0x00000000e1100000|  0%| F|  |TAMS 0x00000000e1000000, 0x00000000e1000000| Untracked 
|  17|0x00000000e1100000, 0x00000000e1100000, 0x00000000e1200000|  0%| F|  |TAMS 0x00000000e1100000, 0x00000000e1100000| Untracked 
|  18|0x00000000e1200000, 0x00000000e1200000, 0x00000000e1300000|  0%| F|  |TAMS 0x00000000e1200000, 0x00000000e1200000| Untracked 
|  19|0x00000000e1300000, 0x00000000e1300000, 0x00000000e1400000|  0%| F|  |TAMS 0x00000000e1300000, 0x00000000e1300000| Untracked 
|  20|0x00000000e1400000, 0x00000000e1400000, 0x00000000e1500000|  0%| F|  |TAMS 0x00000000e1400000, 0x00000000e1400000| Untracked 
|  21|0x00000000e1500000, 0x00000000e1500000, 0x00000000e1600000|  0%| F|  |TAMS 0x00000000e1500000, 0x00000000e1500000| Untracked 
|  22|0x00000000e1600000, 0x00000000e1600000, 0x00000000e1700000|  0%| F|  |TAMS 0x00000000e1600000, 0x00000000e1600000| Untracked 
|  23|0x00000000e1700000, 0x00000000e1700000, 0x00000000e1800000|  0%| F|  |TAMS 0x00000000e1700000, 0x00000000e1700000| Untracked 
|  24|0x00000000e1800000, 0x00000000e1800000, 0x00000000e1900000|  0%| F|  |TAMS 0x00000000e1800000, 0x00000000e1800000| Untracked 
|  25|0x00000000e1900000, 0x00000000e1900000, 0x00000000e1a00000|  0%| F|  |TAMS 0x00000000e1900000, 0x00000000e1900000| Untracked 
|  26|0x00000000e1a00000, 0x00000000e1a00000, 0x00000000e1b00000|  0%| F|  |TAMS 0x00000000e1a00000, 0x00000000e1a00000| Untracked 
|  27|0x00000000e1b00000, 0x00000000e1b00000, 0x00000000e1c00000|  0%| F|  |TAMS 0x00000000e1b00000, 0x00000000e1b00000| Untracked 
|  28|0x00000000e1c00000, 0x00000000e1c00000, 0x00000000e1d00000|  0%| F|  |TAMS 0x00000000e1c00000, 0x00000000e1c00000| Untracked 
|  29|0x00000000e1d00000, 0x00000000e1d00000, 0x00000000e1e00000|  0%| F|  |TAMS 0x00000000e1d00000, 0x00000000e1d00000| Untracked 
|  30|0x00000000e1e00000, 0x00000000e1e00000, 0x00000000e1f00000|  0%| F|  |TAMS 0x00000000e1e00000, 0x00000000e1e00000| Untracked 
|  31|0x00000000e1f00000, 0x00000000e1f00000, 0x00000000e2000000|  0%| F|  |TAMS 0x00000000e1f00000, 0x00000000e1f00000| Untracked 
|  32|0x00000000e2000000, 0x00000000e2000000, 0x00000000e2100000|  0%| F|  |TAMS 0x00000000e2000000, 0x00000000e2000000| Untracked 
|  33|0x00000000e2100000, 0x00000000e2100000, 0x00000000e2200000|  0%| F|  |TAMS 0x00000000e2100000, 0x00000000e2100000| Untracked 
|  34|0x00000000e2200000, 0x00000000e2200000, 0x00000000e2300000|  0%| F|  |TAMS 0x00000000e2200000, 0x00000000e2200000| Untracked 
|  35|0x00000000e2300000, 0x00000000e2300000, 0x00000000e2400000|  0%| F|  |TAMS 0x00000000e2300000, 0x00000000e2300000| Untracked 
|  36|0x00000000e2400000, 0x00000000e2400000, 0x00000000e2500000|  0%| F|  |TAMS 0x00000000e2400000, 0x00000000e2400000| Untracked 
|  37|0x00000000e2500000, 0x00000000e2500000, 0x00000000e2600000|  0%| F|  |TAMS 0x00000000e2500000, 0x00000000e2500000| Untracked 
|  38|0x00000000e2600000, 0x00000000e2600000, 0x00000000e2700000|  0%| F|  |TAMS 0x00000000e2600000, 0x00000000e2600000| Untracked 
|  39|0x00000000e2700000, 0x00000000e2700000, 0x00000000e2800000|  0%| F|  |TAMS 0x00000000e2700000, 0x00000000e2700000| Untracked 
|  40|0x00000000e2800000, 0x00000000e2800000, 0x00000000e2900000|  0%| F|  |TAMS 0x00000000e2800000, 0x00000000e2800000| Untracked 
|  41|0x00000000e2900000, 0x00000000e2900000, 0x00000000e2a00000|  0%| F|  |TAMS 0x00000000e2900000, 0x00000000e2900000| Untracked 
|  42|0x00000000e2a00000, 0x00000000e2a00000, 0x00000000e2b00000|  0%| F|  |TAMS 0x00000000e2a00000, 0x00000000e2a00000| Untracked 
|  43|0x00000000e2b00000, 0x00000000e2b00000, 0x00000000e2c00000|  0%| F|  |TAMS 0x00000000e2b00000, 0x00000000e2b00000| Untracked 
|  44|0x00000000e2c00000, 0x00000000e2c00000, 0x00000000e2d00000|  0%| F|  |TAMS 0x00000000e2c00000, 0x00000000e2c00000| Untracked 
|  45|0x00000000e2d00000, 0x00000000e2d00000, 0x00000000e2e00000|  0%| F|  |TAMS 0x00000000e2d00000, 0x00000000e2d00000| Untracked 
|  46|0x00000000e2e00000, 0x00000000e2e00000, 0x00000000e2f00000|  0%| F|  |TAMS 0x00000000e2e00000, 0x00000000e2e00000| Untracked 
|  47|0x00000000e2f00000, 0x00000000e2f00000, 0x00000000e3000000|  0%| F|  |TAMS 0x00000000e2f00000, 0x00000000e2f00000| Untracked 
|  48|0x00000000e3000000, 0x00000000e3000000, 0x00000000e3100000|  0%| F|  |TAMS 0x00000000e3000000, 0x00000000e3000000| Untracked 
|  49|0x00000000e3100000, 0x00000000e3100000, 0x00000000e3200000|  0%| F|  |TAMS 0x00000000e3100000, 0x00000000e3100000| Untracked 
|  50|0x00000000e3200000, 0x00000000e3200000, 0x00000000e3300000|  0%| F|  |TAMS 0x00000000e3200000, 0x00000000e3200000| Untracked 
|  51|0x00000000e3300000, 0x00000000e3300000, 0x00000000e3400000|  0%| F|  |TAMS 0x00000000e3300000, 0x00000000e3300000| Untracked 
|  52|0x00000000e3400000, 0x00000000e3400000, 0x00000000e3500000|  0%| F|  |TAMS 0x00000000e3400000, 0x00000000e3400000| Untracked 
|  53|0x00000000e3500000, 0x00000000e3500000, 0x00000000e3600000|  0%| F|  |TAMS 0x00000000e3500000, 0x00000000e3500000| Untracked 
|  54|0x00000000e3600000, 0x00000000e3600000, 0x00000000e3700000|  0%| F|  |TAMS 0x00000000e3600000, 0x00000000e3600000| Untracked 
|  55|0x00000000e3700000, 0x00000000e3700000, 0x00000000e3800000|  0%| F|  |TAMS 0x00000000e3700000, 0x00000000e3700000| Untracked 
|  56|0x00000000e3800000, 0x00000000e3800000, 0x00000000e3900000|  0%| F|  |TAMS 0x00000000e3800000, 0x00000000e3800000| Untracked 
|  57|0x00000000e3900000, 0x00000000e3900000, 0x00000000e3a00000|  0%| F|  |TAMS 0x00000000e3900000, 0x00000000e3900000| Untracked 
|  58|0x00000000e3a00000, 0x00000000e3a00000, 0x00000000e3b00000|  0%| F|  |TAMS 0x00000000e3a00000, 0x00000000e3a00000| Untracked 
|  59|0x00000000e3b00000, 0x00000000e3b00000, 0x00000000e3c00000|  0%| F|  |TAMS 0x00000000e3b00000, 0x00000000e3b00000| Untracked 
|  60|0x00000000e3c00000, 0x00000000e3c00000, 0x00000000e3d00000|  0%| F|  |TAMS 0x00000000e3c00000, 0x00000000e3c00000| Untracked 
|  61|0x00000000e3d00000, 0x00000000e3d00000, 0x00000000e3e00000|  0%| F|  |TAMS 0x00000000e3d00000, 0x00000000e3d00000| Untracked 
|  62|0x00000000e3e00000, 0x00000000e3e00000, 0x00000000e3f00000|  0%| F|  |TAMS 0x00000000e3e00000, 0x00000000e3e00000| Untracked 
|  63|0x00000000e3f00000, 0x00000000e3f00000, 0x00000000e4000000|  0%| F|  |TAMS 0x00000000e3f00000, 0x00000000e3f00000| Untracked 
|  64|0x00000000e4000000, 0x00000000e4100000, 0x00000000e4100000|100%| E|  |TAMS 0x00000000e4000000, 0x00000000e4000000| Complete 
|  65|0x00000000e4100000, 0x00000000e4200000, 0x00000000e4200000|100%| E|CS|TAMS 0x00000000e4100000, 0x00000000e4100000| Complete 
|  66|0x00000000e4200000, 0x00000000e4300000, 0x00000000e4300000|100%| E|CS|TAMS 0x00000000e4200000, 0x00000000e4200000| Complete 
|  67|0x00000000e4300000, 0x00000000e4400000, 0x00000000e4400000|100%| E|CS|TAMS 0x00000000e4300000, 0x00000000e4300000| Complete 
|  68|0x00000000e4400000, 0x00000000e4500000, 0x00000000e4500000|100%| E|CS|TAMS 0x00000000e4400000, 0x00000000e4400000| Complete 
|  69|0x00000000e4500000, 0x00000000e4600000, 0x00000000e4600000|100%| E|CS|TAMS 0x00000000e4500000, 0x00000000e4500000| Complete 
|  70|0x00000000e4600000, 0x00000000e4700000, 0x00000000e4700000|100%| E|CS|TAMS 0x00000000e4600000, 0x00000000e4600000| Complete 
|  71|0x00000000e4700000, 0x00000000e4800000, 0x00000000e4800000|100%| E|CS|TAMS 0x00000000e4700000, 0x00000000e4700000| Complete 
|  72|0x00000000e4800000, 0x00000000e4900000, 0x00000000e4900000|100%| E|CS|TAMS 0x00000000e4800000, 0x00000000e4800000| Complete 
|  73|0x00000000e4900000, 0x00000000e4a00000, 0x00000000e4a00000|100%| E|CS|TAMS 0x00000000e4900000, 0x00000000e4900000| Complete 
|  74|0x00000000e4a00000, 0x00000000e4b00000, 0x00000000e4b00000|100%| E|CS|TAMS 0x00000000e4a00000, 0x00000000e4a00000| Complete 
|  75|0x00000000e4b00000, 0x00000000e4c00000, 0x00000000e4c00000|100%| E|CS|TAMS 0x00000000e4b00000, 0x00000000e4b00000| Complete 
|  76|0x00000000e4c00000, 0x00000000e4d00000, 0x00000000e4d00000|100%| E|CS|TAMS 0x00000000e4c00000, 0x00000000e4c00000| Complete 
|  77|0x00000000e4d00000, 0x00000000e4e00000, 0x00000000e4e00000|100%| E|CS|TAMS 0x00000000e4d00000, 0x00000000e4d00000| Complete 
|  78|0x00000000e4e00000, 0x00000000e4f00000, 0x00000000e4f00000|100%| E|CS|TAMS 0x00000000e4e00000, 0x00000000e4e00000| Complete 
|  79|0x00000000e4f00000, 0x00000000e5000000, 0x00000000e5000000|100%| E|CS|TAMS 0x00000000e4f00000, 0x00000000e4f00000| Complete 
|  80|0x00000000e5000000, 0x00000000e5100000, 0x00000000e5100000|100%| E|CS|TAMS 0x00000000e5000000, 0x00000000e5000000| Complete 
|  81|0x00000000e5100000, 0x00000000e5200000, 0x00000000e5200000|100%| E|CS|TAMS 0x00000000e5100000, 0x00000000e5100000| Complete 
|  82|0x00000000e5200000, 0x00000000e5300000, 0x00000000e5300000|100%| E|CS|TAMS 0x00000000e5200000, 0x00000000e5200000| Complete 
|  83|0x00000000e5300000, 0x00000000e5400000, 0x00000000e5400000|100%| E|CS|TAMS 0x00000000e5300000, 0x00000000e5300000| Complete 
|  84|0x00000000e5400000, 0x00000000e5500000, 0x00000000e5500000|100%| E|CS|TAMS 0x00000000e5400000, 0x00000000e5400000| Complete 
|  85|0x00000000e5500000, 0x00000000e5600000, 0x00000000e5600000|100%| E|CS|TAMS 0x00000000e5500000, 0x00000000e5500000| Complete 
|  86|0x00000000e5600000, 0x00000000e5700000, 0x00000000e5700000|100%| E|CS|TAMS 0x00000000e5600000, 0x00000000e5600000| Complete 
|  87|0x00000000e5700000, 0x00000000e5800000, 0x00000000e5800000|100%| E|CS|TAMS 0x00000000e5700000, 0x00000000e5700000| Complete 
|  88|0x00000000e5800000, 0x00000000e5900000, 0x00000000e5900000|100%| E|CS|TAMS 0x00000000e5800000, 0x00000000e5800000| Complete 
|  89|0x00000000e5900000, 0x00000000e5a00000, 0x00000000e5a00000|100%| E|CS|TAMS 0x00000000e5900000, 0x00000000e5900000| Complete 
|  90|0x00000000e5a00000, 0x00000000e5b00000, 0x00000000e5b00000|100%| E|CS|TAMS 0x00000000e5a00000, 0x00000000e5a00000| Complete 
|  91|0x00000000e5b00000, 0x00000000e5c00000, 0x00000000e5c00000|100%| E|CS|TAMS 0x00000000e5b00000, 0x00000000e5b00000| Complete 
|  92|0x00000000e5c00000, 0x00000000e5d00000, 0x00000000e5d00000|100%| S|CS|TAMS 0x00000000e5c00000, 0x00000000e5c00000| Complete 
|  93|0x00000000e5d00000, 0x00000000e5e00000, 0x00000000e5e00000|100%| S|CS|TAMS 0x00000000e5d00000, 0x00000000e5d00000| Complete 
|  94|0x00000000e5e00000, 0x00000000e5f00000, 0x00000000e5f00000|100%| E|CS|TAMS 0x00000000e5e00000, 0x00000000e5e00000| Complete 
|  95|0x00000000e5f00000, 0x00000000e6000000, 0x00000000e6000000|100%| E|CS|TAMS 0x00000000e5f00000, 0x00000000e5f00000| Complete 
|  96|0x00000000e6000000, 0x00000000e6100000, 0x00000000e6100000|100%| E|CS|TAMS 0x00000000e6000000, 0x00000000e6000000| Complete 
|  97|0x00000000e6100000, 0x00000000e6200000, 0x00000000e6200000|100%| E|CS|TAMS 0x00000000e6100000, 0x00000000e6100000| Complete 
|  98|0x00000000e6200000, 0x00000000e6300000, 0x00000000e6300000|100%| E|CS|TAMS 0x00000000e6200000, 0x00000000e6200000| Complete 
|  99|0x00000000e6300000, 0x00000000e6400000, 0x00000000e6400000|100%| E|CS|TAMS 0x00000000e6300000, 0x00000000e6300000| Complete 
| 100|0x00000000e6400000, 0x00000000e6500000, 0x00000000e6500000|100%| E|CS|TAMS 0x00000000e6400000, 0x00000000e6400000| Complete 
| 101|0x00000000e6500000, 0x00000000e6600000, 0x00000000e6600000|100%| E|CS|TAMS 0x00000000e6500000, 0x00000000e6500000| Complete 
| 102|0x00000000e6600000, 0x00000000e6700000, 0x00000000e6700000|100%| E|CS|TAMS 0x00000000e6600000, 0x00000000e6600000| Complete 
| 103|0x00000000e6700000, 0x00000000e6800000, 0x00000000e6800000|100%| E|CS|TAMS 0x00000000e6700000, 0x00000000e6700000| Complete 
| 104|0x00000000e6800000, 0x00000000e6900000, 0x00000000e6900000|100%| E|CS|TAMS 0x00000000e6800000, 0x00000000e6800000| Complete 
| 105|0x00000000e6900000, 0x00000000e6a00000, 0x00000000e6a00000|100%| E|CS|TAMS 0x00000000e6900000, 0x00000000e6900000| Complete 
| 106|0x00000000e6a00000, 0x00000000e6b00000, 0x00000000e6b00000|100%| E|CS|TAMS 0x00000000e6a00000, 0x00000000e6a00000| Complete 
| 107|0x00000000e6b00000, 0x00000000e6c00000, 0x00000000e6c00000|100%| E|CS|TAMS 0x00000000e6b00000, 0x00000000e6b00000| Complete 
| 108|0x00000000e6c00000, 0x00000000e6d00000, 0x00000000e6d00000|100%| E|CS|TAMS 0x00000000e6c00000, 0x00000000e6c00000| Complete 
| 109|0x00000000e6d00000, 0x00000000e6e00000, 0x00000000e6e00000|100%| E|CS|TAMS 0x00000000e6d00000, 0x00000000e6d00000| Complete 
| 110|0x00000000e6e00000, 0x00000000e6f00000, 0x00000000e6f00000|100%| E|CS|TAMS 0x00000000e6e00000, 0x00000000e6e00000| Complete 
| 111|0x00000000e6f00000, 0x00000000e7000000, 0x00000000e7000000|100%| E|CS|TAMS 0x00000000e6f00000, 0x00000000e6f00000| Complete 
| 112|0x00000000e7000000, 0x00000000e7100000, 0x00000000e7100000|100%| E|CS|TAMS 0x00000000e7000000, 0x00000000e7000000| Complete 
| 113|0x00000000e7100000, 0x00000000e7200000, 0x00000000e7200000|100%| E|CS|TAMS 0x00000000e7100000, 0x00000000e7100000| Complete 
| 114|0x00000000e7200000, 0x00000000e7300000, 0x00000000e7300000|100%| E|CS|TAMS 0x00000000e7200000, 0x00000000e7200000| Complete 
| 115|0x00000000e7300000, 0x00000000e7400000, 0x00000000e7400000|100%| E|CS|TAMS 0x00000000e7300000, 0x00000000e7300000| Complete 
| 116|0x00000000e7400000, 0x00000000e7500000, 0x00000000e7500000|100%| E|CS|TAMS 0x00000000e7400000, 0x00000000e7400000| Complete 
| 117|0x00000000e7500000, 0x00000000e7600000, 0x00000000e7600000|100%| E|CS|TAMS 0x00000000e7500000, 0x00000000e7500000| Complete 
| 118|0x00000000e7600000, 0x00000000e7700000, 0x00000000e7700000|100%| E|CS|TAMS 0x00000000e7600000, 0x00000000e7600000| Complete 
| 119|0x00000000e7700000, 0x00000000e7800000, 0x00000000e7800000|100%| E|CS|TAMS 0x00000000e7700000, 0x00000000e7700000| Complete 
| 120|0x00000000e7800000, 0x00000000e7900000, 0x00000000e7900000|100%| E|CS|TAMS 0x00000000e7800000, 0x00000000e7800000| Complete 
| 121|0x00000000e7900000, 0x00000000e7a00000, 0x00000000e7a00000|100%| E|CS|TAMS 0x00000000e7900000, 0x00000000e7900000| Complete 
| 122|0x00000000e7a00000, 0x00000000e7b00000, 0x00000000e7b00000|100%| E|CS|TAMS 0x00000000e7a00000, 0x00000000e7a00000| Complete 
| 123|0x00000000e7b00000, 0x00000000e7c00000, 0x00000000e7c00000|100%| E|CS|TAMS 0x00000000e7b00000, 0x00000000e7b00000| Complete 
| 124|0x00000000e7c00000, 0x00000000e7d00000, 0x00000000e7d00000|100%| E|CS|TAMS 0x00000000e7c00000, 0x00000000e7c00000| Complete 
| 125|0x00000000e7d00000, 0x00000000e7e00000, 0x00000000e7e00000|100%| E|CS|TAMS 0x00000000e7d00000, 0x00000000e7d00000| Complete 

Card table byte_map: [0x00000204744b0000,0x00000204745b0000] _byte_map_base: 0x0000020473db0000

Marking Bits (Prev, Next): (CMBitMap*) 0x000002046c5db280, (CMBitMap*) 0x000002046c5db2c0
 Prev Bits: [0x00000204746b0000, 0x0000020474eb0000)
 Next Bits: [0x0000020474eb0000, 0x00000204756b0000)

Polling page: 0x000002046a4b0000

Metaspace:

Usage:
  Non-class:      9.62 MB used.
      Class:      1.30 MB used.
       Both:     10.92 MB used.

Virtual space:
  Non-class space:       16.00 MB reserved,       9.75 MB ( 61%) committed,  2 nodes.
      Class space:        1.00 GB reserved,       1.44 MB ( <1%) committed,  1 nodes.
             Both:        1.02 GB reserved,      11.19 MB (  1%) committed. 

Chunk freelists:
   Non-Class:  1.64 MB
       Class:  2.57 MB
        Both:  4.21 MB

MaxMetaspaceSize: unlimited
CompressedClassSpaceSize: 1.00 GB
Initial GC threshold: 21.00 MB
Current GC threshold: 21.00 MB
CDS: on
MetaspaceReclaimPolicy: balanced
 - commit_granule_bytes: 65536.
 - commit_granule_words: 8192.
 - virtual_space_node_default_size: 1048576.
 - enlarge_chunks_in_place: 1.
 - new_chunks_are_fully_committed: 0.
 - uncommit_free_chunks: 1.
 - use_allocation_guard: 0.
 - handle_deallocations: 1.


Internal statistics:

num_allocs_failed_limit: 0.
num_arena_births: 194.
num_arena_deaths: 0.
num_vsnodes_births: 3.
num_vsnodes_deaths: 0.
num_space_committed: 179.
num_space_uncommitted: 0.
num_chunks_returned_to_freelist: 0.
num_chunks_taken_from_freelist: 582.
num_chunk_merges: 0.
num_chunk_splits: 325.
num_chunks_enlarged: 191.
num_purges: 0.
num_inconsistent_stats: 0.

CodeHeap 'non-profiled nmethods': size=120000Kb used=779Kb max_used=779Kb free=119220Kb
 bounds [0x0000020407ad0000, 0x0000020407d40000, 0x000002040f000000]
CodeHeap 'profiled nmethods': size=120000Kb used=5000Kb max_used=5000Kb free=115000Kb
 bounds [0x0000020400000000, 0x00000204004f0000, 0x0000020407530000]
CodeHeap 'non-nmethods': size=5760Kb used=1243Kb max_used=1316Kb free=4516Kb
 bounds [0x0000020407530000, 0x00000204077a0000, 0x0000020407ad0000]
 total_blobs=2833 nmethods=2367 adapters=378
 compilation: enabled
              stopped_count=0, restarted_count=0
 full_count=0

Compilation events (20 events):
Event: 26.159 Thread 0x00000204780c7c80 nmethod 2340 0x00000204004c1890 code [0x00000204004c1a80, 0x00000204004c1ec8]
Event: 26.159 Thread 0x00000204780c7c80 2341   !   2       org.junit.platform.engine.support.hierarchical.ThrowableCollector::execute (45 bytes)
Event: 26.159 Thread 0x00000204780c7c80 nmethod 2341 0x00000204004c2090 code [0x00000204004c2260, 0x00000204004c24f8]
Event: 26.160 Thread 0x00000204780c7c80 2342       2       java.util.stream.StreamSpliterators$WrappingSpliterator::forEachRemaining (63 bytes)
Event: 26.160 Thread 0x00000204780c7c80 nmethod 2342 0x00000204004c2710 code [0x00000204004c2940, 0x00000204004c2ef8]
Event: 26.160 Thread 0x00000204780c7c80 2343       2       java.util.stream.StreamSpliterators$WrappingSpliterator$$Lambda$36/0x0000000800c5e2a8::<init> (10 bytes)
Event: 26.160 Thread 0x00000204780c7c80 nmethod 2343 0x00000204004c3210 code [0x00000204004c33a0, 0x00000204004c34f8]
Event: 26.160 Thread 0x00000204780c7c80 2345       2       java.lang.invoke.DirectMethodHandle$Holder::newInvokeSpecial (24 bytes)
Event: 26.160 Thread 0x00000204780c7c80 nmethod 2345 0x00000204004c3590 code [0x00000204004c3740, 0x00000204004c3948]
Event: 26.160 Thread 0x00000204780c7c80 2344       2       org.junit.jupiter.engine.execution.JupiterEngineExecutionContext::getExtensionContext (17 bytes)
Event: 26.160 Thread 0x00000204780c7c80 nmethod 2344 0x00000204004c3b10 code [0x00000204004c3cc0, 0x00000204004c3e28]
Event: 26.160 Thread 0x00000204780c7c80 2346       2       org.junit.jupiter.engine.execution.ExecutableInvoker::$jacocoInit (53 bytes)
Event: 26.161 Thread 0x00000204780c7c80 nmethod 2346 0x00000204004c3f90 code [0x00000204004c4160, 0x00000204004c4698]
Event: 26.161 Thread 0x00000204780c7c80 2347       2       java.util.ArrayList$ArrayListSpliterator::tryAdvance (79 bytes)
Event: 26.161 Thread 0x00000204780c7c80 nmethod 2347 0x00000204004c4890 code [0x00000204004c4a80, 0x00000204004c4dc8]
Event: 26.161 Thread 0x00000204780c7c80 2348       2       java.util.stream.StreamSpliterators$WrappingSpliterator$$Lambda$335/0x0000000800ce8ed8::getAsBoolean (8 bytes)
Event: 26.161 Thread 0x00000204780c7c80 nmethod 2348 0x00000204004c5010 code [0x00000204004c51a0, 0x00000204004c52e8]
Event: 26.161 Thread 0x00000204780c7c80 2349       2       org.junit.platform.engine.UniqueId$Segment::<init> (45 bytes)
Event: 26.161 Thread 0x00000204780c7c80 nmethod 2349 0x00000204004c5410 code [0x00000204004c55e0, 0x00000204004c58a8]
Event: 26.161 Thread 0x00000204780c7c80 2350       2       org.gradle.internal.serialize.kryo.KryoBackedEncoder::$jacocoInit (52 bytes)

GC Heap History (4 events):
Event: 0.717 GC heap before
{Heap before GC invocations=0 (full 0):
 garbage-first heap   total 129024K, used 23552K [0x00000000e0000000, 0x0000000100000000)
  region size 1024K, 23 young (23552K), 0 survivors (0K)
 Metaspace       used 3925K, committed 4096K, reserved 1056768K
  class space    used 382K, committed 448K, reserved 1048576K
}
Event: 0.722 GC heap after
{Heap after GC invocations=1 (full 0):
 garbage-first heap   total 129024K, used 6976K [0x00000000e0000000, 0x0000000100000000)
  region size 1024K, 3 young (3072K), 3 survivors (3072K)
 Metaspace       used 3925K, committed 4096K, reserved 1056768K
  class space    used 382K, committed 448K, reserved 1048576K
}
Event: 1.178 GC heap before
{Heap before GC invocations=1 (full 0):
 garbage-first heap   total 129024K, used 36672K [0x00000000e0000000, 0x0000000100000000)
  region size 1024K, 32 young (32768K), 3 survivors (3072K)
 Metaspace       used 6847K, committed 7040K, reserved 1056768K
  class space    used 766K, committed 896K, reserved 1048576K
}
Event: 1.183 GC heap after
{Heap after GC invocations=2 (full 0):
 garbage-first heap   total 129024K, used 9216K [0x00000000e0000000, 0x0000000100000000)
  region size 1024K, 2 young (2048K), 2 survivors (2048K)
 Metaspace       used 6847K, committed 7040K, reserved 1056768K
  class space    used 766K, committed 896K, reserved 1048576K
}

Dll operation events (10 events):
Event: 0.017 Loaded shared library C:\Users\allur\.jdks\corretto-17.0.6\bin\java.dll
Event: 0.024 Loaded shared library C:\Users\allur\.jdks\corretto-17.0.6\bin\jsvml.dll
Event: 0.199 Loaded shared library C:\Users\allur\.jdks\corretto-17.0.6\bin\zip.dll
Event: 0.206 Loaded shared library C:\Users\allur\.jdks\corretto-17.0.6\bin\instrument.dll
Event: 0.213 Loaded shared library C:\Users\allur\.jdks\corretto-17.0.6\bin\net.dll
Event: 0.215 Loaded shared library C:\Users\allur\.jdks\corretto-17.0.6\bin\nio.dll
Event: 0.222 Loaded shared library C:\Users\allur\.jdks\corretto-17.0.6\bin\zip.dll
Event: 0.338 Loaded shared library C:\Users\allur\.jdks\corretto-17.0.6\bin\verify.dll
Event: 0.574 Loaded shared library C:\Users\allur\.jdks\corretto-17.0.6\bin\jimage.dll
Event: 1.027 Loaded shared library C:\Users\allur\.jdks\corretto-17.0.6\bin\sunmscapi.dll

Deoptimization events (20 events):
Event: 26.084 Thread 0x000002047b086070 DEOPT PACKING pc=0x0000020400273344 sp=0x000000869f4fe0a0
Event: 26.084 Thread 0x000002047b086070 DEOPT UNPACKING pc=0x0000020407587143 sp=0x000000869f4fd588 mode 1
Event: 26.085 Thread 0x000002047b086070 DEOPT PACKING pc=0x0000020400274a3c sp=0x000000869f4fe090
Event: 26.085 Thread 0x000002047b086070 DEOPT UNPACKING pc=0x0000020407587143 sp=0x000000869f4fd4e0 mode 1
Event: 26.085 Thread 0x000002047b086070 DEOPT PACKING pc=0x0000020400273344 sp=0x000000869f4fe180
Event: 26.085 Thread 0x000002047b086070 DEOPT UNPACKING pc=0x0000020407587143 sp=0x000000869f4fd668 mode 1
Event: 26.089 Thread 0x000002046c5ae500 DEOPT PACKING pc=0x0000020400045a05 sp=0x000000869d5f9e10
Event: 26.089 Thread 0x000002046c5ae500 DEOPT UNPACKING pc=0x0000020407587143 sp=0x000000869d5f92b0 mode 0
Event: 26.092 Thread 0x000002046c5ae500 DEOPT PACKING pc=0x00000204001202c2 sp=0x000000869d5f8200
Event: 26.092 Thread 0x000002046c5ae500 DEOPT UNPACKING pc=0x0000020407587143 sp=0x000000869d5f76a0 mode 0
Event: 26.093 Thread 0x000002047b086070 DEOPT PACKING pc=0x000002040002dcbe sp=0x000000869f4fd640
Event: 26.093 Thread 0x000002047b086070 DEOPT UNPACKING pc=0x0000020407587143 sp=0x000000869f4fcab8 mode 0
Event: 26.103 Thread 0x000002047b086070 DEOPT PACKING pc=0x000002040002dcbe sp=0x000000869f4fd990
Event: 26.103 Thread 0x000002047b086070 DEOPT UNPACKING pc=0x0000020407587143 sp=0x000000869f4fce08 mode 0
Event: 26.110 Thread 0x000002046c5ae500 DEOPT PACKING pc=0x00000204001b4897 sp=0x000000869d5f8050
Event: 26.110 Thread 0x000002046c5ae500 DEOPT UNPACKING pc=0x0000020407587143 sp=0x000000869d5f74c0 mode 0
Event: 26.116 Thread 0x000002046c5ae500 DEOPT PACKING pc=0x00000204001202c2 sp=0x000000869d5f8010
Event: 26.116 Thread 0x000002046c5ae500 DEOPT UNPACKING pc=0x0000020407587143 sp=0x000000869d5f74b0 mode 0
Event: 26.122 Thread 0x000002046c5ae500 DEOPT PACKING pc=0x00000204001202c2 sp=0x000000869d5f8010
Event: 26.122 Thread 0x000002046c5ae500 DEOPT UNPACKING pc=0x0000020407587143 sp=0x000000869d5f74b0 mode 0

Classes unloaded (0 events):
No events

Classes redefined (0 events):
No events

Internal exceptions (20 events):
Event: 1.544 Thread 0x000002046c5ae500 Exception <a 'java/lang/IncompatibleClassChangeError'{0x00000000e6079cc0}: Found class java.lang.Object, but interface was expected> (0x00000000e6079cc0) 
thrown [s\src\hotspot\share\interpreter\linkResolver.cpp, line 826]
Event: 1.560 Thread 0x000002046c5ae500 Exception <a 'java/lang/IncompatibleClassChangeError'{0x00000000e5f2e2b0}: Found class java.lang.Object, but interface was expected> (0x00000000e5f2e2b0) 
thrown [s\src\hotspot\share\interpreter\linkResolver.cpp, line 826]
Event: 1.574 Thread 0x000002046c5ae500 Exception <a 'java/lang/NoSuchMethodError'{0x00000000e5e015c0}: 'void java.lang.invoke.DirectMethodHandle$Holder.invokeSpecial(java.lang.Object, java.lang.Object, java.lang.Object, java.lang.Object, java.lang.Object)'> (0x00000000e5e015c0) 
thrown [s\src\hotspot\share\interpreter\linkResolver.cpp, line 759]
Event: 1.595 Thread 0x000002046c5ae500 Exception <a 'java/lang/NoSuchMethodError'{0x00000000e5b3f5a0}: 'void java.lang.invoke.DirectMethodHandle$Holder.invokeInterface(java.lang.Object, java.lang.Object, java.lang.Object, java.lang.Object)'> (0x00000000e5b3f5a0) 
thrown [s\src\hotspot\share\interpreter\linkResolver.cpp, line 759]
Event: 1.596 Thread 0x000002046c5ae500 Exception <a 'java/lang/IncompatibleClassChangeError'{0x00000000e5b42cd0}: Found class java.lang.Object, but interface was expected> (0x00000000e5b42cd0) 
thrown [s\src\hotspot\share\interpreter\linkResolver.cpp, line 826]
Event: 1.621 Thread 0x000002046c5ae500 Exception <a 'java/lang/NoSuchMethodError'{0x00000000e5903690}: 'int java.lang.invoke.DirectMethodHandle$Holder.invokeStatic(java.lang.Object, java.lang.Object, java.lang.Object, java.lang.Object)'> (0x00000000e5903690) 
thrown [s\src\hotspot\share\interpreter\linkResolver.cpp, line 759]
Event: 1.621 Thread 0x000002046c5ae500 Exception <a 'java/lang/NoSuchMethodError'{0x00000000e5907010}: 'java.lang.Object java.lang.invoke.Invokers$Holder.invokeExact_MT(java.lang.Object, java.lang.Object, java.lang.Object, java.lang.Object, java.lang.Object, java.lang.Object)'> (0x00000000e5907010) 
thrown [s\src\hotspot\share\interpreter\linkResolver.cpp, line 759]
Event: 1.624 Thread 0x000002046c5ae500 Exception <a 'java/lang/NoSuchMethodError'{0x00000000e5917138}: 'int java.lang.invoke.DirectMethodHandle$Holder.invokeStatic(java.lang.Object, java.lang.Object, java.lang.Object, java.lang.Object, java.lang.Object)'> (0x00000000e5917138) 
thrown [s\src\hotspot\share\interpreter\linkResolver.cpp, line 759]
Event: 1.641 Thread 0x000002046c5ae500 Exception <a 'java/lang/NoSuchMethodError'{0x00000000e59fe3b0}: 'void java.lang.invoke.DirectMethodHandle$Holder.invokeStaticInit(java.lang.Object)'> (0x00000000e59fe3b0) 
thrown [s\src\hotspot\share\interpreter\linkResolver.cpp, line 759]
Event: 1.676 Thread 0x000002046c5ae500 Exception <a 'java/lang/NoSuchMethodError'{0x00000000e56da528}: 'java.lang.Object java.lang.invoke.DirectMethodHandle$Holder.newInvokeSpecial(java.lang.Object, java.lang.Object, int)'> (0x00000000e56da528) 
thrown [s\src\hotspot\share\interpreter\linkResolver.cpp, line 759]
Event: 1.689 Thread 0x000002046c5ae500 Exception <a 'java/lang/NoSuchMethodError'{0x00000000e5577c08}: 'int java.lang.invoke.DirectMethodHandle$Holder.invokeStaticInit(java.lang.Object, java.lang.Object)'> (0x00000000e5577c08) 
thrown [s\src\hotspot\share\interpreter\linkResolver.cpp, line 759]
Event: 1.743 Thread 0x000002046c5ae500 Exception <a 'java/lang/NoSuchMethodError'{0x00000000e5395bf8}: 'java.lang.Object java.lang.invoke.DirectMethodHandle$Holder.newInvokeSpecial(java.lang.Object, java.lang.Object, java.lang.Object, java.lang.Object, java.lang.Object, java.lang.Object, java.lang.Object)'> (0x00000000e5395bf8) 
thrown [s\src\hotspot\share\interpreter\linkResolver.cpp, line 759]
Event: 1.743 Thread 0x000002046c5ae500 Exception <a 'java/lang/NoSuchMethodError'{0x00000000e539a7b0}: 'java.lang.Object java.lang.invoke.Invokers$Holder.linkToTargetMethod(java.lang.Object, java.lang.Object, java.lang.Object, java.lang.Object, java.lang.Object, java.lang.Object, java.lang.Object)'> (0x00000000e539a7b0) 
thrown [s\src\hotspot\share\interpreter\linkResolver.cpp, line 759]
Event: 1.744 Thread 0x000002046c5ae500 Exception <a 'java/lang/NoSuchMethodError'{0x00000000e53a0f20}: 'java.lang.Object java.lang.invoke.DirectMethodHandle$Holder.invokeInterface(java.lang.Object, java.lang.Object, java.lang.Object, java.lang.Object, java.lang.Object)'> (0x00000000e53a0f20) 
thrown [s\src\hotspot\share\interpreter\linkResolver.cpp, line 759]
Event: 1.745 Thread 0x000002046c5ae500 Exception <a 'java/lang/IncompatibleClassChangeError'{0x00000000e53a4d18}: Found class java.lang.Object, but interface was expected> (0x00000000e53a4d18) 
thrown [s\src\hotspot\share\interpreter\linkResolver.cpp, line 826]
Event: 1.756 Thread 0x000002046c5ae500 Exception <a 'java/lang/NoSuchMethodError'{0x00000000e522fae8}: 'int java.lang.invoke.DirectMethodHandle$Holder.invokeInterface(java.lang.Object, java.lang.Object)'> (0x00000000e522fae8) 
thrown [s\src\hotspot\share\interpreter\linkResolver.cpp, line 759]
Event: 1.763 Thread 0x000002046c5ae500 Exception <a 'java/lang/IncompatibleClassChangeError'{0x00000000e525fee8}: Found class java.lang.Object, but interface was expected> (0x00000000e525fee8) 
thrown [s\src\hotspot\share\interpreter\linkResolver.cpp, line 826]
Event: 26.034 Thread 0x000002046c5ae500 Exception <a 'java/lang/reflect/InvocationTargetException'{0x00000000e4bd98d8}> (0x00000000e4bd98d8) 
thrown [s\src\hotspot\share\runtime\reflection.cpp, line 1121]
Event: 26.088 Thread 0x000002047b086070 Exception <a 'java/lang/NoSuchMethodError'{0x00000000e479d040}: static [Ljava/lang/StackTraceElement;.<clinit>()V> (0x00000000e479d040) 
thrown [s\src\hotspot\share\prims\jni.cpp, line 1107]
Event: 26.101 Thread 0x000002047b086070 Exception <a 'java/lang/NoSuchMethodError'{0x00000000e47df2a0}: static [B.<clinit>()V> (0x00000000e47df2a0) 
thrown [s\src\hotspot\share\prims\jni.cpp, line 1107]

VM Operations (20 events):
Event: 25.094 Executing VM operation: ChangeSingleStep
Event: 25.094 Executing VM operation: ChangeSingleStep done
Event: 25.103 Executing VM operation: get/set locals
Event: 25.104 Executing VM operation: get/set locals done
Event: 25.104 Executing VM operation: get/set locals
Event: 25.104 Executing VM operation: get/set locals done
Event: 25.104 Executing VM operation: get/set locals
Event: 25.104 Executing VM operation: get/set locals done
Event: 25.104 Executing VM operation: get/set locals
Event: 25.105 Executing VM operation: get/set locals done
Event: 25.105 Executing VM operation: get/set locals
Event: 25.106 Executing VM operation: get/set locals done
Event: 25.816 Executing VM operation: ChangeBreakpoints
Event: 25.816 Executing VM operation: ChangeBreakpoints done
Event: 25.816 Executing VM operation: ChangeBreakpoints
Event: 25.816 Executing VM operation: ChangeBreakpoints done
Event: 25.816 Executing VM operation: ChangeBreakpoints
Event: 25.817 Executing VM operation: ChangeBreakpoints done
Event: 25.817 Executing VM operation: ChangeBreakpoints
Event: 25.817 Executing VM operation: ChangeBreakpoints done

Events (20 events):
Event: 26.055 loading class java/lang/StackTraceElement$HashedModules
Event: 26.055 loading class java/lang/StackTraceElement$HashedModules done
Event: 26.060 loading class java/io/ObjectOutputStream$BlockDataOutputStream
Event: 26.060 loading class java/io/ObjectOutputStream$BlockDataOutputStream done
Event: 26.060 loading class java/io/ObjectOutputStream$HandleTable
Event: 26.060 loading class java/io/ObjectOutputStream$HandleTable done
Event: 26.060 loading class java/io/ObjectOutputStream$ReplaceTable
Event: 26.061 loading class java/io/ObjectOutputStream$ReplaceTable done
Event: 26.083 loading class java/nio/charset/CharacterCodingException
Event: 26.084 loading class java/nio/charset/CharacterCodingException done
Event: 26.087 loading class jdk/internal/reflect/UnsafeQualifiedStaticObjectFieldAccessorImpl
Event: 26.087 loading class jdk/internal/reflect/UnsafeQualifiedStaticObjectFieldAccessorImpl done
Event: 26.088 loading class java/util/Collections$EmptyListIterator
Event: 26.088 loading class java/util/Collections$EmptyListIterator done
Event: 26.096 loading class java/util/function/UnaryOperator
Event: 26.096 loading class java/util/function/UnaryOperator done
Event: 26.138 loading class jdk/internal/reflect/UnsafeLongFieldAccessorImpl
Event: 26.139 loading class jdk/internal/reflect/UnsafeLongFieldAccessorImpl done
Event: 26.139 loading class jdk/internal/reflect/UnsafeObjectFieldAccessorImpl
Event: 26.139 loading class jdk/internal/reflect/UnsafeObjectFieldAccessorImpl done


Dynamic libraries:
0x00007ff750320000 - 0x00007ff75032d000 	C:\Users\allur\.jdks\corretto-17.0.6\bin\java.exe
0x00007ffad9730000 - 0x00007ffad9944000 	C:\WINDOWS\SYSTEM32\ntdll.dll
0x00007ffad9000000 - 0x00007ffad90c3000 	C:\WINDOWS\System32\KERNEL32.DLL
0x00007ffad6e20000 - 0x00007ffad71bc000 	C:\WINDOWS\System32\KERNELBASE.dll
0x0000000074130000 - 0x0000000074461000 	C:\Program Files\Norton Security\NortonData\22.20.5.39\Definitions\IPSDefs\20230310.061\IPSEng64.dll
0x00007ffad8410000 - 0x00007ffad84be000 	C:\WINDOWS\System32\ADVAPI32.dll
0x00007ffad76c0000 - 0x00007ffad7767000 	C:\WINDOWS\System32\msvcrt.dll
0x00007ffad7610000 - 0x00007ffad76b4000 	C:\WINDOWS\System32\sechost.dll
0x00007ffad7770000 - 0x00007ffad7885000 	C:\WINDOWS\System32\RPCRT4.dll
0x00007ffad8b80000 - 0x00007ffad8b88000 	C:\WINDOWS\System32\PSAPI.DLL
0x00007ffad6b70000 - 0x00007ffad6c81000 	C:\WINDOWS\System32\ucrtbase.dll
0x00007ffab9b00000 - 0x00007ffab9b15000 	C:\Users\allur\.jdks\corretto-17.0.6\bin\VCRUNTIME140.dll
0x00007ffaba840000 - 0x00007ffaba857000 	C:\Users\allur\.jdks\corretto-17.0.6\bin\jli.dll
0x00007ffad8cb0000 - 0x00007ffad8e5d000 	C:\WINDOWS\System32\USER32.dll
0x00007ffad73b0000 - 0x00007ffad73d6000 	C:\WINDOWS\System32\win32u.dll
0x00007ffad85c0000 - 0x00007ffad85e9000 	C:\WINDOWS\System32\GDI32.dll
0x00007ffab8200000 - 0x00007ffab848e000 	C:\WINDOWS\WinSxS\amd64_microsoft.windows.common-controls_6595b64144ccf1df_6.0.22621.608_none_a9444ca7c10bb01d\COMCTL32.dll
0x00007ffad6d00000 - 0x00007ffad6e12000 	C:\WINDOWS\System32\gdi32full.dll
0x00007ffad73e0000 - 0x00007ffad747a000 	C:\WINDOWS\System32\msvcp_win.dll
0x00007ffad90d0000 - 0x00007ffad9102000 	C:\WINDOWS\System32\IMM32.DLL
0x00007ffa8af50000 - 0x00007ffa8afeb000 	C:\Users\allur\.jdks\corretto-17.0.6\bin\msvcp140.dll
0x00007ffa49a70000 - 0x00007ffa4a688000 	C:\Users\allur\.jdks\corretto-17.0.6\bin\server\jvm.dll
0x00007ffab7c90000 - 0x00007ffab7c99000 	C:\WINDOWS\SYSTEM32\WSOCK32.dll
0x00007ffacb760000 - 0x00007ffacb794000 	C:\WINDOWS\SYSTEM32\WINMM.dll
0x00007ffac7a00000 - 0x00007ffac7a0a000 	C:\WINDOWS\SYSTEM32\VERSION.dll
0x00007ffad8540000 - 0x00007ffad85b1000 	C:\WINDOWS\System32\WS2_32.dll
0x00007ffad5b30000 - 0x00007ffad5b48000 	C:\WINDOWS\SYSTEM32\kernel.appcore.dll
0x00007ffac0350000 - 0x00007ffac035a000 	C:\Users\allur\.jdks\corretto-17.0.6\bin\jimage.dll
0x00007ffad44f0000 - 0x00007ffad471e000 	C:\WINDOWS\SYSTEM32\DBGHELP.DLL
0x00007ffad85f0000 - 0x00007ffad897a000 	C:\WINDOWS\System32\combase.dll
0x00007ffad8a40000 - 0x00007ffad8b17000 	C:\WINDOWS\System32\OLEAUT32.dll
0x00007ffab5280000 - 0x00007ffab52b2000 	C:\WINDOWS\SYSTEM32\dbgcore.DLL
0x00007ffad71c0000 - 0x00007ffad723b000 	C:\WINDOWS\System32\bcryptPrimitives.dll
0x00007ffaba5a0000 - 0x00007ffaba5d9000 	C:\Users\allur\.jdks\corretto-17.0.6\bin\jdwp.dll
0x00007ffaca460000 - 0x00007ffaca46e000 	C:\Users\allur\.jdks\corretto-17.0.6\bin\instrument.dll
0x00007ffab7a80000 - 0x00007ffab7aa5000 	C:\Users\allur\.jdks\corretto-17.0.6\bin\java.dll
0x00007ffa871b0000 - 0x00007ffa87286000 	C:\Users\allur\.jdks\corretto-17.0.6\bin\jsvml.dll
0x00007ffad7890000 - 0x00007ffad807f000 	C:\WINDOWS\System32\SHELL32.dll
0x00007ffad4b40000 - 0x00007ffad5408000 	C:\WINDOWS\SYSTEM32\windows.storage.dll
0x00007ffad4a00000 - 0x00007ffad4b3e000 	C:\WINDOWS\SYSTEM32\wintypes.dll
0x00007ffad8b90000 - 0x00007ffad8c81000 	C:\WINDOWS\System32\SHCORE.dll
0x00007ffad9110000 - 0x00007ffad916e000 	C:\WINDOWS\System32\shlwapi.dll
0x00007ffad6aa0000 - 0x00007ffad6ac1000 	C:\WINDOWS\SYSTEM32\profapi.dll
0x00007ffaca2d0000 - 0x00007ffaca2dc000 	C:\Users\allur\.jdks\corretto-17.0.6\bin\dt_socket.dll
0x00007ffad5660000 - 0x00007ffad568d000 	C:\WINDOWS\SYSTEM32\IPHLPAPI.DLL
0x00007ffad5ff0000 - 0x00007ffad6059000 	C:\WINDOWS\system32\mswsock.dll
0x00007ffab4f10000 - 0x00007ffab4f28000 	C:\Users\allur\.jdks\corretto-17.0.6\bin\zip.dll
0x00007ffab7a60000 - 0x00007ffab7a79000 	C:\Users\allur\.jdks\corretto-17.0.6\bin\net.dll
0x00007ffacb490000 - 0x00007ffacb5bf000 	C:\WINDOWS\SYSTEM32\WINHTTP.dll
0x00007ffab4fa0000 - 0x00007ffab4fb5000 	C:\Users\allur\.jdks\corretto-17.0.6\bin\nio.dll
0x00007ffabf190000 - 0x00007ffabf1a0000 	C:\Users\allur\.jdks\corretto-17.0.6\bin\verify.dll
0x00007ffa95bd0000 - 0x00007ffa95be7000 	C:\WINDOWS\system32\napinsp.dll
0x00007ffa95c10000 - 0x00007ffa95c2b000 	C:\WINDOWS\system32\pnrpnsp.dll
0x00007ffad56d0000 - 0x00007ffad57c3000 	C:\WINDOWS\SYSTEM32\DNSAPI.dll
0x00007ffad8530000 - 0x00007ffad8539000 	C:\WINDOWS\System32\NSI.dll
0x00007ffa95bf0000 - 0x00007ffa95c01000 	C:\WINDOWS\System32\winrnr.dll
0x00007ffaca040000 - 0x00007ffaca055000 	C:\WINDOWS\system32\wshbth.dll
0x00007ffa95b60000 - 0x00007ffa95b81000 	C:\WINDOWS\system32\nlansp_c.dll
0x00007ffac1a00000 - 0x00007ffac1a0a000 	C:\Windows\System32\rasadhlp.dll
0x00007ffac7df0000 - 0x00007ffac7e73000 	C:\WINDOWS\System32\fwpuclnt.dll
0x00007ffabdf30000 - 0x00007ffabdf3e000 	C:\Users\allur\.jdks\corretto-17.0.6\bin\sunmscapi.dll
0x00007ffad7240000 - 0x00007ffad73a6000 	C:\WINDOWS\System32\CRYPT32.dll
0x00007ffad6460000 - 0x00007ffad648d000 	C:\WINDOWS\SYSTEM32\ncrypt.dll
0x00007ffad6420000 - 0x00007ffad6457000 	C:\WINDOWS\SYSTEM32\NTASN1.dll
0x00007ffabab20000 - 0x00007ffabab28000 	C:\WINDOWS\system32\wshunix.dll
0x00007ffad6230000 - 0x00007ffad624b000 	C:\WINDOWS\SYSTEM32\CRYPTSP.dll
0x00007ffad5af0000 - 0x00007ffad5b25000 	C:\WINDOWS\system32\rsaenh.dll
0x00007ffad60c0000 - 0x00007ffad60e8000 	C:\WINDOWS\SYSTEM32\USERENV.dll
0x00007ffad6490000 - 0x00007ffad64b8000 	C:\WINDOWS\SYSTEM32\bcrypt.dll
0x00007ffad6280000 - 0x00007ffad628c000 	C:\WINDOWS\SYSTEM32\CRYPTBASE.dll
0x00007ffacbb40000 - 0x00007ffacbb59000 	C:\WINDOWS\SYSTEM32\dhcpcsvc6.DLL
0x00007ffacb300000 - 0x00007ffacb31f000 	C:\WINDOWS\SYSTEM32\dhcpcsvc.DLL

dbghelp: loaded successfully - version: 4.0.5 - missing functions: none
symbol engine: initialized successfully - sym options: 0x614 - pdb path: .;C:\Users\allur\.jdks\corretto-17.0.6\bin;C:\WINDOWS\SYSTEM32;C:\Program Files\Norton Security\NortonData\22.20.5.39\Definitions\IPSDefs\20230310.061;C:\WINDOWS\WinSxS\amd64_microsoft.windows.common-controls_6595b64144ccf1df_6.0.22621.608_none_a9444ca7c10bb01d;C:\Users\allur\.jdks\corretto-17.0.6\bin\server

VM Arguments:
jvm_args: -Dorg.gradle.internal.worker.tmpdir=C:\Users\allur\oopp-team-11\server\build\tmp\test\work -Dorg.gradle.native=false -agentlib:jdwp=transport=dt_socket,server=n,suspend=y,address=127.0.0.1:50716 -javaagent:build/tmp/expandedArchives/org.jacoco.agent-0.8.8.jar_a33b649e552c51298e5a242c2f0d0e3c/jacocoagent.jar=destfile=build/jacoco/test.exec,append=true,inclnolocationclasses=false,dumponexit=true,output=file,jmx=false -Xmx512m -Dfile.encoding=windows-1252 -Duser.country=GB -Duser.language=en -Duser.variant -ea 
java_command: worker.org.gradle.process.internal.worker.GradleWorkerMain 'Gradle Test Executor 2'
java_class_path (initial): C:\\Users\\allur\\.gradle\\caches\\7.6.1\\workerMain\\gradle-worker.jar;C:\\Users\\allur\\oopp-team-11\\server\\build\\classes\\java\\test;C:\\Users\\allur\\oopp-team-11\\server\\build\\classes\\java\\main;C:\\Users\\allur\\oopp-team-11\\server\\build\\resources\\main;C:\\Users\\allur\\oopp-team-11\\commons\\build\\libs\\commons-0.0.1-SNAPSHOT.jar;C:\\Users\\allur\\.gradle\\caches\\modules-2\\files-2.1\\org.apache.commons\\commons-lang3\\3.12.0\\c6842c86792ff03b9f1d1fe2aab8dc23aa6c6f0e\\commons-lang3-3.12.0.jar;C:\\Users\\allur\\.gradle\\caches\\modules-2\\files-2.1\\org.springframework.boot\\spring-boot-starter-web\\2.6.3\\ceb6e909c144daf9e792069f5f0efd105c8712a\\spring-boot-starter-web-2.6.3.jar;C:\\Users\\allur\\.gradle\\caches\\modules-2\\files-2.1\\org.springframework.boot\\spring-boot-starter-data-jpa\\2.6.3\\74c60a724e4f81c7527b848ee24e91ba6facfe24\\spring-boot-starter-data-jpa-2.6.3.jar;C:\\Users\\allur\\.gradle\\caches\\modules-2\\files-2.1\\com.h2database\\h2\\1.4.200\\f7533fe7cb8e99c87a43d325a77b4b678ad9031a\\h2-1.4.200.jar;C:\\Users\\allur\\.gradle\\caches\\modules-2\\files-2.1\\org.junit.platform\\junit-platform-engine\\1.8.2\\b737de09f19864bd136805c84df7999a142fec29\\junit-platform-engine-1.8.2.jar;C:\\Users\\allur\\.gradle\\caches\\modules-2\\files-2.1\\org.junit.platform\\junit-platform-commons\\1.8.2\\32c8b8617c1342376fd5af2053da6410d8866861\\junit-platform-commons-1.8.2.jar;C:\\Users\\allur\\.gradle\\caches\\modules-2\\files-2.1\\org.springframework.boot\\spring-boot-starter-test\\2.6.3\\1ac659fc8c6d7285218b7ff79d67b87736f4ddf2\\spring-boot-starter-test-2.6.3.jar;C:\\Users\\allur\\.gradle\\caches\\modules-2\\files-2.1\\org.junit.jupiter\\junit-jupiter\\5.8.2\\5a817b1e63f1217e5c586090c45e681281f097ad\\junit-jupiter-5.8.2.jar;C:\\Users\\allur\\.gradle\\caches\\modules-2\\files-2.1\\org.junit.jupiter\\junit-jupiter-params\\5.8.2\\ddeafe92fc263f895bfb73ffeca7fd56e23c2cce\\junit-jupiter-params-5.8.2.jar;C:\\Users\\allur\\.gr
Launcher Type: SUN_STANDARD

[Global flags]
     intx CICompilerCount                          = 4                                         {product} {ergonomic}
     uint ConcGCThreads                            = 2                                         {product} {ergonomic}
     uint G1ConcRefinementThreads                  = 8                                         {product} {ergonomic}
   size_t G1HeapRegionSize                         = 1048576                                   {product} {ergonomic}
    uintx GCDrainStackTargetSize                   = 64                                        {product} {ergonomic}
   size_t InitialHeapSize                          = 132120576                                 {product} {ergonomic}
   size_t MarkStackSize                            = 4194304                                   {product} {ergonomic}
   size_t MaxHeapSize                              = 536870912                                 {product} {command line}
   size_t MaxNewSize                               = 321912832                                 {product} {ergonomic}
   size_t MinHeapDeltaBytes                        = 1048576                                   {product} {ergonomic}
   size_t MinHeapSize                              = 8388608                                   {product} {ergonomic}
    uintx NonNMethodCodeHeapSize                   = 5839372                                {pd product} {ergonomic}
    uintx NonProfiledCodeHeapSize                  = 122909434                              {pd product} {ergonomic}
    uintx ProfiledCodeHeapSize                     = 122909434                              {pd product} {ergonomic}
    uintx ReservedCodeCacheSize                    = 251658240                              {pd product} {ergonomic}
     bool SegmentedCodeCache                       = true                                      {product} {ergonomic}
   size_t SoftMaxHeapSize                          = 536870912                              {manageable} {ergonomic}
     bool UseCompressedClassPointers               = true                           {product lp64_product} {ergonomic}
     bool UseCompressedOops                        = true                           {product lp64_product} {ergonomic}
     bool UseG1GC                                  = true                                      {product} {ergonomic}
     bool UseLargePagesIndividualAllocation        = false                                  {pd product} {ergonomic}

Logging:
Log output configuration:
 #0: stdout all=warning uptime,level,tags
 #1: stderr all=off uptime,level,tags

Environment Variables:
JAVA_HOME=C:\Program Files\Java\jdk-19
PATH=C:\Program Files\Common Files\Oracle\Java\javapath;C:\Program Files (x86)\Common Files\Oracle\Java\javapath;C:\Program Files (x86)\EasyPHP-DevServer-14.1VC11\binaries\php\php_runningversion;C:\WINDOWS\system32;C:\WINDOWS;C:\WINDOWS\System32\Wbem;C:\WINDOWS\System32\WindowsPowerShell\v1.0\;C:\WINDOWS\System32\OpenSSH\;C:\Program Files\Microchip\xc32\v4.00\bin;C:\Program Files\nodejs\;C:\Program Files\nodejs;C:\Program Files\Git\cmd;C:\Program Files\Java\jdk-19\bin;C:\Users\allur\oopp-team-11;C:\Users\allur\AppData\Local\Microsoft\WindowsApps;C:\Users\allur\AppData\Roaming\npm;C:\Users\allur\AppData\Local\Programs\Microsoft VS Code\bin;C:\Program Files\nodejs;C:\Users\allur\AppData\Local\Programs\mongosh\;%GRADLE_HOME%\bin;
USERNAME=allur
OS=Windows_NT
PROCESSOR_IDENTIFIER=Intel64 Family 6 Model 142 Stepping 12, GenuineIntel
TMP=C:\Users\allur\AppData\Local\Temp
TEMP=C:\Users\allur\AppData\Local\Temp



---------------  S Y S T E M  ---------------

OS:
 Windows 11 , 64 bit Build 22621 (10.0.22621.1194)
OS uptime: 6 days 17:34 hours
Hyper-V role detected

CPU: total 8 (initial active 8) (4 cores per cpu, 2 threads per core) family 6 model 142 stepping 12 microcode 0xde, cx8, cmov, fxsr, ht, mmx, 3dnowpref, sse, sse2, sse3, ssse3, sse4.1, sse4.2, popcnt, lzcnt, tsc, tscinvbit, avx, avx2, aes, erms, clmul, bmi1, bmi2, adx, fma, vzeroupper, clflush, clflushopt, hv

Memory: 4k page, system-wide physical 8011M (286M free)
TotalPageFile size 32587M (AvailPageFile size 3M)
current process WorkingSet (physical memory assigned to process): 143M, peak: 149M
current process commit charge ("private bytes"): 245M, peak: 264M

vm_info: OpenJDK 64-Bit Server VM (17.0.6+10-LTS) for windows-amd64 JRE (17.0.6+10-LTS), built on Jan 13 2023 22:57:04 by "Administrator" with MS VC++ 15.9 (VS2017)

END.
