#
# There is insufficient memory for the Java Runtime Environment to continue.
# Native memory allocation (malloc) failed to allocate 1851216 bytes for Chunk::new
# Possible reasons:
#   The system is out of physical RAM or swap space
#   The process is running with CompressedOops enabled, and the Java Heap may be blocking the growth of the native heap
# Possible solutions:
#   Reduce memory load on the system
#   Increase physical memory or swap space
#   Check if swap backing store is full
#   Decrease Java heap size (-Xmx/-Xms)
#   Decrease number of Java threads
#   Decrease Java thread stack sizes (-Xss)
#   Set larger code cache with -XX:ReservedCodeCacheSize=
#   JVM is running with Unscaled Compressed Oops mode in which the Java heap is
#     placed in the first 4GB address space. The Java Heap base address is the
#     maximum limit for the native heap growth. Please use -XX:HeapBaseMinAddress
#     to set the Java Heap base and to place the Java Heap above 4GB virtual address.
# This output file may be truncated or incomplete.
#
#  Out of Memory Error (arena.cpp:189), pid=26720, tid=33980
#
# JRE version: OpenJDK Runtime Environment Corretto-17.0.6.10.1 (17.0.6+10) (build 17.0.6+10-LTS)
# Java VM: OpenJDK 64-Bit Server VM Corretto-17.0.6.10.1 (17.0.6+10-LTS, mixed mode, sharing, tiered, compressed oops, compressed class ptrs, g1 gc, windows-amd64)
# No core dump will be written. Minidumps are not enabled by default on client versions of Windows
#

---------------  S U M M A R Y ------------

Command Line: --add-opens=java.base/java.util=ALL-UNNAMED --add-opens=java.base/java.lang=ALL-UNNAMED --add-opens=java.base/java.lang.invoke=ALL-UNNAMED --add-opens=java.prefs/java.util.prefs=ALL-UNNAMED --add-opens=java.base/java.nio.charset=ALL-UNNAMED --add-opens=java.base/java.net=ALL-UNNAMED --add-opens=java.base/java.util.concurrent.atomic=ALL-UNNAMED -XX:MaxMetaspaceSize=256m -XX:+HeapDumpOnOutOfMemoryError -Xms256m -Xmx512m -Dfile.encoding=windows-1252 -Duser.country=GB -Duser.language=en -Duser.variant org.gradle.launcher.daemon.bootstrap.GradleDaemon 7.6.1

Host: Intel(R) Core(TM) i5-10210U CPU @ 1.60GHz, 8 cores, 7G,  Windows 11 , 64 bit Build 22621 (10.0.22621.1344)
Time: Wed Mar 22 17:09:11 2023 GTB Standard Time elapsed time: 15.156599 seconds (0d 0h 0m 15s)

---------------  T H R E A D  ---------------

Current thread (0x00000216e74e1590):  JavaThread "C2 CompilerThread0" daemon [_thread_in_native, id=33980, stack(0x0000002ef1800000,0x0000002ef1900000)]


Current CompileTask:
C2:  15162 6331       4       org.objectweb.asm.Frame::execute (2318 bytes)

Stack: [0x0000002ef1800000,0x0000002ef1900000]
Native frames: (J=compiled Java code, j=interpreted, Vv=VM code, C=native code)
V  [jvm.dll+0x64b39a]
V  [jvm.dll+0x7ff044]
V  [jvm.dll+0x8007fe]
V  [jvm.dll+0x800e53]
V  [jvm.dll+0x235848]
V  [jvm.dll+0xbce6c]
V  [jvm.dll+0xbd44c]
V  [jvm.dll+0x34f252]
V  [jvm.dll+0x319ccf]
V  [jvm.dll+0x31910a]
V  [jvm.dll+0x209ca5]
V  [jvm.dll+0x209237]
V  [jvm.dll+0x19926d]
V  [jvm.dll+0x2185dd]
V  [jvm.dll+0x216824]
V  [jvm.dll+0x7b77bb]
V  [jvm.dll+0x7b1d6a]
V  [jvm.dll+0x64a265]
C  [ucrtbase.dll+0x29363]
C  [KERNEL32.DLL+0x126bd]
C  [ntdll.dll+0x5a9f8]


---------------  P R O C E S S  ---------------

Threads class SMR info:
_java_thread_list=0x00000216e8f50cc0, length=74, elements={
0x00000216cc9706b0, 0x00000216e74ba280, 0x00000216e74bae30, 0x00000216e74d2f80,
0x00000216e74d5940, 0x00000216e74d7aa0, 0x00000216e74dac00, 0x00000216e74e1590,
0x00000216e74e7710, 0x00000216e74e87b0, 0x00000216e8128340, 0x00000216e812f870,
0x00000216e923bcb0, 0x00000216e8fc5d70, 0x00000216e9170540, 0x00000216e977f050,
0x00000216e9746bb0, 0x00000216e978c590, 0x00000216e978ca60, 0x00000216e9aa7170,
0x00000216e9aa6ca0, 0x00000216e9aa7640, 0x00000216e9aa5960, 0x00000216e9aa5490,
0x00000216e9aa7b10, 0x00000216e9aa84b0, 0x00000216e9aa5e30, 0x00000216e9aa8e50,
0x00000216e9aa6300, 0x00000216ea33c6e0, 0x00000216ea33d080, 0x00000216ea33aa00,
0x00000216ea33f230, 0x00000216ea33b3a0, 0x00000216ea33e890, 0x00000216ea340570,
0x00000216ea33cbb0, 0x00000216ea3413e0, 0x00000216ea33c210, 0x00000216ea3418b0,
0x00000216ea33d550, 0x00000216ea33fbd0, 0x00000216ea340f10, 0x00000216ea33def0,
0x00000216ea33ed60, 0x00000216ea33a060, 0x00000216ea33a530, 0x00000216e9504af0,
0x00000216e9504150, 0x00000216e9504fc0, 0x00000216e95032e0, 0x00000216e9505960,
0x00000216e95037b0, 0x00000216e95067d0, 0x00000216e9502940, 0x00000216e9503c80,
0x00000216e9505490, 0x00000216e9504620, 0x00000216e9506300, 0x00000216e9501ad0,
0x00000216e9506ca0, 0x00000216e9507640, 0x00000216e9501fa0, 0x00000216e9502470,
0x00000216e9507b10, 0x00000216e9507fe0, 0x00000216e95084b0, 0x00000216e9501130,
0x00000216e9508980, 0x00000216e9502e10, 0x00000216eaa60da0, 0x00000216eaa61270,
0x00000216eaa61c10, 0x00000216eaa63420
}

Java Threads: ( => current thread )
  0x00000216cc9706b0 JavaThread "main" [_thread_blocked, id=23908, stack(0x0000002ef0b00000,0x0000002ef0c00000)]
  0x00000216e74ba280 JavaThread "Reference Handler" daemon [_thread_blocked, id=18672, stack(0x0000002ef1200000,0x0000002ef1300000)]
  0x00000216e74bae30 JavaThread "Finalizer" daemon [_thread_blocked, id=31304, stack(0x0000002ef1300000,0x0000002ef1400000)]
  0x00000216e74d2f80 JavaThread "Signal Dispatcher" daemon [_thread_blocked, id=31444, stack(0x0000002ef1400000,0x0000002ef1500000)]
  0x00000216e74d5940 JavaThread "Attach Listener" daemon [_thread_blocked, id=27736, stack(0x0000002ef1500000,0x0000002ef1600000)]
  0x00000216e74d7aa0 JavaThread "Service Thread" daemon [_thread_blocked, id=36600, stack(0x0000002ef1600000,0x0000002ef1700000)]
  0x00000216e74dac00 JavaThread "Monitor Deflation Thread" daemon [_thread_blocked, id=31136, stack(0x0000002ef1700000,0x0000002ef1800000)]
=>0x00000216e74e1590 JavaThread "C2 CompilerThread0" daemon [_thread_in_native, id=33980, stack(0x0000002ef1800000,0x0000002ef1900000)]
  0x00000216e74e7710 JavaThread "C1 CompilerThread0" daemon [_thread_in_native, id=13924, stack(0x0000002ef1900000,0x0000002ef1a00000)]
  0x00000216e74e87b0 JavaThread "Sweeper thread" daemon [_thread_blocked, id=35556, stack(0x0000002ef1a00000,0x0000002ef1b00000)]
  0x00000216e8128340 JavaThread "Common-Cleaner" daemon [_thread_blocked, id=35924, stack(0x0000002ef1b00000,0x0000002ef1c00000)]
  0x00000216e812f870 JavaThread "Notification Thread" daemon [_thread_blocked, id=34440, stack(0x0000002ef1c00000,0x0000002ef1d00000)]
  0x00000216e923bcb0 JavaThread "Daemon health stats" [_thread_blocked, id=17924, stack(0x0000002ef2300000,0x0000002ef2400000)]
  0x00000216e8fc5d70 JavaThread "Incoming local TCP Connector on port 62836" [_thread_in_native, id=6424, stack(0x0000002ef2400000,0x0000002ef2500000)]
  0x00000216e9170540 JavaThread "Daemon periodic checks" [_thread_blocked, id=17304, stack(0x0000002ef2500000,0x0000002ef2600000)]
  0x00000216e977f050 JavaThread "Daemon" [_thread_blocked, id=24260, stack(0x0000002ef2600000,0x0000002ef2700000)]
  0x00000216e9746bb0 JavaThread "Handler for socket connection from /127.0.0.1:62836 to /127.0.0.1:62837" [_thread_in_native, id=21128, stack(0x0000002ef2700000,0x0000002ef2800000)]
  0x00000216e978c590 JavaThread "Cancel handler" [_thread_blocked, id=33528, stack(0x0000002ef2800000,0x0000002ef2900000)]
  0x00000216e978ca60 JavaThread "Daemon worker" [_thread_in_Java, id=34904, stack(0x0000002ef2900000,0x0000002ef2a00000)]
  0x00000216e9aa7170 JavaThread "Asynchronous log dispatcher for DefaultDaemonConnection: socket connection from /127.0.0.1:62836 to /127.0.0.1:62837" [_thread_blocked, id=14852, stack(0x0000002ef2a00000,0x0000002ef2b00000)]
  0x00000216e9aa6ca0 JavaThread "Stdin handler" [_thread_blocked, id=5576, stack(0x0000002ef2b00000,0x0000002ef2c00000)]
  0x00000216e9aa7640 JavaThread "Daemon client event forwarder" [_thread_blocked, id=32208, stack(0x0000002ef2c00000,0x0000002ef2d00000)]
  0x00000216e9aa5960 JavaThread "Cache worker for journal cache (C:\Users\allur\.gradle\caches\journal-1)" [_thread_blocked, id=31384, stack(0x0000002ef2d00000,0x0000002ef2e00000)]
  0x00000216e9aa5490 JavaThread "File lock request listener" [_thread_in_native, id=28332, stack(0x0000002ef2e00000,0x0000002ef2f00000)]
  0x00000216e9aa7b10 JavaThread "Cache worker for file hash cache (C:\Users\allur\.gradle\caches\7.6.1\fileHashes)" [_thread_blocked, id=36408, stack(0x0000002ef2f00000,0x0000002ef3000000)]
  0x00000216e9aa84b0 JavaThread "File watcher server" daemon [_thread_in_native, id=35972, stack(0x0000002ef3000000,0x0000002ef3100000)]
  0x00000216e9aa5e30 JavaThread "File watcher consumer" daemon [_thread_blocked, id=20872, stack(0x0000002ef3100000,0x0000002ef3200000)]
  0x00000216e9aa8e50 JavaThread "Cache worker for checksums cache (C:\Users\allur\oopp-team-11\.gradle\7.6.1\checksums)" [_thread_blocked, id=32516, stack(0x0000002ef3200000,0x0000002ef3300000)]
  0x00000216e9aa6300 JavaThread "Cache worker for cache directory md-rule (C:\Users\allur\.gradle\caches\7.6.1\md-rule)" [_thread_blocked, id=27940, stack(0x0000002ef3300000,0x0000002ef3400000)]
  0x00000216ea33c6e0 JavaThread "Cache worker for file content cache (C:\Users\allur\.gradle\caches\7.6.1\fileContent)" [_thread_blocked, id=32248, stack(0x0000002ef3400000,0x0000002ef3500000)]
  0x00000216ea33d080 JavaThread "Cache worker for file hash cache (C:\Users\allur\oopp-team-11\.gradle\7.6.1\fileHashes)" [_thread_blocked, id=36512, stack(0x0000002ef3500000,0x0000002ef3600000)]
  0x00000216ea33aa00 JavaThread "Cache worker for cache directory md-supplier (C:\Users\allur\.gradle\caches\7.6.1\md-supplier)" [_thread_blocked, id=34928, stack(0x0000002ef3900000,0x0000002ef3a00000)]
  0x00000216ea33f230 JavaThread "Cache worker for execution history cache (C:\Users\allur\.gradle\caches\7.6.1\executionHistory)" [_thread_blocked, id=29408, stack(0x0000002ef3a00000,0x0000002ef3b00000)]
  0x00000216ea33b3a0 JavaThread "jar transforms" [_thread_blocked, id=33832, stack(0x0000002ef3b00000,0x0000002ef3c00000)]
  0x00000216ea33e890 JavaThread "jar transforms Thread 2" [_thread_blocked, id=19744, stack(0x0000002ef3c00000,0x0000002ef3d00000)]
  0x00000216ea340570 JavaThread "jar transforms Thread 3" [_thread_blocked, id=27752, stack(0x0000002ef3d00000,0x0000002ef3e00000)]
  0x00000216ea33cbb0 JavaThread "jar transforms Thread 4" [_thread_blocked, id=18496, stack(0x0000002ef3e00000,0x0000002ef3f00000)]
  0x00000216ea3413e0 JavaThread "jar transforms Thread 5" [_thread_blocked, id=2232, stack(0x0000002ef3f00000,0x0000002ef4000000)]
  0x00000216ea33c210 JavaThread "jar transforms Thread 6" [_thread_blocked, id=35080, stack(0x0000002ef4000000,0x0000002ef4100000)]
  0x00000216ea3418b0 JavaThread "jar transforms Thread 7" [_thread_blocked, id=28208, stack(0x0000002ef4100000,0x0000002ef4200000)]
  0x00000216ea33d550 JavaThread "jar transforms Thread 8" [_thread_blocked, id=21096, stack(0x0000002ef4200000,0x0000002ef4300000)]
  0x00000216ea33fbd0 JavaThread "Cache worker for dependencies-accessors (C:\Users\allur\oopp-team-11\.gradle\7.6.1\dependencies-accessors)" [_thread_blocked, id=33692, stack(0x0000002ef4300000,0x0000002ef4400000)]
  0x00000216ea340f10 JavaThread "Cache worker for Build Output Cleanup Cache (C:\Users\allur\oopp-team-11\.gradle\buildOutputCleanup)" [_thread_blocked, id=16100, stack(0x0000002ef4400000,0x0000002ef4500000)]
  0x00000216ea33def0 JavaThread "Unconstrained build operations" [_thread_blocked, id=3500, stack(0x0000002ef4600000,0x0000002ef4700000)]
  0x00000216ea33ed60 JavaThread "Unconstrained build operations Thread 2" [_thread_blocked, id=28540, stack(0x0000002ef4700000,0x0000002ef4800000)]
  0x00000216ea33a060 JavaThread "Unconstrained build operations Thread 3" [_thread_blocked, id=28712, stack(0x0000002ef4800000,0x0000002ef4900000)]
  0x00000216ea33a530 JavaThread "Unconstrained build operations Thread 4" [_thread_blocked, id=36860, stack(0x0000002ef4900000,0x0000002ef4a00000)]
  0x00000216e9504af0 JavaThread "Unconstrained build operations Thread 5" [_thread_blocked, id=16280, stack(0x0000002ef4a00000,0x0000002ef4b00000)]
  0x00000216e9504150 JavaThread "Unconstrained build operations Thread 6" [_thread_blocked, id=19728, stack(0x0000002ef4b00000,0x0000002ef4c00000)]
  0x00000216e9504fc0 JavaThread "Unconstrained build operations Thread 7" [_thread_blocked, id=22256, stack(0x0000002ef4c00000,0x0000002ef4d00000)]
  0x00000216e95032e0 JavaThread "Unconstrained build operations Thread 8" [_thread_blocked, id=36784, stack(0x0000002ef4d00000,0x0000002ef4e00000)]
  0x00000216e9505960 JavaThread "Unconstrained build operations Thread 9" [_thread_blocked, id=30760, stack(0x0000002ef4e00000,0x0000002ef4f00000)]
  0x00000216e95037b0 JavaThread "Unconstrained build operations Thread 10" [_thread_blocked, id=35320, stack(0x0000002ef4f00000,0x0000002ef5000000)]
  0x00000216e95067d0 JavaThread "Unconstrained build operations Thread 11" [_thread_blocked, id=33048, stack(0x0000002ef5000000,0x0000002ef5100000)]
  0x00000216e9502940 JavaThread "Unconstrained build operations Thread 12" [_thread_blocked, id=25628, stack(0x0000002ef5100000,0x0000002ef5200000)]
  0x00000216e9503c80 JavaThread "Memory manager" [_thread_blocked, id=32464, stack(0x0000002ef5700000,0x0000002ef5800000)]
  0x00000216e9505490 JavaThread "Unconstrained build operations Thread 13" [_thread_blocked, id=13536, stack(0x0000002ef5800000,0x0000002ef5900000)]
  0x00000216e9504620 JavaThread "Unconstrained build operations Thread 14" [_thread_blocked, id=31668, stack(0x0000002ef5900000,0x0000002ef5a00000)]
  0x00000216e9506300 JavaThread "Unconstrained build operations Thread 15" [_thread_blocked, id=34176, stack(0x0000002ef5a00000,0x0000002ef5b00000)]
  0x00000216e9501ad0 JavaThread "Unconstrained build operations Thread 16" [_thread_blocked, id=35860, stack(0x0000002ef5b00000,0x0000002ef5c00000)]
  0x00000216e9506ca0 JavaThread "Unconstrained build operations Thread 17" [_thread_blocked, id=36692, stack(0x0000002ef5c00000,0x0000002ef5d00000)]
  0x00000216e9507640 JavaThread "Unconstrained build operations Thread 18" [_thread_blocked, id=36776, stack(0x0000002ef5d00000,0x0000002ef5e00000)]
  0x00000216e9501fa0 JavaThread "Unconstrained build operations Thread 19" [_thread_blocked, id=13488, stack(0x0000002ef5e00000,0x0000002ef5f00000)]
  0x00000216e9502470 JavaThread "Unconstrained build operations Thread 20" [_thread_blocked, id=10188, stack(0x0000002ef5f00000,0x0000002ef6000000)]
  0x00000216e9507b10 JavaThread "Unconstrained build operations Thread 21" [_thread_blocked, id=29540, stack(0x0000002ef6000000,0x0000002ef6100000)]
  0x00000216e9507fe0 JavaThread "Unconstrained build operations Thread 22" [_thread_blocked, id=36820, stack(0x0000002ef6100000,0x0000002ef6200000)]
  0x00000216e95084b0 JavaThread "Unconstrained build operations Thread 23" [_thread_blocked, id=27308, stack(0x0000002ef6200000,0x0000002ef6300000)]
  0x00000216e9501130 JavaThread "Unconstrained build operations Thread 24" [_thread_blocked, id=35980, stack(0x0000002ef6300000,0x0000002ef6400000)]
  0x00000216e9508980 JavaThread "Unconstrained build operations Thread 25" [_thread_blocked, id=31264, stack(0x0000002ef6400000,0x0000002ef6500000)]
  0x00000216e9502e10 JavaThread "Unconstrained build operations Thread 26" [_thread_blocked, id=19412, stack(0x0000002ef6500000,0x0000002ef6600000)]
  0x00000216eaa60da0 JavaThread "Unconstrained build operations Thread 27" [_thread_blocked, id=8256, stack(0x0000002ef6600000,0x0000002ef6700000)]
  0x00000216eaa61270 JavaThread "Unconstrained build operations Thread 28" [_thread_blocked, id=33784, stack(0x0000002ef6700000,0x0000002ef6800000)]
  0x00000216eaa61c10 JavaThread "Unconstrained build operations Thread 29" [_thread_blocked, id=32416, stack(0x0000002ef6800000,0x0000002ef6900000)]
  0x00000216eaa63420 JavaThread "Unconstrained build operations Thread 30" [_thread_blocked, id=36324, stack(0x0000002ef6900000,0x0000002ef6a00000)]

Other Threads:
  0x00000216e74b5040 VMThread "VM Thread" [stack: 0x0000002ef1100000,0x0000002ef1200000] [id=34632]
  0x00000216cc9abf90 WatcherThread [stack: 0x0000002ef1d00000,0x0000002ef1e00000] [id=24536]
  0x00000216cc99f140 GCTaskThread "GC Thread#0" [stack: 0x0000002ef0c00000,0x0000002ef0d00000] [id=28820]
  0x00000216e8a4ec00 GCTaskThread "GC Thread#1" [stack: 0x0000002ef1e00000,0x0000002ef1f00000] [id=22272]
  0x00000216e8a4e3f0 GCTaskThread "GC Thread#2" [stack: 0x0000002ef1f00000,0x0000002ef2000000] [id=32292]
  0x00000216e8a4e6a0 GCTaskThread "GC Thread#3" [stack: 0x0000002ef2000000,0x0000002ef2100000] [id=6480]
  0x00000216e8a4eeb0 GCTaskThread "GC Thread#4" [stack: 0x0000002ef2100000,0x0000002ef2200000] [id=11920]
  0x00000216e8a4f160 GCTaskThread "GC Thread#5" [stack: 0x0000002ef2200000,0x0000002ef2300000] [id=6412]
  0x00000216ea1d7dc0 GCTaskThread "GC Thread#6" [stack: 0x0000002ef3600000,0x0000002ef3700000] [id=36620]
  0x00000216ea1d85d0 GCTaskThread "GC Thread#7" [stack: 0x0000002ef3700000,0x0000002ef3800000] [id=34080]
  0x00000216cc9a4080 ConcurrentGCThread "G1 Main Marker" [stack: 0x0000002ef0d00000,0x0000002ef0e00000] [id=17480]
  0x00000216cc9a5110 ConcurrentGCThread "G1 Conc#0" [stack: 0x0000002ef0e00000,0x0000002ef0f00000] [id=22936]
  0x00000216ea1da0b0 ConcurrentGCThread "G1 Conc#1" [stack: 0x0000002ef3800000,0x0000002ef3900000] [id=35408]
  0x00000216cca0d8c0 ConcurrentGCThread "G1 Refine#0" [stack: 0x0000002ef0f00000,0x0000002ef1000000] [id=30700]
  0x00000216ea8c26e0 ConcurrentGCThread "G1 Refine#1" [stack: 0x0000002ef5200000,0x0000002ef5300000] [id=20896]
  0x00000216e970f7d0 ConcurrentGCThread "G1 Refine#2" [stack: 0x0000002ef5300000,0x0000002ef5400000] [id=33012]
  0x00000216e8b44c70 ConcurrentGCThread "G1 Refine#3" [stack: 0x0000002ef5400000,0x0000002ef5500000] [id=31252]
  0x00000216e8af01d0 ConcurrentGCThread "G1 Refine#4" [stack: 0x0000002ef5500000,0x0000002ef5600000] [id=33264]
  0x00000216ec040ca0 ConcurrentGCThread "G1 Refine#5" [stack: 0x0000002ef5600000,0x0000002ef5700000] [id=7784]
  0x00000216cca0e2e0 ConcurrentGCThread "G1 Service" [stack: 0x0000002ef1000000,0x0000002ef1100000] [id=11884]

Threads with active compile tasks:
C2 CompilerThread0    15471 6331       4       org.objectweb.asm.Frame::execute (2318 bytes)

VM state: not at safepoint (normal execution)

VM Mutex/Monitor currently owned by a thread: None

Heap address: 0x00000000e0000000, size: 512 MB, Compressed Oops mode: 32-bit

CDS archive(s) mapped at: [0x0000000800000000-0x0000000800bc0000-0x0000000800bc0000), size 12320768, SharedBaseAddress: 0x0000000800000000, ArchiveRelocationMode: 0.
Compressed class space mapped at: 0x0000000800c00000-0x000000080dc00000, reserved size: 218103808
Narrow klass base: 0x0000000800000000, Narrow klass shift: 0, Narrow klass range: 0x100000000

GC Precious Log:
 CPUs: 8 total, 8 available
 Memory: 8011M
 Large Page Support: Disabled
 NUMA Support: Disabled
 Compressed Oops: Enabled (32-bit)
 Heap Region Size: 1M
 Heap Min Capacity: 256M
 Heap Initial Capacity: 256M
 Heap Max Capacity: 512M
 Pre-touch: Disabled
 Parallel Workers: 8
 Concurrent Workers: 2
 Concurrent Refinement Workers: 8
 Periodic GC: Disabled

Heap:
 garbage-first heap   total 262144K, used 124235K [0x00000000e0000000, 0x0000000100000000)
  region size 1024K, 99 young (101376K), 20 survivors (20480K)
 Metaspace       used 55581K, committed 56192K, reserved 262144K
  class space    used 7676K, committed 8000K, reserved 212992K

Heap Regions: E=young(eden), S=young(survivor), O=old, HS=humongous(starts), HC=humongous(continues), CS=collection set, F=free, OA=open archive, CA=closed archive, TAMS=top-at-mark-start (previous, next)
|   0|0x00000000e0000000, 0x00000000e0100000, 0x00000000e0100000|100%|HS|  |TAMS 0x00000000e0100000, 0x00000000e0000000| Complete 
|   1|0x00000000e0100000, 0x00000000e0200000, 0x00000000e0200000|100%|HC|  |TAMS 0x00000000e0200000, 0x00000000e0100000| Complete 
|   2|0x00000000e0200000, 0x00000000e0300000, 0x00000000e0300000|100%|HC|  |TAMS 0x00000000e0300000, 0x00000000e0200000| Complete 
|   3|0x00000000e0300000, 0x00000000e0400000, 0x00000000e0400000|100%| O|  |TAMS 0x00000000e0400000, 0x00000000e0300000| Untracked 
|   4|0x00000000e0400000, 0x00000000e0500000, 0x00000000e0500000|100%| O|  |TAMS 0x00000000e0500000, 0x00000000e0400000| Untracked 
|   5|0x00000000e0500000, 0x00000000e0600000, 0x00000000e0600000|100%| O|  |TAMS 0x00000000e0600000, 0x00000000e0500000| Untracked 
|   6|0x00000000e0600000, 0x00000000e0700000, 0x00000000e0700000|100%| O|  |TAMS 0x00000000e0700000, 0x00000000e0600000| Untracked 
|   7|0x00000000e0700000, 0x00000000e0800000, 0x00000000e0800000|100%| O|  |TAMS 0x00000000e0700000, 0x00000000e0700000| Untracked 
|   8|0x00000000e0800000, 0x00000000e0900000, 0x00000000e0900000|100%| O|  |TAMS 0x00000000e0900000, 0x00000000e0800000| Untracked 
|   9|0x00000000e0900000, 0x00000000e0a00000, 0x00000000e0a00000|100%| O|  |TAMS 0x00000000e0a00000, 0x00000000e0900000| Untracked 
|  10|0x00000000e0a00000, 0x00000000e0b00000, 0x00000000e0b00000|100%| O|  |TAMS 0x00000000e0a3fc00, 0x00000000e0a00000| Untracked 
|  11|0x00000000e0b00000, 0x00000000e0c00000, 0x00000000e0c00000|100%| O|  |TAMS 0x00000000e0b00000, 0x00000000e0b00000| Untracked 
|  12|0x00000000e0c00000, 0x00000000e0d00000, 0x00000000e0d00000|100%| O|  |TAMS 0x00000000e0c00000, 0x00000000e0c00000| Untracked 
|  13|0x00000000e0d00000, 0x00000000e0d00000, 0x00000000e0e00000|  0%| F|  |TAMS 0x00000000e0d00000, 0x00000000e0d00000| Untracked 
|  14|0x00000000e0e00000, 0x00000000e0f00000, 0x00000000e0f00000|100%| O|  |TAMS 0x00000000e0e00000, 0x00000000e0e00000| Untracked 
|  15|0x00000000e0f00000, 0x00000000e1000000, 0x00000000e1000000|100%| O|  |TAMS 0x00000000e0f00000, 0x00000000e0f00000| Untracked 
|  16|0x00000000e1000000, 0x00000000e1100000, 0x00000000e1100000|100%| O|  |TAMS 0x00000000e1000000, 0x00000000e1000000| Untracked 
|  17|0x00000000e1100000, 0x00000000e1200000, 0x00000000e1200000|100%| O|  |TAMS 0x00000000e1100000, 0x00000000e1100000| Untracked 
|  18|0x00000000e1200000, 0x00000000e1300000, 0x00000000e1300000|100%| O|  |TAMS 0x00000000e1200000, 0x00000000e1200000| Untracked 
|  19|0x00000000e1300000, 0x00000000e1400000, 0x00000000e1400000|100%| O|  |TAMS 0x00000000e1300000, 0x00000000e1300000| Untracked 
|  20|0x00000000e1400000, 0x00000000e1500000, 0x00000000e1500000|100%| O|  |TAMS 0x00000000e1400000, 0x00000000e1400000| Untracked 
|  21|0x00000000e1500000, 0x00000000e1600000, 0x00000000e1600000|100%| O|  |TAMS 0x00000000e1500000, 0x00000000e1500000| Untracked 
|  22|0x00000000e1600000, 0x00000000e1700000, 0x00000000e1700000|100%| O|  |TAMS 0x00000000e1600000, 0x00000000e1600000| Untracked 
|  23|0x00000000e1700000, 0x00000000e1800000, 0x00000000e1800000|100%| O|  |TAMS 0x00000000e1700000, 0x00000000e1700000| Untracked 
|  24|0x00000000e1800000, 0x00000000e1852c00, 0x00000000e1900000| 32%| O|  |TAMS 0x00000000e1800000, 0x00000000e1800000| Untracked 
|  25|0x00000000e1900000, 0x00000000e1900000, 0x00000000e1a00000|  0%| F|  |TAMS 0x00000000e1900000, 0x00000000e1900000| Untracked 
|  26|0x00000000e1a00000, 0x00000000e1a00000, 0x00000000e1b00000|  0%| F|  |TAMS 0x00000000e1a00000, 0x00000000e1a00000| Untracked 
|  27|0x00000000e1b00000, 0x00000000e1b00000, 0x00000000e1c00000|  0%| F|  |TAMS 0x00000000e1b00000, 0x00000000e1b00000| Untracked 
|  28|0x00000000e1c00000, 0x00000000e1c00000, 0x00000000e1d00000|  0%| F|  |TAMS 0x00000000e1c00000, 0x00000000e1c00000| Untracked 
|  29|0x00000000e1d00000, 0x00000000e1d00000, 0x00000000e1e00000|  0%| F|  |TAMS 0x00000000e1d00000, 0x00000000e1d00000| Untracked 
|  30|0x00000000e1e00000, 0x00000000e1e00000, 0x00000000e1f00000|  0%| F|  |TAMS 0x00000000e1e00000, 0x00000000e1e00000| Untracked 
|  31|0x00000000e1f00000, 0x00000000e1f00000, 0x00000000e2000000|  0%| F|  |TAMS 0x00000000e1f00000, 0x00000000e1f00000| Untracked 
|  32|0x00000000e2000000, 0x00000000e2000000, 0x00000000e2100000|  0%| F|  |TAMS 0x00000000e2000000, 0x00000000e2000000| Untracked 
|  33|0x00000000e2100000, 0x00000000e2100000, 0x00000000e2200000|  0%| F|  |TAMS 0x00000000e2100000, 0x00000000e2100000| Untracked 
|  34|0x00000000e2200000, 0x00000000e2200000, 0x00000000e2300000|  0%| F|  |TAMS 0x00000000e2200000, 0x00000000e2200000| Untracked 
|  35|0x00000000e2300000, 0x00000000e2300000, 0x00000000e2400000|  0%| F|  |TAMS 0x00000000e2300000, 0x00000000e2300000| Untracked 
|  36|0x00000000e2400000, 0x00000000e2400000, 0x00000000e2500000|  0%| F|  |TAMS 0x00000000e2400000, 0x00000000e2400000| Untracked 
|  37|0x00000000e2500000, 0x00000000e2500000, 0x00000000e2600000|  0%| F|  |TAMS 0x00000000e2500000, 0x00000000e2500000| Untracked 
|  38|0x00000000e2600000, 0x00000000e2600000, 0x00000000e2700000|  0%| F|  |TAMS 0x00000000e2600000, 0x00000000e2600000| Untracked 
|  39|0x00000000e2700000, 0x00000000e2700000, 0x00000000e2800000|  0%| F|  |TAMS 0x00000000e2700000, 0x00000000e2700000| Untracked 
|  40|0x00000000e2800000, 0x00000000e2800000, 0x00000000e2900000|  0%| F|  |TAMS 0x00000000e2800000, 0x00000000e2800000| Untracked 
|  41|0x00000000e2900000, 0x00000000e2900000, 0x00000000e2a00000|  0%| F|  |TAMS 0x00000000e2900000, 0x00000000e2900000| Untracked 
|  42|0x00000000e2a00000, 0x00000000e2a00000, 0x00000000e2b00000|  0%| F|  |TAMS 0x00000000e2a00000, 0x00000000e2a00000| Untracked 
|  43|0x00000000e2b00000, 0x00000000e2b00000, 0x00000000e2c00000|  0%| F|  |TAMS 0x00000000e2b00000, 0x00000000e2b00000| Untracked 
|  44|0x00000000e2c00000, 0x00000000e2c00000, 0x00000000e2d00000|  0%| F|  |TAMS 0x00000000e2c00000, 0x00000000e2c00000| Untracked 
|  45|0x00000000e2d00000, 0x00000000e2d00000, 0x00000000e2e00000|  0%| F|  |TAMS 0x00000000e2d00000, 0x00000000e2d00000| Untracked 
|  46|0x00000000e2e00000, 0x00000000e2e00000, 0x00000000e2f00000|  0%| F|  |TAMS 0x00000000e2e00000, 0x00000000e2e00000| Untracked 
|  47|0x00000000e2f00000, 0x00000000e2f00000, 0x00000000e3000000|  0%| F|  |TAMS 0x00000000e2f00000, 0x00000000e2f00000| Untracked 
|  48|0x00000000e3000000, 0x00000000e3000000, 0x00000000e3100000|  0%| F|  |TAMS 0x00000000e3000000, 0x00000000e3000000| Untracked 
|  49|0x00000000e3100000, 0x00000000e3100000, 0x00000000e3200000|  0%| F|  |TAMS 0x00000000e3100000, 0x00000000e3100000| Untracked 
|  50|0x00000000e3200000, 0x00000000e3200000, 0x00000000e3300000|  0%| F|  |TAMS 0x00000000e3200000, 0x00000000e3200000| Untracked 
|  51|0x00000000e3300000, 0x00000000e3300000, 0x00000000e3400000|  0%| F|  |TAMS 0x00000000e3300000, 0x00000000e3300000| Untracked 
|  52|0x00000000e3400000, 0x00000000e3400000, 0x00000000e3500000|  0%| F|  |TAMS 0x00000000e3400000, 0x00000000e3400000| Untracked 
|  53|0x00000000e3500000, 0x00000000e3500000, 0x00000000e3600000|  0%| F|  |TAMS 0x00000000e3500000, 0x00000000e3500000| Untracked 
|  54|0x00000000e3600000, 0x00000000e3600000, 0x00000000e3700000|  0%| F|  |TAMS 0x00000000e3600000, 0x00000000e3600000| Untracked 
|  55|0x00000000e3700000, 0x00000000e3700000, 0x00000000e3800000|  0%| F|  |TAMS 0x00000000e3700000, 0x00000000e3700000| Untracked 
|  56|0x00000000e3800000, 0x00000000e3800000, 0x00000000e3900000|  0%| F|  |TAMS 0x00000000e3800000, 0x00000000e3800000| Untracked 
|  57|0x00000000e3900000, 0x00000000e3900000, 0x00000000e3a00000|  0%| F|  |TAMS 0x00000000e3900000, 0x00000000e3900000| Untracked 
|  58|0x00000000e3a00000, 0x00000000e3a00000, 0x00000000e3b00000|  0%| F|  |TAMS 0x00000000e3a00000, 0x00000000e3a00000| Untracked 
|  59|0x00000000e3b00000, 0x00000000e3b00000, 0x00000000e3c00000|  0%| F|  |TAMS 0x00000000e3b00000, 0x00000000e3b00000| Untracked 
|  60|0x00000000e3c00000, 0x00000000e3c00000, 0x00000000e3d00000|  0%| F|  |TAMS 0x00000000e3c00000, 0x00000000e3c00000| Untracked 
|  61|0x00000000e3d00000, 0x00000000e3d00000, 0x00000000e3e00000|  0%| F|  |TAMS 0x00000000e3d00000, 0x00000000e3d00000| Untracked 
|  62|0x00000000e3e00000, 0x00000000e3e00000, 0x00000000e3f00000|  0%| F|  |TAMS 0x00000000e3e00000, 0x00000000e3e00000| Untracked 
|  63|0x00000000e3f00000, 0x00000000e3f00000, 0x00000000e4000000|  0%| F|  |TAMS 0x00000000e3f00000, 0x00000000e3f00000| Untracked 
|  64|0x00000000e4000000, 0x00000000e4000000, 0x00000000e4100000|  0%| F|  |TAMS 0x00000000e4000000, 0x00000000e4000000| Untracked 
|  65|0x00000000e4100000, 0x00000000e4100000, 0x00000000e4200000|  0%| F|  |TAMS 0x00000000e4100000, 0x00000000e4100000| Untracked 
|  66|0x00000000e4200000, 0x00000000e4200000, 0x00000000e4300000|  0%| F|  |TAMS 0x00000000e4200000, 0x00000000e4200000| Untracked 
|  67|0x00000000e4300000, 0x00000000e4300000, 0x00000000e4400000|  0%| F|  |TAMS 0x00000000e4300000, 0x00000000e4300000| Untracked 
|  68|0x00000000e4400000, 0x00000000e4400000, 0x00000000e4500000|  0%| F|  |TAMS 0x00000000e4400000, 0x00000000e4400000| Untracked 
|  69|0x00000000e4500000, 0x00000000e4500000, 0x00000000e4600000|  0%| F|  |TAMS 0x00000000e4500000, 0x00000000e4500000| Untracked 
|  70|0x00000000e4600000, 0x00000000e4600000, 0x00000000e4700000|  0%| F|  |TAMS 0x00000000e4600000, 0x00000000e4600000| Untracked 
|  71|0x00000000e4700000, 0x00000000e4700000, 0x00000000e4800000|  0%| F|  |TAMS 0x00000000e4700000, 0x00000000e4700000| Untracked 
|  72|0x00000000e4800000, 0x00000000e4800000, 0x00000000e4900000|  0%| F|  |TAMS 0x00000000e4800000, 0x00000000e4800000| Untracked 
|  73|0x00000000e4900000, 0x00000000e4900000, 0x00000000e4a00000|  0%| F|  |TAMS 0x00000000e4900000, 0x00000000e4900000| Untracked 
|  74|0x00000000e4a00000, 0x00000000e4a00000, 0x00000000e4b00000|  0%| F|  |TAMS 0x00000000e4a00000, 0x00000000e4a00000| Untracked 
|  75|0x00000000e4b00000, 0x00000000e4b00000, 0x00000000e4c00000|  0%| F|  |TAMS 0x00000000e4b00000, 0x00000000e4b00000| Untracked 
|  76|0x00000000e4c00000, 0x00000000e4c00000, 0x00000000e4d00000|  0%| F|  |TAMS 0x00000000e4c00000, 0x00000000e4c00000| Untracked 
|  77|0x00000000e4d00000, 0x00000000e4d00000, 0x00000000e4e00000|  0%| F|  |TAMS 0x00000000e4d00000, 0x00000000e4d00000| Untracked 
|  78|0x00000000e4e00000, 0x00000000e4e00000, 0x00000000e4f00000|  0%| F|  |TAMS 0x00000000e4e00000, 0x00000000e4e00000| Untracked 
|  79|0x00000000e4f00000, 0x00000000e4f00000, 0x00000000e5000000|  0%| F|  |TAMS 0x00000000e4f00000, 0x00000000e4f00000| Untracked 
|  80|0x00000000e5000000, 0x00000000e5000000, 0x00000000e5100000|  0%| F|  |TAMS 0x00000000e5000000, 0x00000000e5000000| Untracked 
|  81|0x00000000e5100000, 0x00000000e5100000, 0x00000000e5200000|  0%| F|  |TAMS 0x00000000e5100000, 0x00000000e5100000| Untracked 
|  82|0x00000000e5200000, 0x00000000e5200000, 0x00000000e5300000|  0%| F|  |TAMS 0x00000000e5200000, 0x00000000e5200000| Untracked 
|  83|0x00000000e5300000, 0x00000000e5400000, 0x00000000e5400000|100%| S|CS|TAMS 0x00000000e5300000, 0x00000000e5300000| Complete 
|  84|0x00000000e5400000, 0x00000000e5500000, 0x00000000e5500000|100%| S|CS|TAMS 0x00000000e5400000, 0x00000000e5400000| Complete 
|  85|0x00000000e5500000, 0x00000000e5600000, 0x00000000e5600000|100%| S|CS|TAMS 0x00000000e5500000, 0x00000000e5500000| Complete 
|  86|0x00000000e5600000, 0x00000000e5700000, 0x00000000e5700000|100%| S|CS|TAMS 0x00000000e5600000, 0x00000000e5600000| Complete 
|  87|0x00000000e5700000, 0x00000000e5800000, 0x00000000e5800000|100%| S|CS|TAMS 0x00000000e5700000, 0x00000000e5700000| Complete 
|  88|0x00000000e5800000, 0x00000000e5900000, 0x00000000e5900000|100%| S|CS|TAMS 0x00000000e5800000, 0x00000000e5800000| Complete 
|  89|0x00000000e5900000, 0x00000000e5a00000, 0x00000000e5a00000|100%| S|CS|TAMS 0x00000000e5900000, 0x00000000e5900000| Complete 
|  90|0x00000000e5a00000, 0x00000000e5b00000, 0x00000000e5b00000|100%| S|CS|TAMS 0x00000000e5a00000, 0x00000000e5a00000| Complete 
|  91|0x00000000e5b00000, 0x00000000e5c00000, 0x00000000e5c00000|100%| S|CS|TAMS 0x00000000e5b00000, 0x00000000e5b00000| Complete 
|  92|0x00000000e5c00000, 0x00000000e5d00000, 0x00000000e5d00000|100%| S|CS|TAMS 0x00000000e5c00000, 0x00000000e5c00000| Complete 
|  93|0x00000000e5d00000, 0x00000000e5e00000, 0x00000000e5e00000|100%| S|CS|TAMS 0x00000000e5d00000, 0x00000000e5d00000| Complete 
|  94|0x00000000e5e00000, 0x00000000e5f00000, 0x00000000e5f00000|100%| S|CS|TAMS 0x00000000e5e00000, 0x00000000e5e00000| Complete 
|  95|0x00000000e5f00000, 0x00000000e6000000, 0x00000000e6000000|100%| S|CS|TAMS 0x00000000e5f00000, 0x00000000e5f00000| Complete 
|  96|0x00000000e6000000, 0x00000000e6100000, 0x00000000e6100000|100%| S|CS|TAMS 0x00000000e6000000, 0x00000000e6000000| Complete 
|  97|0x00000000e6100000, 0x00000000e6200000, 0x00000000e6200000|100%| S|CS|TAMS 0x00000000e6100000, 0x00000000e6100000| Complete 
|  98|0x00000000e6200000, 0x00000000e6300000, 0x00000000e6300000|100%| S|CS|TAMS 0x00000000e6200000, 0x00000000e6200000| Complete 
|  99|0x00000000e6300000, 0x00000000e6400000, 0x00000000e6400000|100%| S|CS|TAMS 0x00000000e6300000, 0x00000000e6300000| Complete 
| 100|0x00000000e6400000, 0x00000000e6500000, 0x00000000e6500000|100%| S|CS|TAMS 0x00000000e6400000, 0x00000000e6400000| Complete 
| 101|0x00000000e6500000, 0x00000000e6600000, 0x00000000e6600000|100%| S|CS|TAMS 0x00000000e6500000, 0x00000000e6500000| Complete 
| 102|0x00000000e6600000, 0x00000000e6700000, 0x00000000e6700000|100%| S|CS|TAMS 0x00000000e6600000, 0x00000000e6600000| Complete 
| 103|0x00000000e6700000, 0x00000000e6700000, 0x00000000e6800000|  0%| F|  |TAMS 0x00000000e6700000, 0x00000000e6700000| Untracked 
| 104|0x00000000e6800000, 0x00000000e6800000, 0x00000000e6900000|  0%| F|  |TAMS 0x00000000e6800000, 0x00000000e6800000| Untracked 
| 105|0x00000000e6900000, 0x00000000e6900000, 0x00000000e6a00000|  0%| F|  |TAMS 0x00000000e6900000, 0x00000000e6900000| Untracked 
| 106|0x00000000e6a00000, 0x00000000e6a00000, 0x00000000e6b00000|  0%| F|  |TAMS 0x00000000e6a00000, 0x00000000e6a00000| Untracked 
| 107|0x00000000e6b00000, 0x00000000e6b00000, 0x00000000e6c00000|  0%| F|  |TAMS 0x00000000e6b00000, 0x00000000e6b00000| Untracked 
| 108|0x00000000e6c00000, 0x00000000e6c00000, 0x00000000e6d00000|  0%| F|  |TAMS 0x00000000e6c00000, 0x00000000e6c00000| Untracked 
| 109|0x00000000e6d00000, 0x00000000e6d00000, 0x00000000e6e00000|  0%| F|  |TAMS 0x00000000e6d00000, 0x00000000e6d00000| Untracked 
| 110|0x00000000e6e00000, 0x00000000e6e00000, 0x00000000e6f00000|  0%| F|  |TAMS 0x00000000e6e00000, 0x00000000e6e00000| Untracked 
| 111|0x00000000e6f00000, 0x00000000e6f00000, 0x00000000e7000000|  0%| F|  |TAMS 0x00000000e6f00000, 0x00000000e6f00000| Untracked 
| 112|0x00000000e7000000, 0x00000000e7000000, 0x00000000e7100000|  0%| F|  |TAMS 0x00000000e7000000, 0x00000000e7000000| Untracked 
| 113|0x00000000e7100000, 0x00000000e7100000, 0x00000000e7200000|  0%| F|  |TAMS 0x00000000e7100000, 0x00000000e7100000| Untracked 
| 114|0x00000000e7200000, 0x00000000e7200000, 0x00000000e7300000|  0%| F|  |TAMS 0x00000000e7200000, 0x00000000e7200000| Untracked 
| 115|0x00000000e7300000, 0x00000000e7300000, 0x00000000e7400000|  0%| F|  |TAMS 0x00000000e7300000, 0x00000000e7300000| Untracked 
| 116|0x00000000e7400000, 0x00000000e7400000, 0x00000000e7500000|  0%| F|  |TAMS 0x00000000e7400000, 0x00000000e7400000| Untracked 
| 117|0x00000000e7500000, 0x00000000e7500000, 0x00000000e7600000|  0%| F|  |TAMS 0x00000000e7500000, 0x00000000e7500000| Untracked 
| 118|0x00000000e7600000, 0x00000000e7600000, 0x00000000e7700000|  0%| F|  |TAMS 0x00000000e7600000, 0x00000000e7600000| Untracked 
| 119|0x00000000e7700000, 0x00000000e7700000, 0x00000000e7800000|  0%| F|  |TAMS 0x00000000e7700000, 0x00000000e7700000| Untracked 
| 120|0x00000000e7800000, 0x00000000e7800000, 0x00000000e7900000|  0%| F|  |TAMS 0x00000000e7800000, 0x00000000e7800000| Untracked 
| 121|0x00000000e7900000, 0x00000000e7900000, 0x00000000e7a00000|  0%| F|  |TAMS 0x00000000e7900000, 0x00000000e7900000| Untracked 
| 122|0x00000000e7a00000, 0x00000000e7a00000, 0x00000000e7b00000|  0%| F|  |TAMS 0x00000000e7a00000, 0x00000000e7a00000| Untracked 
| 123|0x00000000e7b00000, 0x00000000e7b00000, 0x00000000e7c00000|  0%| F|  |TAMS 0x00000000e7b00000, 0x00000000e7b00000| Untracked 
| 124|0x00000000e7c00000, 0x00000000e7c00000, 0x00000000e7d00000|  0%| F|  |TAMS 0x00000000e7c00000, 0x00000000e7c00000| Untracked 
| 125|0x00000000e7d00000, 0x00000000e7d00000, 0x00000000e7e00000|  0%| F|  |TAMS 0x00000000e7d00000, 0x00000000e7d00000| Untracked 
| 126|0x00000000e7e00000, 0x00000000e7e00000, 0x00000000e7f00000|  0%| F|  |TAMS 0x00000000e7e00000, 0x00000000e7e00000| Untracked 
| 127|0x00000000e7f00000, 0x00000000e7f00000, 0x00000000e8000000|  0%| F|  |TAMS 0x00000000e7f00000, 0x00000000e7f00000| Untracked 
| 128|0x00000000e8000000, 0x00000000e8000000, 0x00000000e8100000|  0%| F|  |TAMS 0x00000000e8000000, 0x00000000e8000000| Untracked 
| 129|0x00000000e8100000, 0x00000000e8100000, 0x00000000e8200000|  0%| F|  |TAMS 0x00000000e8100000, 0x00000000e8100000| Untracked 
| 130|0x00000000e8200000, 0x00000000e8200000, 0x00000000e8300000|  0%| F|  |TAMS 0x00000000e8200000, 0x00000000e8200000| Untracked 
| 131|0x00000000e8300000, 0x00000000e8300000, 0x00000000e8400000|  0%| F|  |TAMS 0x00000000e8300000, 0x00000000e8300000| Untracked 
| 132|0x00000000e8400000, 0x00000000e8400000, 0x00000000e8500000|  0%| F|  |TAMS 0x00000000e8400000, 0x00000000e8400000| Untracked 
| 133|0x00000000e8500000, 0x00000000e8500000, 0x00000000e8600000|  0%| F|  |TAMS 0x00000000e8500000, 0x00000000e8500000| Untracked 
| 134|0x00000000e8600000, 0x00000000e8600000, 0x00000000e8700000|  0%| F|  |TAMS 0x00000000e8600000, 0x00000000e8600000| Untracked 
| 135|0x00000000e8700000, 0x00000000e8700000, 0x00000000e8800000|  0%| F|  |TAMS 0x00000000e8700000, 0x00000000e8700000| Untracked 
| 136|0x00000000e8800000, 0x00000000e8800000, 0x00000000e8900000|  0%| F|  |TAMS 0x00000000e8800000, 0x00000000e8800000| Untracked 
| 137|0x00000000e8900000, 0x00000000e8900000, 0x00000000e8a00000|  0%| F|  |TAMS 0x00000000e8900000, 0x00000000e8900000| Untracked 
| 138|0x00000000e8a00000, 0x00000000e8a00000, 0x00000000e8b00000|  0%| F|  |TAMS 0x00000000e8a00000, 0x00000000e8a00000| Untracked 
| 139|0x00000000e8b00000, 0x00000000e8b00000, 0x00000000e8c00000|  0%| F|  |TAMS 0x00000000e8b00000, 0x00000000e8b00000| Untracked 
| 140|0x00000000e8c00000, 0x00000000e8c00000, 0x00000000e8d00000|  0%| F|  |TAMS 0x00000000e8c00000, 0x00000000e8c00000| Untracked 
| 141|0x00000000e8d00000, 0x00000000e8d00000, 0x00000000e8e00000|  0%| F|  |TAMS 0x00000000e8d00000, 0x00000000e8d00000| Untracked 
| 142|0x00000000e8e00000, 0x00000000e8e00000, 0x00000000e8f00000|  0%| F|  |TAMS 0x00000000e8e00000, 0x00000000e8e00000| Untracked 
| 143|0x00000000e8f00000, 0x00000000e8f00000, 0x00000000e9000000|  0%| F|  |TAMS 0x00000000e8f00000, 0x00000000e8f00000| Untracked 
| 144|0x00000000e9000000, 0x00000000e9000000, 0x00000000e9100000|  0%| F|  |TAMS 0x00000000e9000000, 0x00000000e9000000| Untracked 
| 145|0x00000000e9100000, 0x00000000e9100000, 0x00000000e9200000|  0%| F|  |TAMS 0x00000000e9100000, 0x00000000e9100000| Untracked 
| 146|0x00000000e9200000, 0x00000000e9200000, 0x00000000e9300000|  0%| F|  |TAMS 0x00000000e9200000, 0x00000000e9200000| Untracked 
| 147|0x00000000e9300000, 0x00000000e9300000, 0x00000000e9400000|  0%| F|  |TAMS 0x00000000e9300000, 0x00000000e9300000| Untracked 
| 148|0x00000000e9400000, 0x00000000e9400000, 0x00000000e9500000|  0%| F|  |TAMS 0x00000000e9400000, 0x00000000e9400000| Untracked 
| 149|0x00000000e9500000, 0x00000000e9500000, 0x00000000e9600000|  0%| F|  |TAMS 0x00000000e9500000, 0x00000000e9500000| Untracked 
| 150|0x00000000e9600000, 0x00000000e9600000, 0x00000000e9700000|  0%| F|  |TAMS 0x00000000e9600000, 0x00000000e9600000| Untracked 
| 151|0x00000000e9700000, 0x00000000e9700000, 0x00000000e9800000|  0%| F|  |TAMS 0x00000000e9700000, 0x00000000e9700000| Untracked 
| 152|0x00000000e9800000, 0x00000000e9800000, 0x00000000e9900000|  0%| F|  |TAMS 0x00000000e9800000, 0x00000000e9800000| Untracked 
| 153|0x00000000e9900000, 0x00000000e9900000, 0x00000000e9a00000|  0%| F|  |TAMS 0x00000000e9900000, 0x00000000e9900000| Untracked 
| 154|0x00000000e9a00000, 0x00000000e9a00000, 0x00000000e9b00000|  0%| F|  |TAMS 0x00000000e9a00000, 0x00000000e9a00000| Untracked 
| 155|0x00000000e9b00000, 0x00000000e9b00000, 0x00000000e9c00000|  0%| F|  |TAMS 0x00000000e9b00000, 0x00000000e9b00000| Untracked 
| 156|0x00000000e9c00000, 0x00000000e9c00000, 0x00000000e9d00000|  0%| F|  |TAMS 0x00000000e9c00000, 0x00000000e9c00000| Untracked 
| 157|0x00000000e9d00000, 0x00000000e9d00000, 0x00000000e9e00000|  0%| F|  |TAMS 0x00000000e9d00000, 0x00000000e9d00000| Untracked 
| 158|0x00000000e9e00000, 0x00000000e9e00000, 0x00000000e9f00000|  0%| F|  |TAMS 0x00000000e9e00000, 0x00000000e9e00000| Untracked 
| 159|0x00000000e9f00000, 0x00000000e9f00000, 0x00000000ea000000|  0%| F|  |TAMS 0x00000000e9f00000, 0x00000000e9f00000| Untracked 
| 160|0x00000000ea000000, 0x00000000ea000000, 0x00000000ea100000|  0%| F|  |TAMS 0x00000000ea000000, 0x00000000ea000000| Untracked 
| 161|0x00000000ea100000, 0x00000000ea100000, 0x00000000ea200000|  0%| F|  |TAMS 0x00000000ea100000, 0x00000000ea100000| Untracked 
| 162|0x00000000ea200000, 0x00000000ea200000, 0x00000000ea300000|  0%| F|  |TAMS 0x00000000ea200000, 0x00000000ea200000| Untracked 
| 163|0x00000000ea300000, 0x00000000ea300000, 0x00000000ea400000|  0%| F|  |TAMS 0x00000000ea300000, 0x00000000ea300000| Untracked 
| 164|0x00000000ea400000, 0x00000000ea400000, 0x00000000ea500000|  0%| F|  |TAMS 0x00000000ea400000, 0x00000000ea400000| Untracked 
| 165|0x00000000ea500000, 0x00000000ea500000, 0x00000000ea600000|  0%| F|  |TAMS 0x00000000ea500000, 0x00000000ea500000| Untracked 
| 166|0x00000000ea600000, 0x00000000ea600000, 0x00000000ea700000|  0%| F|  |TAMS 0x00000000ea600000, 0x00000000ea600000| Untracked 
| 167|0x00000000ea700000, 0x00000000ea700000, 0x00000000ea800000|  0%| F|  |TAMS 0x00000000ea700000, 0x00000000ea700000| Untracked 
| 168|0x00000000ea800000, 0x00000000ea800000, 0x00000000ea900000|  0%| F|  |TAMS 0x00000000ea800000, 0x00000000ea800000| Untracked 
| 169|0x00000000ea900000, 0x00000000ea900000, 0x00000000eaa00000|  0%| F|  |TAMS 0x00000000ea900000, 0x00000000ea900000| Untracked 
| 170|0x00000000eaa00000, 0x00000000eaa00000, 0x00000000eab00000|  0%| F|  |TAMS 0x00000000eaa00000, 0x00000000eaa00000| Untracked 
| 171|0x00000000eab00000, 0x00000000eab00000, 0x00000000eac00000|  0%| F|  |TAMS 0x00000000eab00000, 0x00000000eab00000| Untracked 
| 172|0x00000000eac00000, 0x00000000eac00000, 0x00000000ead00000|  0%| F|  |TAMS 0x00000000eac00000, 0x00000000eac00000| Untracked 
| 173|0x00000000ead00000, 0x00000000ead00000, 0x00000000eae00000|  0%| F|  |TAMS 0x00000000ead00000, 0x00000000ead00000| Untracked 
| 174|0x00000000eae00000, 0x00000000eae00000, 0x00000000eaf00000|  0%| F|  |TAMS 0x00000000eae00000, 0x00000000eae00000| Untracked 
| 175|0x00000000eaf00000, 0x00000000eaf00000, 0x00000000eb000000|  0%| F|  |TAMS 0x00000000eaf00000, 0x00000000eaf00000| Untracked 
| 176|0x00000000eb000000, 0x00000000eb000000, 0x00000000eb100000|  0%| F|  |TAMS 0x00000000eb000000, 0x00000000eb000000| Untracked 
| 177|0x00000000eb100000, 0x00000000eb180800, 0x00000000eb200000| 50%| E|  |TAMS 0x00000000eb100000, 0x00000000eb100000| Complete 
| 178|0x00000000eb200000, 0x00000000eb300000, 0x00000000eb300000|100%| E|CS|TAMS 0x00000000eb200000, 0x00000000eb200000| Complete 
| 179|0x00000000eb300000, 0x00000000eb400000, 0x00000000eb400000|100%| E|CS|TAMS 0x00000000eb300000, 0x00000000eb300000| Complete 
| 180|0x00000000eb400000, 0x00000000eb500000, 0x00000000eb500000|100%| E|CS|TAMS 0x00000000eb400000, 0x00000000eb400000| Complete 
| 181|0x00000000eb500000, 0x00000000eb600000, 0x00000000eb600000|100%| E|CS|TAMS 0x00000000eb500000, 0x00000000eb500000| Complete 
| 182|0x00000000eb600000, 0x00000000eb700000, 0x00000000eb700000|100%| E|CS|TAMS 0x00000000eb600000, 0x00000000eb600000| Complete 
| 183|0x00000000eb700000, 0x00000000eb800000, 0x00000000eb800000|100%| E|CS|TAMS 0x00000000eb700000, 0x00000000eb700000| Complete 
| 184|0x00000000eb800000, 0x00000000eb900000, 0x00000000eb900000|100%| E|CS|TAMS 0x00000000eb800000, 0x00000000eb800000| Complete 
| 185|0x00000000eb900000, 0x00000000eba00000, 0x00000000eba00000|100%| E|CS|TAMS 0x00000000eb900000, 0x00000000eb900000| Complete 
| 186|0x00000000eba00000, 0x00000000ebb00000, 0x00000000ebb00000|100%| E|CS|TAMS 0x00000000eba00000, 0x00000000eba00000| Complete 
| 187|0x00000000ebb00000, 0x00000000ebc00000, 0x00000000ebc00000|100%| E|CS|TAMS 0x00000000ebb00000, 0x00000000ebb00000| Complete 
| 188|0x00000000ebc00000, 0x00000000ebd00000, 0x00000000ebd00000|100%| E|CS|TAMS 0x00000000ebc00000, 0x00000000ebc00000| Complete 
| 189|0x00000000ebd00000, 0x00000000ebe00000, 0x00000000ebe00000|100%| E|CS|TAMS 0x00000000ebd00000, 0x00000000ebd00000| Complete 
| 190|0x00000000ebe00000, 0x00000000ebf00000, 0x00000000ebf00000|100%| E|CS|TAMS 0x00000000ebe00000, 0x00000000ebe00000| Complete 
| 191|0x00000000ebf00000, 0x00000000ec000000, 0x00000000ec000000|100%| E|CS|TAMS 0x00000000ebf00000, 0x00000000ebf00000| Complete 
| 192|0x00000000ec000000, 0x00000000ec100000, 0x00000000ec100000|100%| E|CS|TAMS 0x00000000ec000000, 0x00000000ec000000| Complete 
| 193|0x00000000ec100000, 0x00000000ec200000, 0x00000000ec200000|100%| E|CS|TAMS 0x00000000ec100000, 0x00000000ec100000| Complete 
| 194|0x00000000ec200000, 0x00000000ec300000, 0x00000000ec300000|100%| E|CS|TAMS 0x00000000ec200000, 0x00000000ec200000| Complete 
| 195|0x00000000ec300000, 0x00000000ec400000, 0x00000000ec400000|100%| E|CS|TAMS 0x00000000ec300000, 0x00000000ec300000| Complete 
| 196|0x00000000ec400000, 0x00000000ec500000, 0x00000000ec500000|100%| E|CS|TAMS 0x00000000ec400000, 0x00000000ec400000| Complete 
| 197|0x00000000ec500000, 0x00000000ec600000, 0x00000000ec600000|100%| E|CS|TAMS 0x00000000ec500000, 0x00000000ec500000| Complete 
| 198|0x00000000ec600000, 0x00000000ec700000, 0x00000000ec700000|100%| E|CS|TAMS 0x00000000ec600000, 0x00000000ec600000| Complete 
| 199|0x00000000ec700000, 0x00000000ec800000, 0x00000000ec800000|100%| E|CS|TAMS 0x00000000ec700000, 0x00000000ec700000| Complete 
| 200|0x00000000ec800000, 0x00000000ec900000, 0x00000000ec900000|100%| E|CS|TAMS 0x00000000ec800000, 0x00000000ec800000| Complete 
| 201|0x00000000ec900000, 0x00000000eca00000, 0x00000000eca00000|100%| E|CS|TAMS 0x00000000ec900000, 0x00000000ec900000| Complete 
| 202|0x00000000eca00000, 0x00000000ecb00000, 0x00000000ecb00000|100%| E|CS|TAMS 0x00000000eca00000, 0x00000000eca00000| Complete 
| 203|0x00000000ecb00000, 0x00000000ecc00000, 0x00000000ecc00000|100%| E|CS|TAMS 0x00000000ecb00000, 0x00000000ecb00000| Complete 
| 204|0x00000000ecc00000, 0x00000000ecd00000, 0x00000000ecd00000|100%| E|CS|TAMS 0x00000000ecc00000, 0x00000000ecc00000| Complete 
| 205|0x00000000ecd00000, 0x00000000ece00000, 0x00000000ece00000|100%| E|CS|TAMS 0x00000000ecd00000, 0x00000000ecd00000| Complete 
| 206|0x00000000ece00000, 0x00000000ecf00000, 0x00000000ecf00000|100%| E|CS|TAMS 0x00000000ece00000, 0x00000000ece00000| Complete 
| 207|0x00000000ecf00000, 0x00000000ed000000, 0x00000000ed000000|100%| E|CS|TAMS 0x00000000ecf00000, 0x00000000ecf00000| Complete 
| 208|0x00000000ed000000, 0x00000000ed100000, 0x00000000ed100000|100%| E|CS|TAMS 0x00000000ed000000, 0x00000000ed000000| Complete 
| 209|0x00000000ed100000, 0x00000000ed200000, 0x00000000ed200000|100%| E|CS|TAMS 0x00000000ed100000, 0x00000000ed100000| Complete 
| 210|0x00000000ed200000, 0x00000000ed300000, 0x00000000ed300000|100%| E|CS|TAMS 0x00000000ed200000, 0x00000000ed200000| Complete 
| 211|0x00000000ed300000, 0x00000000ed400000, 0x00000000ed400000|100%| E|CS|TAMS 0x00000000ed300000, 0x00000000ed300000| Complete 
| 212|0x00000000ed400000, 0x00000000ed500000, 0x00000000ed500000|100%| E|CS|TAMS 0x00000000ed400000, 0x00000000ed400000| Complete 
| 213|0x00000000ed500000, 0x00000000ed600000, 0x00000000ed600000|100%| E|CS|TAMS 0x00000000ed500000, 0x00000000ed500000| Complete 
| 214|0x00000000ed600000, 0x00000000ed700000, 0x00000000ed700000|100%| E|CS|TAMS 0x00000000ed600000, 0x00000000ed600000| Complete 
| 215|0x00000000ed700000, 0x00000000ed800000, 0x00000000ed800000|100%| E|CS|TAMS 0x00000000ed700000, 0x00000000ed700000| Complete 
| 216|0x00000000ed800000, 0x00000000ed900000, 0x00000000ed900000|100%| E|CS|TAMS 0x00000000ed800000, 0x00000000ed800000| Complete 
| 217|0x00000000ed900000, 0x00000000eda00000, 0x00000000eda00000|100%| E|CS|TAMS 0x00000000ed900000, 0x00000000ed900000| Complete 
| 218|0x00000000eda00000, 0x00000000edb00000, 0x00000000edb00000|100%| E|CS|TAMS 0x00000000eda00000, 0x00000000eda00000| Complete 
| 219|0x00000000edb00000, 0x00000000edc00000, 0x00000000edc00000|100%| E|CS|TAMS 0x00000000edb00000, 0x00000000edb00000| Complete 
| 220|0x00000000edc00000, 0x00000000edd00000, 0x00000000edd00000|100%| E|CS|TAMS 0x00000000edc00000, 0x00000000edc00000| Complete 
| 221|0x00000000edd00000, 0x00000000ede00000, 0x00000000ede00000|100%| E|CS|TAMS 0x00000000edd00000, 0x00000000edd00000| Complete 
| 222|0x00000000ede00000, 0x00000000edf00000, 0x00000000edf00000|100%| E|CS|TAMS 0x00000000ede00000, 0x00000000ede00000| Complete 
| 223|0x00000000edf00000, 0x00000000ee000000, 0x00000000ee000000|100%| E|CS|TAMS 0x00000000edf00000, 0x00000000edf00000| Complete 
| 224|0x00000000ee000000, 0x00000000ee100000, 0x00000000ee100000|100%| E|CS|TAMS 0x00000000ee000000, 0x00000000ee000000| Complete 
| 225|0x00000000ee100000, 0x00000000ee200000, 0x00000000ee200000|100%| E|CS|TAMS 0x00000000ee100000, 0x00000000ee100000| Complete 
| 226|0x00000000ee200000, 0x00000000ee300000, 0x00000000ee300000|100%| E|CS|TAMS 0x00000000ee200000, 0x00000000ee200000| Complete 
| 227|0x00000000ee300000, 0x00000000ee400000, 0x00000000ee400000|100%| E|CS|TAMS 0x00000000ee300000, 0x00000000ee300000| Complete 
| 228|0x00000000ee400000, 0x00000000ee500000, 0x00000000ee500000|100%| E|CS|TAMS 0x00000000ee400000, 0x00000000ee400000| Complete 
| 229|0x00000000ee500000, 0x00000000ee600000, 0x00000000ee600000|100%| E|CS|TAMS 0x00000000ee500000, 0x00000000ee500000| Complete 
| 230|0x00000000ee600000, 0x00000000ee700000, 0x00000000ee700000|100%| E|CS|TAMS 0x00000000ee600000, 0x00000000ee600000| Complete 
| 231|0x00000000ee700000, 0x00000000ee800000, 0x00000000ee800000|100%| E|CS|TAMS 0x00000000ee700000, 0x00000000ee700000| Complete 
| 232|0x00000000ee800000, 0x00000000ee900000, 0x00000000ee900000|100%| E|CS|TAMS 0x00000000ee800000, 0x00000000ee800000| Complete 
| 233|0x00000000ee900000, 0x00000000eea00000, 0x00000000eea00000|100%| E|CS|TAMS 0x00000000ee900000, 0x00000000ee900000| Complete 
| 234|0x00000000eea00000, 0x00000000eeb00000, 0x00000000eeb00000|100%| E|CS|TAMS 0x00000000eea00000, 0x00000000eea00000| Complete 
| 235|0x00000000eeb00000, 0x00000000eec00000, 0x00000000eec00000|100%| E|CS|TAMS 0x00000000eeb00000, 0x00000000eeb00000| Complete 
| 236|0x00000000eec00000, 0x00000000eed00000, 0x00000000eed00000|100%| E|CS|TAMS 0x00000000eec00000, 0x00000000eec00000| Complete 
| 237|0x00000000eed00000, 0x00000000eee00000, 0x00000000eee00000|100%| E|CS|TAMS 0x00000000eed00000, 0x00000000eed00000| Complete 
| 238|0x00000000eee00000, 0x00000000eef00000, 0x00000000eef00000|100%| E|CS|TAMS 0x00000000eee00000, 0x00000000eee00000| Complete 
| 239|0x00000000eef00000, 0x00000000ef000000, 0x00000000ef000000|100%| E|CS|TAMS 0x00000000eef00000, 0x00000000eef00000| Complete 
| 240|0x00000000ef000000, 0x00000000ef100000, 0x00000000ef100000|100%| E|CS|TAMS 0x00000000ef000000, 0x00000000ef000000| Complete 
| 241|0x00000000ef100000, 0x00000000ef200000, 0x00000000ef200000|100%| E|CS|TAMS 0x00000000ef100000, 0x00000000ef100000| Complete 
| 242|0x00000000ef200000, 0x00000000ef300000, 0x00000000ef300000|100%| E|CS|TAMS 0x00000000ef200000, 0x00000000ef200000| Complete 
| 243|0x00000000ef300000, 0x00000000ef400000, 0x00000000ef400000|100%| E|CS|TAMS 0x00000000ef300000, 0x00000000ef300000| Complete 
| 244|0x00000000ef400000, 0x00000000ef500000, 0x00000000ef500000|100%| E|CS|TAMS 0x00000000ef400000, 0x00000000ef400000| Complete 
| 245|0x00000000ef500000, 0x00000000ef600000, 0x00000000ef600000|100%| E|CS|TAMS 0x00000000ef500000, 0x00000000ef500000| Complete 
| 246|0x00000000ef600000, 0x00000000ef700000, 0x00000000ef700000|100%| E|CS|TAMS 0x00000000ef600000, 0x00000000ef600000| Complete 
| 247|0x00000000ef700000, 0x00000000ef800000, 0x00000000ef800000|100%| E|CS|TAMS 0x00000000ef700000, 0x00000000ef700000| Complete 
| 248|0x00000000ef800000, 0x00000000ef900000, 0x00000000ef900000|100%| E|CS|TAMS 0x00000000ef800000, 0x00000000ef800000| Complete 
| 249|0x00000000ef900000, 0x00000000efa00000, 0x00000000efa00000|100%| E|CS|TAMS 0x00000000ef900000, 0x00000000ef900000| Complete 
| 250|0x00000000efa00000, 0x00000000efb00000, 0x00000000efb00000|100%| E|CS|TAMS 0x00000000efa00000, 0x00000000efa00000| Complete 
| 251|0x00000000efb00000, 0x00000000efc00000, 0x00000000efc00000|100%| E|CS|TAMS 0x00000000efb00000, 0x00000000efb00000| Complete 
| 252|0x00000000efc00000, 0x00000000efd00000, 0x00000000efd00000|100%| E|CS|TAMS 0x00000000efc00000, 0x00000000efc00000| Complete 
| 253|0x00000000efd00000, 0x00000000efe00000, 0x00000000efe00000|100%| E|CS|TAMS 0x00000000efd00000, 0x00000000efd00000| Complete 
| 254|0x00000000efe00000, 0x00000000eff00000, 0x00000000eff00000|100%| E|CS|TAMS 0x00000000efe00000, 0x00000000efe00000| Complete 
| 255|0x00000000eff00000, 0x00000000f0000000, 0x00000000f0000000|100%| E|CS|TAMS 0x00000000eff00000, 0x00000000eff00000| Complete 

Card table byte_map: [0x00000216e3870000,0x00000216e3970000] _byte_map_base: 0x00000216e3170000

Marking Bits (Prev, Next): (CMBitMap*) 0x00000216cc99f750, (CMBitMap*) 0x00000216cc99f790
 Prev Bits: [0x00000216e3a70000, 0x00000216e4270000)
 Next Bits: [0x00000216e4270000, 0x00000216e4a70000)

Polling page: 0x00000216ca950000

Metaspace:

Usage:
  Non-class:     46.82 MB used.
      Class:      7.50 MB used.
       Both:     54.32 MB used.

Virtual space:
  Non-class space:       48.00 MB reserved,      47.13 MB ( 98%) committed,  6 nodes.
      Class space:      208.00 MB reserved,       7.81 MB (  4%) committed,  1 nodes.
             Both:      256.00 MB reserved,      54.94 MB ( 21%) committed. 

Chunk freelists:
   Non-Class:  749.00 KB
       Class:  97.00 KB
        Both:  846.00 KB

MaxMetaspaceSize: 256.00 MB
CompressedClassSpaceSize: 208.00 MB
Initial GC threshold: 21.00 MB
Current GC threshold: 58.69 MB
CDS: on
MetaspaceReclaimPolicy: balanced
 - commit_granule_bytes: 65536.
 - commit_granule_words: 8192.
 - virtual_space_node_default_size: 1048576.
 - enlarge_chunks_in_place: 1.
 - new_chunks_are_fully_committed: 0.
 - uncommit_free_chunks: 1.
 - use_allocation_guard: 0.
 - handle_deallocations: 1.


Internal statistics:

num_allocs_failed_limit: 6.
num_arena_births: 586.
num_arena_deaths: 0.
num_vsnodes_births: 7.
num_vsnodes_deaths: 0.
num_space_committed: 879.
num_space_uncommitted: 0.
num_chunks_returned_to_freelist: 6.
num_chunks_taken_from_freelist: 2610.
num_chunk_merges: 6.
num_chunk_splits: 1721.
num_chunks_enlarged: 1132.
num_purges: 0.
num_inconsistent_stats: 0.

CodeHeap 'non-profiled nmethods': size=120000Kb used=2399Kb max_used=2707Kb free=117600Kb
 bounds [0x00000216dbf10000, 0x00000216dc1c0000, 0x00000216e3440000]
CodeHeap 'profiled nmethods': size=120000Kb used=11224Kb max_used=11549Kb free=108776Kb
 bounds [0x00000216d4440000, 0x00000216d4f90000, 0x00000216db970000]
CodeHeap 'non-nmethods': size=5760Kb used=2377Kb max_used=2455Kb free=3382Kb
 bounds [0x00000216db970000, 0x00000216dbbe0000, 0x00000216dbf10000]
 total_blobs=6532 nmethods=5628 adapters=816
 compilation: enabled
              stopped_count=0, restarted_count=0
 full_count=0

Compilation events (20 events):
Event: 14.712 Thread 0x00000216e74e7710 6378       2       org.gradle.internal.hash.Hashing$MessageDigestHasher::putHash (6 bytes)
Event: 14.712 Thread 0x00000216e74e7710 nmethod 6378 0x00000216d4a6fb10 code [0x00000216d4a6fca0, 0x00000216d4a6fdc8]
Event: 14.712 Thread 0x00000216e74e7710 6379       2       org.gradle.internal.hash.HashCode$HashCode128::appendToHasher (21 bytes)
Event: 14.712 Thread 0x00000216e74e7710 nmethod 6379 0x00000216d4a6f090 code [0x00000216d4a6f2c0, 0x00000216d4a6f7b8]
Event: 14.758 Thread 0x00000216e74e1590 nmethod 5736 0x00000216dc017690 code [0x00000216dc017d80, 0x00000216dc01ff78]
Event: 14.758 Thread 0x00000216e74e7710 6380       3       java.util.jar.Manifest$FastInputStream::readLine (296 bytes)
Event: 14.759 Thread 0x00000216e74e1590 6324       4       java.util.HashMap::putVal (300 bytes)
Event: 14.760 Thread 0x00000216e74e7710 nmethod 6380 0x00000216d4a6e210 code [0x00000216d4a6e440, 0x00000216d4a6ed48]
Event: 14.763 Thread 0x00000216e74e7710 6381       1       org.gradle.plugin.use.internal.DefaultPluginId::toString (5 bytes)
Event: 14.763 Thread 0x00000216e74e7710 nmethod 6381 0x00000216dc017310 code [0x00000216dc0174a0, 0x00000216dc017578]
Event: 14.766 Thread 0x00000216e74e7710 6382       3       java.util.zip.ZipFile$Source::initCEN (591 bytes)
Event: 14.770 Thread 0x00000216e74e7710 nmethod 6382 0x00000216d4603c10 code [0x00000216d4604140, 0x00000216d46072f8]
Event: 14.770 Thread 0x00000216e74e7710 6383       2       java.util.jar.Attributes::<init> (17 bytes)
Event: 14.771 Thread 0x00000216e74e7710 nmethod 6383 0x00000216d4a6dd10 code [0x00000216d4a6dee0, 0x00000216d4a6e0e8]
Event: 14.775 Thread 0x00000216e74e1590 nmethod 6324 0x00000216dbf3c790 code [0x00000216dbf3c960, 0x00000216dbf3d188]
Event: 14.775 Thread 0x00000216e74e1590 6331       4       org.objectweb.asm.Frame::execute (2318 bytes)
Event: 14.803 Thread 0x00000216e74e7710 6384       3       java.io.RandomAccessFile::<init> (262 bytes)
Event: 14.805 Thread 0x00000216e74e7710 nmethod 6384 0x00000216d47af710 code [0x00000216d47afac0, 0x00000216d47b1128]
Event: 14.805 Thread 0x00000216e74e7710 6385       3       java.io.RandomAccessFile::open (7 bytes)
Event: 14.805 Thread 0x00000216e74e7710 nmethod 6385 0x00000216d4a6d990 code [0x00000216d4a6db20, 0x00000216d4a6dc68]

GC Heap History (10 events):
Event: 1.138 GC heap before
{Heap before GC invocations=0 (full 0):
 garbage-first heap   total 262144K, used 25600K [0x00000000e0000000, 0x0000000100000000)
  region size 1024K, 23 young (23552K), 0 survivors (0K)
 Metaspace       used 2994K, committed 3136K, reserved 221184K
  class space    used 379K, committed 448K, reserved 212992K
}
Event: 1.145 GC heap after
{Heap after GC invocations=1 (full 0):
 garbage-first heap   total 262144K, used 9227K [0x00000000e0000000, 0x0000000100000000)
  region size 1024K, 3 young (3072K), 3 survivors (3072K)
 Metaspace       used 2994K, committed 3136K, reserved 221184K
  class space    used 379K, committed 448K, reserved 212992K
}
Event: 2.208 GC heap before
{Heap before GC invocations=1 (full 0):
 garbage-first heap   total 262144K, used 39947K [0x00000000e0000000, 0x0000000100000000)
  region size 1024K, 32 young (32768K), 3 survivors (3072K)
 Metaspace       used 3933K, committed 4096K, reserved 221184K
  class space    used 476K, committed 576K, reserved 212992K
}
Event: 2.212 GC heap after
{Heap after GC invocations=2 (full 0):
 garbage-first heap   total 262144K, used 13567K [0x00000000e0000000, 0x0000000100000000)
  region size 1024K, 4 young (4096K), 4 survivors (4096K)
 Metaspace       used 3933K, committed 4096K, reserved 221184K
  class space    used 476K, committed 576K, reserved 212992K
}
Event: 5.818 GC heap before
{Heap before GC invocations=2 (full 0):
 garbage-first heap   total 262144K, used 113919K [0x00000000e0000000, 0x0000000100000000)
  region size 1024K, 103 young (105472K), 4 survivors (4096K)
 Metaspace       used 21209K, committed 21504K, reserved 237568K
  class space    used 3174K, committed 3328K, reserved 212992K
}
Event: 5.829 GC heap after
{Heap after GC invocations=3 (full 0):
 garbage-first heap   total 262144K, used 21111K [0x00000000e0000000, 0x0000000100000000)
  region size 1024K, 12 young (12288K), 12 survivors (12288K)
 Metaspace       used 21209K, committed 21504K, reserved 237568K
  class space    used 3174K, committed 3328K, reserved 212992K
}
Event: 8.718 GC heap before
{Heap before GC invocations=4 (full 0):
 garbage-first heap   total 262144K, used 124535K [0x00000000e0000000, 0x0000000100000000)
  region size 1024K, 111 young (113664K), 12 survivors (12288K)
 Metaspace       used 35558K, committed 35968K, reserved 245760K
  class space    used 4894K, committed 5120K, reserved 212992K
}
Event: 8.731 GC heap after
{Heap after GC invocations=5 (full 0):
 garbage-first heap   total 262144K, used 31788K [0x00000000e0000000, 0x0000000100000000)
  region size 1024K, 17 young (17408K), 17 survivors (17408K)
 Metaspace       used 35558K, committed 35968K, reserved 245760K
  class space    used 4894K, committed 5120K, reserved 212992K
}
Event: 12.673 GC heap before
{Heap before GC invocations=6 (full 0):
 garbage-first heap   total 262144K, used 171052K [0x00000000e0000000, 0x0000000100000000)
  region size 1024K, 153 young (156672K), 17 survivors (17408K)
 Metaspace       used 50355K, committed 50816K, reserved 262144K
  class space    used 6918K, committed 7168K, reserved 212992K
}
Event: 12.701 GC heap after
{Heap after GC invocations=7 (full 0):
 garbage-first heap   total 262144K, used 44363K [0x00000000e0000000, 0x0000000100000000)
  region size 1024K, 20 young (20480K), 20 survivors (20480K)
 Metaspace       used 50355K, committed 50816K, reserved 262144K
  class space    used 6918K, committed 7168K, reserved 212992K
}

Dll operation events (12 events):
Event: 0.019 Loaded shared library C:\Users\allur\.jdks\corretto-17.0.6\bin\java.dll
Event: 0.030 Loaded shared library C:\Users\allur\.jdks\corretto-17.0.6\bin\jsvml.dll
Event: 0.123 Loaded shared library C:\Users\allur\.jdks\corretto-17.0.6\bin\net.dll
Event: 0.130 Loaded shared library C:\Users\allur\.jdks\corretto-17.0.6\bin\nio.dll
Event: 0.142 Loaded shared library C:\Users\allur\.jdks\corretto-17.0.6\bin\zip.dll
Event: 0.496 Loaded shared library C:\Users\allur\.jdks\corretto-17.0.6\bin\jimage.dll
Event: 0.602 Loaded shared library C:\Users\allur\.jdks\corretto-17.0.6\bin\verify.dll
Event: 0.891 Loaded shared library C:\Users\allur\.gradle\native\68d5fa5c4cc2d200863cafc0d521ce42e7d3e7ee720ec0a83991735586a16f82\windows-amd64\native-platform.dll
Event: 0.915 Loaded shared library C:\Users\allur\.gradle\native\e376f236ea51e6404a007f0833ffe2c6e607c4080706a723a18a27aeea778392\windows-amd64\native-platform-file-events.dll
Event: 2.494 Loaded shared library C:\Users\allur\.jdks\corretto-17.0.6\bin\management.dll
Event: 2.502 Loaded shared library C:\Users\allur\.jdks\corretto-17.0.6\bin\management_ext.dll
Event: 3.131 Loaded shared library C:\Users\allur\.jdks\corretto-17.0.6\bin\sunmscapi.dll

Deoptimization events (20 events):
Event: 14.004 Thread 0x00000216e978ca60 DEOPT PACKING pc=0x00000216dbfcc66c sp=0x0000002ef29f5b70
Event: 14.004 Thread 0x00000216e978ca60 DEOPT UNPACKING pc=0x00000216db9c69a3 sp=0x0000002ef29f5ac8 mode 2
Event: 14.167 Thread 0x00000216e978ca60 Uncommon trap: trap_request=0xffffffc6 fr.pc=0x00000216dc03f5e8 relative=0x0000000000000228
Event: 14.167 Thread 0x00000216e978ca60 Uncommon trap: reason=bimorphic_or_optimized_type_check action=maybe_recompile pc=0x00000216dc03f5e8 method=com.google.common.base.CharMatcher.indexIn(Ljava/lang/CharSequence;I)I @ 31 c2
Event: 14.167 Thread 0x00000216e978ca60 DEOPT PACKING pc=0x00000216dc03f5e8 sp=0x0000002ef29f7c90
Event: 14.167 Thread 0x00000216e978ca60 DEOPT UNPACKING pc=0x00000216db9c69a3 sp=0x0000002ef29f7c38 mode 2
Event: 14.167 Thread 0x00000216e978ca60 Uncommon trap: trap_request=0xffffffc6 fr.pc=0x00000216dc03f5e8 relative=0x0000000000000228
Event: 14.167 Thread 0x00000216e978ca60 Uncommon trap: reason=bimorphic_or_optimized_type_check action=maybe_recompile pc=0x00000216dc03f5e8 method=com.google.common.base.CharMatcher.indexIn(Ljava/lang/CharSequence;I)I @ 31 c2
Event: 14.167 Thread 0x00000216e978ca60 DEOPT PACKING pc=0x00000216dc03f5e8 sp=0x0000002ef29f7c90
Event: 14.167 Thread 0x00000216e978ca60 DEOPT UNPACKING pc=0x00000216db9c69a3 sp=0x0000002ef29f7c38 mode 2
Event: 14.538 Thread 0x00000216eaa63420 DEOPT PACKING pc=0x00000216d47ace5c sp=0x0000002ef69fd7a0
Event: 14.538 Thread 0x00000216eaa63420 DEOPT UNPACKING pc=0x00000216db9c7143 sp=0x0000002ef69fcd20 mode 0
Event: 14.630 Thread 0x00000216e978ca60 Uncommon trap: trap_request=0xffffff45 fr.pc=0x00000216dc186960 relative=0x0000000000000840
Event: 14.630 Thread 0x00000216e978ca60 Uncommon trap: reason=unstable_if action=reinterpret pc=0x00000216dc186960 method=java.util.HashMap.getNode(Ljava/lang/Object;)Ljava/util/HashMap$Node; @ 85 c2
Event: 14.630 Thread 0x00000216e978ca60 DEOPT PACKING pc=0x00000216dc186960 sp=0x0000002ef29f7c90
Event: 14.630 Thread 0x00000216e978ca60 DEOPT UNPACKING pc=0x00000216db9c69a3 sp=0x0000002ef29f7bc0 mode 2
Event: 14.630 Thread 0x00000216e978ca60 Uncommon trap: trap_request=0xffffff45 fr.pc=0x00000216dc08c960 relative=0x0000000000000240
Event: 14.630 Thread 0x00000216e978ca60 Uncommon trap: reason=unstable_if action=reinterpret pc=0x00000216dc08c960 method=java.util.HashMap.getNode(Ljava/lang/Object;)Ljava/util/HashMap$Node; @ 85 c2
Event: 14.630 Thread 0x00000216e978ca60 DEOPT PACKING pc=0x00000216dc08c960 sp=0x0000002ef29f7c30
Event: 14.630 Thread 0x00000216e978ca60 DEOPT UNPACKING pc=0x00000216db9c69a3 sp=0x0000002ef29f7bb0 mode 2

Classes unloaded (0 events):
No events

Classes redefined (0 events):
No events

Internal exceptions (20 events):
Event: 13.968 Thread 0x00000216e978ca60 Exception <a 'java/lang/ArrayIndexOutOfBoundsException'{0x00000000ecaf9648}: Index -1 out of bounds for length 2> (0x00000000ecaf9648) 
thrown [s\src\hotspot\share\interpreter\interpreterRuntime.cpp, line 428]
Event: 13.968 Thread 0x00000216e978ca60 Exception <a 'java/lang/ArrayIndexOutOfBoundsException'{0x00000000ecafba50}: Index -1 out of bounds for length 2> (0x00000000ecafba50) 
thrown [s\src\hotspot\share\interpreter\interpreterRuntime.cpp, line 428]
Event: 13.968 Thread 0x00000216e978ca60 Exception <a 'java/lang/ArrayIndexOutOfBoundsException'{0x00000000ecafe840}: Index -1 out of bounds for length 2> (0x00000000ecafe840) 
thrown [s\src\hotspot\share\interpreter\interpreterRuntime.cpp, line 428]
Event: 13.968 Thread 0x00000216e978ca60 Exception <a 'java/lang/ArrayIndexOutOfBoundsException'{0x00000000ec901b90}: Index -1 out of bounds for length 2> (0x00000000ec901b90) 
thrown [s\src\hotspot\share\interpreter\interpreterRuntime.cpp, line 428]
Event: 13.969 Thread 0x00000216e978ca60 Exception <a 'java/lang/ArrayIndexOutOfBoundsException'{0x00000000ec903f98}: Index -1 out of bounds for length 2> (0x00000000ec903f98) 
thrown [s\src\hotspot\share\interpreter\interpreterRuntime.cpp, line 428]
Event: 13.969 Thread 0x00000216e978ca60 Exception <a 'java/lang/ArrayIndexOutOfBoundsException'{0x00000000ec906d88}: Index -1 out of bounds for length 2> (0x00000000ec906d88) 
thrown [s\src\hotspot\share\interpreter\interpreterRuntime.cpp, line 428]
Event: 13.970 Thread 0x00000216e978ca60 Exception <a 'java/lang/ArrayIndexOutOfBoundsException'{0x00000000ec90c0c8}: Index -1 out of bounds for length 2> (0x00000000ec90c0c8) 
thrown [s\src\hotspot\share\interpreter\interpreterRuntime.cpp, line 428]
Event: 13.970 Thread 0x00000216e978ca60 Exception <a 'java/lang/ArrayIndexOutOfBoundsException'{0x00000000ec90e4d8}: Index -1 out of bounds for length 2> (0x00000000ec90e4d8) 
thrown [s\src\hotspot\share\interpreter\interpreterRuntime.cpp, line 428]
Event: 13.970 Thread 0x00000216e978ca60 Exception <a 'java/lang/ArrayIndexOutOfBoundsException'{0x00000000ec9112c8}: Index -1 out of bounds for length 2> (0x00000000ec9112c8) 
thrown [s\src\hotspot\share\interpreter\interpreterRuntime.cpp, line 428]
Event: 13.976 Thread 0x00000216e978ca60 Exception <a 'java/lang/ClassNotFoundException'{0x00000000ec93bcb8}: org/gradle/api/JavaVersionBeanInfo> (0x00000000ec93bcb8) 
thrown [s\src\hotspot\share\classfile\systemDictionary.cpp, line 256]
Event: 13.976 Thread 0x00000216e978ca60 Exception <a 'java/lang/ClassNotFoundException'{0x00000000ec9421c0}: java/lang/EnumBeanInfo> (0x00000000ec9421c0) 
thrown [s\src\hotspot\share\classfile\systemDictionary.cpp, line 256]
Event: 13.976 Thread 0x00000216e978ca60 Exception <a 'java/lang/ClassNotFoundException'{0x00000000ec9486b0}: java/lang/EnumCustomizer> (0x00000000ec9486b0) 
thrown [s\src\hotspot\share\classfile\systemDictionary.cpp, line 256]
Event: 13.977 Thread 0x00000216e978ca60 Exception <a 'java/lang/ClassNotFoundException'{0x00000000ec95bd30}: org/gradle/api/JavaVersionCustomizer> (0x00000000ec95bd30) 
thrown [s\src\hotspot\share\classfile\systemDictionary.cpp, line 256]
Event: 14.015 Thread 0x00000216e978ca60 Exception <a 'java/lang/ClassNotFoundException'{0x00000000ec8c90f8}: java/lang/IntegerBeanInfo> (0x00000000ec8c90f8) 
thrown [s\src\hotspot\share\classfile\systemDictionary.cpp, line 256]
Event: 14.015 Thread 0x00000216e978ca60 Exception <a 'java/lang/ClassNotFoundException'{0x00000000ec8cfe10}: java/lang/NumberBeanInfo> (0x00000000ec8cfe10) 
thrown [s\src\hotspot\share\classfile\systemDictionary.cpp, line 256]
Event: 14.016 Thread 0x00000216e978ca60 Exception <a 'java/lang/ClassNotFoundException'{0x00000000ec8d6dd0}: java/lang/NumberCustomizer> (0x00000000ec8d6dd0) 
thrown [s\src\hotspot\share\classfile\systemDictionary.cpp, line 256]
Event: 14.016 Thread 0x00000216e978ca60 Exception <a 'java/lang/ClassNotFoundException'{0x00000000ec8e08b8}: java/lang/IntegerCustomizer> (0x00000000ec8e08b8) 
thrown [s\src\hotspot\share\classfile\systemDictionary.cpp, line 256]
Event: 14.163 Thread 0x00000216e978ca60 Exception <a 'java/lang/ClassNotFoundException'{0x00000000ec617418}: build_bt59612aqsobmzvkfcx5e5tnxBeanInfo> (0x00000000ec617418) 
thrown [s\src\hotspot\share\classfile\systemDictionary.cpp, line 256]
Event: 14.163 Thread 0x00000216e978ca60 Exception <a 'java/lang/ClassNotFoundException'{0x00000000ec61dc98}: build_bt59612aqsobmzvkfcx5e5tnxCustomizer> (0x00000000ec61dc98) 
thrown [s\src\hotspot\share\classfile\systemDictionary.cpp, line 256]
Event: 14.664 Thread 0x00000216e978ca60 Exception <a 'java/lang/NoSuchMethodError'{0x00000000ebee52e0}: 'java.lang.Object java.lang.invoke.DirectMethodHandle$Holder.newInvokeSpecial(java.lang.Object, java.lang.Object, int)'> (0x00000000ebee52e0) 
thrown [s\src\hotspot\share\interpreter\linkResolver.cpp, line 759]

VM Operations (20 events):
Event: 11.116 Executing VM operation: HandshakeAllThreads
Event: 11.116 Executing VM operation: HandshakeAllThreads done
Event: 12.123 Executing VM operation: Cleanup
Event: 12.123 Executing VM operation: Cleanup done
Event: 12.306 Executing VM operation: HandshakeAllThreads
Event: 12.306 Executing VM operation: HandshakeAllThreads done
Event: 12.432 Executing VM operation: HandshakeAllThreads
Event: 12.450 Executing VM operation: HandshakeAllThreads done
Event: 12.463 Executing VM operation: HandshakeAllThreads
Event: 12.463 Executing VM operation: HandshakeAllThreads done
Event: 12.673 Executing VM operation: G1CollectForAllocation
Event: 12.701 Executing VM operation: G1CollectForAllocation done
Event: 13.042 Executing VM operation: HandshakeAllThreads
Event: 13.042 Executing VM operation: HandshakeAllThreads done
Event: 13.458 Executing VM operation: ICBufferFull
Event: 13.459 Executing VM operation: ICBufferFull done
Event: 14.027 Executing VM operation: HandshakeAllThreads
Event: 14.036 Executing VM operation: HandshakeAllThreads done
Event: 14.312 Executing VM operation: ICBufferFull
Event: 14.312 Executing VM operation: ICBufferFull done

Events (20 events):
Event: 14.026 loading class java/util/AbstractList$ListItr
Event: 14.026 loading class java/util/AbstractList$ListItr done
Event: 14.479 Thread 0x00000216e9505490 Thread added: 0x00000216e9505490
Event: 14.479 Thread 0x00000216e9504620 Thread added: 0x00000216e9504620
Event: 14.479 Thread 0x00000216e9506300 Thread added: 0x00000216e9506300
Event: 14.479 Thread 0x00000216e9501ad0 Thread added: 0x00000216e9501ad0
Event: 14.480 Thread 0x00000216e9506ca0 Thread added: 0x00000216e9506ca0
Event: 14.480 Thread 0x00000216e9507640 Thread added: 0x00000216e9507640
Event: 14.480 Thread 0x00000216e9501fa0 Thread added: 0x00000216e9501fa0
Event: 14.480 Thread 0x00000216e9502470 Thread added: 0x00000216e9502470
Event: 14.480 Thread 0x00000216e9507b10 Thread added: 0x00000216e9507b10
Event: 14.481 Thread 0x00000216e9507fe0 Thread added: 0x00000216e9507fe0
Event: 14.481 Thread 0x00000216e95084b0 Thread added: 0x00000216e95084b0
Event: 14.482 Thread 0x00000216e9501130 Thread added: 0x00000216e9501130
Event: 14.482 Thread 0x00000216e9508980 Thread added: 0x00000216e9508980
Event: 14.482 Thread 0x00000216e9502e10 Thread added: 0x00000216e9502e10
Event: 14.482 Thread 0x00000216eaa60da0 Thread added: 0x00000216eaa60da0
Event: 14.483 Thread 0x00000216eaa61270 Thread added: 0x00000216eaa61270
Event: 14.483 Thread 0x00000216eaa61c10 Thread added: 0x00000216eaa61c10
Event: 14.483 Thread 0x00000216eaa63420 Thread added: 0x00000216eaa63420


Dynamic libraries:
0x00007ff666cf0000 - 0x00007ff666cfd000 	C:\Users\allur\.jdks\corretto-17.0.6\bin\java.exe
0x00007ffc15930000 - 0x00007ffc15b44000 	C:\WINDOWS\SYSTEM32\ntdll.dll
0x00007ffc14290000 - 0x00007ffc14353000 	C:\WINDOWS\System32\KERNEL32.DLL
0x00007ffc12f00000 - 0x00007ffc1329c000 	C:\WINDOWS\System32\KERNELBASE.dll
0x0000000057490000 - 0x00000000577c1000 	C:\Program Files\Norton Security\NortonData\22.20.5.39\Definitions\IPSDefs\20230321.061\IPSEng64.dll
0x00007ffc13740000 - 0x00007ffc137ee000 	C:\WINDOWS\System32\ADVAPI32.dll
0x00007ffc14130000 - 0x00007ffc141d7000 	C:\WINDOWS\System32\msvcrt.dll
0x00007ffc13f50000 - 0x00007ffc13ff4000 	C:\WINDOWS\System32\sechost.dll
0x00007ffc14ba0000 - 0x00007ffc14cb5000 	C:\WINDOWS\System32\RPCRT4.dll
0x00007ffc14a90000 - 0x00007ffc14a98000 	C:\WINDOWS\System32\PSAPI.DLL
0x00007ffc12d70000 - 0x00007ffc12e81000 	C:\WINDOWS\System32\ucrtbase.dll
0x00007ffc06240000 - 0x00007ffc06255000 	C:\Users\allur\.jdks\corretto-17.0.6\bin\VCRUNTIME140.dll
0x00007ffbf8440000 - 0x00007ffbf8457000 	C:\Users\allur\.jdks\corretto-17.0.6\bin\jli.dll
0x00007ffc14cd0000 - 0x00007ffc14e7d000 	C:\WINDOWS\System32\USER32.dll
0x00007ffc13480000 - 0x00007ffc134a6000 	C:\WINDOWS\System32\win32u.dll
0x00007ffbf6b70000 - 0x00007ffbf6dfe000 	C:\WINDOWS\WinSxS\amd64_microsoft.windows.common-controls_6595b64144ccf1df_6.0.22621.608_none_a9444ca7c10bb01d\COMCTL32.dll
0x00007ffc158a0000 - 0x00007ffc158c9000 	C:\WINDOWS\System32\GDI32.dll
0x00007ffc13620000 - 0x00007ffc13733000 	C:\WINDOWS\System32\gdi32full.dll
0x00007ffc132a0000 - 0x00007ffc1333a000 	C:\WINDOWS\System32\msvcp_win.dll
0x00007ffc14930000 - 0x00007ffc14961000 	C:\WINDOWS\System32\IMM32.DLL
0x00007ffb7e280000 - 0x00007ffb7e31b000 	C:\Users\allur\.jdks\corretto-17.0.6\bin\msvcp140.dll
0x00007ffb44d50000 - 0x00007ffb45968000 	C:\Users\allur\.jdks\corretto-17.0.6\bin\server\jvm.dll
0x00007ffc07210000 - 0x00007ffc0721a000 	C:\WINDOWS\SYSTEM32\VERSION.dll
0x00007ffc0a260000 - 0x00007ffc0a294000 	C:\WINDOWS\SYSTEM32\WINMM.dll
0x00007ffbf70d0000 - 0x00007ffbf70d9000 	C:\WINDOWS\SYSTEM32\WSOCK32.dll
0x00007ffc13ec0000 - 0x00007ffc13f31000 	C:\WINDOWS\System32\WS2_32.dll
0x00007ffc11d80000 - 0x00007ffc11d98000 	C:\WINDOWS\SYSTEM32\kernel.appcore.dll
0x00007ffbf7f70000 - 0x00007ffbf7f7a000 	C:\Users\allur\.jdks\corretto-17.0.6\bin\jimage.dll
0x00007ffc10680000 - 0x00007ffc108ae000 	C:\WINDOWS\SYSTEM32\DBGHELP.DLL
0x00007ffc145a0000 - 0x00007ffc14929000 	C:\WINDOWS\System32\combase.dll
0x00007ffc144c0000 - 0x00007ffc14597000 	C:\WINDOWS\System32\OLEAUT32.dll
0x00007ffc07950000 - 0x00007ffc07982000 	C:\WINDOWS\SYSTEM32\dbgcore.DLL
0x00007ffc13400000 - 0x00007ffc1347b000 	C:\WINDOWS\System32\bcryptPrimitives.dll
0x00007ffbc2ce0000 - 0x00007ffbc2d05000 	C:\Users\allur\.jdks\corretto-17.0.6\bin\java.dll
0x00007ffb71a40000 - 0x00007ffb71b16000 	C:\Users\allur\.jdks\corretto-17.0.6\bin\jsvml.dll
0x00007ffc15020000 - 0x00007ffc15810000 	C:\WINDOWS\System32\SHELL32.dll
0x00007ffc10d30000 - 0x00007ffc115fe000 	C:\WINDOWS\SYSTEM32\windows.storage.dll
0x00007ffc10bf0000 - 0x00007ffc10d2e000 	C:\WINDOWS\SYSTEM32\wintypes.dll
0x00007ffc14aa0000 - 0x00007ffc14b91000 	C:\WINDOWS\System32\SHCORE.dll
0x00007ffc14360000 - 0x00007ffc143be000 	C:\WINDOWS\System32\shlwapi.dll
0x00007ffc12ca0000 - 0x00007ffc12cc1000 	C:\WINDOWS\SYSTEM32\profapi.dll
0x00007ffbf1ee0000 - 0x00007ffbf1ef9000 	C:\Users\allur\.jdks\corretto-17.0.6\bin\net.dll
0x00007ffc09000000 - 0x00007ffc0912f000 	C:\WINDOWS\SYSTEM32\WINHTTP.dll
0x00007ffc121f0000 - 0x00007ffc12259000 	C:\WINDOWS\system32\mswsock.dll
0x00007ffbf1590000 - 0x00007ffbf15a5000 	C:\Users\allur\.jdks\corretto-17.0.6\bin\nio.dll
0x00007ffbd77c0000 - 0x00007ffbd77d8000 	C:\Users\allur\.jdks\corretto-17.0.6\bin\zip.dll
0x00007ffbf5de0000 - 0x00007ffbf5df0000 	C:\Users\allur\.jdks\corretto-17.0.6\bin\verify.dll
0x00007ffc07d20000 - 0x00007ffc07d47000 	C:\Users\allur\.gradle\native\68d5fa5c4cc2d200863cafc0d521ce42e7d3e7ee720ec0a83991735586a16f82\windows-amd64\native-platform.dll
0x00007ffba5bb0000 - 0x00007ffba5cf4000 	C:\Users\allur\.gradle\native\e376f236ea51e6404a007f0833ffe2c6e607c4080706a723a18a27aeea778392\windows-amd64\native-platform-file-events.dll
0x00007ffbed3d0000 - 0x00007ffbed3d9000 	C:\Users\allur\.jdks\corretto-17.0.6\bin\management.dll
0x00007ffbeb8e0000 - 0x00007ffbeb8eb000 	C:\Users\allur\.jdks\corretto-17.0.6\bin\management_ext.dll
0x00007ffc12410000 - 0x00007ffc1242b000 	C:\WINDOWS\SYSTEM32\CRYPTSP.dll
0x00007ffc11cf0000 - 0x00007ffc11d25000 	C:\WINDOWS\system32\rsaenh.dll
0x00007ffc122b0000 - 0x00007ffc122d8000 	C:\WINDOWS\SYSTEM32\USERENV.dll
0x00007ffc12630000 - 0x00007ffc12658000 	C:\WINDOWS\SYSTEM32\bcrypt.dll
0x00007ffc12430000 - 0x00007ffc1243c000 	C:\WINDOWS\SYSTEM32\CRYPTBASE.dll
0x00007ffc11890000 - 0x00007ffc118bd000 	C:\WINDOWS\SYSTEM32\IPHLPAPI.DLL
0x00007ffc14cc0000 - 0x00007ffc14cc9000 	C:\WINDOWS\System32\NSI.dll
0x00007ffc08ef0000 - 0x00007ffc08f09000 	C:\WINDOWS\SYSTEM32\dhcpcsvc6.DLL
0x00007ffc08d40000 - 0x00007ffc08d5f000 	C:\WINDOWS\SYSTEM32\dhcpcsvc.DLL
0x00007ffc118c0000 - 0x00007ffc119b3000 	C:\WINDOWS\SYSTEM32\DNSAPI.dll
0x00007ffbe3d40000 - 0x00007ffbe3d4e000 	C:\Users\allur\.jdks\corretto-17.0.6\bin\sunmscapi.dll
0x00007ffc134b0000 - 0x00007ffc13616000 	C:\WINDOWS\System32\CRYPT32.dll
0x00007ffc12600000 - 0x00007ffc1262d000 	C:\WINDOWS\SYSTEM32\ncrypt.dll
0x00007ffc125c0000 - 0x00007ffc125f7000 	C:\WINDOWS\SYSTEM32\NTASN1.dll
0x00007ffc02180000 - 0x00007ffc02188000 	C:\WINDOWS\system32\wshunix.dll
0x00007ffc05d80000 - 0x00007ffc05d8a000 	C:\Windows\System32\rasadhlp.dll
0x00007ffc08030000 - 0x00007ffc080b3000 	C:\WINDOWS\System32\fwpuclnt.dll

dbghelp: loaded successfully - version: 4.0.5 - missing functions: none
symbol engine: initialized successfully - sym options: 0x614 - pdb path: .;C:\Users\allur\.jdks\corretto-17.0.6\bin;C:\WINDOWS\SYSTEM32;C:\Program Files\Norton Security\NortonData\22.20.5.39\Definitions\IPSDefs\20230321.061;C:\WINDOWS\WinSxS\amd64_microsoft.windows.common-controls_6595b64144ccf1df_6.0.22621.608_none_a9444ca7c10bb01d;C:\Users\allur\.jdks\corretto-17.0.6\bin\server;C:\Users\allur\.gradle\native\68d5fa5c4cc2d200863cafc0d521ce42e7d3e7ee720ec0a83991735586a16f82\windows-amd64;C:\Users\allur\.gradle\native\e376f236ea51e6404a007f0833ffe2c6e607c4080706a723a18a27aeea778392\windows-amd64

VM Arguments:
jvm_args: --add-opens=java.base/java.util=ALL-UNNAMED --add-opens=java.base/java.lang=ALL-UNNAMED --add-opens=java.base/java.lang.invoke=ALL-UNNAMED --add-opens=java.prefs/java.util.prefs=ALL-UNNAMED --add-opens=java.base/java.nio.charset=ALL-UNNAMED --add-opens=java.base/java.net=ALL-UNNAMED --add-opens=java.base/java.util.concurrent.atomic=ALL-UNNAMED -XX:MaxMetaspaceSize=256m -XX:+HeapDumpOnOutOfMemoryError -Xms256m -Xmx512m -Dfile.encoding=windows-1252 -Duser.country=GB -Duser.language=en -Duser.variant 
java_command: org.gradle.launcher.daemon.bootstrap.GradleDaemon 7.6.1
java_class_path (initial): C:\Users\allur\.gradle\wrapper\dists\gradle-7.6.1-bin\2clxi94ab3brv6467628wnxmd\gradle-7.6.1\lib\gradle-launcher-7.6.1.jar
Launcher Type: SUN_STANDARD

[Global flags]
     intx CICompilerCount                          = 4                                         {product} {ergonomic}
   size_t CompressedClassSpaceSize                 = 218103808                                 {product} {ergonomic}
     uint ConcGCThreads                            = 2                                         {product} {ergonomic}
     uint G1ConcRefinementThreads                  = 8                                         {product} {ergonomic}
   size_t G1HeapRegionSize                         = 1048576                                   {product} {ergonomic}
    uintx GCDrainStackTargetSize                   = 64                                        {product} {ergonomic}
     bool HeapDumpOnOutOfMemoryError               = true                                   {manageable} {command line}
   size_t InitialHeapSize                          = 268435456                                 {product} {command line}
   size_t MarkStackSize                            = 4194304                                   {product} {ergonomic}
   size_t MaxHeapSize                              = 536870912                                 {product} {command line}
   size_t MaxMetaspaceSize                         = 268435456                                 {product} {command line}
   size_t MaxNewSize                               = 321912832                                 {product} {ergonomic}
   size_t MinHeapDeltaBytes                        = 1048576                                   {product} {ergonomic}
   size_t MinHeapSize                              = 268435456                                 {product} {command line}
    uintx NonNMethodCodeHeapSize                   = 5839372                                {pd product} {ergonomic}
    uintx NonProfiledCodeHeapSize                  = 122909434                              {pd product} {ergonomic}
    uintx ProfiledCodeHeapSize                     = 122909434                              {pd product} {ergonomic}
    uintx ReservedCodeCacheSize                    = 251658240                              {pd product} {ergonomic}
     bool SegmentedCodeCache                       = true                                      {product} {ergonomic}
   size_t SoftMaxHeapSize                          = 536870912                              {manageable} {ergonomic}
     bool UseCompressedClassPointers               = true                           {product lp64_product} {ergonomic}
     bool UseCompressedOops                        = true                           {product lp64_product} {ergonomic}
     bool UseG1GC                                  = true                                      {product} {ergonomic}
     bool UseLargePagesIndividualAllocation        = false                                  {pd product} {ergonomic}

Logging:
Log output configuration:
 #0: stdout all=warning uptime,level,tags
 #1: stderr all=off uptime,level,tags

Environment Variables:
JAVA_HOME=C:\Program Files\Java\jdk-19
PATH=C:\Program Files\Common Files\Oracle\Java\javapath;C:\Program Files (x86)\Common Files\Oracle\Java\javapath;C:\Program Files (x86)\EasyPHP-DevServer-14.1VC11\binaries\php\php_runningversion;C:\WINDOWS\system32;C:\WINDOWS;C:\WINDOWS\System32\Wbem;C:\WINDOWS\System32\WindowsPowerShell\v1.0\;C:\WINDOWS\System32\OpenSSH\;C:\Program Files\Microchip\xc32\v4.00\bin;C:\Program Files\nodejs\;C:\Program Files\nodejs;C:\Program Files\Git\cmd;C:\Program Files\Java\jdk-19\bin;C:\Users\allur\oopp-team-11;C:\Users\allur\AppData\Local\Microsoft\WindowsApps;C:\Users\allur\AppData\Roaming\npm;C:\Users\allur\AppData\Local\Programs\Microsoft VS Code\bin;C:\Program Files\nodejs;C:\Users\allur\AppData\Local\Programs\mongosh\;%GRADLE_HOME%\bin;C:\Users\allur\AppData\Local\gitkraken\bin
USERNAME=allur
OS=Windows_NT
PROCESSOR_IDENTIFIER=Intel64 Family 6 Model 142 Stepping 12, GenuineIntel
TMP=C:\Users\allur\AppData\Local\Temp
TEMP=C:\Users\allur\AppData\Local\Temp



---------------  S Y S T E M  ---------------

OS:
 Windows 11 , 64 bit Build 22621 (10.0.22621.1344)
OS uptime: 4 days 20:42 hours
Hyper-V role detected

CPU: total 8 (initial active 8) (4 cores per cpu, 2 threads per core) family 6 model 142 stepping 12 microcode 0xde, cx8, cmov, fxsr, ht, mmx, 3dnowpref, sse, sse2, sse3, ssse3, sse4.1, sse4.2, popcnt, lzcnt, tsc, tscinvbit, avx, avx2, aes, erms, clmul, bmi1, bmi2, adx, fma, vzeroupper, clflush, clflushopt, hv

Memory: 4k page, system-wide physical 8011M (53M free)
TotalPageFile size 32587M (AvailPageFile size 49M)
current process WorkingSet (physical memory assigned to process): 300M, peak: 349M
current process commit charge ("private bytes"): 474M, peak: 480M

vm_info: OpenJDK 64-Bit Server VM (17.0.6+10-LTS) for windows-amd64 JRE (17.0.6+10-LTS), built on Jan 13 2023 22:57:04 by "Administrator" with MS VC++ 15.9 (VS2017)

END.
